[ 2017-05-31T01:09:37+08:00 ] 111.206.36.11 /App/Shop/index/shopid/21/ppid/240?from=timeline&isappinstalled=0
INFO: [ app_init ] --START--
INFO: Run Behavior\BuildLiteBehavior [ RunTime:0.000015s ]
INFO: [ app_init ] --END-- [ RunTime:0.000336s ]
INFO: [ app_begin ] --START--
INFO: Run Behavior\ReadHtmlCacheBehavior [ RunTime:0.000442s ]
INFO: [ app_begin ] --END-- [ RunTime:0.000492s ]
SQL: SHOW COLUMNS FROM `wfx_set` [ RunTime:0.0011s ]
SQL: SELECT * FROM `wfx_set` LIMIT 1   [ RunTime:0.0004s ]
NOTIC: [8] Undefined index: employee /alidata/www/wemall/Application/App/Controller/BaseController.class.php 第 33 行.
NOTIC: [8] Undefined index: sqmode /alidata/www/wemall/Application/App/Controller/BaseController.class.php 第 45 行.
INFO: [ view_parse ] --START--
INFO: [ template_filter ] --START--
INFO: Run Behavior\ContentReplaceBehavior [ RunTime:0.000043s ]
INFO: [ template_filter ] --END-- [ RunTime:0.000091s ]
INFO: Run Behavior\ParseTemplateBehavior [ RunTime:0.005497s ]
INFO: [ view_parse ] --END-- [ RunTime:0.005543s ]
INFO: [ view_filter ] --START--
INFO: Run Behavior\WriteHtmlCacheBehavior [ RunTime:0.000136s ]
INFO: Run Behavior\TokenBuildBehavior [ RunTime:0.000230s ]
INFO: [ view_filter ] --END-- [ RunTime:0.000439s ]
INFO: [ view_parse ] --START--
INFO: Run Behavior\ParseTemplateBehavior [ RunTime:0.000174s ]
INFO: [ view_parse ] --END-- [ RunTime:-0.000525s ]
INFO: [ view_filter ] --START--
INFO: Run Behavior\WriteHtmlCacheBehavior [ RunTime:0.000010s ]
INFO: Run Behavior\TokenBuildBehavior [ RunTime:0.000012s ]
INFO: [ view_filter ] --END-- [ RunTime:-0.000281s ]

[ 2017-05-31T08:50:43+08:00 ] 58.216.156.134 /App/Shop/index/shopid/21
INFO: [ app_init ] --START--
INFO: Run Behavior\BuildLiteBehavior [ RunTime:0.000016s ]
INFO: [ app_init ] --END-- [ RunTime:0.000351s ]
INFO: [ app_begin ] --START--
INFO: Run Behavior\ReadHtmlCacheBehavior [ RunTime:0.000430s ]
INFO: [ app_begin ] --END-- [ RunTime:0.000481s ]
SQL: SHOW COLUMNS FROM `wfx_set` [ RunTime:0.0011s ]
SQL: SELECT * FROM `wfx_set` LIMIT 1   [ RunTime:0.0004s ]
NOTIC: [8] Undefined index: ppid /alidata/www/wemall/Application/App/Controller/BaseController.class.php 第 32 行.
NOTIC: [8] Undefined index: employee /alidata/www/wemall/Application/App/Controller/BaseController.class.php 第 33 行.
NOTIC: [8] Undefined index: sqmode /alidata/www/wemall/Application/App/Controller/BaseController.class.php 第 45 行.
NOTIC: [8] Undefined index: code /alidata/www/wemall/Application/App/Controller/BaseController.class.php 第 55 行.
NOTIC: [8] Undefined index: sqmode /alidata/www/wemall/Application/App/Controller/BaseController.class.php 第 93 行.
INFO: [ view_parse ] --START--
INFO: [ template_filter ] --START--
INFO: Run Behavior\ContentReplaceBehavior [ RunTime:0.000049s ]
INFO: [ template_filter ] --END-- [ RunTime:0.000119s ]
INFO: Run Behavior\ParseTemplateBehavior [ RunTime:0.005747s ]
INFO: [ view_parse ] --END-- [ RunTime:0.005803s ]
INFO: [ view_filter ] --START--
INFO: Run Behavior\WriteHtmlCacheBehavior [ RunTime:0.000144s ]
INFO: Run Behavior\TokenBuildBehavior [ RunTime:0.000242s ]
INFO: [ view_filter ] --END-- [ RunTime:0.000458s ]
INFO: [ view_parse ] --START--
INFO: Run Behavior\ParseTemplateBehavior [ RunTime:0.000171s ]
INFO: [ view_parse ] --END-- [ RunTime:-0.000535s ]
INFO: [ view_filter ] --START--
INFO: Run Behavior\WriteHtmlCacheBehavior [ RunTime:0.000010s ]
INFO: Run Behavior\TokenBuildBehavior [ RunTime:0.000011s ]
INFO: [ view_filter ] --END-- [ RunTime:-0.000289s ]

[ 2017-05-31T08:50:44+08:00 ] 58.216.156.134 /App/Shop/index/shopid/21?code=071cBNWL0NqcF62iAIUL0jUNWL0cBNWY&state=1
INFO: [ app_init ] --START--
INFO: Run Behavior\BuildLiteBehavior [ RunTime:0.000018s ]
INFO: [ app_init ] --END-- [ RunTime:0.000326s ]
INFO: [ app_begin ] --START--
INFO: Run Behavior\ReadHtmlCacheBehavior [ RunTime:0.000398s ]
INFO: [ app_begin ] --END-- [ RunTime:0.000449s ]
SQL: SHOW COLUMNS FROM `wfx_set` [ RunTime:0.0011s ]
SQL: SELECT * FROM `wfx_set` LIMIT 1   [ RunTime:0.0003s ]
NOTIC: [8] Undefined index: ppid /alidata/www/wemall/Application/App/Controller/BaseController.class.php 第 32 行.
NOTIC: [8] Undefined index: employee /alidata/www/wemall/Application/App/Controller/BaseController.class.php 第 33 行.
NOTIC: [8] Undefined index: sqmode /alidata/www/wemall/Application/App/Controller/BaseController.class.php 第 45 行.
SQL: SHOW COLUMNS FROM `wfx_vip` [ RunTime:0.0012s ]
SQL: SELECT * FROM `wfx_vip` WHERE `openid` = 'oAqURwxjDlqlHpi7F1sxa3ePDrbo' LIMIT 1   [ RunTime:0.0012s ]
NOTIC: [8] Undefined index: ppid /alidata/www/wemall/Application/App/Controller/BaseController.class.php 第 130 行.
SQL: SHOW COLUMNS FROM `wfx_vip_set` [ RunTime:0.0008s ]
SQL: SELECT * FROM `wfx_vip_set` LIMIT 1   [ RunTime:0.0003s ]
SQL: SHOW COLUMNS FROM `wfx_shop_set` [ RunTime:0.0009s ]
SQL: SELECT * FROM `wfx_shop_set` LIMIT 1   [ RunTime:0.0004s ]
SQL: SELECT * FROM `wfx_shop_set` WHERE ( id=21 ) LIMIT 1   [ RunTime:0.0003s ]
SQL: SHOW COLUMNS FROM `wfx_upload_img` [ RunTime:0.0010s ]
SQL: SELECT * FROM `wfx_upload_img` WHERE `id` = 234 LIMIT 1   [ RunTime:0.0003s ]
SQL: SHOW COLUMNS FROM `wfx_shop_goods` [ RunTime:0.0016s ]
SQL: SHOW COLUMNS FROM `wfx_shop_group` [ RunTime:0.0010s ]
SQL: SELECT * FROM `wfx_shop_group` WHERE `shop_id` = 21 AND `status` = 1 LIMIT 1   [ RunTime:0.0003s ]
SQL: SELECT * FROM `wfx_shop_goods` WHERE `id` IN ('-10000000000')  [ RunTime:0.0003s ]
SQL: SELECT * FROM `wfx_shop_goods` WHERE `status` = 1 AND `shop_id` = 21 ORDER BY sorts desc  [ RunTime:0.0004s ]
SQL: SELECT * FROM `wfx_upload_img` WHERE `id` = 225 LIMIT 1   [ RunTime:0.0002s ]
SQL: SELECT * FROM `wfx_upload_img` WHERE `id` = 215 LIMIT 1   [ RunTime:0.0002s ]
SQL: SELECT * FROM `wfx_upload_img` WHERE `id` = 208 LIMIT 1   [ RunTime:0.0002s ]
SQL: SHOW COLUMNS FROM `wfx_shop_cate` [ RunTime:0.0010s ]
SQL: SELECT * FROM `wfx_shop_cate` WHERE `shop_id` = 21  [ RunTime:0.0002s ]
SQL: SELECT * FROM `wfx_upload_img` WHERE `id` = 228 LIMIT 1   [ RunTime:0.0002s ]
SQL: SELECT * FROM `wfx_upload_img` WHERE `id` = 229 LIMIT 1   [ RunTime:0.0002s ]
SQL: SHOW COLUMNS FROM `wfx_shop_ads` [ RunTime:0.0010s ]
SQL: SELECT * FROM `wfx_shop_ads` WHERE (  shop_id=21 )  [ RunTime:0.0002s ]
SQL: SELECT * FROM `wfx_upload_img` WHERE `id` = 230 LIMIT 1   [ RunTime:0.0002s ]
SQL: SELECT * FROM `wfx_upload_img` WHERE `id` = 232 LIMIT 1   [ RunTime:0.0002s ]
INFO: [ view_parse ] --START--
INFO: [ template_filter ] --START--
INFO: Run Behavior\ContentReplaceBehavior [ RunTime:0.000092s ]
INFO: [ template_filter ] --END-- [ RunTime:0.000142s ]
NOTIC: [8] Undefined variable: actname /alidata/www/wemall/Application/Runtime/Cache/App/b56b8082e02b1b878a28f8cba0cac826.php 第 241 行.
INFO: Run Behavior\ParseTemplateBehavior [ RunTime:0.019044s ]
INFO: [ view_parse ] --END-- [ RunTime:0.019093s ]
INFO: [ view_filter ] --START--
INFO: Run Behavior\WriteHtmlCacheBehavior [ RunTime:0.000145s ]
INFO: Run Behavior\TokenBuildBehavior [ RunTime:0.000241s ]
INFO: [ view_filter ] --END-- [ RunTime:0.000456s ]
INFO: [ action_end ] --START--
INFO: Run Behavior\CronRunBehavior [ RunTime:0.000432s ]
INFO: [ action_end ] --END-- [ RunTime:0.000484s ]
INFO: [ app_end ] --START--
INFO: Run Behavior\ShowPageTraceBehavior [ RunTime:0.000423s ]
INFO: Run Behavior\CronRunBehavior [ RunTime:0.000137s ]
INFO: [ app_end ] --END-- [ RunTime:0.000632s ]

[ 2017-05-31T08:50:44+08:00 ] 58.216.156.134 /App/Shop/index/shopid/21?code=071cBNWL0NqcF62iAIUL0jUNWL0cBNWY&state=1
INFO: [ app_init ] --START--
INFO: Run Behavior\BuildLiteBehavior [ RunTime:0.000015s ]
INFO: [ app_init ] --END-- [ RunTime:0.000314s ]
INFO: [ app_begin ] --START--
INFO: Run Behavior\ReadHtmlCacheBehavior [ RunTime:0.000415s ]
INFO: [ app_begin ] --END-- [ RunTime:0.000464s ]
SQL: SHOW COLUMNS FROM `wfx_set` [ RunTime:0.0011s ]
SQL: SELECT * FROM `wfx_set` LIMIT 1   [ RunTime:0.0003s ]
NOTIC: [8] Undefined index: ppid /alidata/www/wemall/Application/App/Controller/BaseController.class.php 第 32 行.
NOTIC: [8] Undefined index: employee /alidata/www/wemall/Application/App/Controller/BaseController.class.php 第 33 行.
SQL: SHOW COLUMNS FROM `wfx_vip` [ RunTime:0.0010s ]
SQL: SELECT * FROM `wfx_vip` WHERE `openid` = 'oAqURwxjDlqlHpi7F1sxa3ePDrbo' LIMIT 1   [ RunTime:0.0009s ]
NOTIC: [8] Undefined index: ppid /alidata/www/wemall/Application/App/Controller/BaseController.class.php 第 130 行.
SQL: SHOW COLUMNS FROM `wfx_vip_set` [ RunTime:0.0009s ]
SQL: SELECT * FROM `wfx_vip_set` LIMIT 1   [ RunTime:0.0003s ]
SQL: SHOW COLUMNS FROM `wfx_shop_set` [ RunTime:0.0009s ]
SQL: SELECT * FROM `wfx_shop_set` LIMIT 1   [ RunTime:0.0002s ]
SQL: SELECT * FROM `wfx_shop_set` WHERE ( id=21 ) LIMIT 1   [ RunTime:0.0003s ]
SQL: SHOW COLUMNS FROM `wfx_upload_img` [ RunTime:0.0006s ]
SQL: SELECT * FROM `wfx_upload_img` WHERE `id` = 234 LIMIT 1   [ RunTime:0.0002s ]
SQL: SHOW COLUMNS FROM `wfx_shop_goods` [ RunTime:0.0010s ]
SQL: SHOW COLUMNS FROM `wfx_shop_group` [ RunTime:0.0007s ]
SQL: SELECT * FROM `wfx_shop_group` WHERE `shop_id` = 21 AND `status` = 1 LIMIT 1   [ RunTime:0.0003s ]
SQL: SELECT * FROM `wfx_shop_goods` WHERE `id` IN ('-10000000000')  [ RunTime:0.0002s ]
SQL: SELECT * FROM `wfx_shop_goods` WHERE `status` = 1 AND `shop_id` = 21 ORDER BY sorts desc  [ RunTime:0.0004s ]
SQL: SELECT * FROM `wfx_upload_img` WHERE `id` = 225 LIMIT 1   [ RunTime:0.0002s ]
SQL: SELECT * FROM `wfx_upload_img` WHERE `id` = 215 LIMIT 1   [ RunTime:0.0002s ]
SQL: SELECT * FROM `wfx_upload_img` WHERE `id` = 208 LIMIT 1   [ RunTime:0.0002s ]
SQL: SHOW COLUMNS FROM `wfx_shop_cate` [ RunTime:0.0007s ]
SQL: SELECT * FROM `wfx_shop_cate` WHERE `shop_id` = 21  [ RunTime:0.0002s ]
SQL: SELECT * FROM `wfx_upload_img` WHERE `id` = 228 LIMIT 1   [ RunTime:0.0002s ]
SQL: SELECT * FROM `wfx_upload_img` WHERE `id` = 229 LIMIT 1   [ RunTime:0.0002s ]
SQL: SHOW COLUMNS FROM `wfx_shop_ads` [ RunTime:0.0007s ]
SQL: SELECT * FROM `wfx_shop_ads` WHERE (  shop_id=21 )  [ RunTime:0.0002s ]
SQL: SELECT * FROM `wfx_upload_img` WHERE `id` = 230 LIMIT 1   [ RunTime:0.0002s ]
SQL: SELECT * FROM `wfx_upload_img` WHERE `id` = 232 LIMIT 1   [ RunTime:0.0002s ]
INFO: [ view_parse ] --START--
INFO: [ template_filter ] --START--
INFO: Run Behavior\ContentReplaceBehavior [ RunTime:0.000093s ]
INFO: [ template_filter ] --END-- [ RunTime:0.000143s ]
NOTIC: [8] Undefined variable: actname /alidata/www/wemall/Application/Runtime/Cache/App/b56b8082e02b1b878a28f8cba0cac826.php 第 241 行.
INFO: Run Behavior\ParseTemplateBehavior [ RunTime:0.018559s ]
INFO: [ view_parse ] --END-- [ RunTime:0.018607s ]
INFO: [ view_filter ] --START--
INFO: Run Behavior\WriteHtmlCacheBehavior [ RunTime:0.000145s ]
INFO: Run Behavior\TokenBuildBehavior [ RunTime:0.000239s ]
INFO: [ view_filter ] --END-- [ RunTime:0.000455s ]
INFO: [ action_end ] --START--
INFO: Run Behavior\CronRunBehavior [ RunTime:0.000422s ]
INFO: [ action_end ] --END-- [ RunTime:0.000475s ]
INFO: [ app_end ] --START--
INFO: Run Behavior\ShowPageTraceBehavior [ RunTime:0.000420s ]
INFO: Run Behavior\CronRunBehavior [ RunTime:0.000135s ]
INFO: [ app_end ] --END-- [ RunTime:0.000627s ]

[ 2017-05-31T08:50:53+08:00 ] 101.226.64.177 /App/Shop/index/shopid/21
INFO: [ app_init ] --START--
INFO: Run Behavior\BuildLiteBehavior [ RunTime:0.000016s ]
INFO: [ app_init ] --END-- [ RunTime:0.000342s ]
INFO: [ app_begin ] --START--
INFO: Run Behavior\ReadHtmlCacheBehavior [ RunTime:0.000595s ]
INFO: [ app_begin ] --END-- [ RunTime:0.000693s ]
SQL: SHOW COLUMNS FROM `wfx_set` [ RunTime:0.0011s ]
SQL: SELECT * FROM `wfx_set` LIMIT 1   [ RunTime:0.0004s ]
NOTIC: [8] Undefined index: ppid /alidata/www/wemall/Application/App/Controller/BaseController.class.php 第 32 行.
NOTIC: [8] Undefined index: employee /alidata/www/wemall/Application/App/Controller/BaseController.class.php 第 33 行.
NOTIC: [8] Undefined index: sqmode /alidata/www/wemall/Application/App/Controller/BaseController.class.php 第 45 行.
NOTIC: [8] Undefined index: code /alidata/www/wemall/Application/App/Controller/BaseController.class.php 第 55 行.
NOTIC: [8] Undefined index: sqmode /alidata/www/wemall/Application/App/Controller/BaseController.class.php 第 93 行.
INFO: [ view_parse ] --START--
INFO: [ template_filter ] --START--
INFO: Run Behavior\ContentReplaceBehavior [ RunTime:0.000048s ]
INFO: [ template_filter ] --END-- [ RunTime:0.000101s ]
INFO: Run Behavior\ParseTemplateBehavior [ RunTime:0.005663s ]
INFO: [ view_parse ] --END-- [ RunTime:0.005719s ]
INFO: [ view_filter ] --START--
INFO: Run Behavior\WriteHtmlCacheBehavior [ RunTime:0.000144s ]
INFO: Run Behavior\TokenBuildBehavior [ RunTime:0.000241s ]
INFO: [ view_filter ] --END-- [ RunTime:0.000460s ]
INFO: [ view_parse ] --START--
INFO: Run Behavior\ParseTemplateBehavior [ RunTime:0.000177s ]
INFO: [ view_parse ] --END-- [ RunTime:-0.000552s ]
INFO: [ view_filter ] --START--
INFO: Run Behavior\WriteHtmlCacheBehavior [ RunTime:0.000010s ]
INFO: Run Behavior\TokenBuildBehavior [ RunTime:0.000012s ]
INFO: [ view_filter ] --END-- [ RunTime:-0.000314s ]

[ 2017-05-31T08:51:26+08:00 ] 58.216.156.134 /App/Shop/index/shopid/21
INFO: [ app_init ] --START--
INFO: Run Behavior\BuildLiteBehavior [ RunTime:0.000020s ]
INFO: [ app_init ] --END-- [ RunTime:0.000334s ]
INFO: [ app_begin ] --START--
INFO: Run Behavior\ReadHtmlCacheBehavior [ RunTime:0.000404s ]
INFO: [ app_begin ] --END-- [ RunTime:0.000454s ]
SQL: SHOW COLUMNS FROM `wfx_set` [ RunTime:0.0013s ]
SQL: SELECT * FROM `wfx_set` LIMIT 1   [ RunTime:0.0004s ]
NOTIC: [8] Undefined index: ppid /alidata/www/wemall/Application/App/Controller/BaseController.class.php 第 32 行.
NOTIC: [8] Undefined index: employee /alidata/www/wemall/Application/App/Controller/BaseController.class.php 第 33 行.
SQL: SHOW COLUMNS FROM `wfx_vip` [ RunTime:0.0010s ]
SQL: SELECT * FROM `wfx_vip` WHERE `openid` = 'oAqURwxjDlqlHpi7F1sxa3ePDrbo' LIMIT 1   [ RunTime:0.0009s ]
NOTIC: [8] Undefined index: ppid /alidata/www/wemall/Application/App/Controller/BaseController.class.php 第 130 行.
SQL: SHOW COLUMNS FROM `wfx_vip_set` [ RunTime:0.0008s ]
SQL: SELECT * FROM `wfx_vip_set` LIMIT 1   [ RunTime:0.0004s ]
SQL: SHOW COLUMNS FROM `wfx_shop_set` [ RunTime:0.0009s ]
SQL: SELECT * FROM `wfx_shop_set` LIMIT 1   [ RunTime:0.0003s ]
SQL: SELECT * FROM `wfx_shop_set` WHERE ( id=21 ) LIMIT 1   [ RunTime:0.0003s ]
SQL: SHOW COLUMNS FROM `wfx_upload_img` [ RunTime:0.0007s ]
SQL: SELECT * FROM `wfx_upload_img` WHERE `id` = 234 LIMIT 1   [ RunTime:0.0003s ]
SQL: SHOW COLUMNS FROM `wfx_shop_goods` [ RunTime:0.0013s ]
SQL: SHOW COLUMNS FROM `wfx_shop_group` [ RunTime:0.0007s ]
SQL: SELECT * FROM `wfx_shop_group` WHERE `shop_id` = 21 AND `status` = 1 LIMIT 1   [ RunTime:0.0004s ]
SQL: SELECT * FROM `wfx_shop_goods` WHERE `id` IN ('-10000000000')  [ RunTime:0.0004s ]
SQL: SELECT * FROM `wfx_shop_goods` WHERE `status` = 1 AND `shop_id` = 21 ORDER BY sorts desc  [ RunTime:0.0004s ]
SQL: SELECT * FROM `wfx_upload_img` WHERE `id` = 225 LIMIT 1   [ RunTime:0.0002s ]
SQL: SELECT * FROM `wfx_upload_img` WHERE `id` = 215 LIMIT 1   [ RunTime:0.0003s ]
SQL: SELECT * FROM `wfx_upload_img` WHERE `id` = 208 LIMIT 1   [ RunTime:0.0002s ]
SQL: SHOW COLUMNS FROM `wfx_shop_cate` [ RunTime:0.0008s ]
SQL: SELECT * FROM `wfx_shop_cate` WHERE `shop_id` = 21  [ RunTime:0.0004s ]
SQL: SELECT * FROM `wfx_upload_img` WHERE `id` = 228 LIMIT 1   [ RunTime:0.0002s ]
SQL: SELECT * FROM `wfx_upload_img` WHERE `id` = 229 LIMIT 1   [ RunTime:0.0002s ]
SQL: SHOW COLUMNS FROM `wfx_shop_ads` [ RunTime:0.0007s ]
SQL: SELECT * FROM `wfx_shop_ads` WHERE (  shop_id=21 )  [ RunTime:0.0003s ]
SQL: SELECT * FROM `wfx_upload_img` WHERE `id` = 230 LIMIT 1   [ RunTime:0.0002s ]
SQL: SELECT * FROM `wfx_upload_img` WHERE `id` = 232 LIMIT 1   [ RunTime:0.0002s ]
INFO: [ view_parse ] --START--
INFO: [ template_filter ] --START--
INFO: Run Behavior\ContentReplaceBehavior [ RunTime:0.000102s ]
INFO: [ template_filter ] --END-- [ RunTime:0.000190s ]
NOTIC: [8] Undefined variable: actname /alidata/www/wemall/Application/Runtime/Cache/App/b56b8082e02b1b878a28f8cba0cac826.php 第 241 行.
INFO: Run Behavior\ParseTemplateBehavior [ RunTime:0.019846s ]
INFO: [ view_parse ] --END-- [ RunTime:0.019911s ]
INFO: [ view_filter ] --START--
INFO: Run Behavior\WriteHtmlCacheBehavior [ RunTime:0.000168s ]
INFO: Run Behavior\TokenBuildBehavior [ RunTime:0.000248s ]
INFO: [ view_filter ] --END-- [ RunTime:0.000488s ]
INFO: [ action_end ] --START--
INFO: Run Behavior\CronRunBehavior [ RunTime:0.000468s ]
INFO: [ action_end ] --END-- [ RunTime:0.000521s ]
INFO: [ app_end ] --START--
INFO: Run Behavior\ShowPageTraceBehavior [ RunTime:0.000434s ]
INFO: Run Behavior\CronRunBehavior [ RunTime:0.000136s ]
INFO: [ app_end ] --END-- [ RunTime:0.000642s ]

[ 2017-05-31T08:51:35+08:00 ] 101.226.65.107 /App/Shop/index/shopid/21
INFO: [ app_init ] --START--
INFO: Run Behavior\BuildLiteBehavior [ RunTime:0.000016s ]
INFO: [ app_init ] --END-- [ RunTime:0.000370s ]
INFO: [ app_begin ] --START--
INFO: Run Behavior\ReadHtmlCacheBehavior [ RunTime:0.000465s ]
INFO: [ app_begin ] --END-- [ RunTime:0.000514s ]
SQL: SHOW COLUMNS FROM `wfx_set` [ RunTime:0.0011s ]
SQL: SELECT * FROM `wfx_set` LIMIT 1   [ RunTime:0.0003s ]
NOTIC: [8] Undefined index: ppid /alidata/www/wemall/Application/App/Controller/BaseController.class.php 第 32 行.
NOTIC: [8] Undefined index: employee /alidata/www/wemall/Application/App/Controller/BaseController.class.php 第 33 行.
NOTIC: [8] Undefined index: sqmode /alidata/www/wemall/Application/App/Controller/BaseController.class.php 第 45 行.
NOTIC: [8] Undefined index: code /alidata/www/wemall/Application/App/Controller/BaseController.class.php 第 55 行.
NOTIC: [8] Undefined index: sqmode /alidata/www/wemall/Application/App/Controller/BaseController.class.php 第 93 行.
INFO: [ view_parse ] --START--
INFO: [ template_filter ] --START--
INFO: Run Behavior\ContentReplaceBehavior [ RunTime:0.000058s ]
INFO: [ template_filter ] --END-- [ RunTime:0.000126s ]
INFO: Run Behavior\ParseTemplateBehavior [ RunTime:0.005723s ]
INFO: [ view_parse ] --END-- [ RunTime:0.005785s ]
INFO: [ view_filter ] --START--
INFO: Run Behavior\WriteHtmlCacheBehavior [ RunTime:0.000148s ]
INFO: Run Behavior\TokenBuildBehavior [ RunTime:0.000261s ]
INFO: [ view_filter ] --END-- [ RunTime:0.000481s ]
INFO: [ view_parse ] --START--
INFO: Run Behavior\ParseTemplateBehavior [ RunTime:0.000195s ]
INFO: [ view_parse ] --END-- [ RunTime:-0.000563s ]
INFO: [ view_filter ] --START--
INFO: Run Behavior\WriteHtmlCacheBehavior [ RunTime:0.000010s ]
INFO: Run Behavior\TokenBuildBehavior [ RunTime:0.000012s ]
INFO: [ view_filter ] --END-- [ RunTime:-0.000316s ]

[ 2017-05-31T08:52:17+08:00 ] 58.216.156.134 /App/Shop/index/shopid/21
INFO: [ app_init ] --START--
INFO: Run Behavior\BuildLiteBehavior [ RunTime:0.000015s ]
INFO: [ app_init ] --END-- [ RunTime:0.000307s ]
INFO: [ app_begin ] --START--
INFO: Run Behavior\ReadHtmlCacheBehavior [ RunTime:0.000392s ]
INFO: [ app_begin ] --END-- [ RunTime:0.000441s ]
SQL: SHOW COLUMNS FROM `wfx_set` [ RunTime:0.0011s ]
SQL: SELECT * FROM `wfx_set` LIMIT 1   [ RunTime:0.0002s ]
NOTIC: [8] Undefined index: ppid /alidata/www/wemall/Application/App/Controller/BaseController.class.php 第 32 行.
NOTIC: [8] Undefined index: employee /alidata/www/wemall/Application/App/Controller/BaseController.class.php 第 33 行.
SQL: SHOW COLUMNS FROM `wfx_vip` [ RunTime:0.0010s ]
SQL: SELECT * FROM `wfx_vip` WHERE `openid` = 'oAqURwxjDlqlHpi7F1sxa3ePDrbo' LIMIT 1   [ RunTime:0.0008s ]
NOTIC: [8] Undefined index: ppid /alidata/www/wemall/Application/App/Controller/BaseController.class.php 第 130 行.
SQL: SHOW COLUMNS FROM `wfx_vip_set` [ RunTime:0.0008s ]
SQL: SELECT * FROM `wfx_vip_set` LIMIT 1   [ RunTime:0.0003s ]
SQL: SHOW COLUMNS FROM `wfx_shop_set` [ RunTime:0.0009s ]
SQL: SELECT * FROM `wfx_shop_set` LIMIT 1   [ RunTime:0.0002s ]
SQL: SELECT * FROM `wfx_shop_set` WHERE ( id=21 ) LIMIT 1   [ RunTime:0.0003s ]
SQL: SHOW COLUMNS FROM `wfx_upload_img` [ RunTime:0.0007s ]
SQL: SELECT * FROM `wfx_upload_img` WHERE `id` = 234 LIMIT 1   [ RunTime:0.0002s ]
SQL: SHOW COLUMNS FROM `wfx_shop_goods` [ RunTime:0.0013s ]
SQL: SHOW COLUMNS FROM `wfx_shop_group` [ RunTime:0.0007s ]
SQL: SELECT * FROM `wfx_shop_group` WHERE `shop_id` = 21 AND `status` = 1 LIMIT 1   [ RunTime:0.0003s ]
SQL: SELECT * FROM `wfx_shop_goods` WHERE `id` IN ('-10000000000')  [ RunTime:0.0003s ]
SQL: SELECT * FROM `wfx_shop_goods` WHERE `status` = 1 AND `shop_id` = 21 ORDER BY sorts desc  [ RunTime:0.0004s ]
SQL: SELECT * FROM `wfx_upload_img` WHERE `id` = 225 LIMIT 1   [ RunTime:0.0002s ]
SQL: SELECT * FROM `wfx_upload_img` WHERE `id` = 215 LIMIT 1   [ RunTime:0.0002s ]
SQL: SELECT * FROM `wfx_upload_img` WHERE `id` = 208 LIMIT 1   [ RunTime:0.0002s ]
SQL: SHOW COLUMNS FROM `wfx_shop_cate` [ RunTime:0.0007s ]
SQL: SELECT * FROM `wfx_shop_cate` WHERE `shop_id` = 21  [ RunTime:0.0003s ]
SQL: SELECT * FROM `wfx_upload_img` WHERE `id` = 228 LIMIT 1   [ RunTime:0.0002s ]
SQL: SELECT * FROM `wfx_upload_img` WHERE `id` = 229 LIMIT 1   [ RunTime:0.0002s ]
SQL: SHOW COLUMNS FROM `wfx_shop_ads` [ RunTime:0.0007s ]
SQL: SELECT * FROM `wfx_shop_ads` WHERE (  shop_id=21 )  [ RunTime:0.0002s ]
SQL: SELECT * FROM `wfx_upload_img` WHERE `id` = 230 LIMIT 1   [ RunTime:0.0002s ]
SQL: SELECT * FROM `wfx_upload_img` WHERE `id` = 232 LIMIT 1   [ RunTime:0.0002s ]
INFO: [ view_parse ] --START--
INFO: [ template_filter ] --START--
INFO: Run Behavior\ContentReplaceBehavior [ RunTime:0.000113s ]
INFO: [ template_filter ] --END-- [ RunTime:0.000177s ]
NOTIC: [8] Undefined variable: actname /alidata/www/wemall/Application/Runtime/Cache/App/b56b8082e02b1b878a28f8cba0cac826.php 第 241 行.
INFO: Run Behavior\ParseTemplateBehavior [ RunTime:0.018638s ]
INFO: [ view_parse ] --END-- [ RunTime:0.018686s ]
INFO: [ view_filter ] --START--
INFO: Run Behavior\WriteHtmlCacheBehavior [ RunTime:0.000159s ]
INFO: Run Behavior\TokenBuildBehavior [ RunTime:0.000242s ]
INFO: [ view_filter ] --END-- [ RunTime:0.000470s ]
INFO: [ action_end ] --START--
INFO: Run Behavior\CronRunBehavior [ RunTime:0.000415s ]
INFO: [ action_end ] --END-- [ RunTime:0.000467s ]
INFO: [ app_end ] --START--
INFO: Run Behavior\ShowPageTraceBehavior [ RunTime:0.000466s ]
INFO: Run Behavior\CronRunBehavior [ RunTime:0.000135s ]
INFO: [ app_end ] --END-- [ RunTime:0.000672s ]

[ 2017-05-31T08:52:27+08:00 ] 58.216.156.134 /App/Shop/index/shopid/21/type/1
INFO: [ app_init ] --START--
INFO: Run Behavior\BuildLiteBehavior [ RunTime:0.000020s ]
INFO: [ app_init ] --END-- [ RunTime:0.000356s ]
INFO: [ app_begin ] --START--
INFO: Run Behavior\ReadHtmlCacheBehavior [ RunTime:0.000430s ]
INFO: [ app_begin ] --END-- [ RunTime:0.000480s ]
SQL: SHOW COLUMNS FROM `wfx_set` [ RunTime:0.0011s ]
SQL: SELECT * FROM `wfx_set` LIMIT 1   [ RunTime:0.0003s ]
NOTIC: [8] Undefined index: ppid /alidata/www/wemall/Application/App/Controller/BaseController.class.php 第 32 行.
NOTIC: [8] Undefined index: employee /alidata/www/wemall/Application/App/Controller/BaseController.class.php 第 33 行.
SQL: SHOW COLUMNS FROM `wfx_vip` [ RunTime:0.0010s ]
SQL: SELECT * FROM `wfx_vip` WHERE `openid` = 'oAqURwxjDlqlHpi7F1sxa3ePDrbo' LIMIT 1   [ RunTime:0.0008s ]
NOTIC: [8] Undefined index: ppid /alidata/www/wemall/Application/App/Controller/BaseController.class.php 第 130 行.
SQL: SHOW COLUMNS FROM `wfx_vip_set` [ RunTime:0.0008s ]
SQL: SELECT * FROM `wfx_vip_set` LIMIT 1   [ RunTime:0.0003s ]
SQL: SHOW COLUMNS FROM `wfx_shop_set` [ RunTime:0.0009s ]
SQL: SELECT * FROM `wfx_shop_set` LIMIT 1   [ RunTime:0.0003s ]
SQL: SELECT * FROM `wfx_shop_set` WHERE ( id=21 ) LIMIT 1   [ RunTime:0.0003s ]
SQL: SHOW COLUMNS FROM `wfx_upload_img` [ RunTime:0.0007s ]
SQL: SELECT * FROM `wfx_upload_img` WHERE `id` = 234 LIMIT 1   [ RunTime:0.0002s ]
SQL: SHOW COLUMNS FROM `wfx_shop_goods` [ RunTime:0.0014s ]
SQL: SHOW COLUMNS FROM `wfx_shop_group` [ RunTime:0.0007s ]
SQL: SELECT * FROM `wfx_shop_group` WHERE `shop_id` = 21 AND `status` = 1 LIMIT 1   [ RunTime:0.0003s ]
SQL: SELECT * FROM `wfx_shop_goods` WHERE `id` IN ('-10000000000')  [ RunTime:0.0002s ]
SQL: SELECT * FROM `wfx_shop_goods` WHERE `cid` = 1 AND `status` = 1 AND `shop_id` = 21 ORDER BY sorts desc  [ RunTime:0.0004s ]
SQL: SELECT * FROM `wfx_upload_img` WHERE `id` = 225 LIMIT 1   [ RunTime:0.0003s ]
SQL: SELECT * FROM `wfx_upload_img` WHERE `id` = 215 LIMIT 1   [ RunTime:0.0002s ]
SQL: SELECT * FROM `wfx_upload_img` WHERE `id` = 208 LIMIT 1   [ RunTime:0.0002s ]
SQL: SHOW COLUMNS FROM `wfx_shop_cate` [ RunTime:0.0007s ]
SQL: SELECT * FROM `wfx_shop_cate` WHERE `shop_id` = 21  [ RunTime:0.0002s ]
SQL: SELECT * FROM `wfx_upload_img` WHERE `id` = 228 LIMIT 1   [ RunTime:0.0002s ]
SQL: SELECT * FROM `wfx_upload_img` WHERE `id` = 229 LIMIT 1   [ RunTime:0.0002s ]
SQL: SHOW COLUMNS FROM `wfx_shop_ads` [ RunTime:0.0007s ]
SQL: SELECT * FROM `wfx_shop_ads` WHERE (  shop_id=21 )  [ RunTime:0.0002s ]
SQL: SELECT * FROM `wfx_upload_img` WHERE `id` = 230 LIMIT 1   [ RunTime:0.0002s ]
SQL: SELECT * FROM `wfx_upload_img` WHERE `id` = 232 LIMIT 1   [ RunTime:0.0002s ]
INFO: [ view_parse ] --START--
INFO: [ template_filter ] --START--
INFO: Run Behavior\ContentReplaceBehavior [ RunTime:0.000098s ]
INFO: [ template_filter ] --END-- [ RunTime:0.000168s ]
NOTIC: [8] Undefined variable: actname /alidata/www/wemall/Application/Runtime/Cache/App/b56b8082e02b1b878a28f8cba0cac826.php 第 241 行.
INFO: Run Behavior\ParseTemplateBehavior [ RunTime:0.019701s ]
INFO: [ view_parse ] --END-- [ RunTime:0.019762s ]
INFO: [ view_filter ] --START--
INFO: Run Behavior\WriteHtmlCacheBehavior [ RunTime:0.000165s ]
INFO: Run Behavior\TokenBuildBehavior [ RunTime:0.000247s ]
INFO: [ view_filter ] --END-- [ RunTime:0.000483s ]
INFO: [ action_end ] --START--
INFO: Run Behavior\CronRunBehavior [ RunTime:0.000449s ]
INFO: [ action_end ] --END-- [ RunTime:0.000503s ]
INFO: [ app_end ] --START--
INFO: Run Behavior\ShowPageTraceBehavior [ RunTime:0.000438s ]
INFO: Run Behavior\CronRunBehavior [ RunTime:0.000133s ]
INFO: [ app_end ] --END-- [ RunTime:0.000648s ]

[ 2017-05-31T08:52:39+08:00 ] 58.216.156.134 /App/Shop/goods/sid/0/id/32/ppid/187
INFO: [ app_init ] --START--
INFO: Run Behavior\BuildLiteBehavior [ RunTime:0.000017s ]
INFO: [ app_init ] --END-- [ RunTime:0.000342s ]
INFO: [ app_begin ] --START--
INFO: Run Behavior\ReadHtmlCacheBehavior [ RunTime:0.000436s ]
INFO: [ app_begin ] --END-- [ RunTime:0.000492s ]
SQL: SHOW COLUMNS FROM `wfx_set` [ RunTime:0.0013s ]
SQL: SELECT * FROM `wfx_set` LIMIT 1   [ RunTime:0.0004s ]
NOTIC: [8] Undefined index: employee /alidata/www/wemall/Application/App/Controller/BaseController.class.php 第 33 行.
SQL: SHOW COLUMNS FROM `wfx_vip` [ RunTime:0.0011s ]
SQL: SELECT * FROM `wfx_vip` WHERE `openid` = 'oAqURwxjDlqlHpi7F1sxa3ePDrbo' LIMIT 1   [ RunTime:0.0012s ]
SQL: SHOW COLUMNS FROM `wfx_vip_set` [ RunTime:0.0009s ]
SQL: SELECT * FROM `wfx_vip_set` LIMIT 1   [ RunTime:0.0002s ]
SQL: SHOW COLUMNS FROM `wfx_shop_set` [ RunTime:0.0009s ]
SQL: SELECT * FROM `wfx_shop_set` LIMIT 1   [ RunTime:0.0002s ]
SQL: SHOW COLUMNS FROM `wfx_shop_goods` [ RunTime:0.0013s ]
SQL: SELECT * FROM `wfx_shop_goods` WHERE ( id=32 ) LIMIT 1   [ RunTime:0.0003s ]
SQL: UPDATE `wfx_shop_goods` SET `clicks`=clicks+1 WHERE ( id=32 ) [ RunTime:0.0066s ]
SQL: SHOW COLUMNS FROM `wfx_shop_label` [ RunTime:0.0015s ]
SQL: SELECT `name` FROM `wfx_shop_label` WHERE `id` = 1 LIMIT 1   [ RunTime:0.0003s ]
SQL: SELECT `name` FROM `wfx_shop_label` WHERE `id` = 0 LIMIT 1   [ RunTime:0.0002s ]
SQL: SHOW COLUMNS FROM `wfx_shop_skuattr_item` [ RunTime:0.0009s ]
SQL: SELECT `path`,`name` FROM `wfx_shop_skuattr_item` WHERE ( pid=17 )  [ RunTime:0.0003s ]
SQL: SHOW COLUMNS FROM `wfx_shop_goods_sku` [ RunTime:0.0009s ]
SQL: SELECT `sku`,`skuattr`,`price`,`num`,`hdprice`,`hdnum` FROM `wfx_shop_goods_sku` WHERE `goodsid` = 32 AND `status` = 1  [ RunTime:0.0002s ]
SQL: SHOW COLUMNS FROM `wfx_upload_img` [ RunTime:0.0007s ]
SQL: SELECT * FROM `wfx_upload_img` WHERE `id` IN ('224','223','222','221','')  [ RunTime:0.0004s ]
SQL: SELECT * FROM `wfx_upload_img` WHERE `id` = 227 LIMIT 1   [ RunTime:0.0002s ]
SQL: SHOW COLUMNS FROM `wfx_shop_basket` [ RunTime:0.0009s ]
SQL: SELECT SUM(num) AS tp_sum FROM `wfx_shop_basket` WHERE `sid` = 0 AND `vipid` = 187 LIMIT 1   [ RunTime:0.0002s ]
INFO: [ view_parse ] --START--
INFO: [ template_filter ] --START--
INFO: Run Behavior\ContentReplaceBehavior [ RunTime:0.000074s ]
INFO: [ template_filter ] --END-- [ RunTime:0.000129s ]
INFO: Run Behavior\ParseTemplateBehavior [ RunTime:0.013663s ]
INFO: [ view_parse ] --END-- [ RunTime:0.013728s ]
INFO: [ view_filter ] --START--
INFO: Run Behavior\WriteHtmlCacheBehavior [ RunTime:0.000170s ]
INFO: Run Behavior\TokenBuildBehavior [ RunTime:0.000276s ]
INFO: [ view_filter ] --END-- [ RunTime:0.000524s ]
INFO: [ action_end ] --START--
INFO: Run Behavior\CronRunBehavior [ RunTime:0.000462s ]
INFO: [ action_end ] --END-- [ RunTime:0.000514s ]
INFO: [ app_end ] --START--
INFO: Run Behavior\ShowPageTraceBehavior [ RunTime:0.000490s ]
INFO: Run Behavior\CronRunBehavior [ RunTime:0.000138s ]
INFO: [ app_end ] --END-- [ RunTime:0.000701s ]

[ 2017-05-31T08:52:43+08:00 ] 101.226.33.225 /App/Shop/index/shopid/21/type/1
INFO: [ app_init ] --START--
INFO: Run Behavior\BuildLiteBehavior [ RunTime:0.000015s ]
INFO: [ app_init ] --END-- [ RunTime:0.000310s ]
INFO: [ app_begin ] --START--
INFO: Run Behavior\ReadHtmlCacheBehavior [ RunTime:0.000386s ]
INFO: [ app_begin ] --END-- [ RunTime:0.000434s ]
SQL: SHOW COLUMNS FROM `wfx_set` [ RunTime:0.0065s ]
SQL: SELECT * FROM `wfx_set` LIMIT 1   [ RunTime:0.0003s ]
NOTIC: [8] Undefined index: ppid /alidata/www/wemall/Application/App/Controller/BaseController.class.php 第 32 行.
NOTIC: [8] Undefined index: employee /alidata/www/wemall/Application/App/Controller/BaseController.class.php 第 33 行.
NOTIC: [8] Undefined index: sqmode /alidata/www/wemall/Application/App/Controller/BaseController.class.php 第 45 行.
NOTIC: [8] Undefined index: code /alidata/www/wemall/Application/App/Controller/BaseController.class.php 第 55 行.
NOTIC: [8] Undefined index: sqmode /alidata/www/wemall/Application/App/Controller/BaseController.class.php 第 93 行.
INFO: [ view_parse ] --START--
INFO: [ template_filter ] --START--
INFO: Run Behavior\ContentReplaceBehavior [ RunTime:0.000050s ]
INFO: [ template_filter ] --END-- [ RunTime:0.000113s ]
INFO: Run Behavior\ParseTemplateBehavior [ RunTime:0.005797s ]
INFO: [ view_parse ] --END-- [ RunTime:0.005857s ]
INFO: [ view_filter ] --START--
INFO: Run Behavior\WriteHtmlCacheBehavior [ RunTime:0.000145s ]
INFO: Run Behavior\TokenBuildBehavior [ RunTime:0.000236s ]
INFO: [ view_filter ] --END-- [ RunTime:0.000473s ]
INFO: [ view_parse ] --START--
INFO: Run Behavior\ParseTemplateBehavior [ RunTime:0.000173s ]
INFO: [ view_parse ] --END-- [ RunTime:-0.000560s ]
INFO: [ view_filter ] --START--
INFO: Run Behavior\WriteHtmlCacheBehavior [ RunTime:0.000011s ]
INFO: Run Behavior\TokenBuildBehavior [ RunTime:0.000012s ]
INFO: [ view_filter ] --END-- [ RunTime:-0.000337s ]

[ 2017-05-31T08:52:55+08:00 ] 58.216.156.134 /App/Shop/index/shopid/21
INFO: [ app_init ] --START--
INFO: Run Behavior\BuildLiteBehavior [ RunTime:0.000015s ]
INFO: [ app_init ] --END-- [ RunTime:0.000311s ]
INFO: [ app_begin ] --START--
INFO: Run Behavior\ReadHtmlCacheBehavior [ RunTime:0.000406s ]
INFO: [ app_begin ] --END-- [ RunTime:0.000456s ]
SQL: SHOW COLUMNS FROM `wfx_set` [ RunTime:0.0012s ]
SQL: SELECT * FROM `wfx_set` LIMIT 1   [ RunTime:0.0003s ]
NOTIC: [8] Undefined index: ppid /alidata/www/wemall/Application/App/Controller/BaseController.class.php 第 32 行.
NOTIC: [8] Undefined index: employee /alidata/www/wemall/Application/App/Controller/BaseController.class.php 第 33 行.
SQL: SHOW COLUMNS FROM `wfx_vip` [ RunTime:0.0010s ]
SQL: SELECT * FROM `wfx_vip` WHERE `openid` = 'oAqURwxjDlqlHpi7F1sxa3ePDrbo' LIMIT 1   [ RunTime:0.0008s ]
NOTIC: [8] Undefined index: ppid /alidata/www/wemall/Application/App/Controller/BaseController.class.php 第 130 行.
SQL: SHOW COLUMNS FROM `wfx_vip_set` [ RunTime:0.0008s ]
SQL: SELECT * FROM `wfx_vip_set` LIMIT 1   [ RunTime:0.0002s ]
SQL: SHOW COLUMNS FROM `wfx_shop_set` [ RunTime:0.0009s ]
SQL: SELECT * FROM `wfx_shop_set` LIMIT 1   [ RunTime:0.0002s ]
SQL: SELECT * FROM `wfx_shop_set` WHERE ( id=21 ) LIMIT 1   [ RunTime:0.0003s ]
SQL: SHOW COLUMNS FROM `wfx_upload_img` [ RunTime:0.0007s ]
SQL: SELECT * FROM `wfx_upload_img` WHERE `id` = 234 LIMIT 1   [ RunTime:0.0002s ]
SQL: SHOW COLUMNS FROM `wfx_shop_goods` [ RunTime:0.0013s ]
SQL: SHOW COLUMNS FROM `wfx_shop_group` [ RunTime:0.0007s ]
SQL: SELECT * FROM `wfx_shop_group` WHERE `shop_id` = 21 AND `status` = 1 LIMIT 1   [ RunTime:0.0003s ]
SQL: SELECT * FROM `wfx_shop_goods` WHERE `id` IN ('-10000000000')  [ RunTime:0.0003s ]
SQL: SELECT * FROM `wfx_shop_goods` WHERE `status` = 1 AND `shop_id` = 21 ORDER BY sorts desc  [ RunTime:0.0004s ]
SQL: SELECT * FROM `wfx_upload_img` WHERE `id` = 225 LIMIT 1   [ RunTime:0.0002s ]
SQL: SELECT * FROM `wfx_upload_img` WHERE `id` = 215 LIMIT 1   [ RunTime:0.0002s ]
SQL: SELECT * FROM `wfx_upload_img` WHERE `id` = 208 LIMIT 1   [ RunTime:0.0002s ]
SQL: SHOW COLUMNS FROM `wfx_shop_cate` [ RunTime:0.0007s ]
SQL: SELECT * FROM `wfx_shop_cate` WHERE `shop_id` = 21  [ RunTime:0.0002s ]
SQL: SELECT * FROM `wfx_upload_img` WHERE `id` = 228 LIMIT 1   [ RunTime:0.0002s ]
SQL: SELECT * FROM `wfx_upload_img` WHERE `id` = 229 LIMIT 1   [ RunTime:0.0003s ]
SQL: SHOW COLUMNS FROM `wfx_shop_ads` [ RunTime:0.0008s ]
SQL: SELECT * FROM `wfx_shop_ads` WHERE (  shop_id=21 )  [ RunTime:0.0002s ]
SQL: SELECT * FROM `wfx_upload_img` WHERE `id` = 230 LIMIT 1   [ RunTime:0.0002s ]
SQL: SELECT * FROM `wfx_upload_img` WHERE `id` = 232 LIMIT 1   [ RunTime:0.0002s ]
INFO: [ view_parse ] --START--
INFO: [ template_filter ] --START--
INFO: Run Behavior\ContentReplaceBehavior [ RunTime:0.000100s ]
INFO: [ template_filter ] --END-- [ RunTime:0.000168s ]
NOTIC: [8] Undefined variable: actname /alidata/www/wemall/Application/Runtime/Cache/App/b56b8082e02b1b878a28f8cba0cac826.php 第 241 行.
INFO: Run Behavior\ParseTemplateBehavior [ RunTime:0.047913s ]
INFO: [ view_parse ] --END-- [ RunTime:0.047993s ]
INFO: [ view_filter ] --START--
INFO: Run Behavior\WriteHtmlCacheBehavior [ RunTime:0.000182s ]
INFO: Run Behavior\TokenBuildBehavior [ RunTime:0.000251s ]
INFO: [ view_filter ] --END-- [ RunTime:0.000568s ]
INFO: [ action_end ] --START--
INFO: Run Behavior\CronRunBehavior [ RunTime:0.000433s ]
INFO: [ action_end ] --END-- [ RunTime:0.000486s ]
INFO: [ app_end ] --START--
INFO: Run Behavior\ShowPageTraceBehavior [ RunTime:0.000465s ]
INFO: Run Behavior\CronRunBehavior [ RunTime:0.000136s ]
INFO: [ app_end ] --END-- [ RunTime:0.000671s ]

[ 2017-05-31T08:53:02+08:00 ] 58.216.156.134 /App/Shop/goods/sid/0/id/30/ppid/187
INFO: [ app_init ] --START--
INFO: Run Behavior\BuildLiteBehavior [ RunTime:0.000016s ]
INFO: [ app_init ] --END-- [ RunTime:0.000318s ]
INFO: [ app_begin ] --START--
INFO: Run Behavior\ReadHtmlCacheBehavior [ RunTime:0.001177s ]
INFO: [ app_begin ] --END-- [ RunTime:0.001229s ]
SQL: SHOW COLUMNS FROM `wfx_set` [ RunTime:0.0011s ]
SQL: SELECT * FROM `wfx_set` LIMIT 1   [ RunTime:0.0003s ]
NOTIC: [8] Undefined index: employee /alidata/www/wemall/Application/App/Controller/BaseController.class.php 第 33 行.
SQL: SHOW COLUMNS FROM `wfx_vip` [ RunTime:0.0010s ]
SQL: SELECT * FROM `wfx_vip` WHERE `openid` = 'oAqURwxjDlqlHpi7F1sxa3ePDrbo' LIMIT 1   [ RunTime:0.0008s ]
SQL: SHOW COLUMNS FROM `wfx_vip_set` [ RunTime:0.0008s ]
SQL: SELECT * FROM `wfx_vip_set` LIMIT 1   [ RunTime:0.0003s ]
SQL: SHOW COLUMNS FROM `wfx_shop_set` [ RunTime:0.0009s ]
SQL: SELECT * FROM `wfx_shop_set` LIMIT 1   [ RunTime:0.0002s ]
SQL: SHOW COLUMNS FROM `wfx_shop_goods` [ RunTime:0.0013s ]
SQL: SELECT * FROM `wfx_shop_goods` WHERE ( id=30 ) LIMIT 1   [ RunTime:0.0003s ]
SQL: UPDATE `wfx_shop_goods` SET `clicks`=clicks+1 WHERE ( id=30 ) [ RunTime:0.0096s ]
SQL: SHOW COLUMNS FROM `wfx_shop_label` [ RunTime:0.0007s ]
SQL: SELECT `name` FROM `wfx_shop_label` WHERE `id` = 1 LIMIT 1   [ RunTime:0.0002s ]
SQL: SELECT `name` FROM `wfx_shop_label` WHERE `id` = 0 LIMIT 1   [ RunTime:0.0002s ]
SQL: SHOW COLUMNS FROM `wfx_shop_skuattr_item` [ RunTime:0.0006s ]
SQL: SELECT `path`,`name` FROM `wfx_shop_skuattr_item` WHERE ( pid=17 )  [ RunTime:0.0003s ]
SQL: SHOW COLUMNS FROM `wfx_shop_goods_sku` [ RunTime:0.0007s ]
SQL: SELECT `sku`,`skuattr`,`price`,`num`,`hdprice`,`hdnum` FROM `wfx_shop_goods_sku` WHERE `goodsid` = 30 AND `status` = 1  [ RunTime:0.0002s ]
SQL: SHOW COLUMNS FROM `wfx_upload_img` [ RunTime:0.0007s ]
SQL: SELECT * FROM `wfx_upload_img` WHERE `id` IN ('214','213','212','211','')  [ RunTime:0.0003s ]
SQL: SELECT * FROM `wfx_upload_img` WHERE `id` = 210 LIMIT 1   [ RunTime:0.0002s ]
SQL: SHOW COLUMNS FROM `wfx_shop_basket` [ RunTime:0.0006s ]
SQL: SELECT SUM(num) AS tp_sum FROM `wfx_shop_basket` WHERE `sid` = 0 AND `vipid` = 187 LIMIT 1   [ RunTime:0.0003s ]
INFO: [ view_parse ] --START--
INFO: [ template_filter ] --START--
INFO: Run Behavior\ContentReplaceBehavior [ RunTime:0.000071s ]
INFO: [ template_filter ] --END-- [ RunTime:0.000120s ]
INFO: Run Behavior\ParseTemplateBehavior [ RunTime:0.013669s ]
INFO: [ view_parse ] --END-- [ RunTime:0.013722s ]
INFO: [ view_filter ] --START--
INFO: Run Behavior\WriteHtmlCacheBehavior [ RunTime:0.000141s ]
INFO: Run Behavior\TokenBuildBehavior [ RunTime:0.000236s ]
INFO: [ view_filter ] --END-- [ RunTime:0.000446s ]
INFO: [ action_end ] --START--
INFO: Run Behavior\CronRunBehavior [ RunTime:0.000414s ]
INFO: [ action_end ] --END-- [ RunTime:0.000463s ]
INFO: [ app_end ] --START--
INFO: Run Behavior\ShowPageTraceBehavior [ RunTime:0.000466s ]
INFO: Run Behavior\CronRunBehavior [ RunTime:0.000134s ]
INFO: [ app_end ] --END-- [ RunTime:0.000670s ]

[ 2017-05-31T08:53:11+08:00 ] 180.163.2.117 /App/Shop/goods/sid/0/id/30/ppid/187
INFO: [ app_init ] --START--
INFO: Run Behavior\BuildLiteBehavior [ RunTime:0.000015s ]
INFO: [ app_init ] --END-- [ RunTime:0.000316s ]
INFO: [ app_begin ] --START--
INFO: Run Behavior\ReadHtmlCacheBehavior [ RunTime:0.000402s ]
INFO: [ app_begin ] --END-- [ RunTime:0.000453s ]
SQL: SHOW COLUMNS FROM `wfx_set` [ RunTime:0.0012s ]
SQL: SELECT * FROM `wfx_set` LIMIT 1   [ RunTime:0.0003s ]
NOTIC: [8] Undefined index: employee /alidata/www/wemall/Application/App/Controller/BaseController.class.php 第 33 行.
NOTIC: [8] Undefined index: sqmode /alidata/www/wemall/Application/App/Controller/BaseController.class.php 第 45 行.
NOTIC: [8] Undefined index: code /alidata/www/wemall/Application/App/Controller/BaseController.class.php 第 55 行.
NOTIC: [8] Undefined index: sqmode /alidata/www/wemall/Application/App/Controller/BaseController.class.php 第 93 行.
INFO: [ view_parse ] --START--
INFO: [ template_filter ] --START--
INFO: Run Behavior\ContentReplaceBehavior [ RunTime:0.000047s ]
INFO: [ template_filter ] --END-- [ RunTime:0.000097s ]
INFO: Run Behavior\ParseTemplateBehavior [ RunTime:0.005441s ]
INFO: [ view_parse ] --END-- [ RunTime:0.005494s ]
INFO: [ view_filter ] --START--
INFO: Run Behavior\WriteHtmlCacheBehavior [ RunTime:0.000138s ]
INFO: Run Behavior\TokenBuildBehavior [ RunTime:0.000235s ]
INFO: [ view_filter ] --END-- [ RunTime:0.000461s ]
INFO: [ view_parse ] --START--
INFO: Run Behavior\ParseTemplateBehavior [ RunTime:0.000175s ]
INFO: [ view_parse ] --END-- [ RunTime:-0.000534s ]
INFO: [ view_filter ] --START--
INFO: Run Behavior\WriteHtmlCacheBehavior [ RunTime:0.000009s ]
INFO: Run Behavior\TokenBuildBehavior [ RunTime:0.000012s ]
INFO: [ view_filter ] --END-- [ RunTime:-0.000287s ]

[ 2017-05-31T08:54:26+08:00 ] 101.226.89.122 /App/Shop/index/shopid/21
INFO: [ app_init ] --START--
INFO: Run Behavior\BuildLiteBehavior [ RunTime:0.000020s ]
INFO: [ app_init ] --END-- [ RunTime:0.000358s ]
INFO: [ app_begin ] --START--
INFO: Run Behavior\ReadHtmlCacheBehavior [ RunTime:0.000429s ]
INFO: [ app_begin ] --END-- [ RunTime:0.000480s ]
SQL: SHOW COLUMNS FROM `wfx_set` [ RunTime:0.0011s ]
SQL: SELECT * FROM `wfx_set` LIMIT 1   [ RunTime:0.0003s ]
NOTIC: [8] Undefined index: ppid /alidata/www/wemall/Application/App/Controller/BaseController.class.php 第 32 行.
NOTIC: [8] Undefined index: employee /alidata/www/wemall/Application/App/Controller/BaseController.class.php 第 33 行.
NOTIC: [8] Undefined index: sqmode /alidata/www/wemall/Application/App/Controller/BaseController.class.php 第 45 行.
NOTIC: [8] Undefined index: code /alidata/www/wemall/Application/App/Controller/BaseController.class.php 第 55 行.
NOTIC: [8] Undefined index: sqmode /alidata/www/wemall/Application/App/Controller/BaseController.class.php 第 93 行.
INFO: [ view_parse ] --START--
INFO: [ template_filter ] --START--
INFO: Run Behavior\ContentReplaceBehavior [ RunTime:0.000048s ]
INFO: [ template_filter ] --END-- [ RunTime:0.000100s ]
INFO: Run Behavior\ParseTemplateBehavior [ RunTime:0.005453s ]
INFO: [ view_parse ] --END-- [ RunTime:0.005535s ]
INFO: [ view_filter ] --START--
INFO: Run Behavior\WriteHtmlCacheBehavior [ RunTime:0.000185s ]
INFO: Run Behavior\TokenBuildBehavior [ RunTime:0.000244s ]
INFO: [ view_filter ] --END-- [ RunTime:0.000500s ]
INFO: [ view_parse ] --START--
INFO: Run Behavior\ParseTemplateBehavior [ RunTime:0.000169s ]
INFO: [ view_parse ] --END-- [ RunTime:-0.000583s ]
INFO: [ view_filter ] --START--
INFO: Run Behavior\WriteHtmlCacheBehavior [ RunTime:0.000010s ]
INFO: Run Behavior\TokenBuildBehavior [ RunTime:0.000011s ]
INFO: [ view_filter ] --END-- [ RunTime:-0.000282s ]

[ 2017-05-31T08:55:04+08:00 ] 101.226.61.206 /App/Shop/index/shopid/21
INFO: [ app_init ] --START--
INFO: Run Behavior\BuildLiteBehavior [ RunTime:0.000015s ]
INFO: [ app_init ] --END-- [ RunTime:0.000313s ]
INFO: [ app_begin ] --START--
INFO: Run Behavior\ReadHtmlCacheBehavior [ RunTime:0.000392s ]
INFO: [ app_begin ] --END-- [ RunTime:0.000441s ]
SQL: SHOW COLUMNS FROM `wfx_set` [ RunTime:0.0011s ]
SQL: SELECT * FROM `wfx_set` LIMIT 1   [ RunTime:0.0003s ]
NOTIC: [8] Undefined index: ppid /alidata/www/wemall/Application/App/Controller/BaseController.class.php 第 32 行.
NOTIC: [8] Undefined index: employee /alidata/www/wemall/Application/App/Controller/BaseController.class.php 第 33 行.
NOTIC: [8] Undefined index: sqmode /alidata/www/wemall/Application/App/Controller/BaseController.class.php 第 45 行.
NOTIC: [8] Undefined index: code /alidata/www/wemall/Application/App/Controller/BaseController.class.php 第 55 行.
NOTIC: [8] Undefined index: sqmode /alidata/www/wemall/Application/App/Controller/BaseController.class.php 第 93 行.
INFO: [ view_parse ] --START--
INFO: [ template_filter ] --START--
INFO: Run Behavior\ContentReplaceBehavior [ RunTime:0.000049s ]
INFO: [ template_filter ] --END-- [ RunTime:0.000107s ]
INFO: Run Behavior\ParseTemplateBehavior [ RunTime:0.005503s ]
INFO: [ view_parse ] --END-- [ RunTime:0.005557s ]
INFO: [ view_filter ] --START--
INFO: Run Behavior\WriteHtmlCacheBehavior [ RunTime:0.000144s ]
INFO: Run Behavior\TokenBuildBehavior [ RunTime:0.000259s ]
INFO: [ view_filter ] --END-- [ RunTime:0.000474s ]
INFO: [ view_parse ] --START--
INFO: Run Behavior\ParseTemplateBehavior [ RunTime:0.000169s ]
INFO: [ view_parse ] --END-- [ RunTime:-0.000549s ]
INFO: [ view_filter ] --START--
INFO: Run Behavior\WriteHtmlCacheBehavior [ RunTime:0.000010s ]
INFO: Run Behavior\TokenBuildBehavior [ RunTime:0.000012s ]
INFO: [ view_filter ] --END-- [ RunTime:-0.000283s ]

