[ 2017-04-28T14:00:05+08:00 ] 140.205.201.38 /App/Baseoa/index?code=011rqK1e1sXKKv0guH0e1wgW1e1rqK19&state=1
INFO: [ app_init ] --START--
INFO: Run Behavior\BuildLiteBehavior [ RunTime:0.000021s ]
INFO: [ app_init ] --END-- [ RunTime:0.000346s ]
INFO: [ app_begin ] --START--
INFO: Run Behavior\ReadHtmlCacheBehavior [ RunTime:0.000416s ]
INFO: [ app_begin ] --END-- [ RunTime:0.000467s ]
SQL: SHOW COLUMNS FROM `wfx_set` [ RunTime:0.0025s ]
SQL: SELECT * FROM `wfx_set` LIMIT 1   [ RunTime:0.0003s ]
SQL: SHOW COLUMNS FROM `wfx_vip_set` [ RunTime:0.0021s ]
SQL: SELECT * FROM `wfx_vip_set` LIMIT 1   [ RunTime:0.0003s ]
INFO: [ view_parse ] --START--
INFO: [ template_filter ] --START--
INFO: Run Behavior\ContentReplaceBehavior [ RunTime:0.000049s ]
INFO: [ template_filter ] --END-- [ RunTime:0.000102s ]
INFO: Run Behavior\ParseTemplateBehavior [ RunTime:0.006081s ]
INFO: [ view_parse ] --END-- [ RunTime:0.006146s ]
INFO: [ view_filter ] --START--
INFO: Run Behavior\WriteHtmlCacheBehavior [ RunTime:0.000164s ]
INFO: Run Behavior\TokenBuildBehavior [ RunTime:0.000243s ]
INFO: [ view_filter ] --END-- [ RunTime:0.000478s ]

[ 2017-04-28T14:49:40+08:00 ] 140.205.201.38 /App/Baseoa/index
INFO: [ app_init ] --START--
INFO: Run Behavior\BuildLiteBehavior [ RunTime:0.000019s ]
INFO: [ app_init ] --END-- [ RunTime:0.000336s ]
INFO: [ app_begin ] --START--
INFO: Run Behavior\ReadHtmlCacheBehavior [ RunTime:0.000411s ]
INFO: [ app_begin ] --END-- [ RunTime:0.000461s ]
SQL: SHOW COLUMNS FROM `wfx_set` [ RunTime:0.0018s ]
SQL: SELECT * FROM `wfx_set` LIMIT 1   [ RunTime:0.0002s ]
SQL: SHOW COLUMNS FROM `wfx_vip_set` [ RunTime:0.0017s ]
SQL: SELECT * FROM `wfx_vip_set` LIMIT 1   [ RunTime:0.0002s ]
INFO: [ view_parse ] --START--
INFO: [ template_filter ] --START--
INFO: Run Behavior\ContentReplaceBehavior [ RunTime:0.000050s ]
INFO: [ template_filter ] --END-- [ RunTime:0.000102s ]
INFO: Run Behavior\ParseTemplateBehavior [ RunTime:0.005726s ]
INFO: [ view_parse ] --END-- [ RunTime:0.005775s ]
INFO: [ view_filter ] --START--
INFO: Run Behavior\WriteHtmlCacheBehavior [ RunTime:0.000150s ]
INFO: Run Behavior\TokenBuildBehavior [ RunTime:0.000245s ]
INFO: [ view_filter ] --END-- [ RunTime:0.000464s ]

[ 2017-04-28T14:49:41+08:00 ] 140.205.201.38 /App/Baseoa/index
INFO: [ app_init ] --START--
INFO: Run Behavior\BuildLiteBehavior [ RunTime:0.000018s ]
INFO: [ app_init ] --END-- [ RunTime:0.000337s ]
INFO: [ app_begin ] --START--
INFO: Run Behavior\ReadHtmlCacheBehavior [ RunTime:0.000600s ]
INFO: [ app_begin ] --END-- [ RunTime:0.000688s ]
SQL: SHOW COLUMNS FROM `wfx_set` [ RunTime:0.0018s ]
SQL: SELECT * FROM `wfx_set` LIMIT 1   [ RunTime:0.0002s ]
SQL: SHOW COLUMNS FROM `wfx_vip_set` [ RunTime:0.0014s ]
SQL: SELECT * FROM `wfx_vip_set` LIMIT 1   [ RunTime:0.0002s ]
INFO: [ view_parse ] --START--
INFO: [ template_filter ] --START--
INFO: Run Behavior\ContentReplaceBehavior [ RunTime:0.000049s ]
INFO: [ template_filter ] --END-- [ RunTime:0.000098s ]
INFO: Run Behavior\ParseTemplateBehavior [ RunTime:0.005614s ]
INFO: [ view_parse ] --END-- [ RunTime:0.005685s ]
INFO: [ view_filter ] --START--
INFO: Run Behavior\WriteHtmlCacheBehavior [ RunTime:0.000170s ]
INFO: Run Behavior\TokenBuildBehavior [ RunTime:0.000264s ]
INFO: [ view_filter ] --END-- [ RunTime:0.000502s ]

[ 2017-04-28T14:49:45+08:00 ] 140.205.201.38 /App/Baseoa/spaces/viewdefaultdecorator.action?decoratorName=file:///etc/passwd
INFO: [ app_init ] --START--
INFO: Run Behavior\BuildLiteBehavior [ RunTime:0.000015s ]
INFO: [ app_init ] --END-- [ RunTime:0.000320s ]
INFO: [ app_begin ] --START--
INFO: Run Behavior\ReadHtmlCacheBehavior [ RunTime:0.000398s ]
INFO: [ app_begin ] --END-- [ RunTime:0.000455s ]
SQL: SHOW COLUMNS FROM `wfx_set` [ RunTime:0.0018s ]
SQL: SELECT * FROM `wfx_set` LIMIT 1   [ RunTime:0.0003s ]
SQL: SHOW COLUMNS FROM `wfx_vip_set` [ RunTime:0.0014s ]
SQL: SELECT * FROM `wfx_vip_set` LIMIT 1   [ RunTime:0.0002s ]
INFO: [ view_parse ] --START--
INFO: [ template_filter ] --START--
INFO: Run Behavior\ContentReplaceBehavior [ RunTime:0.000049s ]
INFO: [ template_filter ] --END-- [ RunTime:0.000098s ]
INFO: Run Behavior\ParseTemplateBehavior [ RunTime:0.005658s ]
INFO: [ view_parse ] --END-- [ RunTime:0.005715s ]
INFO: [ view_filter ] --START--
INFO: Run Behavior\WriteHtmlCacheBehavior [ RunTime:0.000145s ]
INFO: Run Behavior\TokenBuildBehavior [ RunTime:0.000246s ]
INFO: [ view_filter ] --END-- [ RunTime:0.000460s ]

[ 2017-04-28T14:50:00+08:00 ] 140.205.201.38 /App/Baseoa/index?code=011rqK1e1sXKKv0guH0e1wgW1e1rqK19&state=1
INFO: [ app_init ] --START--
INFO: Run Behavior\BuildLiteBehavior [ RunTime:0.000014s ]
INFO: [ app_init ] --END-- [ RunTime:0.000310s ]
INFO: [ app_begin ] --START--
INFO: Run Behavior\ReadHtmlCacheBehavior [ RunTime:0.000400s ]
INFO: [ app_begin ] --END-- [ RunTime:0.000448s ]
SQL: SHOW COLUMNS FROM `wfx_set` [ RunTime:0.0018s ]
SQL: SELECT * FROM `wfx_set` LIMIT 1   [ RunTime:0.0003s ]
SQL: SHOW COLUMNS FROM `wfx_vip_set` [ RunTime:0.0014s ]
SQL: SELECT * FROM `wfx_vip_set` LIMIT 1   [ RunTime:0.0002s ]
INFO: [ view_parse ] --START--
INFO: [ template_filter ] --START--
INFO: Run Behavior\ContentReplaceBehavior [ RunTime:0.000044s ]
INFO: [ template_filter ] --END-- [ RunTime:0.000118s ]
INFO: Run Behavior\ParseTemplateBehavior [ RunTime:0.005738s ]
INFO: [ view_parse ] --END-- [ RunTime:0.005798s ]
INFO: [ view_filter ] --START--
INFO: Run Behavior\WriteHtmlCacheBehavior [ RunTime:0.000141s ]
INFO: Run Behavior\TokenBuildBehavior [ RunTime:0.000246s ]
INFO: [ view_filter ] --END-- [ RunTime:0.000457s ]

[ 2017-04-28T14:50:02+08:00 ] 140.205.201.38 /App/Baseoa/index?code=011rqK1e1sXKKv0guH0e1wgW1e1rqK19&state=1
INFO: [ app_init ] --START--
INFO: Run Behavior\BuildLiteBehavior [ RunTime:0.000016s ]
INFO: [ app_init ] --END-- [ RunTime:0.000375s ]
INFO: [ app_begin ] --START--
INFO: Run Behavior\ReadHtmlCacheBehavior [ RunTime:0.000410s ]
INFO: [ app_begin ] --END-- [ RunTime:0.000461s ]
SQL: SHOW COLUMNS FROM `wfx_set` [ RunTime:0.0008s ]
SQL: SELECT * FROM `wfx_set` LIMIT 1   [ RunTime:0.0002s ]
SQL: SHOW COLUMNS FROM `wfx_vip_set` [ RunTime:0.0007s ]
SQL: SELECT * FROM `wfx_vip_set` LIMIT 1   [ RunTime:0.0002s ]
INFO: [ view_parse ] --START--
INFO: [ template_filter ] --START--
INFO: Run Behavior\ContentReplaceBehavior [ RunTime:0.000064s ]
INFO: [ template_filter ] --END-- [ RunTime:0.000120s ]
INFO: Run Behavior\ParseTemplateBehavior [ RunTime:0.005739s ]
INFO: [ view_parse ] --END-- [ RunTime:0.005787s ]
INFO: [ view_filter ] --START--
INFO: Run Behavior\WriteHtmlCacheBehavior [ RunTime:0.000140s ]
INFO: Run Behavior\TokenBuildBehavior [ RunTime:0.000249s ]
INFO: [ view_filter ] --END-- [ RunTime:0.000478s ]

[ 2017-04-28T14:50:04+08:00 ] 140.205.201.11 /App/Baseoa/index?code=011rqK1e1sXKKv0guH0e1wgW1e1rqK19&state=1
INFO: [ app_init ] --START--
INFO: Run Behavior\BuildLiteBehavior [ RunTime:0.000015s ]
INFO: [ app_init ] --END-- [ RunTime:0.000313s ]
INFO: [ app_begin ] --START--
INFO: Run Behavior\ReadHtmlCacheBehavior [ RunTime:0.000389s ]
INFO: [ app_begin ] --END-- [ RunTime:0.000438s ]
SQL: SHOW COLUMNS FROM `wfx_set` [ RunTime:0.0019s ]
SQL: SELECT * FROM `wfx_set` LIMIT 1   [ RunTime:0.0002s ]
SQL: SHOW COLUMNS FROM `wfx_vip_set` [ RunTime:0.0014s ]
SQL: SELECT * FROM `wfx_vip_set` LIMIT 1   [ RunTime:0.0002s ]
INFO: [ view_parse ] --START--
INFO: [ template_filter ] --START--
INFO: Run Behavior\ContentReplaceBehavior [ RunTime:0.000048s ]
INFO: [ template_filter ] --END-- [ RunTime:0.000096s ]
INFO: Run Behavior\ParseTemplateBehavior [ RunTime:0.005701s ]
INFO: [ view_parse ] --END-- [ RunTime:0.005752s ]
INFO: [ view_filter ] --START--
INFO: Run Behavior\WriteHtmlCacheBehavior [ RunTime:0.000143s ]
INFO: Run Behavior\TokenBuildBehavior [ RunTime:0.000263s ]
INFO: [ view_filter ] --END-- [ RunTime:0.000475s ]

[ 2017-04-28T14:50:06+08:00 ] 140.205.201.38 /App/Baseoa/'%22+onmouseover=alert()+d='%22
INFO: [ app_init ] --START--
INFO: Run Behavior\BuildLiteBehavior [ RunTime:0.000017s ]
INFO: [ app_init ] --END-- [ RunTime:0.000342s ]
INFO: [ app_begin ] --START--
INFO: Run Behavior\ReadHtmlCacheBehavior [ RunTime:0.000420s ]
INFO: [ app_begin ] --END-- [ RunTime:0.000470s ]
SQL: SHOW COLUMNS FROM `wfx_set` [ RunTime:0.0008s ]
SQL: SELECT * FROM `wfx_set` LIMIT 1   [ RunTime:0.0002s ]
SQL: SHOW COLUMNS FROM `wfx_vip_set` [ RunTime:0.0007s ]
SQL: SELECT * FROM `wfx_vip_set` LIMIT 1   [ RunTime:0.0002s ]
INFO: [ view_parse ] --START--
INFO: [ template_filter ] --START--
INFO: Run Behavior\ContentReplaceBehavior [ RunTime:0.000047s ]
INFO: [ template_filter ] --END-- [ RunTime:0.000098s ]
INFO: Run Behavior\ParseTemplateBehavior [ RunTime:0.005532s ]
INFO: [ view_parse ] --END-- [ RunTime:0.005579s ]
INFO: [ view_filter ] --START--
INFO: Run Behavior\WriteHtmlCacheBehavior [ RunTime:0.000142s ]
INFO: Run Behavior\TokenBuildBehavior [ RunTime:0.000261s ]
INFO: [ view_filter ] --END-- [ RunTime:0.000471s ]

[ 2017-04-28T14:50:07+08:00 ] 140.205.201.38 /App/Baseoa/%27%22%20onmouseover%3Dalert%28%29%20d%3D%27%22
INFO: [ app_init ] --START--
INFO: Run Behavior\BuildLiteBehavior [ RunTime:0.000016s ]
INFO: [ app_init ] --END-- [ RunTime:0.000311s ]
INFO: [ app_begin ] --START--
INFO: Run Behavior\ReadHtmlCacheBehavior [ RunTime:0.000407s ]
INFO: [ app_begin ] --END-- [ RunTime:0.000454s ]
SQL: SHOW COLUMNS FROM `wfx_set` [ RunTime:0.0018s ]
SQL: SELECT * FROM `wfx_set` LIMIT 1   [ RunTime:0.0003s ]
SQL: SHOW COLUMNS FROM `wfx_vip_set` [ RunTime:0.0014s ]
SQL: SELECT * FROM `wfx_vip_set` LIMIT 1   [ RunTime:0.0002s ]
INFO: [ view_parse ] --START--
INFO: [ template_filter ] --START--
INFO: Run Behavior\ContentReplaceBehavior [ RunTime:0.000042s ]
INFO: [ template_filter ] --END-- [ RunTime:0.000088s ]
INFO: Run Behavior\ParseTemplateBehavior [ RunTime:0.005301s ]
INFO: [ view_parse ] --END-- [ RunTime:0.005348s ]
INFO: [ view_filter ] --START--
INFO: Run Behavior\WriteHtmlCacheBehavior [ RunTime:0.000137s ]
INFO: Run Behavior\TokenBuildBehavior [ RunTime:0.000230s ]
INFO: [ view_filter ] --END-- [ RunTime:0.000434s ]

[ 2017-04-28T14:50:09+08:00 ] 140.205.201.38 /App/Baseoa/%2527%2522%2520onmouseover%253Dalert%2528%2529%2520d%253D%2527%2522
INFO: [ app_init ] --START--
INFO: Run Behavior\BuildLiteBehavior [ RunTime:0.000017s ]
INFO: [ app_init ] --END-- [ RunTime:0.000327s ]
INFO: [ app_begin ] --START--
INFO: Run Behavior\ReadHtmlCacheBehavior [ RunTime:0.000399s ]
INFO: [ app_begin ] --END-- [ RunTime:0.000447s ]
SQL: SHOW COLUMNS FROM `wfx_set` [ RunTime:0.0018s ]
SQL: SELECT * FROM `wfx_set` LIMIT 1   [ RunTime:0.0003s ]
SQL: SHOW COLUMNS FROM `wfx_vip_set` [ RunTime:0.0015s ]
SQL: SELECT * FROM `wfx_vip_set` LIMIT 1   [ RunTime:0.0003s ]
INFO: [ view_parse ] --START--
INFO: [ template_filter ] --START--
INFO: Run Behavior\ContentReplaceBehavior [ RunTime:0.000052s ]
INFO: [ template_filter ] --END-- [ RunTime:0.000111s ]
INFO: Run Behavior\ParseTemplateBehavior [ RunTime:0.005761s ]
INFO: [ view_parse ] --END-- [ RunTime:0.005813s ]
INFO: [ view_filter ] --START--
INFO: Run Behavior\WriteHtmlCacheBehavior [ RunTime:0.000171s ]
INFO: Run Behavior\TokenBuildBehavior [ RunTime:0.000249s ]
INFO: [ view_filter ] --END-- [ RunTime:0.000490s ]

[ 2017-04-28T14:50:10+08:00 ] 140.205.201.38 /App/Baseoa/index/'%22+onmouseover=alert()+d='%22/?code=011rqK1e1sXKKv0guH0e1wgW1e1rqK19&state=1
INFO: [ app_init ] --START--
INFO: Run Behavior\BuildLiteBehavior [ RunTime:0.000015s ]
INFO: [ app_init ] --END-- [ RunTime:0.000326s ]
INFO: [ app_begin ] --START--
INFO: Run Behavior\ReadHtmlCacheBehavior [ RunTime:0.000402s ]
INFO: [ app_begin ] --END-- [ RunTime:0.000469s ]
SQL: SHOW COLUMNS FROM `wfx_set` [ RunTime:0.0018s ]
SQL: SELECT * FROM `wfx_set` LIMIT 1   [ RunTime:0.0002s ]
SQL: SHOW COLUMNS FROM `wfx_vip_set` [ RunTime:0.0014s ]
SQL: SELECT * FROM `wfx_vip_set` LIMIT 1   [ RunTime:0.0002s ]
INFO: [ view_parse ] --START--
INFO: [ template_filter ] --START--
INFO: Run Behavior\ContentReplaceBehavior [ RunTime:0.000042s ]
INFO: [ template_filter ] --END-- [ RunTime:0.000088s ]
INFO: Run Behavior\ParseTemplateBehavior [ RunTime:0.005477s ]
INFO: [ view_parse ] --END-- [ RunTime:0.005525s ]
INFO: [ view_filter ] --START--
INFO: Run Behavior\WriteHtmlCacheBehavior [ RunTime:0.000139s ]
INFO: Run Behavior\TokenBuildBehavior [ RunTime:0.000230s ]
INFO: [ view_filter ] --END-- [ RunTime:0.000437s ]

[ 2017-04-28T14:50:11+08:00 ] 140.205.201.38 /App/Baseoa/index/%27%22%20onmouseover%3Dalert%28%29%20d%3D%27%22/?code=011rqK1e1sXKKv0guH0e1wgW1e1rqK19&state=1
INFO: [ app_init ] --START--
INFO: Run Behavior\BuildLiteBehavior [ RunTime:0.000017s ]
INFO: [ app_init ] --END-- [ RunTime:0.000318s ]
INFO: [ app_begin ] --START--
INFO: Run Behavior\ReadHtmlCacheBehavior [ RunTime:0.000569s ]
INFO: [ app_begin ] --END-- [ RunTime:0.000682s ]
SQL: SHOW COLUMNS FROM `wfx_set` [ RunTime:0.0018s ]
SQL: SELECT * FROM `wfx_set` LIMIT 1   [ RunTime:0.0003s ]
SQL: SHOW COLUMNS FROM `wfx_vip_set` [ RunTime:0.0014s ]
SQL: SELECT * FROM `wfx_vip_set` LIMIT 1   [ RunTime:0.0002s ]
INFO: [ view_parse ] --START--
INFO: [ template_filter ] --START--
INFO: Run Behavior\ContentReplaceBehavior [ RunTime:0.000050s ]
INFO: [ template_filter ] --END-- [ RunTime:0.000114s ]
INFO: Run Behavior\ParseTemplateBehavior [ RunTime:0.005953s ]
INFO: [ view_parse ] --END-- [ RunTime:0.006037s ]
INFO: [ view_filter ] --START--
INFO: Run Behavior\WriteHtmlCacheBehavior [ RunTime:0.000144s ]
INFO: Run Behavior\TokenBuildBehavior [ RunTime:0.000248s ]
INFO: [ view_filter ] --END-- [ RunTime:0.000463s ]

[ 2017-04-28T14:50:13+08:00 ] 140.205.201.38 /App/Baseoa/index/%2527%2522%2520onmouseover%253Dalert%2528%2529%2520d%253D%2527%2522/?code=011rqK1e1sXKKv0guH0e1wgW1e1rqK19&state=1
INFO: [ app_init ] --START--
INFO: Run Behavior\BuildLiteBehavior [ RunTime:0.000021s ]
INFO: [ app_init ] --END-- [ RunTime:0.000351s ]
INFO: [ app_begin ] --START--
INFO: Run Behavior\ReadHtmlCacheBehavior [ RunTime:0.000443s ]
INFO: [ app_begin ] --END-- [ RunTime:0.000493s ]
SQL: SHOW COLUMNS FROM `wfx_set` [ RunTime:0.0023s ]
SQL: SELECT * FROM `wfx_set` LIMIT 1   [ RunTime:0.0003s ]
SQL: SHOW COLUMNS FROM `wfx_vip_set` [ RunTime:0.0014s ]
SQL: SELECT * FROM `wfx_vip_set` LIMIT 1   [ RunTime:0.0003s ]
INFO: [ view_parse ] --START--
INFO: [ template_filter ] --START--
INFO: Run Behavior\ContentReplaceBehavior [ RunTime:0.000049s ]
INFO: [ template_filter ] --END-- [ RunTime:0.000117s ]
INFO: Run Behavior\ParseTemplateBehavior [ RunTime:0.006184s ]
INFO: [ view_parse ] --END-- [ RunTime:0.006241s ]
INFO: [ view_filter ] --START--
INFO: Run Behavior\WriteHtmlCacheBehavior [ RunTime:0.000159s ]
INFO: Run Behavior\TokenBuildBehavior [ RunTime:0.000284s ]
INFO: [ view_filter ] --END-- [ RunTime:0.000516s ]

[ 2017-04-28T14:50:14+08:00 ] 140.205.201.38 /App/Baseoa/'%22/%3E%3C/script%3E%3Cscript%3Ealert()%3C/script%3E
INFO: [ app_init ] --START--
INFO: Run Behavior\BuildLiteBehavior [ RunTime:0.000019s ]
INFO: [ app_init ] --END-- [ RunTime:0.000413s ]
INFO: [ app_begin ] --START--
INFO: Run Behavior\ReadHtmlCacheBehavior [ RunTime:0.000528s ]
INFO: [ app_begin ] --END-- [ RunTime:0.000590s ]
SQL: SHOW COLUMNS FROM `wfx_set` [ RunTime:0.0019s ]
SQL: SELECT * FROM `wfx_set` LIMIT 1   [ RunTime:0.0002s ]
SQL: SHOW COLUMNS FROM `wfx_vip_set` [ RunTime:0.0014s ]
SQL: SELECT * FROM `wfx_vip_set` LIMIT 1   [ RunTime:0.0002s ]
INFO: [ view_parse ] --START--
INFO: [ template_filter ] --START--
INFO: Run Behavior\ContentReplaceBehavior [ RunTime:0.000050s ]
INFO: [ template_filter ] --END-- [ RunTime:0.000106s ]
INFO: Run Behavior\ParseTemplateBehavior [ RunTime:0.005620s ]
INFO: [ view_parse ] --END-- [ RunTime:0.005668s ]
INFO: [ view_filter ] --START--
INFO: Run Behavior\WriteHtmlCacheBehavior [ RunTime:0.000159s ]
INFO: Run Behavior\TokenBuildBehavior [ RunTime:0.000243s ]
INFO: [ view_filter ] --END-- [ RunTime:0.000470s ]

[ 2017-04-28T14:50:15+08:00 ] 140.205.201.38 /App/Baseoa/%27%22%2f%3E%3C%2fscript%3E%3Cscript%3Ealert%28%29%3C%2fscript%3E
INFO: [ app_init ] --START--
INFO: Run Behavior\BuildLiteBehavior [ RunTime:0.000015s ]
INFO: [ app_init ] --END-- [ RunTime:0.000311s ]
INFO: [ app_begin ] --START--
INFO: Run Behavior\ReadHtmlCacheBehavior [ RunTime:0.000400s ]
INFO: [ app_begin ] --END-- [ RunTime:0.000454s ]
SQL: SHOW COLUMNS FROM `wfx_set` [ RunTime:0.0019s ]
SQL: SELECT * FROM `wfx_set` LIMIT 1   [ RunTime:0.0003s ]
SQL: SHOW COLUMNS FROM `wfx_vip_set` [ RunTime:0.0014s ]
SQL: SELECT * FROM `wfx_vip_set` LIMIT 1   [ RunTime:0.0002s ]
INFO: [ view_parse ] --START--
INFO: [ template_filter ] --START--
INFO: Run Behavior\ContentReplaceBehavior [ RunTime:0.000050s ]
INFO: [ template_filter ] --END-- [ RunTime:0.000099s ]
INFO: Run Behavior\ParseTemplateBehavior [ RunTime:0.005723s ]
INFO: [ view_parse ] --END-- [ RunTime:0.005774s ]
INFO: [ view_filter ] --START--
INFO: Run Behavior\WriteHtmlCacheBehavior [ RunTime:0.000167s ]
INFO: Run Behavior\TokenBuildBehavior [ RunTime:0.000247s ]
INFO: [ view_filter ] --END-- [ RunTime:0.000485s ]

[ 2017-04-28T14:50:16+08:00 ] 140.205.201.38 /App/Baseoa/%2527%2522%252f%253E%253C%252fscript%253E%253Cscript%253Ealert%2528%2529%253C%252fscript%253E
INFO: [ app_init ] --START--
INFO: Run Behavior\BuildLiteBehavior [ RunTime:0.000017s ]
INFO: [ app_init ] --END-- [ RunTime:0.000323s ]
INFO: [ app_begin ] --START--
INFO: Run Behavior\ReadHtmlCacheBehavior [ RunTime:0.000428s ]
INFO: [ app_begin ] --END-- [ RunTime:0.000477s ]
SQL: SHOW COLUMNS FROM `wfx_set` [ RunTime:0.0019s ]
SQL: SELECT * FROM `wfx_set` LIMIT 1   [ RunTime:0.0003s ]
SQL: SHOW COLUMNS FROM `wfx_vip_set` [ RunTime:0.0014s ]
SQL: SELECT * FROM `wfx_vip_set` LIMIT 1   [ RunTime:0.0003s ]
INFO: [ view_parse ] --START--
INFO: [ template_filter ] --START--
INFO: Run Behavior\ContentReplaceBehavior [ RunTime:0.000051s ]
INFO: [ template_filter ] --END-- [ RunTime:0.000108s ]
INFO: Run Behavior\ParseTemplateBehavior [ RunTime:0.005737s ]
INFO: [ view_parse ] --END-- [ RunTime:0.005789s ]
INFO: [ view_filter ] --START--
INFO: Run Behavior\WriteHtmlCacheBehavior [ RunTime:0.000145s ]
INFO: Run Behavior\TokenBuildBehavior [ RunTime:0.000243s ]
INFO: [ view_filter ] --END-- [ RunTime:0.000457s ]

[ 2017-04-28T14:50:17+08:00 ] 140.205.201.38 /App/Baseoa/index/'%22/%3E%3C/script%3E%3Cscript%3Ealert()%3C/script%3E/?code=011rqK1e1sXKKv0guH0e1wgW1e1rqK19&state=1
INFO: [ app_init ] --START--
INFO: Run Behavior\BuildLiteBehavior [ RunTime:0.000023s ]
INFO: [ app_init ] --END-- [ RunTime:0.000471s ]
INFO: [ app_begin ] --START--
INFO: Run Behavior\ReadHtmlCacheBehavior [ RunTime:0.000457s ]
INFO: [ app_begin ] --END-- [ RunTime:0.000507s ]
SQL: SHOW COLUMNS FROM `wfx_set` [ RunTime:0.0018s ]
SQL: SELECT * FROM `wfx_set` LIMIT 1   [ RunTime:0.0003s ]
SQL: SHOW COLUMNS FROM `wfx_vip_set` [ RunTime:0.0014s ]
SQL: SELECT * FROM `wfx_vip_set` LIMIT 1   [ RunTime:0.0002s ]
INFO: [ view_parse ] --START--
INFO: [ template_filter ] --START--
INFO: Run Behavior\ContentReplaceBehavior [ RunTime:0.000049s ]
INFO: [ template_filter ] --END-- [ RunTime:0.000100s ]
INFO: Run Behavior\ParseTemplateBehavior [ RunTime:0.005573s ]
INFO: [ view_parse ] --END-- [ RunTime:0.005640s ]
INFO: [ view_filter ] --START--
INFO: Run Behavior\WriteHtmlCacheBehavior [ RunTime:0.000142s ]
INFO: Run Behavior\TokenBuildBehavior [ RunTime:0.000240s ]
INFO: [ view_filter ] --END-- [ RunTime:0.000451s ]

[ 2017-04-28T14:50:19+08:00 ] 140.205.201.38 /App/Baseoa/index/%27%22%2f%3E%3C%2fscript%3E%3Cscript%3Ealert%28%29%3C%2fscript%3E/?code=011rqK1e1sXKKv0guH0e1wgW1e1rqK19&state=1
INFO: [ app_init ] --START--
INFO: Run Behavior\BuildLiteBehavior [ RunTime:0.000017s ]
INFO: [ app_init ] --END-- [ RunTime:0.000330s ]
INFO: [ app_begin ] --START--
INFO: Run Behavior\ReadHtmlCacheBehavior [ RunTime:0.000398s ]
INFO: [ app_begin ] --END-- [ RunTime:0.000447s ]
SQL: SHOW COLUMNS FROM `wfx_set` [ RunTime:0.0018s ]
SQL: SELECT * FROM `wfx_set` LIMIT 1   [ RunTime:0.0003s ]
SQL: SHOW COLUMNS FROM `wfx_vip_set` [ RunTime:0.0014s ]
SQL: SELECT * FROM `wfx_vip_set` LIMIT 1   [ RunTime:0.0002s ]
INFO: [ view_parse ] --START--
INFO: [ template_filter ] --START--
INFO: Run Behavior\ContentReplaceBehavior [ RunTime:0.000050s ]
INFO: [ template_filter ] --END-- [ RunTime:0.000107s ]
INFO: Run Behavior\ParseTemplateBehavior [ RunTime:0.005764s ]
INFO: [ view_parse ] --END-- [ RunTime:0.005831s ]
INFO: [ view_filter ] --START--
INFO: Run Behavior\WriteHtmlCacheBehavior [ RunTime:0.000210s ]
INFO: Run Behavior\TokenBuildBehavior [ RunTime:0.000397s ]
INFO: [ view_filter ] --END-- [ RunTime:0.000722s ]

[ 2017-04-28T14:50:22+08:00 ] 140.205.201.38 /App/Baseoa/index/%2527%2522%252f%253E%253C%252fscript%253E%253Cscript%253Ealert%2528%2529%253C%252fscript%253E/?code=011rqK1e1sXKKv0guH0e1wgW1e1rqK19&state=1
INFO: [ app_init ] --START--
INFO: Run Behavior\BuildLiteBehavior [ RunTime:0.000017s ]
INFO: [ app_init ] --END-- [ RunTime:0.000312s ]
INFO: [ app_begin ] --START--
INFO: Run Behavior\ReadHtmlCacheBehavior [ RunTime:0.000386s ]
INFO: [ app_begin ] --END-- [ RunTime:0.000434s ]
SQL: SHOW COLUMNS FROM `wfx_set` [ RunTime:0.0018s ]
SQL: SELECT * FROM `wfx_set` LIMIT 1   [ RunTime:0.0002s ]
SQL: SHOW COLUMNS FROM `wfx_vip_set` [ RunTime:0.0019s ]
SQL: SELECT * FROM `wfx_vip_set` LIMIT 1   [ RunTime:0.0003s ]
INFO: [ view_parse ] --START--
INFO: [ template_filter ] --START--
INFO: Run Behavior\ContentReplaceBehavior [ RunTime:0.000049s ]
INFO: [ template_filter ] --END-- [ RunTime:0.000098s ]
INFO: Run Behavior\ParseTemplateBehavior [ RunTime:0.005660s ]
INFO: [ view_parse ] --END-- [ RunTime:0.005717s ]
INFO: [ view_filter ] --START--
INFO: Run Behavior\WriteHtmlCacheBehavior [ RunTime:0.000162s ]
INFO: Run Behavior\TokenBuildBehavior [ RunTime:0.000244s ]
INFO: [ view_filter ] --END-- [ RunTime:0.000475s ]

[ 2017-04-28T14:50:33+08:00 ] 140.205.201.38 /App/Baseoa/index?code=011rqK1e1sXKKv0guH0e1wgW1e1rqK19i3955405i&state=1
INFO: [ app_init ] --START--
INFO: Run Behavior\BuildLiteBehavior [ RunTime:0.000018s ]
INFO: [ app_init ] --END-- [ RunTime:0.000361s ]
INFO: [ app_begin ] --START--
INFO: Run Behavior\ReadHtmlCacheBehavior [ RunTime:0.000414s ]
INFO: [ app_begin ] --END-- [ RunTime:0.000462s ]
SQL: SHOW COLUMNS FROM `wfx_set` [ RunTime:0.0007s ]
SQL: SELECT * FROM `wfx_set` LIMIT 1   [ RunTime:0.0002s ]
SQL: SHOW COLUMNS FROM `wfx_vip_set` [ RunTime:0.0006s ]
SQL: SELECT * FROM `wfx_vip_set` LIMIT 1   [ RunTime:0.0003s ]
INFO: [ view_parse ] --START--
INFO: [ template_filter ] --START--
INFO: Run Behavior\ContentReplaceBehavior [ RunTime:0.000049s ]
INFO: [ template_filter ] --END-- [ RunTime:0.000097s ]
INFO: Run Behavior\ParseTemplateBehavior [ RunTime:0.005569s ]
INFO: [ view_parse ] --END-- [ RunTime:0.005617s ]
INFO: [ view_filter ] --START--
INFO: Run Behavior\WriteHtmlCacheBehavior [ RunTime:0.000161s ]
INFO: Run Behavior\TokenBuildBehavior [ RunTime:0.000252s ]
INFO: [ view_filter ] --END-- [ RunTime:0.000482s ]

[ 2017-04-28T14:51:34+08:00 ] 140.205.201.38 /App/Baseoa/index?code=011rqK1e1sXKKv0guH0e1wgW1e1rqK19i3955405i&state=1
INFO: [ app_init ] --START--
INFO: Run Behavior\BuildLiteBehavior [ RunTime:0.000015s ]
INFO: [ app_init ] --END-- [ RunTime:0.000314s ]
INFO: [ app_begin ] --START--
INFO: Run Behavior\ReadHtmlCacheBehavior [ RunTime:0.000397s ]
INFO: [ app_begin ] --END-- [ RunTime:0.000446s ]
SQL: SHOW COLUMNS FROM `wfx_set` [ RunTime:0.0018s ]
SQL: SELECT * FROM `wfx_set` LIMIT 1   [ RunTime:0.0002s ]
SQL: SHOW COLUMNS FROM `wfx_vip_set` [ RunTime:0.0014s ]
SQL: SELECT * FROM `wfx_vip_set` LIMIT 1   [ RunTime:0.0002s ]
INFO: [ view_parse ] --START--
INFO: [ template_filter ] --START--
INFO: Run Behavior\ContentReplaceBehavior [ RunTime:0.000044s ]
INFO: [ template_filter ] --END-- [ RunTime:0.000090s ]
INFO: Run Behavior\ParseTemplateBehavior [ RunTime:0.005519s ]
INFO: [ view_parse ] --END-- [ RunTime:0.005567s ]
INFO: [ view_filter ] --START--
INFO: Run Behavior\WriteHtmlCacheBehavior [ RunTime:0.000142s ]
INFO: Run Behavior\TokenBuildBehavior [ RunTime:0.000239s ]
INFO: [ view_filter ] --END-- [ RunTime:0.000450s ]

[ 2017-04-28T14:52:35+08:00 ] 140.205.201.38 /App/Baseoa/index?code=011rqK1e1sXKKv0guH0e1wgW1e1rqK19i3955405i&state=1
INFO: [ app_init ] --START--
INFO: Run Behavior\BuildLiteBehavior [ RunTime:0.000021s ]
INFO: [ app_init ] --END-- [ RunTime:0.000397s ]
INFO: [ app_begin ] --START--
INFO: Run Behavior\ReadHtmlCacheBehavior [ RunTime:0.000450s ]
INFO: [ app_begin ] --END-- [ RunTime:0.000505s ]
SQL: SHOW COLUMNS FROM `wfx_set` [ RunTime:0.0018s ]
SQL: SELECT * FROM `wfx_set` LIMIT 1   [ RunTime:0.0002s ]
SQL: SHOW COLUMNS FROM `wfx_vip_set` [ RunTime:0.0014s ]
SQL: SELECT * FROM `wfx_vip_set` LIMIT 1   [ RunTime:0.0002s ]
INFO: [ view_parse ] --START--
INFO: [ template_filter ] --START--
INFO: Run Behavior\ContentReplaceBehavior [ RunTime:0.000048s ]
INFO: [ template_filter ] --END-- [ RunTime:0.000097s ]
INFO: Run Behavior\ParseTemplateBehavior [ RunTime:0.006007s ]
INFO: [ view_parse ] --END-- [ RunTime:0.006055s ]
INFO: [ view_filter ] --START--
INFO: Run Behavior\WriteHtmlCacheBehavior [ RunTime:0.000155s ]
INFO: Run Behavior\TokenBuildBehavior [ RunTime:0.000244s ]
INFO: [ view_filter ] --END-- [ RunTime:0.000470s ]

[ 2017-04-28T14:53:27+08:00 ] 140.205.201.38 /App/Baseoa/index?code=011rqK1e1sXKKv0guH0e1wgW1e1rqK19i3955405i&state=1
INFO: [ app_init ] --START--
INFO: Run Behavior\BuildLiteBehavior [ RunTime:0.000020s ]
INFO: [ app_init ] --END-- [ RunTime:0.000338s ]
INFO: [ app_begin ] --START--
INFO: Run Behavior\ReadHtmlCacheBehavior [ RunTime:0.000405s ]
INFO: [ app_begin ] --END-- [ RunTime:0.000454s ]
SQL: SHOW COLUMNS FROM `wfx_set` [ RunTime:0.0019s ]
SQL: SELECT * FROM `wfx_set` LIMIT 1   [ RunTime:0.0003s ]
SQL: SHOW COLUMNS FROM `wfx_vip_set` [ RunTime:0.0014s ]
SQL: SELECT * FROM `wfx_vip_set` LIMIT 1   [ RunTime:0.0002s ]
INFO: [ view_parse ] --START--
INFO: [ template_filter ] --START--
INFO: Run Behavior\ContentReplaceBehavior [ RunTime:0.000052s ]
INFO: [ template_filter ] --END-- [ RunTime:0.000117s ]
INFO: Run Behavior\ParseTemplateBehavior [ RunTime:0.006017s ]
INFO: [ view_parse ] --END-- [ RunTime:0.006075s ]
INFO: [ view_filter ] --START--
INFO: Run Behavior\WriteHtmlCacheBehavior [ RunTime:0.000169s ]
INFO: Run Behavior\TokenBuildBehavior [ RunTime:0.000242s ]
INFO: [ view_filter ] --END-- [ RunTime:0.000484s ]

[ 2017-04-28T14:55:22+08:00 ] 140.205.201.38 /App/Baseoa/index?code=011rqK1e1sXKKv0guH0e1wgW1e1rqK19&state=1
INFO: [ app_init ] --START--
INFO: Run Behavior\BuildLiteBehavior [ RunTime:0.000019s ]
INFO: [ app_init ] --END-- [ RunTime:0.000350s ]
INFO: [ app_begin ] --START--
INFO: Run Behavior\ReadHtmlCacheBehavior [ RunTime:0.000423s ]
INFO: [ app_begin ] --END-- [ RunTime:0.000473s ]
SQL: SHOW COLUMNS FROM `wfx_set` [ RunTime:0.0018s ]
SQL: SELECT * FROM `wfx_set` LIMIT 1   [ RunTime:0.0002s ]
SQL: SHOW COLUMNS FROM `wfx_vip_set` [ RunTime:0.0014s ]
SQL: SELECT * FROM `wfx_vip_set` LIMIT 1   [ RunTime:0.0002s ]
INFO: [ view_parse ] --START--
INFO: [ template_filter ] --START--
INFO: Run Behavior\ContentReplaceBehavior [ RunTime:0.000068s ]
INFO: [ template_filter ] --END-- [ RunTime:0.000128s ]
INFO: Run Behavior\ParseTemplateBehavior [ RunTime:0.006294s ]
INFO: [ view_parse ] --END-- [ RunTime:0.006345s ]
INFO: [ view_filter ] --START--
INFO: Run Behavior\WriteHtmlCacheBehavior [ RunTime:0.000162s ]
INFO: Run Behavior\TokenBuildBehavior [ RunTime:0.000255s ]
INFO: [ view_filter ] --END-- [ RunTime:0.000486s ]

[ 2017-04-28T14:57:41+08:00 ] 140.205.201.38 /App/Baseoa/index?code=PHNjcmlwdD5hbGVydCgxKTwvc2NyaXB0Pg==&state=1
INFO: [ app_init ] --START--
INFO: Run Behavior\BuildLiteBehavior [ RunTime:0.000016s ]
INFO: [ app_init ] --END-- [ RunTime:0.000316s ]
INFO: [ app_begin ] --START--
INFO: Run Behavior\ReadHtmlCacheBehavior [ RunTime:0.000433s ]
INFO: [ app_begin ] --END-- [ RunTime:0.000489s ]
SQL: SHOW COLUMNS FROM `wfx_set` [ RunTime:0.0018s ]
SQL: SELECT * FROM `wfx_set` LIMIT 1   [ RunTime:0.0003s ]
SQL: SHOW COLUMNS FROM `wfx_vip_set` [ RunTime:0.0014s ]
SQL: SELECT * FROM `wfx_vip_set` LIMIT 1   [ RunTime:0.0002s ]
INFO: [ view_parse ] --START--
INFO: [ template_filter ] --START--
INFO: Run Behavior\ContentReplaceBehavior [ RunTime:0.000047s ]
INFO: [ template_filter ] --END-- [ RunTime:0.000094s ]
INFO: Run Behavior\ParseTemplateBehavior [ RunTime:0.005530s ]
INFO: [ view_parse ] --END-- [ RunTime:0.005578s ]
INFO: [ view_filter ] --START--
INFO: Run Behavior\WriteHtmlCacheBehavior [ RunTime:0.000162s ]
INFO: Run Behavior\TokenBuildBehavior [ RunTime:0.000240s ]
INFO: [ view_filter ] --END-- [ RunTime:0.000471s ]

[ 2017-04-28T14:58:34+08:00 ] 140.205.201.38 /App/Baseoa/index?code=011rqK1e1sXKKv0guH0e1wgW1e1rqK19&state=PHNjcmlwdD5hbGVydCgxKTwvc2NyaXB0Pg==
INFO: [ app_init ] --START--
INFO: Run Behavior\BuildLiteBehavior [ RunTime:0.000016s ]
INFO: [ app_init ] --END-- [ RunTime:0.000334s ]
INFO: [ app_begin ] --START--
INFO: Run Behavior\ReadHtmlCacheBehavior [ RunTime:0.000416s ]
INFO: [ app_begin ] --END-- [ RunTime:0.000465s ]
SQL: SHOW COLUMNS FROM `wfx_set` [ RunTime:0.0018s ]
SQL: SELECT * FROM `wfx_set` LIMIT 1   [ RunTime:0.0003s ]
SQL: SHOW COLUMNS FROM `wfx_vip_set` [ RunTime:0.0014s ]
SQL: SELECT * FROM `wfx_vip_set` LIMIT 1   [ RunTime:0.0002s ]
INFO: [ view_parse ] --START--
INFO: [ template_filter ] --START--
INFO: Run Behavior\ContentReplaceBehavior [ RunTime:0.000051s ]
INFO: [ template_filter ] --END-- [ RunTime:0.000104s ]
INFO: Run Behavior\ParseTemplateBehavior [ RunTime:0.006359s ]
INFO: [ view_parse ] --END-- [ RunTime:0.006426s ]
INFO: [ view_filter ] --START--
INFO: Run Behavior\WriteHtmlCacheBehavior [ RunTime:0.000149s ]
INFO: Run Behavior\TokenBuildBehavior [ RunTime:0.000271s ]
INFO: [ view_filter ] --END-- [ RunTime:0.000490s ]

[ 2017-04-28T15:00:36+08:00 ] 140.205.201.38 /App/Baseoa/index?code=amF2YXNjcmlwdDpwcm9tcHQoMTExKTt4&state=1
INFO: [ app_init ] --START--
INFO: Run Behavior\BuildLiteBehavior [ RunTime:0.000015s ]
INFO: [ app_init ] --END-- [ RunTime:0.000308s ]
INFO: [ app_begin ] --START--
INFO: Run Behavior\ReadHtmlCacheBehavior [ RunTime:0.000386s ]
INFO: [ app_begin ] --END-- [ RunTime:0.000434s ]
SQL: SHOW COLUMNS FROM `wfx_set` [ RunTime:0.0018s ]
SQL: SELECT * FROM `wfx_set` LIMIT 1   [ RunTime:0.0002s ]
SQL: SHOW COLUMNS FROM `wfx_vip_set` [ RunTime:0.0014s ]
SQL: SELECT * FROM `wfx_vip_set` LIMIT 1   [ RunTime:0.0002s ]
INFO: [ view_parse ] --START--
INFO: [ template_filter ] --START--
INFO: Run Behavior\ContentReplaceBehavior [ RunTime:0.000044s ]
INFO: [ template_filter ] --END-- [ RunTime:0.000092s ]
INFO: Run Behavior\ParseTemplateBehavior [ RunTime:0.005587s ]
INFO: [ view_parse ] --END-- [ RunTime:0.005636s ]
INFO: [ view_filter ] --START--
INFO: Run Behavior\WriteHtmlCacheBehavior [ RunTime:0.000146s ]
INFO: Run Behavior\TokenBuildBehavior [ RunTime:0.000239s ]
INFO: [ view_filter ] --END-- [ RunTime:0.000453s ]

[ 2017-04-28T15:02:46+08:00 ] 140.205.201.38 /App/Baseoa/index?code=011rqK1e1sXKKv0guH0e1wgW1e1rqK19&state=amF2YXNjcmlwdDpwcm9tcHQoMTExKTt4
INFO: [ app_init ] --START--
INFO: Run Behavior\BuildLiteBehavior [ RunTime:0.000020s ]
INFO: [ app_init ] --END-- [ RunTime:0.000356s ]
INFO: [ app_begin ] --START--
INFO: Run Behavior\ReadHtmlCacheBehavior [ RunTime:0.000434s ]
INFO: [ app_begin ] --END-- [ RunTime:0.000484s ]
SQL: SHOW COLUMNS FROM `wfx_set` [ RunTime:0.0019s ]
SQL: SELECT * FROM `wfx_set` LIMIT 1   [ RunTime:0.0002s ]
SQL: SHOW COLUMNS FROM `wfx_vip_set` [ RunTime:0.0015s ]
SQL: SELECT * FROM `wfx_vip_set` LIMIT 1   [ RunTime:0.0002s ]
INFO: [ view_parse ] --START--
INFO: [ template_filter ] --START--
INFO: Run Behavior\ContentReplaceBehavior [ RunTime:0.000050s ]
INFO: [ template_filter ] --END-- [ RunTime:0.000098s ]
INFO: Run Behavior\ParseTemplateBehavior [ RunTime:0.007684s ]
INFO: [ view_parse ] --END-- [ RunTime:0.007732s ]
INFO: [ view_filter ] --START--
INFO: Run Behavior\WriteHtmlCacheBehavior [ RunTime:0.000141s ]
INFO: Run Behavior\TokenBuildBehavior [ RunTime:0.000298s ]
INFO: [ view_filter ] --END-- [ RunTime:0.000521s ]

[ 2017-04-28T15:05:01+08:00 ] 140.205.201.38 /App/Baseoa/index?code=011rqK1e1sXKKv0guH0e1wgW1e1rqK19i3955405i&state=1
INFO: [ app_init ] --START--
INFO: Run Behavior\BuildLiteBehavior [ RunTime:0.000027s ]
INFO: [ app_init ] --END-- [ RunTime:0.000414s ]
INFO: [ app_begin ] --START--
INFO: Run Behavior\ReadHtmlCacheBehavior [ RunTime:0.000511s ]
INFO: [ app_begin ] --END-- [ RunTime:0.000583s ]
SQL: SHOW COLUMNS FROM `wfx_set` [ RunTime:0.0008s ]
SQL: SELECT * FROM `wfx_set` LIMIT 1   [ RunTime:0.0002s ]
SQL: SHOW COLUMNS FROM `wfx_vip_set` [ RunTime:0.0006s ]
SQL: SELECT * FROM `wfx_vip_set` LIMIT 1   [ RunTime:0.0003s ]
INFO: [ view_parse ] --START--
INFO: [ template_filter ] --START--
INFO: Run Behavior\ContentReplaceBehavior [ RunTime:0.000051s ]
INFO: [ template_filter ] --END-- [ RunTime:0.000109s ]
INFO: Run Behavior\ParseTemplateBehavior [ RunTime:0.005754s ]
INFO: [ view_parse ] --END-- [ RunTime:0.005804s ]
INFO: [ view_filter ] --START--
INFO: Run Behavior\WriteHtmlCacheBehavior [ RunTime:0.000148s ]
INFO: Run Behavior\TokenBuildBehavior [ RunTime:0.000245s ]
INFO: [ view_filter ] --END-- [ RunTime:0.000464s ]

[ 2017-04-28T17:47:15+08:00 ] 140.205.201.38 /App
INFO: [ app_init ] --START--
INFO: Run Behavior\BuildLiteBehavior [ RunTime:0.000017s ]
INFO: [ app_init ] --END-- [ RunTime:0.000315s ]
INFO: [ app_begin ] --START--
INFO: Run Behavior\ReadHtmlCacheBehavior [ RunTime:0.000391s ]
INFO: [ app_begin ] --END-- [ RunTime:0.000440s ]
SQL: SHOW COLUMNS FROM `wfx_set` [ RunTime:0.0022s ]
SQL: SELECT * FROM `wfx_set` LIMIT 1   [ RunTime:0.0002s ]
NOTIC: [8] Undefined index: ppid /alidata/www/wemall/Application/App/Controller/BaseController.class.php 第 32 行.
NOTIC: [8] Undefined index: employee /alidata/www/wemall/Application/App/Controller/BaseController.class.php 第 33 行.
NOTIC: [8] Undefined index: sqmode /alidata/www/wemall/Application/App/Controller/BaseController.class.php 第 45 行.
INFO: [ view_parse ] --START--
INFO: [ template_filter ] --START--
INFO: Run Behavior\ContentReplaceBehavior [ RunTime:0.000048s ]
INFO: [ template_filter ] --END-- [ RunTime:0.000096s ]
INFO: Run Behavior\ParseTemplateBehavior [ RunTime:0.005666s ]
INFO: [ view_parse ] --END-- [ RunTime:0.005722s ]
INFO: [ view_filter ] --START--
INFO: Run Behavior\WriteHtmlCacheBehavior [ RunTime:0.000148s ]
INFO: Run Behavior\TokenBuildBehavior [ RunTime:0.000243s ]
INFO: [ view_filter ] --END-- [ RunTime:0.000462s ]
INFO: [ view_parse ] --START--
INFO: Run Behavior\ParseTemplateBehavior [ RunTime:0.000195s ]
INFO: [ view_parse ] --END-- [ RunTime:-0.000543s ]
INFO: [ view_filter ] --START--
INFO: Run Behavior\WriteHtmlCacheBehavior [ RunTime:0.000009s ]
INFO: Run Behavior\TokenBuildBehavior [ RunTime:0.000012s ]
INFO: [ view_filter ] --END-- [ RunTime:-0.000307s ]

[ 2017-04-28T17:47:31+08:00 ] 140.205.201.38 /App
INFO: [ app_init ] --START--
INFO: Run Behavior\BuildLiteBehavior [ RunTime:0.000016s ]
INFO: [ app_init ] --END-- [ RunTime:0.000315s ]
INFO: [ app_begin ] --START--
INFO: Run Behavior\ReadHtmlCacheBehavior [ RunTime:0.000406s ]
INFO: [ app_begin ] --END-- [ RunTime:0.000456s ]
SQL: SHOW COLUMNS FROM `wfx_set` [ RunTime:0.0018s ]
SQL: SELECT * FROM `wfx_set` LIMIT 1   [ RunTime:0.0003s ]
NOTIC: [8] Undefined index: ppid /alidata/www/wemall/Application/App/Controller/BaseController.class.php 第 32 行.
NOTIC: [8] Undefined index: employee /alidata/www/wemall/Application/App/Controller/BaseController.class.php 第 33 行.
NOTIC: [8] Undefined index: sqmode /alidata/www/wemall/Application/App/Controller/BaseController.class.php 第 45 行.
INFO: [ view_parse ] --START--
INFO: [ template_filter ] --START--
INFO: Run Behavior\ContentReplaceBehavior [ RunTime:0.000044s ]
INFO: [ template_filter ] --END-- [ RunTime:0.000099s ]
INFO: Run Behavior\ParseTemplateBehavior [ RunTime:0.005466s ]
INFO: [ view_parse ] --END-- [ RunTime:0.005517s ]
INFO: [ view_filter ] --START--
INFO: Run Behavior\WriteHtmlCacheBehavior [ RunTime:0.000141s ]
INFO: Run Behavior\TokenBuildBehavior [ RunTime:0.000263s ]
INFO: [ view_filter ] --END-- [ RunTime:0.000476s ]
INFO: [ view_parse ] --START--
INFO: Run Behavior\ParseTemplateBehavior [ RunTime:0.000172s ]
INFO: [ view_parse ] --END-- [ RunTime:-0.000545s ]
INFO: [ view_filter ] --START--
INFO: Run Behavior\WriteHtmlCacheBehavior [ RunTime:0.000009s ]
INFO: Run Behavior\TokenBuildBehavior [ RunTime:0.000011s ]
INFO: [ view_filter ] --END-- [ RunTime:-0.000283s ]

[ 2017-04-28T17:49:33+08:00 ] 140.205.201.38 /App?code=0216GrOd0MqtHy1TPmPd0u4rOd06GrOp&state=1
INFO: [ app_init ] --START--
INFO: Run Behavior\BuildLiteBehavior [ RunTime:0.000015s ]
INFO: [ app_init ] --END-- [ RunTime:0.000318s ]
INFO: [ app_begin ] --START--
INFO: Run Behavior\ReadHtmlCacheBehavior [ RunTime:0.000392s ]
INFO: [ app_begin ] --END-- [ RunTime:0.000442s ]
SQL: SHOW COLUMNS FROM `wfx_set` [ RunTime:0.0018s ]
SQL: SELECT * FROM `wfx_set` LIMIT 1   [ RunTime:0.0004s ]
NOTIC: [8] Undefined index: ppid /alidata/www/wemall/Application/App/Controller/BaseController.class.php 第 32 行.
NOTIC: [8] Undefined index: employee /alidata/www/wemall/Application/App/Controller/BaseController.class.php 第 33 行.
NOTIC: [8] Undefined index: sqmode /alidata/www/wemall/Application/App/Controller/BaseController.class.php 第 45 行.
INFO: [ view_parse ] --START--
INFO: [ template_filter ] --START--
INFO: Run Behavior\ContentReplaceBehavior [ RunTime:0.000067s ]
INFO: [ template_filter ] --END-- [ RunTime:0.000126s ]
INFO: Run Behavior\ParseTemplateBehavior [ RunTime:0.006043s ]
INFO: [ view_parse ] --END-- [ RunTime:0.006098s ]
INFO: [ view_filter ] --START--
INFO: Run Behavior\WriteHtmlCacheBehavior [ RunTime:0.000147s ]
INFO: Run Behavior\TokenBuildBehavior [ RunTime:0.000273s ]
INFO: [ view_filter ] --END-- [ RunTime:0.000493s ]
INFO: [ view_parse ] --START--
INFO: Run Behavior\ParseTemplateBehavior [ RunTime:0.000198s ]
INFO: [ view_parse ] --END-- [ RunTime:-0.000569s ]
INFO: [ view_filter ] --START--
INFO: Run Behavior\WriteHtmlCacheBehavior [ RunTime:0.000010s ]
INFO: Run Behavior\TokenBuildBehavior [ RunTime:0.000012s ]
INFO: [ view_filter ] --END-- [ RunTime:-0.000317s ]

[ 2017-04-28T17:49:54+08:00 ] 140.205.201.38 /App?code=0216GrOd0MqtHy1TPmPd0u4rOd06GrOp&state=1
INFO: [ app_init ] --START--
INFO: Run Behavior\BuildLiteBehavior [ RunTime:0.000016s ]
INFO: [ app_init ] --END-- [ RunTime:0.000316s ]
INFO: [ app_begin ] --START--
INFO: Run Behavior\ReadHtmlCacheBehavior [ RunTime:0.000387s ]
INFO: [ app_begin ] --END-- [ RunTime:0.000437s ]
SQL: SHOW COLUMNS FROM `wfx_set` [ RunTime:0.0018s ]
SQL: SELECT * FROM `wfx_set` LIMIT 1   [ RunTime:0.0003s ]
NOTIC: [8] Undefined index: ppid /alidata/www/wemall/Application/App/Controller/BaseController.class.php 第 32 行.
NOTIC: [8] Undefined index: employee /alidata/www/wemall/Application/App/Controller/BaseController.class.php 第 33 行.
NOTIC: [8] Undefined index: sqmode /alidata/www/wemall/Application/App/Controller/BaseController.class.php 第 45 行.
INFO: [ view_parse ] --START--
INFO: [ template_filter ] --START--
INFO: Run Behavior\ContentReplaceBehavior [ RunTime:0.000048s ]
INFO: [ template_filter ] --END-- [ RunTime:0.000101s ]
INFO: Run Behavior\ParseTemplateBehavior [ RunTime:0.005662s ]
INFO: [ view_parse ] --END-- [ RunTime:0.005709s ]
INFO: [ view_filter ] --START--
INFO: Run Behavior\WriteHtmlCacheBehavior [ RunTime:0.000142s ]
INFO: Run Behavior\TokenBuildBehavior [ RunTime:0.000238s ]
INFO: [ view_filter ] --END-- [ RunTime:0.000449s ]
INFO: [ view_parse ] --START--
INFO: Run Behavior\ParseTemplateBehavior [ RunTime:0.000190s ]
INFO: [ view_parse ] --END-- [ RunTime:-0.000527s ]
INFO: [ view_filter ] --START--
INFO: Run Behavior\WriteHtmlCacheBehavior [ RunTime:0.000009s ]
INFO: Run Behavior\TokenBuildBehavior [ RunTime:0.000012s ]
INFO: [ view_filter ] --END-- [ RunTime:-0.000305s ]

[ 2017-04-28T18:09:29+08:00 ] 140.205.201.38 /App?code=0216GrOd0MqtHy1TPmPd0u4rOd06GrOpi3955405i&state=1
INFO: [ app_init ] --START--
INFO: Run Behavior\BuildLiteBehavior [ RunTime:0.000020s ]
INFO: [ app_init ] --END-- [ RunTime:0.000320s ]
INFO: [ app_begin ] --START--
INFO: Run Behavior\ReadHtmlCacheBehavior [ RunTime:0.000392s ]
INFO: [ app_begin ] --END-- [ RunTime:0.000440s ]
SQL: SHOW COLUMNS FROM `wfx_set` [ RunTime:0.0018s ]
SQL: SELECT * FROM `wfx_set` LIMIT 1   [ RunTime:0.0004s ]
NOTIC: [8] Undefined index: ppid /alidata/www/wemall/Application/App/Controller/BaseController.class.php 第 32 行.
NOTIC: [8] Undefined index: employee /alidata/www/wemall/Application/App/Controller/BaseController.class.php 第 33 行.
NOTIC: [8] Undefined index: sqmode /alidata/www/wemall/Application/App/Controller/BaseController.class.php 第 45 行.
INFO: [ view_parse ] --START--
INFO: [ template_filter ] --START--
INFO: Run Behavior\ContentReplaceBehavior [ RunTime:0.000061s ]
INFO: [ template_filter ] --END-- [ RunTime:0.000117s ]
INFO: Run Behavior\ParseTemplateBehavior [ RunTime:0.005694s ]
INFO: [ view_parse ] --END-- [ RunTime:0.005747s ]
INFO: [ view_filter ] --START--
INFO: Run Behavior\WriteHtmlCacheBehavior [ RunTime:0.000140s ]
INFO: Run Behavior\TokenBuildBehavior [ RunTime:0.000240s ]
INFO: [ view_filter ] --END-- [ RunTime:0.000452s ]
INFO: [ view_parse ] --START--
INFO: Run Behavior\ParseTemplateBehavior [ RunTime:0.000172s ]
INFO: [ view_parse ] --END-- [ RunTime:-0.000540s ]
INFO: [ view_filter ] --START--
INFO: Run Behavior\WriteHtmlCacheBehavior [ RunTime:0.000009s ]
INFO: Run Behavior\TokenBuildBehavior [ RunTime:0.000012s ]
INFO: [ view_filter ] --END-- [ RunTime:-0.000303s ]

[ 2017-04-28T18:13:29+08:00 ] 140.205.201.38 /App?code=0216GrOd0MqtHy1TPmPd0u4rOd06GrOpi3955405i&state=1
INFO: [ app_init ] --START--
INFO: Run Behavior\BuildLiteBehavior [ RunTime:0.000018s ]
INFO: [ app_init ] --END-- [ RunTime:0.000326s ]
INFO: [ app_begin ] --START--
INFO: Run Behavior\ReadHtmlCacheBehavior [ RunTime:0.000533s ]
INFO: [ app_begin ] --END-- [ RunTime:0.000628s ]
SQL: SHOW COLUMNS FROM `wfx_set` [ RunTime:0.0018s ]
SQL: SELECT * FROM `wfx_set` LIMIT 1   [ RunTime:0.0003s ]
NOTIC: [8] Undefined index: ppid /alidata/www/wemall/Application/App/Controller/BaseController.class.php 第 32 行.
NOTIC: [8] Undefined index: employee /alidata/www/wemall/Application/App/Controller/BaseController.class.php 第 33 行.
NOTIC: [8] Undefined index: sqmode /alidata/www/wemall/Application/App/Controller/BaseController.class.php 第 45 行.
INFO: [ view_parse ] --START--
INFO: [ template_filter ] --START--
INFO: Run Behavior\ContentReplaceBehavior [ RunTime:0.000051s ]
INFO: [ template_filter ] --END-- [ RunTime:0.000129s ]
INFO: Run Behavior\ParseTemplateBehavior [ RunTime:0.005725s ]
INFO: [ view_parse ] --END-- [ RunTime:0.005772s ]
INFO: [ view_filter ] --START--
INFO: Run Behavior\WriteHtmlCacheBehavior [ RunTime:0.000154s ]
INFO: Run Behavior\TokenBuildBehavior [ RunTime:0.000264s ]
INFO: [ view_filter ] --END-- [ RunTime:0.000488s ]
INFO: [ view_parse ] --START--
INFO: Run Behavior\ParseTemplateBehavior [ RunTime:0.000171s ]
INFO: [ view_parse ] --END-- [ RunTime:-0.000565s ]
INFO: [ view_filter ] --START--
INFO: Run Behavior\WriteHtmlCacheBehavior [ RunTime:0.000009s ]
INFO: Run Behavior\TokenBuildBehavior [ RunTime:0.000012s ]
INFO: [ view_filter ] --END-- [ RunTime:-0.000285s ]

[ 2017-04-28T18:14:10+08:00 ] 140.205.201.38 /App?code=0216GrOd0MqtHy1TPmPd0u4rOd06GrOpi3955405i&state=1
INFO: [ app_init ] --START--
INFO: Run Behavior\BuildLiteBehavior [ RunTime:0.000020s ]
INFO: [ app_init ] --END-- [ RunTime:0.000347s ]
INFO: [ app_begin ] --START--
INFO: Run Behavior\ReadHtmlCacheBehavior [ RunTime:0.000412s ]
INFO: [ app_begin ] --END-- [ RunTime:0.000461s ]
SQL: SHOW COLUMNS FROM `wfx_set` [ RunTime:0.0018s ]
SQL: SELECT * FROM `wfx_set` LIMIT 1   [ RunTime:0.0002s ]
NOTIC: [8] Undefined index: ppid /alidata/www/wemall/Application/App/Controller/BaseController.class.php 第 32 行.
NOTIC: [8] Undefined index: employee /alidata/www/wemall/Application/App/Controller/BaseController.class.php 第 33 行.
NOTIC: [8] Undefined index: sqmode /alidata/www/wemall/Application/App/Controller/BaseController.class.php 第 45 行.
INFO: [ view_parse ] --START--
INFO: [ template_filter ] --START--
INFO: Run Behavior\ContentReplaceBehavior [ RunTime:0.000042s ]
INFO: [ template_filter ] --END-- [ RunTime:0.000089s ]
INFO: Run Behavior\ParseTemplateBehavior [ RunTime:0.005469s ]
INFO: [ view_parse ] --END-- [ RunTime:0.005515s ]
INFO: [ view_filter ] --START--
INFO: Run Behavior\WriteHtmlCacheBehavior [ RunTime:0.000138s ]
INFO: Run Behavior\TokenBuildBehavior [ RunTime:0.000230s ]
INFO: [ view_filter ] --END-- [ RunTime:0.000436s ]
INFO: [ view_parse ] --START--
INFO: Run Behavior\ParseTemplateBehavior [ RunTime:0.000190s ]
INFO: [ view_parse ] --END-- [ RunTime:-0.000508s ]
INFO: [ view_filter ] --START--
INFO: Run Behavior\WriteHtmlCacheBehavior [ RunTime:0.000009s ]
INFO: Run Behavior\TokenBuildBehavior [ RunTime:0.000012s ]
INFO: [ view_filter ] --END-- [ RunTime:-0.000299s ]

[ 2017-04-28T18:14:35+08:00 ] 140.205.201.38 /App?code=0216GrOd0MqtHy1TPmPd0u4rOd06GrOpi3955405i&state=1
INFO: [ app_init ] --START--
INFO: Run Behavior\BuildLiteBehavior [ RunTime:0.000015s ]
INFO: [ app_init ] --END-- [ RunTime:0.000334s ]
INFO: [ app_begin ] --START--
INFO: Run Behavior\ReadHtmlCacheBehavior [ RunTime:0.000417s ]
INFO: [ app_begin ] --END-- [ RunTime:0.000466s ]
SQL: SHOW COLUMNS FROM `wfx_set` [ RunTime:0.0018s ]
SQL: SELECT * FROM `wfx_set` LIMIT 1   [ RunTime:0.0002s ]
NOTIC: [8] Undefined index: ppid /alidata/www/wemall/Application/App/Controller/BaseController.class.php 第 32 行.
NOTIC: [8] Undefined index: employee /alidata/www/wemall/Application/App/Controller/BaseController.class.php 第 33 行.
NOTIC: [8] Undefined index: sqmode /alidata/www/wemall/Application/App/Controller/BaseController.class.php 第 45 行.
INFO: [ view_parse ] --START--
INFO: [ template_filter ] --START--
INFO: Run Behavior\ContentReplaceBehavior [ RunTime:0.000047s ]
INFO: [ template_filter ] --END-- [ RunTime:0.000095s ]
INFO: Run Behavior\ParseTemplateBehavior [ RunTime:0.005509s ]
INFO: [ view_parse ] --END-- [ RunTime:0.005556s ]
INFO: [ view_filter ] --START--
INFO: Run Behavior\WriteHtmlCacheBehavior [ RunTime:0.000170s ]
INFO: Run Behavior\TokenBuildBehavior [ RunTime:0.000246s ]
INFO: [ view_filter ] --END-- [ RunTime:0.000529s ]
INFO: [ view_parse ] --START--
INFO: Run Behavior\ParseTemplateBehavior [ RunTime:0.000178s ]
INFO: [ view_parse ] --END-- [ RunTime:-0.000668s ]
INFO: [ view_filter ] --START--
INFO: Run Behavior\WriteHtmlCacheBehavior [ RunTime:0.000010s ]
INFO: Run Behavior\TokenBuildBehavior [ RunTime:0.000012s ]
INFO: [ view_filter ] --END-- [ RunTime:-0.000300s ]

[ 2017-04-28T18:15:04+08:00 ] 140.205.201.38 /App?code=0216GrOd0MqtHy1TPmPd0u4rOd06GrOp&state=1
INFO: [ app_init ] --START--
INFO: Run Behavior\BuildLiteBehavior [ RunTime:0.000015s ]
INFO: [ app_init ] --END-- [ RunTime:0.000315s ]
INFO: [ app_begin ] --START--
INFO: Run Behavior\ReadHtmlCacheBehavior [ RunTime:0.000389s ]
INFO: [ app_begin ] --END-- [ RunTime:0.000437s ]
SQL: SHOW COLUMNS FROM `wfx_set` [ RunTime:0.0018s ]
SQL: SELECT * FROM `wfx_set` LIMIT 1   [ RunTime:0.0002s ]
NOTIC: [8] Undefined index: ppid /alidata/www/wemall/Application/App/Controller/BaseController.class.php 第 32 行.
NOTIC: [8] Undefined index: employee /alidata/www/wemall/Application/App/Controller/BaseController.class.php 第 33 行.
NOTIC: [8] Undefined index: sqmode /alidata/www/wemall/Application/App/Controller/BaseController.class.php 第 45 行.
INFO: [ view_parse ] --START--
INFO: [ template_filter ] --START--
INFO: Run Behavior\ContentReplaceBehavior [ RunTime:0.000044s ]
INFO: [ template_filter ] --END-- [ RunTime:0.000093s ]
INFO: Run Behavior\ParseTemplateBehavior [ RunTime:0.005459s ]
INFO: [ view_parse ] --END-- [ RunTime:0.005504s ]
INFO: [ view_filter ] --START--
INFO: Run Behavior\WriteHtmlCacheBehavior [ RunTime:0.000146s ]
INFO: Run Behavior\TokenBuildBehavior [ RunTime:0.000259s ]
INFO: [ view_filter ] --END-- [ RunTime:0.000472s ]
INFO: [ view_parse ] --START--
INFO: Run Behavior\ParseTemplateBehavior [ RunTime:0.000170s ]
INFO: [ view_parse ] --END-- [ RunTime:-0.000542s ]
INFO: [ view_filter ] --START--
INFO: Run Behavior\WriteHtmlCacheBehavior [ RunTime:0.000009s ]
INFO: Run Behavior\TokenBuildBehavior [ RunTime:0.000012s ]
INFO: [ view_filter ] --END-- [ RunTime:-0.000277s ]

[ 2017-04-28T18:15:51+08:00 ] 140.205.201.38 /App?code=PHNjcmlwdD5hbGVydCgxKTwvc2NyaXB0Pg==&state=1
INFO: [ app_init ] --START--
INFO: Run Behavior\BuildLiteBehavior [ RunTime:0.000018s ]
INFO: [ app_init ] --END-- [ RunTime:0.000326s ]
INFO: [ app_begin ] --START--
INFO: Run Behavior\ReadHtmlCacheBehavior [ RunTime:0.000415s ]
INFO: [ app_begin ] --END-- [ RunTime:0.000464s ]
SQL: SHOW COLUMNS FROM `wfx_set` [ RunTime:0.0019s ]
SQL: SELECT * FROM `wfx_set` LIMIT 1   [ RunTime:0.0002s ]
NOTIC: [8] Undefined index: ppid /alidata/www/wemall/Application/App/Controller/BaseController.class.php 第 32 行.
NOTIC: [8] Undefined index: employee /alidata/www/wemall/Application/App/Controller/BaseController.class.php 第 33 行.
NOTIC: [8] Undefined index: sqmode /alidata/www/wemall/Application/App/Controller/BaseController.class.php 第 45 行.
INFO: [ view_parse ] --START--
INFO: [ template_filter ] --START--
INFO: Run Behavior\ContentReplaceBehavior [ RunTime:0.000047s ]
INFO: [ template_filter ] --END-- [ RunTime:0.000099s ]
INFO: Run Behavior\ParseTemplateBehavior [ RunTime:0.005744s ]
INFO: [ view_parse ] --END-- [ RunTime:0.005795s ]
INFO: [ view_filter ] --START--
INFO: Run Behavior\WriteHtmlCacheBehavior [ RunTime:0.000142s ]
INFO: Run Behavior\TokenBuildBehavior [ RunTime:0.000242s ]
INFO: [ view_filter ] --END-- [ RunTime:0.000456s ]
INFO: [ view_parse ] --START--
INFO: Run Behavior\ParseTemplateBehavior [ RunTime:0.000192s ]
INFO: [ view_parse ] --END-- [ RunTime:-0.000531s ]
INFO: [ view_filter ] --START--
INFO: Run Behavior\WriteHtmlCacheBehavior [ RunTime:0.000010s ]
INFO: Run Behavior\TokenBuildBehavior [ RunTime:0.000012s ]
INFO: [ view_filter ] --END-- [ RunTime:-0.000308s ]

[ 2017-04-28T18:16:42+08:00 ] 140.205.201.38 /App?code=0216GrOd0MqtHy1TPmPd0u4rOd06GrOp&state=PHNjcmlwdD5hbGVydCgxKTwvc2NyaXB0Pg==
INFO: [ app_init ] --START--
INFO: Run Behavior\BuildLiteBehavior [ RunTime:0.000017s ]
INFO: [ app_init ] --END-- [ RunTime:0.000317s ]
INFO: [ app_begin ] --START--
INFO: Run Behavior\ReadHtmlCacheBehavior [ RunTime:0.000390s ]
INFO: [ app_begin ] --END-- [ RunTime:0.000438s ]
SQL: SHOW COLUMNS FROM `wfx_set` [ RunTime:0.0018s ]
SQL: SELECT * FROM `wfx_set` LIMIT 1   [ RunTime:0.0003s ]
NOTIC: [8] Undefined index: ppid /alidata/www/wemall/Application/App/Controller/BaseController.class.php 第 32 行.
NOTIC: [8] Undefined index: employee /alidata/www/wemall/Application/App/Controller/BaseController.class.php 第 33 行.
NOTIC: [8] Undefined index: sqmode /alidata/www/wemall/Application/App/Controller/BaseController.class.php 第 45 行.
INFO: [ view_parse ] --START--
INFO: [ template_filter ] --START--
INFO: Run Behavior\ContentReplaceBehavior [ RunTime:0.000047s ]
INFO: [ template_filter ] --END-- [ RunTime:0.000101s ]
INFO: Run Behavior\ParseTemplateBehavior [ RunTime:0.005779s ]
INFO: [ view_parse ] --END-- [ RunTime:0.005835s ]
INFO: [ view_filter ] --START--
INFO: Run Behavior\WriteHtmlCacheBehavior [ RunTime:0.000144s ]
INFO: Run Behavior\TokenBuildBehavior [ RunTime:0.000267s ]
INFO: [ view_filter ] --END-- [ RunTime:0.000484s ]
INFO: [ view_parse ] --START--
INFO: Run Behavior\ParseTemplateBehavior [ RunTime:0.000175s ]
INFO: [ view_parse ] --END-- [ RunTime:-0.000558s ]
INFO: [ view_filter ] --START--
INFO: Run Behavior\WriteHtmlCacheBehavior [ RunTime:0.000010s ]
INFO: Run Behavior\TokenBuildBehavior [ RunTime:0.000012s ]
INFO: [ view_filter ] --END-- [ RunTime:-0.000291s ]

[ 2017-04-28T18:16:54+08:00 ] 140.205.201.38 /App?code=amF2YXNjcmlwdDpwcm9tcHQoMTExKTt4&state=1
INFO: [ app_init ] --START--
INFO: Run Behavior\BuildLiteBehavior [ RunTime:0.000020s ]
INFO: [ app_init ] --END-- [ RunTime:0.000341s ]
INFO: [ app_begin ] --START--
INFO: Run Behavior\ReadHtmlCacheBehavior [ RunTime:0.000433s ]
INFO: [ app_begin ] --END-- [ RunTime:0.000483s ]
SQL: SHOW COLUMNS FROM `wfx_set` [ RunTime:0.0018s ]
SQL: SELECT * FROM `wfx_set` LIMIT 1   [ RunTime:0.0003s ]
NOTIC: [8] Undefined index: ppid /alidata/www/wemall/Application/App/Controller/BaseController.class.php 第 32 行.
NOTIC: [8] Undefined index: employee /alidata/www/wemall/Application/App/Controller/BaseController.class.php 第 33 行.
NOTIC: [8] Undefined index: sqmode /alidata/www/wemall/Application/App/Controller/BaseController.class.php 第 45 行.
INFO: [ view_parse ] --START--
INFO: [ template_filter ] --START--
INFO: Run Behavior\ContentReplaceBehavior [ RunTime:0.000042s ]
INFO: [ template_filter ] --END-- [ RunTime:0.000096s ]
INFO: Run Behavior\ParseTemplateBehavior [ RunTime:0.005539s ]
INFO: [ view_parse ] --END-- [ RunTime:0.005587s ]
INFO: [ view_filter ] --START--
INFO: Run Behavior\WriteHtmlCacheBehavior [ RunTime:0.000140s ]
INFO: Run Behavior\TokenBuildBehavior [ RunTime:0.000241s ]
INFO: [ view_filter ] --END-- [ RunTime:0.000470s ]
INFO: [ view_parse ] --START--
INFO: Run Behavior\ParseTemplateBehavior [ RunTime:0.000176s ]
INFO: [ view_parse ] --END-- [ RunTime:-0.000540s ]
INFO: [ view_filter ] --START--
INFO: Run Behavior\WriteHtmlCacheBehavior [ RunTime:0.000009s ]
INFO: Run Behavior\TokenBuildBehavior [ RunTime:0.000012s ]
INFO: [ view_filter ] --END-- [ RunTime:-0.000288s ]

[ 2017-04-28T18:17:03+08:00 ] 140.205.201.38 /App?code=0216GrOd0MqtHy1TPmPd0u4rOd06GrOp&state=amF2YXNjcmlwdDpwcm9tcHQoMTExKTt4
INFO: [ app_init ] --START--
INFO: Run Behavior\BuildLiteBehavior [ RunTime:0.000016s ]
INFO: [ app_init ] --END-- [ RunTime:0.000317s ]
INFO: [ app_begin ] --START--
INFO: Run Behavior\ReadHtmlCacheBehavior [ RunTime:0.000391s ]
INFO: [ app_begin ] --END-- [ RunTime:0.000439s ]
SQL: SHOW COLUMNS FROM `wfx_set` [ RunTime:0.0018s ]
SQL: SELECT * FROM `wfx_set` LIMIT 1   [ RunTime:0.0002s ]
NOTIC: [8] Undefined index: ppid /alidata/www/wemall/Application/App/Controller/BaseController.class.php 第 32 行.
NOTIC: [8] Undefined index: employee /alidata/www/wemall/Application/App/Controller/BaseController.class.php 第 33 行.
NOTIC: [8] Undefined index: sqmode /alidata/www/wemall/Application/App/Controller/BaseController.class.php 第 45 行.
INFO: [ view_parse ] --START--
INFO: [ template_filter ] --START--
INFO: Run Behavior\ContentReplaceBehavior [ RunTime:0.000048s ]
INFO: [ template_filter ] --END-- [ RunTime:0.000105s ]
INFO: Run Behavior\ParseTemplateBehavior [ RunTime:0.005903s ]
INFO: [ view_parse ] --END-- [ RunTime:0.005962s ]
INFO: [ view_filter ] --START--
INFO: Run Behavior\WriteHtmlCacheBehavior [ RunTime:0.000151s ]
INFO: Run Behavior\TokenBuildBehavior [ RunTime:0.000247s ]
INFO: [ view_filter ] --END-- [ RunTime:0.000501s ]
INFO: [ view_parse ] --START--
INFO: Run Behavior\ParseTemplateBehavior [ RunTime:0.000176s ]
INFO: [ view_parse ] --END-- [ RunTime:-0.000579s ]
INFO: [ view_filter ] --START--
INFO: Run Behavior\WriteHtmlCacheBehavior [ RunTime:0.000010s ]
INFO: Run Behavior\TokenBuildBehavior [ RunTime:0.000012s ]
INFO: [ view_filter ] --END-- [ RunTime:-0.000295s ]

[ 2017-04-28T18:17:06+08:00 ] 140.205.201.38 /App?code=0216GrOd0MqtHy1TPmPd0u4rOd06GrOpi3955405i&state=1
INFO: [ app_init ] --START--
INFO: Run Behavior\BuildLiteBehavior [ RunTime:0.000018s ]
INFO: [ app_init ] --END-- [ RunTime:0.000342s ]
INFO: [ app_begin ] --START--
INFO: Run Behavior\ReadHtmlCacheBehavior [ RunTime:0.000396s ]
INFO: [ app_begin ] --END-- [ RunTime:0.000462s ]
SQL: SHOW COLUMNS FROM `wfx_set` [ RunTime:0.0019s ]
SQL: SELECT * FROM `wfx_set` LIMIT 1   [ RunTime:0.0003s ]
NOTIC: [8] Undefined index: ppid /alidata/www/wemall/Application/App/Controller/BaseController.class.php 第 32 行.
NOTIC: [8] Undefined index: employee /alidata/www/wemall/Application/App/Controller/BaseController.class.php 第 33 行.
NOTIC: [8] Undefined index: sqmode /alidata/www/wemall/Application/App/Controller/BaseController.class.php 第 45 行.
INFO: [ view_parse ] --START--
INFO: [ template_filter ] --START--
INFO: Run Behavior\ContentReplaceBehavior [ RunTime:0.000048s ]
INFO: [ template_filter ] --END-- [ RunTime:0.000103s ]
INFO: Run Behavior\ParseTemplateBehavior [ RunTime:0.005567s ]
INFO: [ view_parse ] --END-- [ RunTime:0.005614s ]
INFO: [ view_filter ] --START--
INFO: Run Behavior\WriteHtmlCacheBehavior [ RunTime:0.000166s ]
INFO: Run Behavior\TokenBuildBehavior [ RunTime:0.000244s ]
INFO: [ view_filter ] --END-- [ RunTime:0.000478s ]
INFO: [ view_parse ] --START--
INFO: Run Behavior\ParseTemplateBehavior [ RunTime:0.000171s ]
INFO: [ view_parse ] --END-- [ RunTime:-0.000557s ]
INFO: [ view_filter ] --START--
INFO: Run Behavior\WriteHtmlCacheBehavior [ RunTime:0.000009s ]
INFO: Run Behavior\TokenBuildBehavior [ RunTime:0.000012s ]
INFO: [ view_filter ] --END-- [ RunTime:-0.000287s ]

