[ 2017-05-29T07:32:08+08:00 ] 42.156.251.194 /
INFO: [ app_init ] --START--
INFO: Run Behavior\BuildLiteBehavior [ RunTime:0.000019s ]
INFO: [ app_init ] --END-- [ RunTime:0.000330s ]
INFO: [ app_begin ] --START--
INFO: Run Behavior\ReadHtmlCacheBehavior [ RunTime:0.000400s ]
INFO: [ app_begin ] --END-- [ RunTime:0.000450s ]
SQL: SHOW COLUMNS FROM `wfx_set` [ RunTime:0.0016s ]
SQL: SELECT * FROM `wfx_set` LIMIT 1   [ RunTime:0.0003s ]
SQL: SHOW COLUMNS FROM `wfx_cms_set` [ RunTime:0.0010s ]
SQL: SELECT * FROM `wfx_cms_set` LIMIT 1   [ RunTime:0.0002s ]
SQL: SHOW COLUMNS FROM `wfx_shop_set` [ RunTime:0.0011s ]
SQL: SELECT * FROM `wfx_shop_set` LIMIT 1   [ RunTime:0.0003s ]

[ 2017-05-29T07:32:08+08:00 ] 42.156.251.194 /Multi/Public/login
INFO: [ app_init ] --START--
INFO: Run Behavior\BuildLiteBehavior [ RunTime:0.000020s ]
INFO: [ app_init ] --END-- [ RunTime:0.000335s ]
INFO: [ app_begin ] --START--
INFO: Run Behavior\ReadHtmlCacheBehavior [ RunTime:0.000418s ]
INFO: [ app_begin ] --END-- [ RunTime:0.000468s ]
SQL: SHOW COLUMNS FROM `wfx_set` [ RunTime:0.0011s ]
SQL: SELECT * FROM `wfx_set` LIMIT 1   [ RunTime:0.0003s ]
SQL: SHOW COLUMNS FROM `wfx_cms_set` [ RunTime:0.0007s ]
SQL: SELECT * FROM `wfx_cms_set` LIMIT 1   [ RunTime:0.0002s ]
SQL: SHOW COLUMNS FROM `wfx_shop_set` [ RunTime:0.0009s ]
SQL: SELECT * FROM `wfx_shop_set` LIMIT 1   [ RunTime:0.0003s ]
NOTIC: [8] Undefined index: usid /alidata/www/wemall/Application/Multi/Controller/PublicController.class.php 第 43 行.
INFO: [ view_parse ] --START--
INFO: [ template_filter ] --START--
INFO: Run Behavior\ContentReplaceBehavior [ RunTime:0.000057s ]
INFO: [ template_filter ] --END-- [ RunTime:0.000121s ]
INFO: Run Behavior\ParseTemplateBehavior [ RunTime:0.006504s ]
INFO: [ view_parse ] --END-- [ RunTime:0.006554s ]
INFO: [ view_filter ] --START--
INFO: Run Behavior\WriteHtmlCacheBehavior [ RunTime:0.000145s ]
INFO: Run Behavior\TokenBuildBehavior [ RunTime:0.000241s ]
INFO: [ view_filter ] --END-- [ RunTime:0.000454s ]
INFO: [ action_end ] --START--
INFO: Run Behavior\CronRunBehavior [ RunTime:0.000436s ]
INFO: [ action_end ] --END-- [ RunTime:0.000480s ]
INFO: [ app_end ] --START--
INFO: Run Behavior\ShowPageTraceBehavior [ RunTime:0.000426s ]
INFO: [ app_end ] --END-- [ RunTime:0.000469s ]

[ 2017-05-29T07:32:08+08:00 ] 42.156.251.194 /
INFO: [ app_init ] --START--
INFO: Run Behavior\BuildLiteBehavior [ RunTime:0.000018s ]
INFO: [ app_init ] --END-- [ RunTime:0.000378s ]
INFO: [ app_begin ] --START--
INFO: Run Behavior\ReadHtmlCacheBehavior [ RunTime:0.000416s ]
INFO: [ app_begin ] --END-- [ RunTime:0.000464s ]
SQL: SHOW COLUMNS FROM `wfx_set` [ RunTime:0.0011s ]
SQL: SELECT * FROM `wfx_set` LIMIT 1   [ RunTime:0.0003s ]
SQL: SHOW COLUMNS FROM `wfx_cms_set` [ RunTime:0.0007s ]
SQL: SELECT * FROM `wfx_cms_set` LIMIT 1   [ RunTime:0.0002s ]
SQL: SHOW COLUMNS FROM `wfx_shop_set` [ RunTime:0.0009s ]
SQL: SELECT * FROM `wfx_shop_set` LIMIT 1   [ RunTime:0.0003s ]

[ 2017-05-29T07:32:08+08:00 ] 42.156.251.194 /Multi/Public/login
INFO: [ app_init ] --START--
INFO: Run Behavior\BuildLiteBehavior [ RunTime:0.000019s ]
INFO: [ app_init ] --END-- [ RunTime:0.000341s ]
INFO: [ app_begin ] --START--
INFO: Run Behavior\ReadHtmlCacheBehavior [ RunTime:0.000414s ]
INFO: [ app_begin ] --END-- [ RunTime:0.000485s ]
SQL: SHOW COLUMNS FROM `wfx_set` [ RunTime:0.0011s ]
SQL: SELECT * FROM `wfx_set` LIMIT 1   [ RunTime:0.0003s ]
SQL: SHOW COLUMNS FROM `wfx_cms_set` [ RunTime:0.0007s ]
SQL: SELECT * FROM `wfx_cms_set` LIMIT 1   [ RunTime:0.0002s ]
SQL: SHOW COLUMNS FROM `wfx_shop_set` [ RunTime:0.0009s ]
SQL: SELECT * FROM `wfx_shop_set` LIMIT 1   [ RunTime:0.0003s ]
NOTIC: [8] Undefined index: usid /alidata/www/wemall/Application/Multi/Controller/PublicController.class.php 第 43 行.
INFO: [ view_parse ] --START--
INFO: [ template_filter ] --START--
INFO: Run Behavior\ContentReplaceBehavior [ RunTime:0.000062s ]
INFO: [ template_filter ] --END-- [ RunTime:0.000134s ]
INFO: Run Behavior\ParseTemplateBehavior [ RunTime:0.006575s ]
INFO: [ view_parse ] --END-- [ RunTime:0.006626s ]
INFO: [ view_filter ] --START--
INFO: Run Behavior\WriteHtmlCacheBehavior [ RunTime:0.000166s ]
INFO: Run Behavior\TokenBuildBehavior [ RunTime:0.000255s ]
INFO: [ view_filter ] --END-- [ RunTime:0.000488s ]
INFO: [ action_end ] --START--
INFO: Run Behavior\CronRunBehavior [ RunTime:0.000466s ]
INFO: [ action_end ] --END-- [ RunTime:0.000513s ]
INFO: [ app_end ] --START--
INFO: Run Behavior\ShowPageTraceBehavior [ RunTime:0.000442s ]
INFO: [ app_end ] --END-- [ RunTime:0.000486s ]

[ 2017-05-29T07:33:45+08:00 ] 120.198.244.60 /
INFO: [ app_init ] --START--
INFO: Run Behavior\BuildLiteBehavior [ RunTime:0.000016s ]
INFO: [ app_init ] --END-- [ RunTime:0.000340s ]
INFO: [ app_begin ] --START--
INFO: Run Behavior\ReadHtmlCacheBehavior [ RunTime:0.000393s ]
INFO: [ app_begin ] --END-- [ RunTime:0.000462s ]
SQL: SHOW COLUMNS FROM `wfx_set` [ RunTime:0.0012s ]
SQL: SELECT * FROM `wfx_set` LIMIT 1   [ RunTime:0.0003s ]
SQL: SHOW COLUMNS FROM `wfx_cms_set` [ RunTime:0.0007s ]
SQL: SELECT * FROM `wfx_cms_set` LIMIT 1   [ RunTime:0.0002s ]
SQL: SHOW COLUMNS FROM `wfx_shop_set` [ RunTime:0.0010s ]
SQL: SELECT * FROM `wfx_shop_set` LIMIT 1   [ RunTime:0.0002s ]

[ 2017-05-29T07:33:45+08:00 ] 120.198.244.60 /Multi/Public/login
INFO: [ app_init ] --START--
INFO: Run Behavior\BuildLiteBehavior [ RunTime:0.000015s ]
INFO: [ app_init ] --END-- [ RunTime:0.000312s ]
INFO: [ app_begin ] --START--
INFO: Run Behavior\ReadHtmlCacheBehavior [ RunTime:0.000404s ]
INFO: [ app_begin ] --END-- [ RunTime:0.000454s ]
SQL: SHOW COLUMNS FROM `wfx_set` [ RunTime:0.0011s ]
SQL: SELECT * FROM `wfx_set` LIMIT 1   [ RunTime:0.0003s ]
SQL: SHOW COLUMNS FROM `wfx_cms_set` [ RunTime:0.0007s ]
SQL: SELECT * FROM `wfx_cms_set` LIMIT 1   [ RunTime:0.0002s ]
SQL: SHOW COLUMNS FROM `wfx_shop_set` [ RunTime:0.0009s ]
SQL: SELECT * FROM `wfx_shop_set` LIMIT 1   [ RunTime:0.0003s ]
NOTIC: [8] Undefined index: usid /alidata/www/wemall/Application/Multi/Controller/PublicController.class.php 第 43 行.
INFO: [ view_parse ] --START--
INFO: [ template_filter ] --START--
INFO: Run Behavior\ContentReplaceBehavior [ RunTime:0.000051s ]
INFO: [ template_filter ] --END-- [ RunTime:0.000100s ]
INFO: Run Behavior\ParseTemplateBehavior [ RunTime:0.006166s ]
INFO: [ view_parse ] --END-- [ RunTime:0.006214s ]
INFO: [ view_filter ] --START--
INFO: Run Behavior\WriteHtmlCacheBehavior [ RunTime:0.000164s ]
INFO: Run Behavior\TokenBuildBehavior [ RunTime:0.000239s ]
INFO: [ view_filter ] --END-- [ RunTime:0.000473s ]
INFO: [ action_end ] --START--
INFO: Run Behavior\CronRunBehavior [ RunTime:0.000422s ]
INFO: [ action_end ] --END-- [ RunTime:0.000468s ]
INFO: [ app_end ] --START--
INFO: Run Behavior\ShowPageTraceBehavior [ RunTime:0.000435s ]
INFO: [ app_end ] --END-- [ RunTime:0.000478s ]

[ 2017-05-29T13:22:51+08:00 ] 163.177.69.13 /
INFO: [ app_init ] --START--
INFO: Run Behavior\BuildLiteBehavior [ RunTime:0.000020s ]
INFO: [ app_init ] --END-- [ RunTime:0.000356s ]
INFO: [ app_begin ] --START--
INFO: Run Behavior\ReadHtmlCacheBehavior [ RunTime:0.000399s ]
INFO: [ app_begin ] --END-- [ RunTime:0.000447s ]
SQL: SHOW COLUMNS FROM `wfx_set` [ RunTime:0.0011s ]
SQL: SELECT * FROM `wfx_set` LIMIT 1   [ RunTime:0.0003s ]
SQL: SHOW COLUMNS FROM `wfx_cms_set` [ RunTime:0.0010s ]
SQL: SELECT * FROM `wfx_cms_set` LIMIT 1   [ RunTime:0.0002s ]
SQL: SHOW COLUMNS FROM `wfx_shop_set` [ RunTime:0.0012s ]
SQL: SELECT * FROM `wfx_shop_set` LIMIT 1   [ RunTime:0.0003s ]

[ 2017-05-29T13:22:51+08:00 ] 163.177.69.106 /
INFO: [ app_init ] --START--
INFO: Run Behavior\BuildLiteBehavior [ RunTime:0.000013s ]
INFO: [ app_init ] --END-- [ RunTime:0.000296s ]
INFO: [ app_begin ] --START--
INFO: Run Behavior\ReadHtmlCacheBehavior [ RunTime:0.000406s ]
INFO: [ app_begin ] --END-- [ RunTime:0.000456s ]
SQL: SHOW COLUMNS FROM `wfx_set` [ RunTime:0.0008s ]
SQL: SELECT * FROM `wfx_set` LIMIT 1   [ RunTime:0.0002s ]
SQL: SHOW COLUMNS FROM `wfx_cms_set` [ RunTime:0.0007s ]
SQL: SELECT * FROM `wfx_cms_set` LIMIT 1   [ RunTime:0.0002s ]
SQL: SHOW COLUMNS FROM `wfx_shop_set` [ RunTime:0.0009s ]
SQL: SELECT * FROM `wfx_shop_set` LIMIT 1   [ RunTime:0.0002s ]

[ 2017-05-29T13:22:51+08:00 ] 183.232.90.65 /
INFO: [ app_init ] --START--
INFO: Run Behavior\BuildLiteBehavior [ RunTime:0.000079s ]
INFO: [ app_init ] --END-- [ RunTime:0.000367s ]
INFO: [ app_begin ] --START--
INFO: Run Behavior\ReadHtmlCacheBehavior [ RunTime:0.000409s ]
INFO: [ app_begin ] --END-- [ RunTime:0.000459s ]
SQL: SHOW COLUMNS FROM `wfx_set` [ RunTime:0.0009s ]
SQL: SELECT * FROM `wfx_set` LIMIT 1   [ RunTime:0.0002s ]
SQL: SHOW COLUMNS FROM `wfx_cms_set` [ RunTime:0.0007s ]
SQL: SELECT * FROM `wfx_cms_set` LIMIT 1   [ RunTime:0.0002s ]
SQL: SHOW COLUMNS FROM `wfx_shop_set` [ RunTime:0.0009s ]
SQL: SELECT * FROM `wfx_shop_set` LIMIT 1   [ RunTime:0.0002s ]

[ 2017-05-29T13:22:51+08:00 ] 112.124.19.15 /wfx/App/Shop/cashback
INFO: [ app_init ] --START--
INFO: Run Behavior\BuildLiteBehavior [ RunTime:0.000013s ]
INFO: [ app_init ] --END-- [ RunTime:0.000297s ]
INFO: [ app_begin ] --START--
INFO: Run Behavior\ReadHtmlCacheBehavior [ RunTime:0.000391s ]
INFO: [ app_begin ] --END-- [ RunTime:0.000440s ]
ERR: 无法加载控制器:Wfx

[ 2017-05-29T13:22:52+08:00 ] 183.232.90.38 /
INFO: [ app_init ] --START--
INFO: Run Behavior\BuildLiteBehavior [ RunTime:0.000016s ]
INFO: [ app_init ] --END-- [ RunTime:0.000334s ]
INFO: [ app_begin ] --START--
INFO: Run Behavior\ReadHtmlCacheBehavior [ RunTime:0.000409s ]
INFO: [ app_begin ] --END-- [ RunTime:0.000459s ]
SQL: SHOW COLUMNS FROM `wfx_set` [ RunTime:0.0011s ]
SQL: SELECT * FROM `wfx_set` LIMIT 1   [ RunTime:0.0003s ]
SQL: SHOW COLUMNS FROM `wfx_cms_set` [ RunTime:0.0007s ]
SQL: SELECT * FROM `wfx_cms_set` LIMIT 1   [ RunTime:0.0002s ]
SQL: SHOW COLUMNS FROM `wfx_shop_set` [ RunTime:0.0009s ]
SQL: SELECT * FROM `wfx_shop_set` LIMIT 1   [ RunTime:0.0003s ]

[ 2017-05-29T18:57:35+08:00 ] 49.80.82.4 /favicon.ico
INFO: [ app_init ] --START--
INFO: Run Behavior\BuildLiteBehavior [ RunTime:0.000015s ]
INFO: [ app_init ] --END-- [ RunTime:0.000333s ]

[ 2017-05-29T20:01:28+08:00 ] 140.207.54.144 /
INFO: [ app_init ] --START--
INFO: Run Behavior\BuildLiteBehavior [ RunTime:0.000016s ]
INFO: [ app_init ] --END-- [ RunTime:0.000316s ]
INFO: [ app_begin ] --START--
INFO: Run Behavior\ReadHtmlCacheBehavior [ RunTime:0.000459s ]
INFO: [ app_begin ] --END-- [ RunTime:0.000509s ]
SQL: SHOW COLUMNS FROM `wfx_set` [ RunTime:0.0011s ]
SQL: SELECT * FROM `wfx_set` LIMIT 1   [ RunTime:0.0004s ]
SQL: SHOW COLUMNS FROM `wfx_cms_set` [ RunTime:0.0014s ]
SQL: SELECT * FROM `wfx_cms_set` LIMIT 1   [ RunTime:0.0003s ]
SQL: SHOW COLUMNS FROM `wfx_shop_set` [ RunTime:0.0014s ]
SQL: SELECT * FROM `wfx_shop_set` LIMIT 1   [ RunTime:0.0003s ]

[ 2017-05-29T20:01:28+08:00 ] 117.185.24.152 /
INFO: [ app_init ] --START--
INFO: Run Behavior\BuildLiteBehavior [ RunTime:0.000015s ]
INFO: [ app_init ] --END-- [ RunTime:0.000307s ]
INFO: [ app_begin ] --START--
INFO: Run Behavior\ReadHtmlCacheBehavior [ RunTime:0.000411s ]
INFO: [ app_begin ] --END-- [ RunTime:0.000461s ]
SQL: SHOW COLUMNS FROM `wfx_set` [ RunTime:0.0010s ]
SQL: SELECT * FROM `wfx_set` LIMIT 1   [ RunTime:0.0002s ]
SQL: SHOW COLUMNS FROM `wfx_cms_set` [ RunTime:0.0006s ]
SQL: SELECT * FROM `wfx_cms_set` LIMIT 1   [ RunTime:0.0002s ]
SQL: SHOW COLUMNS FROM `wfx_shop_set` [ RunTime:0.0009s ]
SQL: SELECT * FROM `wfx_shop_set` LIMIT 1   [ RunTime:0.0002s ]

