[ 2017-05-22T11:13:15+08:00 ] 180.163.2.117 /
INFO: [ app_init ] --START--
INFO: Run Behavior\BuildLiteBehavior [ RunTime:0.000020s ]
INFO: [ app_init ] --END-- [ RunTime:0.000343s ]
INFO: [ app_begin ] --START--
INFO: Run Behavior\ReadHtmlCacheBehavior [ RunTime:0.000423s ]
INFO: [ app_begin ] --END-- [ RunTime:0.000472s ]
SQL: SHOW COLUMNS FROM `wfx_set` [ RunTime:0.0017s ]
SQL: SELECT * FROM `wfx_set` LIMIT 1   [ RunTime:0.0002s ]
SQL: SHOW COLUMNS FROM `wfx_cms_set` [ RunTime:0.0011s ]
SQL: SELECT * FROM `wfx_cms_set` LIMIT 1   [ RunTime:0.0002s ]
SQL: SHOW COLUMNS FROM `wfx_shop_set` [ RunTime:0.0014s ]
SQL: SELECT * FROM `wfx_shop_set` LIMIT 1   [ RunTime:0.0002s ]

[ 2017-05-22T11:13:16+08:00 ] 180.163.2.117 /Multi/Public/login
ERR: Cron:天天返现 Runat 2017-05-22 11:13:16 Use 0.009571 s

[ 2017-05-22T11:13:16+08:00 ] 180.163.2.117 /Multi/Public/login
INFO: [ app_init ] --START--
INFO: Run Behavior\BuildLiteBehavior [ RunTime:0.000017s ]
INFO: [ app_init ] --END-- [ RunTime:0.000343s ]
INFO: [ app_begin ] --START--
INFO: Run Behavior\ReadHtmlCacheBehavior [ RunTime:0.000423s ]
INFO: [ app_begin ] --END-- [ RunTime:0.000484s ]
SQL: SHOW COLUMNS FROM `wfx_set` [ RunTime:0.0014s ]
SQL: SELECT * FROM `wfx_set` LIMIT 1   [ RunTime:0.0003s ]
SQL: SHOW COLUMNS FROM `wfx_cms_set` [ RunTime:0.0009s ]
SQL: SELECT * FROM `wfx_cms_set` LIMIT 1   [ RunTime:0.0002s ]
SQL: SHOW COLUMNS FROM `wfx_shop_set` [ RunTime:0.0011s ]
SQL: SELECT * FROM `wfx_shop_set` LIMIT 1   [ RunTime:0.0003s ]
NOTIC: [8] Undefined index: usid /alidata/www/wemall/Application/Multi/Controller/PublicController.class.php 第 43 行.
INFO: [ view_parse ] --START--
INFO: [ template_filter ] --START--
INFO: Run Behavior\ContentReplaceBehavior [ RunTime:0.000055s ]
INFO: [ template_filter ] --END-- [ RunTime:0.000106s ]
INFO: Run Behavior\ParseTemplateBehavior [ RunTime:0.006441s ]
INFO: [ view_parse ] --END-- [ RunTime:0.006490s ]
INFO: [ view_filter ] --START--
INFO: Run Behavior\WriteHtmlCacheBehavior [ RunTime:0.000153s ]
INFO: Run Behavior\TokenBuildBehavior [ RunTime:0.000279s ]
INFO: [ view_filter ] --END-- [ RunTime:0.000509s ]
INFO: [ action_end ] --START--
INFO: Run Behavior\CronRunBehavior [ RunTime:0.010622s ]
INFO: [ action_end ] --END-- [ RunTime:0.010684s ]
INFO: [ app_end ] --START--
INFO: Run Behavior\ShowPageTraceBehavior [ RunTime:0.000481s ]
INFO: [ app_end ] --END-- [ RunTime:0.000527s ]

[ 2017-05-22T11:13:16+08:00 ] 112.124.19.15 /wfx/App/Shop/cashback
INFO: [ app_init ] --START--
INFO: Run Behavior\BuildLiteBehavior [ RunTime:0.000014s ]
INFO: [ app_init ] --END-- [ RunTime:0.000304s ]
INFO: [ app_begin ] --START--
INFO: Run Behavior\ReadHtmlCacheBehavior [ RunTime:0.000411s ]
INFO: [ app_begin ] --END-- [ RunTime:0.000459s ]
ERR: 无法加载控制器:Wfx

[ 2017-05-22T15:27:25+08:00 ] 61.151.226.189 /Multi/Public/shopList
INFO: [ app_init ] --START--
INFO: Run Behavior\BuildLiteBehavior [ RunTime:0.000015s ]
INFO: [ app_init ] --END-- [ RunTime:0.000322s ]
INFO: [ app_begin ] --START--
INFO: Run Behavior\ReadHtmlCacheBehavior [ RunTime:0.000429s ]
INFO: [ app_begin ] --END-- [ RunTime:0.000480s ]
SQL: SHOW COLUMNS FROM `wfx_set` [ RunTime:0.0010s ]
SQL: SELECT * FROM `wfx_set` LIMIT 1   [ RunTime:0.0002s ]
SQL: SHOW COLUMNS FROM `wfx_cms_set` [ RunTime:0.0009s ]
SQL: SELECT * FROM `wfx_cms_set` LIMIT 1   [ RunTime:0.0002s ]
SQL: SHOW COLUMNS FROM `wfx_shop_set` [ RunTime:0.0011s ]
SQL: SELECT * FROM `wfx_shop_set` LIMIT 1   [ RunTime:0.0002s ]

[ 2017-05-22T15:27:25+08:00 ] 61.151.226.189 /Multi/Public/login
INFO: [ app_init ] --START--
INFO: Run Behavior\BuildLiteBehavior [ RunTime:0.000018s ]
INFO: [ app_init ] --END-- [ RunTime:0.000328s ]
INFO: [ app_begin ] --START--
INFO: Run Behavior\ReadHtmlCacheBehavior [ RunTime:0.000515s ]
INFO: [ app_begin ] --END-- [ RunTime:0.002433s ]
SQL: SHOW COLUMNS FROM `wfx_set` [ RunTime:0.0014s ]
SQL: SELECT * FROM `wfx_set` LIMIT 1   [ RunTime:0.0003s ]
SQL: SHOW COLUMNS FROM `wfx_cms_set` [ RunTime:0.0009s ]
SQL: SELECT * FROM `wfx_cms_set` LIMIT 1   [ RunTime:0.0002s ]
SQL: SHOW COLUMNS FROM `wfx_shop_set` [ RunTime:0.0012s ]
SQL: SELECT * FROM `wfx_shop_set` LIMIT 1   [ RunTime:0.0003s ]
NOTIC: [8] Undefined index: usid /alidata/www/wemall/Application/Multi/Controller/PublicController.class.php 第 43 行.
INFO: [ view_parse ] --START--
INFO: [ template_filter ] --START--
INFO: Run Behavior\ContentReplaceBehavior [ RunTime:0.000055s ]
INFO: [ template_filter ] --END-- [ RunTime:0.000107s ]
INFO: Run Behavior\ParseTemplateBehavior [ RunTime:0.006341s ]
INFO: [ view_parse ] --END-- [ RunTime:0.006389s ]
INFO: [ view_filter ] --START--
INFO: Run Behavior\WriteHtmlCacheBehavior [ RunTime:0.000164s ]
INFO: Run Behavior\TokenBuildBehavior [ RunTime:0.000242s ]
INFO: [ view_filter ] --END-- [ RunTime:0.000474s ]
INFO: [ action_end ] --START--
INFO: Run Behavior\CronRunBehavior [ RunTime:0.000400s ]
INFO: [ action_end ] --END-- [ RunTime:0.000448s ]
INFO: [ app_end ] --START--
INFO: Run Behavior\ShowPageTraceBehavior [ RunTime:0.000450s ]
INFO: [ app_end ] --END-- [ RunTime:0.000499s ]

[ 2017-05-22T19:47:26+08:00 ] 180.163.2.118 /Multi/Public/shopList
INFO: [ app_init ] --START--
INFO: Run Behavior\BuildLiteBehavior [ RunTime:0.000016s ]
INFO: [ app_init ] --END-- [ RunTime:0.000345s ]
INFO: [ app_begin ] --START--
INFO: Run Behavior\ReadHtmlCacheBehavior [ RunTime:0.000402s ]
INFO: [ app_begin ] --END-- [ RunTime:0.000450s ]
SQL: SHOW COLUMNS FROM `wfx_set` [ RunTime:0.0017s ]
SQL: SELECT * FROM `wfx_set` LIMIT 1   [ RunTime:0.0002s ]
SQL: SHOW COLUMNS FROM `wfx_cms_set` [ RunTime:0.0011s ]
SQL: SELECT * FROM `wfx_cms_set` LIMIT 1   [ RunTime:0.0002s ]
SQL: SHOW COLUMNS FROM `wfx_shop_set` [ RunTime:0.0013s ]
SQL: SELECT * FROM `wfx_shop_set` LIMIT 1   [ RunTime:0.0003s ]

[ 2017-05-22T19:47:26+08:00 ] 180.163.2.118 /Multi/Public/login
INFO: [ app_init ] --START--
INFO: Run Behavior\BuildLiteBehavior [ RunTime:0.000014s ]
INFO: [ app_init ] --END-- [ RunTime:0.000302s ]
INFO: [ app_begin ] --START--
INFO: Run Behavior\ReadHtmlCacheBehavior [ RunTime:0.000402s ]
INFO: [ app_begin ] --END-- [ RunTime:0.000456s ]
SQL: SHOW COLUMNS FROM `wfx_set` [ RunTime:0.0012s ]
SQL: SELECT * FROM `wfx_set` LIMIT 1   [ RunTime:0.0002s ]
SQL: SHOW COLUMNS FROM `wfx_cms_set` [ RunTime:0.0009s ]
SQL: SELECT * FROM `wfx_cms_set` LIMIT 1   [ RunTime:0.0002s ]
SQL: SHOW COLUMNS FROM `wfx_shop_set` [ RunTime:0.0011s ]
SQL: SELECT * FROM `wfx_shop_set` LIMIT 1   [ RunTime:0.0002s ]
NOTIC: [8] Undefined index: usid /alidata/www/wemall/Application/Multi/Controller/PublicController.class.php 第 43 行.
INFO: [ view_parse ] --START--
INFO: [ template_filter ] --START--
INFO: Run Behavior\ContentReplaceBehavior [ RunTime:0.000048s ]
INFO: [ template_filter ] --END-- [ RunTime:0.000094s ]
INFO: Run Behavior\ParseTemplateBehavior [ RunTime:0.006163s ]
INFO: [ view_parse ] --END-- [ RunTime:0.006212s ]
INFO: [ view_filter ] --START--
INFO: Run Behavior\WriteHtmlCacheBehavior [ RunTime:0.000163s ]
INFO: Run Behavior\TokenBuildBehavior [ RunTime:0.000229s ]
INFO: [ view_filter ] --END-- [ RunTime:0.000459s ]
INFO: [ action_end ] --START--
INFO: Run Behavior\CronRunBehavior [ RunTime:0.000396s ]
INFO: [ action_end ] --END-- [ RunTime:0.000446s ]
INFO: [ app_end ] --START--
INFO: Run Behavior\ShowPageTraceBehavior [ RunTime:0.000429s ]
INFO: [ app_end ] --END-- [ RunTime:0.000469s ]

