[ 2018-05-14T14:31:57+08:00 ] 127.0.0.1 /Multi/Public/login
ERR: Cron:天天返现 Runat 2018-05-14 14:31:57 Use 0.013715 s

[ 2018-05-14T14:31:57+08:00 ] 127.0.0.1 /Multi/Public/login
INFO: [ app_init ] --START--
INFO: Run Behavior\BuildLiteBehavior [ RunTime:0.000036s ]
INFO: [ app_init ] --END-- [ RunTime:0.001438s ]
INFO: [ app_begin ] --START--
INFO: Run Behavior\ReadHtmlCacheBehavior [ RunTime:0.002643s ]
INFO: [ app_begin ] --END-- [ RunTime:0.002815s ]
NOTIC: [8] A session had already been started - ignoring session_start() E:\wamp64\www\daoyunshang\ThinkPHP\Common\functions.php 第 1263 行.
SQL: SHOW COLUMNS FROM `wfx_set` [ RunTime:0.0132s ]
SQL: SELECT * FROM `wfx_set` LIMIT 1   [ RunTime:0.0142s ]
SQL: SHOW COLUMNS FROM `wfx_cms_set` [ RunTime:0.0131s ]
SQL: SELECT * FROM `wfx_cms_set` LIMIT 1   [ RunTime:0.0130s ]
SQL: SHOW COLUMNS FROM `wfx_shop_set` [ RunTime:0.0166s ]
SQL: SELECT * FROM `wfx_shop_set` LIMIT 1   [ RunTime:0.0153s ]
NOTIC: [8] Undefined index: usid E:\wamp64\www\daoyunshang\Application\Multi\Controller\PublicController.class.php 第 43 行.
INFO: [ view_parse ] --START--
INFO: [ template_filter ] --START--
INFO: Run Behavior\ContentReplaceBehavior [ RunTime:0.000112s ]
INFO: [ template_filter ] --END-- [ RunTime:0.000255s ]
INFO: Run Behavior\ParseTemplateBehavior [ RunTime:0.029350s ]
INFO: [ view_parse ] --END-- [ RunTime:0.029605s ]
INFO: [ view_filter ] --START--
INFO: Run Behavior\WriteHtmlCacheBehavior [ RunTime:0.002722s ]
INFO: Run Behavior\TokenBuildBehavior [ RunTime:0.001890s ]
INFO: [ view_filter ] --END-- [ RunTime:0.004871s ]
INFO: [ action_end ] --START--
INFO: Run Behavior\CronRunBehavior [ RunTime:0.043490s ]
INFO: [ action_end ] --END-- [ RunTime:0.043700s ]
INFO: [ app_end ] --START--
INFO: Run Behavior\ShowPageTraceBehavior [ RunTime:0.008482s ]
INFO: [ app_end ] --END-- [ RunTime:0.008720s ]

[ 2018-05-14T14:31:58+08:00 ] 127.0.0.1 /Multi/Public/verify
INFO: [ app_init ] --START--
INFO: Run Behavior\BuildLiteBehavior [ RunTime:0.000034s ]
INFO: [ app_init ] --END-- [ RunTime:0.001138s ]
INFO: [ app_begin ] --START--
INFO: Run Behavior\ReadHtmlCacheBehavior [ RunTime:0.002809s ]
INFO: [ app_begin ] --END-- [ RunTime:0.003025s ]
NOTIC: [8] A session had already been started - ignoring session_start() E:\wamp64\www\daoyunshang\ThinkPHP\Common\functions.php 第 1263 行.
SQL: SHOW COLUMNS FROM `wfx_set` [ RunTime:0.0139s ]
SQL: SELECT * FROM `wfx_set` LIMIT 1   [ RunTime:0.0137s ]
SQL: SHOW COLUMNS FROM `wfx_cms_set` [ RunTime:0.0135s ]
SQL: SELECT * FROM `wfx_cms_set` LIMIT 1   [ RunTime:0.0129s ]
SQL: SHOW COLUMNS FROM `wfx_shop_set` [ RunTime:0.0134s ]
SQL: SELECT * FROM `wfx_shop_set` LIMIT 1   [ RunTime:0.0131s ]
INFO: [ action_end ] --START--
INFO: Run Behavior\CronRunBehavior [ RunTime:0.007339s ]
INFO: [ action_end ] --END-- [ RunTime:0.007617s ]
INFO: [ app_end ] --START--
INFO: Run Behavior\ShowPageTraceBehavior [ RunTime:0.003018s ]
INFO: [ app_end ] --END-- [ RunTime:0.003257s ]

[ 2018-05-14T14:31:58+08:00 ] 127.0.0.1 /Multi/Public/verify
INFO: [ app_init ] --START--
INFO: Run Behavior\BuildLiteBehavior [ RunTime:0.000056s ]
INFO: [ app_init ] --END-- [ RunTime:0.005570s ]
INFO: [ app_begin ] --START--
INFO: Run Behavior\ReadHtmlCacheBehavior [ RunTime:0.002162s ]
INFO: [ app_begin ] --END-- [ RunTime:0.002379s ]
NOTIC: [8] A session had already been started - ignoring session_start() E:\wamp64\www\daoyunshang\ThinkPHP\Common\functions.php 第 1263 行.
SQL: SHOW COLUMNS FROM `wfx_set` [ RunTime:0.0153s ]
SQL: SELECT * FROM `wfx_set` LIMIT 1   [ RunTime:0.0156s ]
SQL: SHOW COLUMNS FROM `wfx_cms_set` [ RunTime:0.0158s ]
SQL: SELECT * FROM `wfx_cms_set` LIMIT 1   [ RunTime:0.0145s ]
SQL: SHOW COLUMNS FROM `wfx_shop_set` [ RunTime:0.0158s ]
SQL: SELECT * FROM `wfx_shop_set` LIMIT 1   [ RunTime:0.0154s ]
INFO: [ action_end ] --START--
INFO: Run Behavior\CronRunBehavior [ RunTime:0.004936s ]
INFO: [ action_end ] --END-- [ RunTime:0.005156s ]
INFO: [ app_end ] --START--
INFO: Run Behavior\ShowPageTraceBehavior [ RunTime:0.004521s ]
INFO: [ app_end ] --END-- [ RunTime:0.004753s ]

