[ 2018-04-23T09:01:22+08:00 ] 127.0.0.1 /Multi/Index/index
INFO: [ app_init ] --START--
INFO: Run Behavior\BuildLiteBehavior [ RunTime:0.000035s ]
INFO: [ app_init ] --END-- [ RunTime:0.001803s ]
INFO: [ app_begin ] --START--
INFO: Run Behavior\ReadHtmlCacheBehavior [ RunTime:0.001769s ]
INFO: [ app_begin ] --END-- [ RunTime:0.001968s ]
NOTIC: [8] A session had already been started - ignoring session_start() E:\wamp64\www\daoyunshang\ThinkPHP\Common\functions.php 第 1263 行.
SQL: SHOW COLUMNS FROM `wfx_set` [ RunTime:0.0127s ]
SQL: SELECT * FROM `wfx_set` LIMIT 1   [ RunTime:0.0127s ]
SQL: SHOW COLUMNS FROM `wfx_cms_set` [ RunTime:0.0125s ]
SQL: SELECT * FROM `wfx_cms_set` LIMIT 1   [ RunTime:0.0121s ]
SQL: SHOW COLUMNS FROM `wfx_shop_set` [ RunTime:0.0123s ]
SQL: SELECT * FROM `wfx_shop_set` LIMIT 1   [ RunTime:0.0125s ]

[ 2018-04-23T09:01:23+08:00 ] 127.0.0.1 /Multi/Index/index
INFO: [ app_init ] --START--
INFO: Run Behavior\BuildLiteBehavior [ RunTime:0.000030s ]
INFO: [ app_init ] --END-- [ RunTime:0.000760s ]
INFO: [ app_begin ] --START--
INFO: Run Behavior\ReadHtmlCacheBehavior [ RunTime:0.000765s ]
INFO: [ app_begin ] --END-- [ RunTime:0.000911s ]
NOTIC: [8] A session had already been started - ignoring session_start() E:\wamp64\www\daoyunshang\ThinkPHP\Common\functions.php 第 1263 行.
SQL: SHOW COLUMNS FROM `wfx_set` [ RunTime:0.0130s ]
SQL: SELECT * FROM `wfx_set` LIMIT 1   [ RunTime:0.0137s ]
SQL: SHOW COLUMNS FROM `wfx_cms_set` [ RunTime:0.0133s ]
SQL: SELECT * FROM `wfx_cms_set` LIMIT 1   [ RunTime:0.0128s ]
SQL: SHOW COLUMNS FROM `wfx_shop_set` [ RunTime:0.0127s ]
SQL: SELECT * FROM `wfx_shop_set` LIMIT 1   [ RunTime:0.0126s ]

[ 2018-04-23T09:01:23+08:00 ] 127.0.0.1 /Multi/Public/login
ERR: Cron:天天返现 Runat 2018-04-23 09:01:23 Use 0.049229 s

[ 2018-04-23T09:01:23+08:00 ] 127.0.0.1 /Multi/Public/login
INFO: [ app_init ] --START--
INFO: Run Behavior\BuildLiteBehavior [ RunTime:0.000035s ]
INFO: [ app_init ] --END-- [ RunTime:0.001093s ]
INFO: [ app_begin ] --START--
INFO: Run Behavior\ReadHtmlCacheBehavior [ RunTime:0.001586s ]
INFO: [ app_begin ] --END-- [ RunTime:0.001752s ]
NOTIC: [8] A session had already been started - ignoring session_start() E:\wamp64\www\daoyunshang\ThinkPHP\Common\functions.php 第 1263 行.
SQL: SHOW COLUMNS FROM `wfx_set` [ RunTime:0.0127s ]
SQL: SELECT * FROM `wfx_set` LIMIT 1   [ RunTime:0.0126s ]
SQL: SHOW COLUMNS FROM `wfx_cms_set` [ RunTime:0.0121s ]
SQL: SELECT * FROM `wfx_cms_set` LIMIT 1   [ RunTime:0.0128s ]
SQL: SHOW COLUMNS FROM `wfx_shop_set` [ RunTime:0.0129s ]
SQL: SELECT * FROM `wfx_shop_set` LIMIT 1   [ RunTime:0.0132s ]
NOTIC: [8] Undefined index: usid E:\wamp64\www\daoyunshang\Application\Multi\Controller\PublicController.class.php 第 43 行.
INFO: [ view_parse ] --START--
INFO: [ template_filter ] --START--
INFO: Run Behavior\ContentReplaceBehavior [ RunTime:0.000125s ]
INFO: [ template_filter ] --END-- [ RunTime:0.000288s ]
INFO: Run Behavior\ParseTemplateBehavior [ RunTime:0.191917s ]
INFO: [ view_parse ] --END-- [ RunTime:0.192152s ]
INFO: [ view_filter ] --START--
INFO: Run Behavior\WriteHtmlCacheBehavior [ RunTime:0.001984s ]
INFO: Run Behavior\TokenBuildBehavior [ RunTime:0.001981s ]
INFO: [ view_filter ] --END-- [ RunTime:0.004190s ]
INFO: [ action_end ] --START--
INFO: Run Behavior\CronRunBehavior [ RunTime:0.119871s ]
INFO: [ action_end ] --END-- [ RunTime:0.120141s ]
INFO: [ app_end ] --START--
INFO: Run Behavior\ShowPageTraceBehavior [ RunTime:0.014568s ]
INFO: [ app_end ] --END-- [ RunTime:0.014813s ]

[ 2018-04-23T09:01:25+08:00 ] 127.0.0.1 /Multi/Public/verify
INFO: [ app_init ] --START--
INFO: Run Behavior\BuildLiteBehavior [ RunTime:0.000060s ]
INFO: [ app_init ] --END-- [ RunTime:0.000840s ]
INFO: [ app_begin ] --START--
INFO: Run Behavior\ReadHtmlCacheBehavior [ RunTime:0.000764s ]
INFO: [ app_begin ] --END-- [ RunTime:0.000901s ]
NOTIC: [8] A session had already been started - ignoring session_start() E:\wamp64\www\daoyunshang\ThinkPHP\Common\functions.php 第 1263 行.
SQL: SHOW COLUMNS FROM `wfx_set` [ RunTime:0.0147s ]
SQL: SELECT * FROM `wfx_set` LIMIT 1   [ RunTime:0.0142s ]
SQL: SHOW COLUMNS FROM `wfx_cms_set` [ RunTime:0.0145s ]
SQL: SELECT * FROM `wfx_cms_set` LIMIT 1   [ RunTime:0.0150s ]
SQL: SHOW COLUMNS FROM `wfx_shop_set` [ RunTime:0.0149s ]
SQL: SELECT * FROM `wfx_shop_set` LIMIT 1   [ RunTime:0.0145s ]
INFO: [ action_end ] --START--
INFO: Run Behavior\CronRunBehavior [ RunTime:0.003840s ]
INFO: [ action_end ] --END-- [ RunTime:0.004015s ]
INFO: [ app_end ] --START--
INFO: Run Behavior\ShowPageTraceBehavior [ RunTime:0.002261s ]
INFO: [ app_end ] --END-- [ RunTime:0.002397s ]

[ 2018-04-23T09:01:25+08:00 ] 127.0.0.1 /Multi/Public/verify
INFO: [ app_init ] --START--
INFO: Run Behavior\BuildLiteBehavior [ RunTime:0.000054s ]
INFO: [ app_init ] --END-- [ RunTime:0.001241s ]
INFO: [ app_begin ] --START--
INFO: Run Behavior\ReadHtmlCacheBehavior [ RunTime:0.001946s ]
INFO: [ app_begin ] --END-- [ RunTime:0.002203s ]
NOTIC: [8] A session had already been started - ignoring session_start() E:\wamp64\www\daoyunshang\ThinkPHP\Common\functions.php 第 1263 行.
SQL: SHOW COLUMNS FROM `wfx_set` [ RunTime:0.0138s ]
SQL: SELECT * FROM `wfx_set` LIMIT 1   [ RunTime:0.0139s ]
SQL: SHOW COLUMNS FROM `wfx_cms_set` [ RunTime:0.0141s ]
SQL: SELECT * FROM `wfx_cms_set` LIMIT 1   [ RunTime:0.0134s ]
SQL: SHOW COLUMNS FROM `wfx_shop_set` [ RunTime:0.0138s ]
SQL: SELECT * FROM `wfx_shop_set` LIMIT 1   [ RunTime:0.0140s ]
INFO: [ action_end ] --START--
INFO: Run Behavior\CronRunBehavior [ RunTime:0.005927s ]
INFO: [ action_end ] --END-- [ RunTime:0.006207s ]
INFO: [ app_end ] --START--
INFO: Run Behavior\ShowPageTraceBehavior [ RunTime:0.003489s ]
INFO: [ app_end ] --END-- [ RunTime:0.003724s ]

[ 2018-04-23T09:01:34+08:00 ] 127.0.0.1 /Multi/Public/login
INFO: [ app_init ] --START--
INFO: Run Behavior\BuildLiteBehavior [ RunTime:0.000028s ]
INFO: [ app_init ] --END-- [ RunTime:0.000818s ]
INFO: [ app_begin ] --START--
INFO: Run Behavior\ReadHtmlCacheBehavior [ RunTime:0.001145s ]
INFO: [ app_begin ] --END-- [ RunTime:0.001309s ]
NOTIC: [8] A session had already been started - ignoring session_start() E:\wamp64\www\daoyunshang\ThinkPHP\Common\functions.php 第 1263 行.
SQL: SHOW COLUMNS FROM `wfx_set` [ RunTime:0.0132s ]
SQL: SELECT * FROM `wfx_set` LIMIT 1   [ RunTime:0.0132s ]
SQL: SHOW COLUMNS FROM `wfx_cms_set` [ RunTime:0.0130s ]
SQL: SELECT * FROM `wfx_cms_set` LIMIT 1   [ RunTime:0.0133s ]
SQL: SHOW COLUMNS FROM `wfx_shop_set` [ RunTime:0.0130s ]
SQL: SELECT * FROM `wfx_shop_set` LIMIT 1   [ RunTime:0.0133s ]
SQL: SHOW COLUMNS FROM `wfx_user` [ RunTime:0.0133s ]
SQL: SELECT * FROM `wfx_user` WHERE `username` = 'jingchun' AND `userpass` = '052df3688fbec53e4e23d7b9751ffc2e' AND `type` = 0 LIMIT 1   [ RunTime:0.0136s ]
SQL: SHOW COLUMNS FROM `wfx_employee` [ RunTime:0.0128s ]
SQL: SELECT * FROM `wfx_employee` WHERE `username` = 'jingchun' AND `userpass` = '052df3688fbec53e4e23d7b9751ffc2e' AND `type` = 0 LIMIT 1   [ RunTime:0.0134s ]

[ 2018-04-23T09:01:34+08:00 ] 127.0.0.1 /Multi/Public/switchShop/id/21
INFO: [ app_init ] --START--
INFO: Run Behavior\BuildLiteBehavior [ RunTime:0.000034s ]
INFO: [ app_init ] --END-- [ RunTime:0.000856s ]
INFO: [ app_begin ] --START--
INFO: Run Behavior\ReadHtmlCacheBehavior [ RunTime:0.001194s ]
INFO: [ app_begin ] --END-- [ RunTime:0.001606s ]
NOTIC: [8] A session had already been started - ignoring session_start() E:\wamp64\www\daoyunshang\ThinkPHP\Common\functions.php 第 1263 行.
SQL: SHOW COLUMNS FROM `wfx_set` [ RunTime:0.0137s ]
SQL: SELECT * FROM `wfx_set` LIMIT 1   [ RunTime:0.0137s ]
SQL: SHOW COLUMNS FROM `wfx_cms_set` [ RunTime:0.0194s ]
SQL: SELECT * FROM `wfx_cms_set` LIMIT 1   [ RunTime:0.0131s ]
SQL: SHOW COLUMNS FROM `wfx_shop_set` [ RunTime:0.0139s ]
SQL: SELECT * FROM `wfx_shop_set` LIMIT 1   [ RunTime:0.0139s ]
NOTIC: [2048] Declaration of Multi\Model\ShopSetModel::add() should be compatible with Think\Model::add($data = '', $options = Array, $replace = false) E:\wamp64\www\daoyunshang\Application\Multi\Model\ShopSetModel.class.php 第 10 行.
SQL: SHOW COLUMNS FROM `wfx_shop_set` [ RunTime:0.0211s ]
SQL: SELECT * FROM `wfx_shop_set` WHERE `id` = 21 LIMIT 1   [ RunTime:0.0295s ]

[ 2018-04-23T09:01:35+08:00 ] 127.0.0.1 /Multi/Index/index
INFO: [ app_init ] --START--
INFO: Run Behavior\BuildLiteBehavior [ RunTime:0.000053s ]
INFO: [ app_init ] --END-- [ RunTime:0.001043s ]
INFO: [ app_begin ] --START--
INFO: Run Behavior\ReadHtmlCacheBehavior [ RunTime:0.001040s ]
INFO: [ app_begin ] --END-- [ RunTime:0.001236s ]
NOTIC: [8] A session had already been started - ignoring session_start() E:\wamp64\www\daoyunshang\ThinkPHP\Common\functions.php 第 1263 行.
SQL: SHOW COLUMNS FROM `wfx_set` [ RunTime:0.0135s ]
SQL: SELECT * FROM `wfx_set` LIMIT 1   [ RunTime:0.0127s ]
SQL: SHOW COLUMNS FROM `wfx_cms_set` [ RunTime:0.0135s ]
SQL: SELECT * FROM `wfx_cms_set` LIMIT 1   [ RunTime:0.0164s ]
SQL: SHOW COLUMNS FROM `wfx_shop_set` [ RunTime:0.0157s ]
SQL: SELECT * FROM `wfx_shop_set` LIMIT 1   [ RunTime:0.0189s ]
SQL: SHOW COLUMNS FROM `wfx_user_oath` [ RunTime:0.0240s ]
SQL: SELECT * FROM `wfx_user_oath`  [ RunTime:0.0273s ]
INFO: [ view_parse ] --START--
INFO: [ template_filter ] --START--
INFO: Run Behavior\ContentReplaceBehavior [ RunTime:0.000683s ]
INFO: [ template_filter ] --END-- [ RunTime:0.000920s ]
INFO: Run Behavior\ParseTemplateBehavior [ RunTime:0.080376s ]
INFO: [ view_parse ] --END-- [ RunTime:0.080531s ]
INFO: [ view_filter ] --START--
INFO: Run Behavior\WriteHtmlCacheBehavior [ RunTime:0.002183s ]
INFO: Run Behavior\TokenBuildBehavior [ RunTime:0.001867s ]
INFO: [ view_filter ] --END-- [ RunTime:0.004344s ]
INFO: [ action_end ] --START--
INFO: Run Behavior\CronRunBehavior [ RunTime:0.005566s ]
INFO: [ action_end ] --END-- [ RunTime:0.005852s ]
INFO: [ app_end ] --START--
INFO: Run Behavior\ShowPageTraceBehavior [ RunTime:0.003641s ]
INFO: [ app_end ] --END-- [ RunTime:0.003835s ]

[ 2018-04-23T09:01:37+08:00 ] 127.0.0.1 /Multi/Shop/set
INFO: [ app_init ] --START--
INFO: Run Behavior\BuildLiteBehavior [ RunTime:0.000030s ]
INFO: [ app_init ] --END-- [ RunTime:0.000904s ]
INFO: [ app_begin ] --START--
INFO: Run Behavior\ReadHtmlCacheBehavior [ RunTime:0.001926s ]
INFO: [ app_begin ] --END-- [ RunTime:0.002110s ]
NOTIC: [8] A session had already been started - ignoring session_start() E:\wamp64\www\daoyunshang\ThinkPHP\Common\functions.php 第 1263 行.
SQL: SHOW COLUMNS FROM `wfx_set` [ RunTime:0.0137s ]
SQL: SELECT * FROM `wfx_set` LIMIT 1   [ RunTime:0.0134s ]
SQL: SHOW COLUMNS FROM `wfx_cms_set` [ RunTime:0.0137s ]
SQL: SELECT * FROM `wfx_cms_set` LIMIT 1   [ RunTime:0.0127s ]
SQL: SHOW COLUMNS FROM `wfx_shop_set` [ RunTime:0.0134s ]
SQL: SELECT * FROM `wfx_shop_set` LIMIT 1   [ RunTime:0.0128s ]
SQL: SELECT * FROM `wfx_shop_set` LIMIT 1   [ RunTime:0.0134s ]
SQL: SHOW COLUMNS FROM `wfx_vip_set` [ RunTime:0.0142s ]
SQL: SELECT * FROM `wfx_vip_set` LIMIT 1   [ RunTime:0.0143s ]
INFO: [ view_parse ] --START--
INFO: [ template_filter ] --START--
INFO: Run Behavior\ContentReplaceBehavior [ RunTime:0.000080s ]
INFO: [ template_filter ] --END-- [ RunTime:0.000187s ]
INFO: Run Behavior\ParseTemplateBehavior [ RunTime:0.015245s ]
INFO: [ view_parse ] --END-- [ RunTime:0.015390s ]
INFO: [ view_filter ] --START--
INFO: Run Behavior\WriteHtmlCacheBehavior [ RunTime:0.001431s ]
INFO: Run Behavior\TokenBuildBehavior [ RunTime:0.001438s ]
INFO: [ view_filter ] --END-- [ RunTime:0.003037s ]
SQL: SELECT * FROM `wfx_shop_set` WHERE `id` = 21 LIMIT 1   [ RunTime:0.0245s ]
INFO: [ view_parse ] --START--
INFO: [ template_filter ] --START--
INFO: Run Behavior\ContentReplaceBehavior [ RunTime:0.000170s ]
INFO: [ template_filter ] --END-- [ RunTime:-0.066979s ]
INFO: Run Behavior\ParseTemplateBehavior [ RunTime:0.055514s ]
INFO: [ view_parse ] --END-- [ RunTime:-0.028924s ]
INFO: [ view_filter ] --START--
INFO: Run Behavior\WriteHtmlCacheBehavior [ RunTime:0.000032s ]
INFO: Run Behavior\TokenBuildBehavior [ RunTime:0.000062s ]
INFO: [ view_filter ] --END-- [ RunTime:-0.081562s ]
INFO: [ action_end ] --START--
INFO: Run Behavior\CronRunBehavior [ RunTime:0.004834s ]
INFO: [ action_end ] --END-- [ RunTime:0.004975s ]
INFO: [ app_end ] --START--
INFO: Run Behavior\ShowPageTraceBehavior [ RunTime:0.002171s ]
INFO: [ app_end ] --END-- [ RunTime:0.002274s ]

[ 2018-04-23T09:15:01+08:00 ] 127.0.0.1 /Multi/Shop/order/status/9
INFO: [ app_init ] --START--
INFO: Run Behavior\BuildLiteBehavior [ RunTime:0.000030s ]
INFO: [ app_init ] --END-- [ RunTime:0.000968s ]
INFO: [ app_begin ] --START--
INFO: Run Behavior\ReadHtmlCacheBehavior [ RunTime:0.001371s ]
INFO: [ app_begin ] --END-- [ RunTime:0.001498s ]
NOTIC: [8] A session had already been started - ignoring session_start() E:\wamp64\www\daoyunshang\ThinkPHP\Common\functions.php 第 1263 行.
SQL: SHOW COLUMNS FROM `wfx_set` [ RunTime:0.0180s ]
SQL: SELECT * FROM `wfx_set` LIMIT 1   [ RunTime:0.0217s ]
SQL: SHOW COLUMNS FROM `wfx_cms_set` [ RunTime:0.0140s ]
SQL: SELECT * FROM `wfx_cms_set` LIMIT 1   [ RunTime:0.0139s ]
SQL: SHOW COLUMNS FROM `wfx_shop_set` [ RunTime:0.0139s ]
SQL: SELECT * FROM `wfx_shop_set` LIMIT 1   [ RunTime:0.0135s ]
SQL: SELECT * FROM `wfx_shop_set` LIMIT 1   [ RunTime:0.0140s ]
SQL: SHOW COLUMNS FROM `wfx_vip_set` [ RunTime:0.0146s ]
SQL: SELECT * FROM `wfx_vip_set` LIMIT 1   [ RunTime:0.0134s ]
INFO: [ view_parse ] --START--
INFO: [ template_filter ] --START--
INFO: Run Behavior\ContentReplaceBehavior [ RunTime:0.000096s ]
INFO: [ template_filter ] --END-- [ RunTime:0.000220s ]
INFO: Run Behavior\ParseTemplateBehavior [ RunTime:0.016278s ]
INFO: [ view_parse ] --END-- [ RunTime:0.016452s ]
INFO: [ view_filter ] --START--
INFO: Run Behavior\WriteHtmlCacheBehavior [ RunTime:0.002069s ]
INFO: Run Behavior\TokenBuildBehavior [ RunTime:0.002136s ]
INFO: [ view_filter ] --END-- [ RunTime:0.004437s ]
SQL: SHOW COLUMNS FROM `wfx_shop_order` [ RunTime:0.0142s ]
NOTIC: [8] Undefined index: p E:\wamp64\www\daoyunshang\Application\Multi\Controller\ShopController.class.php 第 1118 行.
SQL: SELECT * FROM `wfx_shop_order` WHERE `ctime` >= 1524412800 AND `shop_id` = 21 ORDER BY ctime desc LIMIT 0,20   [ RunTime:0.0141s ]
SQL: SELECT COUNT(*) AS tp_count FROM `wfx_shop_order` WHERE `ctime` >= 1524412800 AND `shop_id` = 21 LIMIT 1   [ RunTime:0.0133s ]
NOTIC: [2] Missing argument 6 for Multi\Controller\BaseController::getPage(), called in E:\wamp64\www\daoyunshang\Application\Multi\Controller\ShopController.class.php on line 1145 and defined E:\wamp64\www\daoyunshang\Application\Multi\Controller\BaseController.class.php 第 91 行.
NOTIC: [8] Undefined variable: map E:\wamp64\www\daoyunshang\Application\Multi\Controller\BaseController.class.php 第 103 行.
INFO: [ view_parse ] --START--
INFO: [ template_filter ] --START--
INFO: Run Behavior\ContentReplaceBehavior [ RunTime:0.000179s ]
INFO: [ template_filter ] --END-- [ RunTime:-0.099615s ]
NOTIC: [8] Undefined variable: timeRanges E:\wamp64\www\daoyunshang\Application\Runtime\Cache\Multi\9c45272544b2c1b857272610e9093b69.php 第 37 行.
NOTIC: [8] Undefined variable: name E:\wamp64\www\daoyunshang\Application\Runtime\Cache\Multi\9c45272544b2c1b857272610e9093b69.php 第 42 行.
NOTIC: [8] Undefined variable: oid E:\wamp64\www\daoyunshang\Application\Runtime\Cache\Multi\9c45272544b2c1b857272610e9093b69.php 第 45 行.
INFO: Run Behavior\ParseTemplateBehavior [ RunTime:0.035397s ]
INFO: [ view_parse ] --END-- [ RunTime:-0.071150s ]
INFO: [ view_filter ] --START--
INFO: Run Behavior\WriteHtmlCacheBehavior [ RunTime:0.000035s ]
INFO: Run Behavior\TokenBuildBehavior [ RunTime:0.000099s ]
INFO: [ view_filter ] --END-- [ RunTime:-0.102230s ]
INFO: [ action_end ] --START--
INFO: Run Behavior\CronRunBehavior [ RunTime:0.007101s ]
INFO: [ action_end ] --END-- [ RunTime:0.007314s ]
INFO: [ app_end ] --START--
INFO: Run Behavior\ShowPageTraceBehavior [ RunTime:0.003192s ]
INFO: [ app_end ] --END-- [ RunTime:0.003352s ]

[ 2018-04-23T09:15:02+08:00 ] 127.0.0.1 /Multi/Shop/order
INFO: [ app_init ] --START--
INFO: Run Behavior\BuildLiteBehavior [ RunTime:0.000033s ]
INFO: [ app_init ] --END-- [ RunTime:0.000919s ]
INFO: [ app_begin ] --START--
INFO: Run Behavior\ReadHtmlCacheBehavior [ RunTime:0.001242s ]
INFO: [ app_begin ] --END-- [ RunTime:0.001373s ]
NOTIC: [8] A session had already been started - ignoring session_start() E:\wamp64\www\daoyunshang\ThinkPHP\Common\functions.php 第 1263 行.
SQL: SHOW COLUMNS FROM `wfx_set` [ RunTime:0.0127s ]
SQL: SELECT * FROM `wfx_set` LIMIT 1   [ RunTime:0.0127s ]
SQL: SHOW COLUMNS FROM `wfx_cms_set` [ RunTime:0.0126s ]
SQL: SELECT * FROM `wfx_cms_set` LIMIT 1   [ RunTime:0.0126s ]
SQL: SHOW COLUMNS FROM `wfx_shop_set` [ RunTime:0.0134s ]
SQL: SELECT * FROM `wfx_shop_set` LIMIT 1   [ RunTime:0.0124s ]
SQL: SELECT * FROM `wfx_shop_set` LIMIT 1   [ RunTime:0.0124s ]
SQL: SHOW COLUMNS FROM `wfx_vip_set` [ RunTime:0.0127s ]
SQL: SELECT * FROM `wfx_vip_set` LIMIT 1   [ RunTime:0.0124s ]
INFO: [ view_parse ] --START--
INFO: [ template_filter ] --START--
INFO: Run Behavior\ContentReplaceBehavior [ RunTime:0.000082s ]
INFO: [ template_filter ] --END-- [ RunTime:0.000201s ]
INFO: Run Behavior\ParseTemplateBehavior [ RunTime:0.015882s ]
INFO: [ view_parse ] --END-- [ RunTime:0.016079s ]
INFO: [ view_filter ] --START--
INFO: Run Behavior\WriteHtmlCacheBehavior [ RunTime:0.002033s ]
INFO: Run Behavior\TokenBuildBehavior [ RunTime:0.001626s ]
INFO: [ view_filter ] --END-- [ RunTime:0.003910s ]
SQL: SHOW COLUMNS FROM `wfx_shop_order` [ RunTime:0.0130s ]
NOTIC: [8] Undefined index: p E:\wamp64\www\daoyunshang\Application\Multi\Controller\ShopController.class.php 第 1118 行.
SQL: SELECT * FROM `wfx_shop_order` WHERE `shop_id` = 21 ORDER BY ctime desc LIMIT 0,20   [ RunTime:0.0123s ]
SQL: SELECT COUNT(*) AS tp_count FROM `wfx_shop_order` WHERE `shop_id` = 21 LIMIT 1   [ RunTime:0.0120s ]
NOTIC: [2] Missing argument 6 for Multi\Controller\BaseController::getPage(), called in E:\wamp64\www\daoyunshang\Application\Multi\Controller\ShopController.class.php on line 1145 and defined E:\wamp64\www\daoyunshang\Application\Multi\Controller\BaseController.class.php 第 91 行.
NOTIC: [8] Undefined variable: map E:\wamp64\www\daoyunshang\Application\Multi\Controller\BaseController.class.php 第 103 行.
INFO: [ view_parse ] --START--
INFO: [ template_filter ] --START--
INFO: Run Behavior\ContentReplaceBehavior [ RunTime:0.000199s ]
INFO: [ template_filter ] --END-- [ RunTime:-0.067463s ]
NOTIC: [8] Undefined variable: timeRanges E:\wamp64\www\daoyunshang\Application\Runtime\Cache\Multi\9c45272544b2c1b857272610e9093b69.php 第 37 行.
NOTIC: [8] Undefined variable: name E:\wamp64\www\daoyunshang\Application\Runtime\Cache\Multi\9c45272544b2c1b857272610e9093b69.php 第 42 行.
NOTIC: [8] Undefined variable: oid E:\wamp64\www\daoyunshang\Application\Runtime\Cache\Multi\9c45272544b2c1b857272610e9093b69.php 第 45 行.
INFO: Run Behavior\ParseTemplateBehavior [ RunTime:0.025344s ]
INFO: [ view_parse ] --END-- [ RunTime:-0.047941s ]
INFO: [ view_filter ] --START--
INFO: Run Behavior\WriteHtmlCacheBehavior [ RunTime:0.000037s ]
INFO: Run Behavior\TokenBuildBehavior [ RunTime:0.000052s ]
INFO: [ view_filter ] --END-- [ RunTime:-0.069531s ]
INFO: [ action_end ] --START--
INFO: Run Behavior\CronRunBehavior [ RunTime:0.006797s ]
INFO: [ action_end ] --END-- [ RunTime:0.006975s ]
INFO: [ app_end ] --START--
INFO: Run Behavior\ShowPageTraceBehavior [ RunTime:0.003945s ]
INFO: [ app_end ] --END-- [ RunTime:0.004108s ]

[ 2018-04-23T09:15:03+08:00 ] 127.0.0.1 /Multi/Shop/order/status/1
INFO: [ app_init ] --START--
INFO: Run Behavior\BuildLiteBehavior [ RunTime:0.000030s ]
INFO: [ app_init ] --END-- [ RunTime:0.000892s ]
INFO: [ app_begin ] --START--
INFO: Run Behavior\ReadHtmlCacheBehavior [ RunTime:0.001210s ]
INFO: [ app_begin ] --END-- [ RunTime:0.001341s ]
NOTIC: [8] A session had already been started - ignoring session_start() E:\wamp64\www\daoyunshang\ThinkPHP\Common\functions.php 第 1263 行.
SQL: SHOW COLUMNS FROM `wfx_set` [ RunTime:0.0133s ]
SQL: SELECT * FROM `wfx_set` LIMIT 1   [ RunTime:0.0140s ]
SQL: SHOW COLUMNS FROM `wfx_cms_set` [ RunTime:0.0132s ]
SQL: SELECT * FROM `wfx_cms_set` LIMIT 1   [ RunTime:0.0129s ]
SQL: SHOW COLUMNS FROM `wfx_shop_set` [ RunTime:0.0140s ]
SQL: SELECT * FROM `wfx_shop_set` LIMIT 1   [ RunTime:0.0128s ]
SQL: SELECT * FROM `wfx_shop_set` LIMIT 1   [ RunTime:0.0134s ]
SQL: SHOW COLUMNS FROM `wfx_vip_set` [ RunTime:0.0131s ]
SQL: SELECT * FROM `wfx_vip_set` LIMIT 1   [ RunTime:0.0129s ]
INFO: [ view_parse ] --START--
INFO: [ template_filter ] --START--
INFO: Run Behavior\ContentReplaceBehavior [ RunTime:0.000083s ]
INFO: [ template_filter ] --END-- [ RunTime:0.000204s ]
INFO: Run Behavior\ParseTemplateBehavior [ RunTime:0.015613s ]
INFO: [ view_parse ] --END-- [ RunTime:0.015786s ]
INFO: [ view_filter ] --START--
INFO: Run Behavior\WriteHtmlCacheBehavior [ RunTime:0.001476s ]
INFO: Run Behavior\TokenBuildBehavior [ RunTime:0.001430s ]
INFO: [ view_filter ] --END-- [ RunTime:0.003088s ]
SQL: SHOW COLUMNS FROM `wfx_shop_order` [ RunTime:0.0136s ]
NOTIC: [8] Undefined index: p E:\wamp64\www\daoyunshang\Application\Multi\Controller\ShopController.class.php 第 1118 行.
SQL: SELECT * FROM `wfx_shop_order` WHERE `status` = 1 AND `shop_id` = 21 ORDER BY ctime desc LIMIT 0,20   [ RunTime:0.0129s ]
SQL: SELECT COUNT(*) AS tp_count FROM `wfx_shop_order` WHERE `status` = 1 AND `shop_id` = 21 LIMIT 1   [ RunTime:0.0125s ]
NOTIC: [2] Missing argument 6 for Multi\Controller\BaseController::getPage(), called in E:\wamp64\www\daoyunshang\Application\Multi\Controller\ShopController.class.php on line 1145 and defined E:\wamp64\www\daoyunshang\Application\Multi\Controller\BaseController.class.php 第 91 行.
NOTIC: [8] Undefined variable: map E:\wamp64\www\daoyunshang\Application\Multi\Controller\BaseController.class.php 第 103 行.
INFO: [ view_parse ] --START--
INFO: [ template_filter ] --START--
INFO: Run Behavior\ContentReplaceBehavior [ RunTime:0.000195s ]
INFO: [ template_filter ] --END-- [ RunTime:-0.066356s ]
NOTIC: [8] Undefined variable: timeRanges E:\wamp64\www\daoyunshang\Application\Runtime\Cache\Multi\9c45272544b2c1b857272610e9093b69.php 第 37 行.
NOTIC: [8] Undefined variable: name E:\wamp64\www\daoyunshang\Application\Runtime\Cache\Multi\9c45272544b2c1b857272610e9093b69.php 第 42 行.
NOTIC: [8] Undefined variable: oid E:\wamp64\www\daoyunshang\Application\Runtime\Cache\Multi\9c45272544b2c1b857272610e9093b69.php 第 45 行.
INFO: Run Behavior\ParseTemplateBehavior [ RunTime:0.023295s ]
INFO: [ view_parse ] --END-- [ RunTime:-0.048700s ]
INFO: [ view_filter ] --START--
INFO: Run Behavior\WriteHtmlCacheBehavior [ RunTime:0.000036s ]
INFO: Run Behavior\TokenBuildBehavior [ RunTime:0.000082s ]
INFO: [ view_filter ] --END-- [ RunTime:-0.069032s ]
INFO: [ action_end ] --START--
INFO: Run Behavior\CronRunBehavior [ RunTime:0.005682s ]
INFO: [ action_end ] --END-- [ RunTime:0.005871s ]
INFO: [ app_end ] --START--
INFO: Run Behavior\ShowPageTraceBehavior [ RunTime:0.003777s ]
INFO: [ app_end ] --END-- [ RunTime:0.003937s ]

[ 2018-04-23T10:39:03+08:00 ] 127.0.0.1 /Multi/Shop/order/status/0
INFO: [ app_init ] --START--
INFO: Run Behavior\BuildLiteBehavior [ RunTime:0.000029s ]
INFO: [ app_init ] --END-- [ RunTime:0.001378s ]
INFO: [ app_begin ] --START--
INFO: Run Behavior\ReadHtmlCacheBehavior [ RunTime:0.001371s ]
INFO: [ app_begin ] --END-- [ RunTime:0.001492s ]
NOTIC: [8] A session had already been started - ignoring session_start() E:\wamp64\www\daoyunshang\ThinkPHP\Common\functions.php 第 1263 行.
SQL: SHOW COLUMNS FROM `wfx_set` [ RunTime:0.0132s ]
SQL: SELECT * FROM `wfx_set` LIMIT 1   [ RunTime:0.0134s ]
SQL: SHOW COLUMNS FROM `wfx_cms_set` [ RunTime:0.0129s ]
SQL: SELECT * FROM `wfx_cms_set` LIMIT 1   [ RunTime:0.0134s ]
SQL: SHOW COLUMNS FROM `wfx_shop_set` [ RunTime:0.0134s ]
SQL: SELECT * FROM `wfx_shop_set` LIMIT 1   [ RunTime:0.0128s ]
SQL: SELECT * FROM `wfx_shop_set` LIMIT 1   [ RunTime:0.0124s ]
SQL: SHOW COLUMNS FROM `wfx_vip_set` [ RunTime:0.0128s ]
SQL: SELECT * FROM `wfx_vip_set` LIMIT 1   [ RunTime:0.0128s ]
INFO: [ view_parse ] --START--
INFO: [ template_filter ] --START--
INFO: Run Behavior\ContentReplaceBehavior [ RunTime:0.000081s ]
INFO: [ template_filter ] --END-- [ RunTime:0.000190s ]
INFO: Run Behavior\ParseTemplateBehavior [ RunTime:0.013200s ]
INFO: [ view_parse ] --END-- [ RunTime:0.013325s ]
INFO: [ view_filter ] --START--
INFO: Run Behavior\WriteHtmlCacheBehavior [ RunTime:0.001570s ]
INFO: Run Behavior\TokenBuildBehavior [ RunTime:0.001517s ]
INFO: [ view_filter ] --END-- [ RunTime:0.003295s ]
SQL: SHOW COLUMNS FROM `wfx_shop_order` [ RunTime:0.0138s ]
NOTIC: [8] Undefined index: p E:\wamp64\www\daoyunshang\Application\Multi\Controller\ShopController.class.php 第 1118 行.
SQL: SELECT * FROM `wfx_shop_order` WHERE `status` = 0 AND `shop_id` = 21 ORDER BY ctime desc LIMIT 0,20   [ RunTime:0.0134s ]
SQL: SELECT COUNT(*) AS tp_count FROM `wfx_shop_order` WHERE `status` = 0 AND `shop_id` = 21 LIMIT 1   [ RunTime:0.0123s ]
NOTIC: [2] Missing argument 6 for Multi\Controller\BaseController::getPage(), called in E:\wamp64\www\daoyunshang\Application\Multi\Controller\ShopController.class.php on line 1145 and defined E:\wamp64\www\daoyunshang\Application\Multi\Controller\BaseController.class.php 第 91 行.
NOTIC: [8] Undefined variable: map E:\wamp64\www\daoyunshang\Application\Multi\Controller\BaseController.class.php 第 103 行.
INFO: [ view_parse ] --START--
INFO: [ template_filter ] --START--
INFO: Run Behavior\ContentReplaceBehavior [ RunTime:0.000166s ]
INFO: [ template_filter ] --END-- [ RunTime:-0.062239s ]
NOTIC: [8] Undefined variable: timeRanges E:\wamp64\www\daoyunshang\Application\Runtime\Cache\Multi\9c45272544b2c1b857272610e9093b69.php 第 37 行.
NOTIC: [8] Undefined variable: name E:\wamp64\www\daoyunshang\Application\Runtime\Cache\Multi\9c45272544b2c1b857272610e9093b69.php 第 42 行.
NOTIC: [8] Undefined variable: oid E:\wamp64\www\daoyunshang\Application\Runtime\Cache\Multi\9c45272544b2c1b857272610e9093b69.php 第 45 行.
INFO: Run Behavior\ParseTemplateBehavior [ RunTime:0.020191s ]
INFO: [ view_parse ] --END-- [ RunTime:-0.047940s ]
INFO: [ view_filter ] --START--
INFO: Run Behavior\WriteHtmlCacheBehavior [ RunTime:0.000032s ]
INFO: Run Behavior\TokenBuildBehavior [ RunTime:0.000045s ]
INFO: [ view_filter ] --END-- [ RunTime:-0.064970s ]
INFO: [ action_end ] --START--
INFO: Run Behavior\CronRunBehavior [ RunTime:0.005016s ]
INFO: [ action_end ] --END-- [ RunTime:0.005159s ]
INFO: [ app_end ] --START--
INFO: Run Behavior\ShowPageTraceBehavior [ RunTime:0.002133s ]
INFO: [ app_end ] --END-- [ RunTime:0.002237s ]

[ 2018-04-23T10:39:06+08:00 ] 127.0.0.1 /Multi/Shop/order/status/8
INFO: [ app_init ] --START--
INFO: Run Behavior\BuildLiteBehavior [ RunTime:0.000029s ]
INFO: [ app_init ] --END-- [ RunTime:0.000946s ]
INFO: [ app_begin ] --START--
INFO: Run Behavior\ReadHtmlCacheBehavior [ RunTime:0.001125s ]
INFO: [ app_begin ] --END-- [ RunTime:0.001238s ]
NOTIC: [8] A session had already been started - ignoring session_start() E:\wamp64\www\daoyunshang\ThinkPHP\Common\functions.php 第 1263 行.
SQL: SHOW COLUMNS FROM `wfx_set` [ RunTime:0.0147s ]
SQL: SELECT * FROM `wfx_set` LIMIT 1   [ RunTime:0.0150s ]
SQL: SHOW COLUMNS FROM `wfx_cms_set` [ RunTime:0.0143s ]
SQL: SELECT * FROM `wfx_cms_set` LIMIT 1   [ RunTime:0.0141s ]
SQL: SHOW COLUMNS FROM `wfx_shop_set` [ RunTime:0.0152s ]
SQL: SELECT * FROM `wfx_shop_set` LIMIT 1   [ RunTime:0.0143s ]
SQL: SELECT * FROM `wfx_shop_set` LIMIT 1   [ RunTime:0.0145s ]
SQL: SHOW COLUMNS FROM `wfx_vip_set` [ RunTime:0.0148s ]
SQL: SELECT * FROM `wfx_vip_set` LIMIT 1   [ RunTime:0.0141s ]
INFO: [ view_parse ] --START--
INFO: [ template_filter ] --START--
INFO: Run Behavior\ContentReplaceBehavior [ RunTime:0.000077s ]
INFO: [ template_filter ] --END-- [ RunTime:0.000184s ]
INFO: Run Behavior\ParseTemplateBehavior [ RunTime:0.012326s ]
INFO: [ view_parse ] --END-- [ RunTime:0.012456s ]
INFO: [ view_filter ] --START--
INFO: Run Behavior\WriteHtmlCacheBehavior [ RunTime:0.001331s ]
INFO: Run Behavior\TokenBuildBehavior [ RunTime:0.001361s ]
INFO: [ view_filter ] --END-- [ RunTime:0.002859s ]
SQL: SHOW COLUMNS FROM `wfx_shop_order` [ RunTime:0.0153s ]
NOTIC: [8] Undefined index: p E:\wamp64\www\daoyunshang\Application\Multi\Controller\ShopController.class.php 第 1118 行.
SQL: SELECT * FROM `wfx_shop_order` WHERE `status` = 3 AND `ctime` <= 1523846346 AND `shop_id` = 21 ORDER BY ctime desc LIMIT 0,20   [ RunTime:0.0145s ]
SQL: SELECT COUNT(*) AS tp_count FROM `wfx_shop_order` WHERE `status` = 3 AND `ctime` <= 1523846346 AND `shop_id` = 21 LIMIT 1   [ RunTime:0.0139s ]
NOTIC: [2] Missing argument 6 for Multi\Controller\BaseController::getPage(), called in E:\wamp64\www\daoyunshang\Application\Multi\Controller\ShopController.class.php on line 1145 and defined E:\wamp64\www\daoyunshang\Application\Multi\Controller\BaseController.class.php 第 91 行.
NOTIC: [8] Undefined variable: map E:\wamp64\www\daoyunshang\Application\Multi\Controller\BaseController.class.php 第 103 行.
INFO: [ view_parse ] --START--
INFO: [ template_filter ] --START--
INFO: Run Behavior\ContentReplaceBehavior [ RunTime:0.000163s ]
INFO: [ template_filter ] --END-- [ RunTime:-0.066067s ]
NOTIC: [8] Undefined variable: timeRanges E:\wamp64\www\daoyunshang\Application\Runtime\Cache\Multi\9c45272544b2c1b857272610e9093b69.php 第 37 行.
NOTIC: [8] Undefined variable: name E:\wamp64\www\daoyunshang\Application\Runtime\Cache\Multi\9c45272544b2c1b857272610e9093b69.php 第 42 行.
NOTIC: [8] Undefined variable: oid E:\wamp64\www\daoyunshang\Application\Runtime\Cache\Multi\9c45272544b2c1b857272610e9093b69.php 第 45 行.
INFO: Run Behavior\ParseTemplateBehavior [ RunTime:0.020145s ]
INFO: [ view_parse ] --END-- [ RunTime:-0.051989s ]
INFO: [ view_filter ] --START--
INFO: Run Behavior\WriteHtmlCacheBehavior [ RunTime:0.000033s ]
INFO: Run Behavior\TokenBuildBehavior [ RunTime:0.000046s ]
INFO: [ view_filter ] --END-- [ RunTime:-0.069382s ]
INFO: [ action_end ] --START--
INFO: Run Behavior\CronRunBehavior [ RunTime:0.004968s ]
INFO: [ action_end ] --END-- [ RunTime:0.005091s ]
INFO: [ app_end ] --START--
INFO: Run Behavior\ShowPageTraceBehavior [ RunTime:0.002251s ]
INFO: [ app_end ] --END-- [ RunTime:0.002355s ]

[ 2018-04-23T10:39:11+08:00 ] 127.0.0.1 /Multi/Shop/order/status/2
INFO: [ app_init ] --START--
INFO: Run Behavior\BuildLiteBehavior [ RunTime:0.000029s ]
INFO: [ app_init ] --END-- [ RunTime:0.000796s ]
INFO: [ app_begin ] --START--
INFO: Run Behavior\ReadHtmlCacheBehavior [ RunTime:0.001125s ]
INFO: [ app_begin ] --END-- [ RunTime:0.001241s ]
NOTIC: [8] A session had already been started - ignoring session_start() E:\wamp64\www\daoyunshang\ThinkPHP\Common\functions.php 第 1263 行.
SQL: SHOW COLUMNS FROM `wfx_set` [ RunTime:0.0136s ]
SQL: SELECT * FROM `wfx_set` LIMIT 1   [ RunTime:0.0134s ]
SQL: SHOW COLUMNS FROM `wfx_cms_set` [ RunTime:0.0187s ]
SQL: SELECT * FROM `wfx_cms_set` LIMIT 1   [ RunTime:0.0131s ]
SQL: SHOW COLUMNS FROM `wfx_shop_set` [ RunTime:0.0141s ]
SQL: SELECT * FROM `wfx_shop_set` LIMIT 1   [ RunTime:0.0140s ]
SQL: SELECT * FROM `wfx_shop_set` LIMIT 1   [ RunTime:0.0134s ]
SQL: SHOW COLUMNS FROM `wfx_vip_set` [ RunTime:0.0141s ]
SQL: SELECT * FROM `wfx_vip_set` LIMIT 1   [ RunTime:0.0132s ]
INFO: [ view_parse ] --START--
INFO: [ template_filter ] --START--
INFO: Run Behavior\ContentReplaceBehavior [ RunTime:0.000076s ]
INFO: [ template_filter ] --END-- [ RunTime:0.000182s ]
INFO: Run Behavior\ParseTemplateBehavior [ RunTime:0.012442s ]
INFO: [ view_parse ] --END-- [ RunTime:0.012556s ]
INFO: [ view_filter ] --START--
INFO: Run Behavior\WriteHtmlCacheBehavior [ RunTime:0.001704s ]
INFO: Run Behavior\TokenBuildBehavior [ RunTime:0.001674s ]
INFO: [ view_filter ] --END-- [ RunTime:0.003569s ]
SQL: SHOW COLUMNS FROM `wfx_shop_order` [ RunTime:0.0156s ]
NOTIC: [8] Undefined index: p E:\wamp64\www\daoyunshang\Application\Multi\Controller\ShopController.class.php 第 1118 行.
SQL: SELECT * FROM `wfx_shop_order` WHERE `status` = 2 AND `shop_id` = 21 ORDER BY ctime desc LIMIT 0,20   [ RunTime:0.0150s ]
SQL: SELECT COUNT(*) AS tp_count FROM `wfx_shop_order` WHERE `status` = 2 AND `shop_id` = 21 LIMIT 1   [ RunTime:0.0140s ]
NOTIC: [2] Missing argument 6 for Multi\Controller\BaseController::getPage(), called in E:\wamp64\www\daoyunshang\Application\Multi\Controller\ShopController.class.php on line 1145 and defined E:\wamp64\www\daoyunshang\Application\Multi\Controller\BaseController.class.php 第 91 行.
NOTIC: [8] Undefined variable: map E:\wamp64\www\daoyunshang\Application\Multi\Controller\BaseController.class.php 第 103 行.
INFO: [ view_parse ] --START--
INFO: [ template_filter ] --START--
INFO: Run Behavior\ContentReplaceBehavior [ RunTime:0.000168s ]
INFO: [ template_filter ] --END-- [ RunTime:-0.067636s ]
NOTIC: [8] Undefined variable: timeRanges E:\wamp64\www\daoyunshang\Application\Runtime\Cache\Multi\9c45272544b2c1b857272610e9093b69.php 第 37 行.
NOTIC: [8] Undefined variable: name E:\wamp64\www\daoyunshang\Application\Runtime\Cache\Multi\9c45272544b2c1b857272610e9093b69.php 第 42 行.
NOTIC: [8] Undefined variable: oid E:\wamp64\www\daoyunshang\Application\Runtime\Cache\Multi\9c45272544b2c1b857272610e9093b69.php 第 45 行.
INFO: Run Behavior\ParseTemplateBehavior [ RunTime:0.020177s ]
INFO: [ view_parse ] --END-- [ RunTime:-0.053255s ]
INFO: [ view_filter ] --START--
INFO: Run Behavior\WriteHtmlCacheBehavior [ RunTime:0.000031s ]
INFO: Run Behavior\TokenBuildBehavior [ RunTime:0.000046s ]
INFO: [ view_filter ] --END-- [ RunTime:-0.069970s ]
INFO: [ action_end ] --START--
INFO: Run Behavior\CronRunBehavior [ RunTime:0.004914s ]
INFO: [ action_end ] --END-- [ RunTime:0.005049s ]
INFO: [ app_end ] --START--
INFO: Run Behavior\ShowPageTraceBehavior [ RunTime:0.002222s ]
INFO: [ app_end ] --END-- [ RunTime:0.002335s ]

