[ 2018-05-08T09:22:55+08:00 ] 127.0.0.1 /
INFO: [ app_init ] --START--
INFO: Run Behavior\BuildLiteBehavior [ RunTime:0.000090s ]
INFO: [ app_init ] --END-- [ RunTime:0.003653s ]
INFO: [ app_begin ] --START--
INFO: Run Behavior\ReadHtmlCacheBehavior [ RunTime:0.002716s ]
INFO: [ app_begin ] --END-- [ RunTime:0.003046s ]
NOTIC: [8] A session had already been started - ignoring session_start() E:\wamp64\www\daoyunshang\ThinkPHP\Common\functions.php 第 1263 行.
SQL: SHOW COLUMNS FROM `wfx_set` [ RunTime:0.0150s ]
SQL: SELECT * FROM `wfx_set` LIMIT 1   [ RunTime:0.0131s ]
SQL: SHOW COLUMNS FROM `wfx_cms_set` [ RunTime:0.0129s ]
SQL: SELECT * FROM `wfx_cms_set` LIMIT 1   [ RunTime:0.0126s ]
SQL: SHOW COLUMNS FROM `wfx_shop_set` [ RunTime:0.0140s ]
SQL: SELECT * FROM `wfx_shop_set` LIMIT 1   [ RunTime:0.0127s ]

[ 2018-05-08T09:22:55+08:00 ] 127.0.0.1 /Multi/Public/login
ERR: Cron:天天返现 Runat 2018-05-08 09:22:55 Use 0.010656 s

[ 2018-05-08T09:22:56+08:00 ] 127.0.0.1 /Multi/Public/login
INFO: [ app_init ] --START--
INFO: Run Behavior\BuildLiteBehavior [ RunTime:0.000033s ]
INFO: [ app_init ] --END-- [ RunTime:0.000924s ]
INFO: [ app_begin ] --START--
INFO: Run Behavior\ReadHtmlCacheBehavior [ RunTime:0.001579s ]
INFO: [ app_begin ] --END-- [ RunTime:0.001846s ]
NOTIC: [8] A session had already been started - ignoring session_start() E:\wamp64\www\daoyunshang\ThinkPHP\Common\functions.php 第 1263 行.
SQL: SHOW COLUMNS FROM `wfx_set` [ RunTime:0.0128s ]
SQL: SELECT * FROM `wfx_set` LIMIT 1   [ RunTime:0.0120s ]
SQL: SHOW COLUMNS FROM `wfx_cms_set` [ RunTime:0.0126s ]
SQL: SELECT * FROM `wfx_cms_set` LIMIT 1   [ RunTime:0.0116s ]
SQL: SHOW COLUMNS FROM `wfx_shop_set` [ RunTime:0.0122s ]
SQL: SELECT * FROM `wfx_shop_set` LIMIT 1   [ RunTime:0.0115s ]
NOTIC: [8] Undefined index: usid E:\wamp64\www\daoyunshang\Application\Multi\Controller\PublicController.class.php 第 43 行.
INFO: [ view_parse ] --START--
INFO: [ template_filter ] --START--
INFO: Run Behavior\ContentReplaceBehavior [ RunTime:0.000203s ]
INFO: [ template_filter ] --END-- [ RunTime:0.000418s ]
INFO: Run Behavior\ParseTemplateBehavior [ RunTime:0.030649s ]
INFO: [ view_parse ] --END-- [ RunTime:0.030810s ]
INFO: [ view_filter ] --START--
INFO: Run Behavior\WriteHtmlCacheBehavior [ RunTime:0.001723s ]
INFO: Run Behavior\TokenBuildBehavior [ RunTime:0.002296s ]
INFO: [ view_filter ] --END-- [ RunTime:0.004280s ]
INFO: [ action_end ] --START--
INFO: Run Behavior\CronRunBehavior [ RunTime:0.021271s ]
INFO: [ action_end ] --END-- [ RunTime:0.021507s ]
INFO: [ app_end ] --START--
INFO: Run Behavior\ShowPageTraceBehavior [ RunTime:0.003392s ]
INFO: [ app_end ] --END-- [ RunTime:0.003583s ]

[ 2018-05-08T09:22:56+08:00 ] 127.0.0.1 /Multi/Public/verify
INFO: [ app_init ] --START--
INFO: Run Behavior\BuildLiteBehavior [ RunTime:0.000029s ]
INFO: [ app_init ] --END-- [ RunTime:0.000938s ]
INFO: [ app_begin ] --START--
INFO: Run Behavior\ReadHtmlCacheBehavior [ RunTime:0.002656s ]
INFO: [ app_begin ] --END-- [ RunTime:0.003028s ]
NOTIC: [8] A session had already been started - ignoring session_start() E:\wamp64\www\daoyunshang\ThinkPHP\Common\functions.php 第 1263 行.
SQL: SHOW COLUMNS FROM `wfx_set` [ RunTime:0.0139s ]
SQL: SELECT * FROM `wfx_set` LIMIT 1   [ RunTime:0.0139s ]
SQL: SHOW COLUMNS FROM `wfx_cms_set` [ RunTime:0.0138s ]
SQL: SELECT * FROM `wfx_cms_set` LIMIT 1   [ RunTime:0.0138s ]
SQL: SHOW COLUMNS FROM `wfx_shop_set` [ RunTime:0.0146s ]
SQL: SELECT * FROM `wfx_shop_set` LIMIT 1   [ RunTime:0.0141s ]
INFO: [ action_end ] --START--
INFO: Run Behavior\CronRunBehavior [ RunTime:0.008068s ]
INFO: [ action_end ] --END-- [ RunTime:0.008379s ]
INFO: [ app_end ] --START--
INFO: Run Behavior\ShowPageTraceBehavior [ RunTime:0.005022s ]
INFO: [ app_end ] --END-- [ RunTime:0.005287s ]

[ 2018-05-08T09:22:57+08:00 ] 127.0.0.1 /Multi/Public/verify
INFO: [ app_init ] --START--
INFO: Run Behavior\BuildLiteBehavior [ RunTime:0.000058s ]
INFO: [ app_init ] --END-- [ RunTime:0.001799s ]
INFO: [ app_begin ] --START--
INFO: Run Behavior\ReadHtmlCacheBehavior [ RunTime:0.005621s ]
INFO: [ app_begin ] --END-- [ RunTime:0.005983s ]
NOTIC: [8] A session had already been started - ignoring session_start() E:\wamp64\www\daoyunshang\ThinkPHP\Common\functions.php 第 1263 行.
SQL: SHOW COLUMNS FROM `wfx_set` [ RunTime:0.0147s ]
SQL: SELECT * FROM `wfx_set` LIMIT 1   [ RunTime:0.0139s ]
SQL: SHOW COLUMNS FROM `wfx_cms_set` [ RunTime:0.0145s ]
SQL: SELECT * FROM `wfx_cms_set` LIMIT 1   [ RunTime:0.0138s ]
SQL: SHOW COLUMNS FROM `wfx_shop_set` [ RunTime:0.0143s ]
SQL: SELECT * FROM `wfx_shop_set` LIMIT 1   [ RunTime:0.0140s ]
INFO: [ action_end ] --START--
INFO: Run Behavior\CronRunBehavior [ RunTime:0.005689s ]
INFO: [ action_end ] --END-- [ RunTime:0.006032s ]
INFO: [ app_end ] --START--
INFO: Run Behavior\ShowPageTraceBehavior [ RunTime:0.002682s ]
INFO: [ app_end ] --END-- [ RunTime:0.002825s ]

[ 2018-05-08T09:23:10+08:00 ] 127.0.0.1 /Upload/img/2018-04-26/5ae18821ad510.jpg
INFO: [ app_init ] --START--
INFO: Run Behavior\BuildLiteBehavior [ RunTime:0.000055s ]
INFO: [ app_init ] --END-- [ RunTime:0.001810s ]

[ 2018-05-08T09:23:10+08:00 ] 127.0.0.1 /Upload/img/2018-04-26/5ae18821ace8b.jpg
INFO: [ app_init ] --START--
INFO: Run Behavior\BuildLiteBehavior [ RunTime:0.000052s ]
INFO: [ app_init ] --END-- [ RunTime:0.002084s ]

[ 2018-05-08T09:23:10+08:00 ] 127.0.0.1 /Upload/img/2018-04-27/5ae27e5ce68e1.png
INFO: [ app_init ] --START--
INFO: Run Behavior\BuildLiteBehavior [ RunTime:0.000061s ]
INFO: [ app_init ] --END-- [ RunTime:0.001994s ]

[ 2018-05-08T09:23:10+08:00 ] 127.0.0.1 /Upload/img/2018-04-26/5ae18821ac9c9.jpg
INFO: [ app_init ] --START--
INFO: Run Behavior\BuildLiteBehavior [ RunTime:0.000048s ]
INFO: [ app_init ] --END-- [ RunTime:0.001112s ]

[ 2018-05-08T09:23:10+08:00 ] 127.0.0.1 /Upload/img/2018-04-27/5ae27e5ce6d43.png
INFO: [ app_init ] --START--
INFO: Run Behavior\BuildLiteBehavior [ RunTime:0.000032s ]
INFO: [ app_init ] --END-- [ RunTime:0.001047s ]

[ 2018-05-08T09:23:10+08:00 ] 127.0.0.1 /Upload/img/2018-04-27/5ae27e5ce662e.png
INFO: [ app_init ] --START--
INFO: Run Behavior\BuildLiteBehavior [ RunTime:0.000030s ]
INFO: [ app_init ] --END-- [ RunTime:0.000951s ]

[ 2018-05-08T09:23:10+08:00 ] 127.0.0.1 /Upload/img/2018-04-27/5ae27e5ce6ac6.png
INFO: [ app_init ] --START--
INFO: Run Behavior\BuildLiteBehavior [ RunTime:0.000031s ]
INFO: [ app_init ] --END-- [ RunTime:0.000703s ]

[ 2018-05-08T09:23:19+08:00 ] 127.0.0.1 /Upload/img/2018-04-26/5ae18821ad510.jpg
INFO: [ app_init ] --START--
INFO: Run Behavior\BuildLiteBehavior [ RunTime:0.000032s ]
INFO: [ app_init ] --END-- [ RunTime:0.002046s ]

[ 2018-05-08T09:23:21+08:00 ] 127.0.0.1 /Public/App/css/appslider.css
INFO: [ app_init ] --START--
INFO: Run Behavior\BuildLiteBehavior [ RunTime:0.000033s ]
INFO: [ app_init ] --END-- [ RunTime:0.000728s ]
INFO: [ app_begin ] --START--
INFO: Run Behavior\ReadHtmlCacheBehavior [ RunTime:0.001986s ]
INFO: [ app_begin ] --END-- [ RunTime:0.002144s ]
NOTIC: [8] A session had already been started - ignoring session_start() E:\wamp64\www\daoyunshang\ThinkPHP\Common\functions.php 第 1263 行.
SQL: SHOW COLUMNS FROM `wfx_set` [ RunTime:0.0132s ]
SQL: SELECT * FROM `wfx_set` LIMIT 1   [ RunTime:0.0123s ]
SQL: SHOW COLUMNS FROM `wfx_cms_set` [ RunTime:0.0123s ]
SQL: SELECT * FROM `wfx_cms_set` LIMIT 1   [ RunTime:0.0125s ]
SQL: SHOW COLUMNS FROM `wfx_shop_set` [ RunTime:0.0129s ]
SQL: SELECT * FROM `wfx_shop_set` LIMIT 1   [ RunTime:0.0129s ]

[ 2018-05-08T09:23:21+08:00 ] 127.0.0.1 /Upload/img/2018-04-26/5ae18821ac9c9.jpg
INFO: [ app_init ] --START--
INFO: Run Behavior\BuildLiteBehavior [ RunTime:0.000059s ]
INFO: [ app_init ] --END-- [ RunTime:0.002178s ]

[ 2018-05-08T09:23:21+08:00 ] 127.0.0.1 /Multi/Public/login
INFO: [ app_init ] --START--
INFO: Run Behavior\BuildLiteBehavior [ RunTime:0.000029s ]
INFO: [ app_init ] --END-- [ RunTime:0.000728s ]
INFO: [ app_begin ] --START--
INFO: Run Behavior\ReadHtmlCacheBehavior [ RunTime:0.001013s ]
INFO: [ app_begin ] --END-- [ RunTime:0.001220s ]
NOTIC: [8] A session had already been started - ignoring session_start() E:\wamp64\www\daoyunshang\ThinkPHP\Common\functions.php 第 1263 行.
SQL: SHOW COLUMNS FROM `wfx_set` [ RunTime:0.0145s ]
SQL: SELECT * FROM `wfx_set` LIMIT 1   [ RunTime:0.0133s ]
SQL: SHOW COLUMNS FROM `wfx_cms_set` [ RunTime:0.0137s ]
SQL: SELECT * FROM `wfx_cms_set` LIMIT 1   [ RunTime:0.0133s ]
SQL: SHOW COLUMNS FROM `wfx_shop_set` [ RunTime:0.0141s ]
SQL: SELECT * FROM `wfx_shop_set` LIMIT 1   [ RunTime:0.0133s ]
NOTIC: [8] Undefined index: usid E:\wamp64\www\daoyunshang\Application\Multi\Controller\PublicController.class.php 第 43 行.
INFO: [ view_parse ] --START--
INFO: [ template_filter ] --START--
INFO: Run Behavior\ContentReplaceBehavior [ RunTime:0.000187s ]
INFO: [ template_filter ] --END-- [ RunTime:0.000460s ]
INFO: Run Behavior\ParseTemplateBehavior [ RunTime:0.018979s ]
INFO: [ view_parse ] --END-- [ RunTime:0.019133s ]
INFO: [ view_filter ] --START--
INFO: Run Behavior\WriteHtmlCacheBehavior [ RunTime:0.001635s ]
INFO: Run Behavior\TokenBuildBehavior [ RunTime:0.001802s ]
INFO: [ view_filter ] --END-- [ RunTime:0.003722s ]
INFO: [ action_end ] --START--
INFO: Run Behavior\CronRunBehavior [ RunTime:0.006283s ]
INFO: [ action_end ] --END-- [ RunTime:0.006498s ]
INFO: [ app_end ] --START--
INFO: Run Behavior\ShowPageTraceBehavior [ RunTime:0.003176s ]
INFO: [ app_end ] --END-- [ RunTime:0.003317s ]

[ 2018-05-08T09:23:21+08:00 ] 127.0.0.1 /Upload/img/2018-04-26/5ae18821ace8b.jpg
INFO: [ app_init ] --START--
INFO: Run Behavior\BuildLiteBehavior [ RunTime:0.000033s ]
INFO: [ app_init ] --END-- [ RunTime:0.000968s ]

[ 2018-05-08T09:23:21+08:00 ] 127.0.0.1 /Upload/img/2018-04-26/5ae18821ad510.jpg
INFO: [ app_init ] --START--
INFO: Run Behavior\BuildLiteBehavior [ RunTime:0.000058s ]
INFO: [ app_init ] --END-- [ RunTime:0.001441s ]

[ 2018-05-08T09:23:21+08:00 ] 127.0.0.1 /Upload/img/2018-04-26/5ae18821ac9c9.jpg
INFO: [ app_init ] --START--
INFO: Run Behavior\BuildLiteBehavior [ RunTime:0.000050s ]
INFO: [ app_init ] --END-- [ RunTime:0.001217s ]

[ 2018-05-08T09:23:25+08:00 ] 127.0.0.1 /Public/App/css/appslider.css
INFO: [ app_init ] --START--
INFO: Run Behavior\BuildLiteBehavior [ RunTime:0.000143s ]
INFO: [ app_init ] --END-- [ RunTime:0.001865s ]
INFO: [ app_begin ] --START--
INFO: Run Behavior\ReadHtmlCacheBehavior [ RunTime:0.002157s ]
INFO: [ app_begin ] --END-- [ RunTime:0.002424s ]
NOTIC: [8] A session had already been started - ignoring session_start() E:\wamp64\www\daoyunshang\ThinkPHP\Common\functions.php 第 1263 行.
SQL: SHOW COLUMNS FROM `wfx_set` [ RunTime:0.0140s ]
SQL: SELECT * FROM `wfx_set` LIMIT 1   [ RunTime:0.0132s ]
SQL: SHOW COLUMNS FROM `wfx_cms_set` [ RunTime:0.0134s ]
SQL: SELECT * FROM `wfx_cms_set` LIMIT 1   [ RunTime:0.0135s ]
SQL: SHOW COLUMNS FROM `wfx_shop_set` [ RunTime:0.0138s ]
SQL: SELECT * FROM `wfx_shop_set` LIMIT 1   [ RunTime:0.0134s ]

[ 2018-05-08T09:23:26+08:00 ] 127.0.0.1 /Multi/Public/login
INFO: [ app_init ] --START--
INFO: Run Behavior\BuildLiteBehavior [ RunTime:0.000051s ]
INFO: [ app_init ] --END-- [ RunTime:0.001690s ]
INFO: [ app_begin ] --START--
INFO: Run Behavior\ReadHtmlCacheBehavior [ RunTime:0.001467s ]
INFO: [ app_begin ] --END-- [ RunTime:0.001740s ]
NOTIC: [8] A session had already been started - ignoring session_start() E:\wamp64\www\daoyunshang\ThinkPHP\Common\functions.php 第 1263 行.
SQL: SHOW COLUMNS FROM `wfx_set` [ RunTime:0.0146s ]
SQL: SELECT * FROM `wfx_set` LIMIT 1   [ RunTime:0.0138s ]
SQL: SHOW COLUMNS FROM `wfx_cms_set` [ RunTime:0.0138s ]
SQL: SELECT * FROM `wfx_cms_set` LIMIT 1   [ RunTime:0.0136s ]
SQL: SHOW COLUMNS FROM `wfx_shop_set` [ RunTime:0.0140s ]
SQL: SELECT * FROM `wfx_shop_set` LIMIT 1   [ RunTime:0.0136s ]
NOTIC: [8] Undefined index: usid E:\wamp64\www\daoyunshang\Application\Multi\Controller\PublicController.class.php 第 43 行.
INFO: [ view_parse ] --START--
INFO: [ template_filter ] --START--
INFO: Run Behavior\ContentReplaceBehavior [ RunTime:0.000118s ]
INFO: [ template_filter ] --END-- [ RunTime:0.000267s ]
INFO: Run Behavior\ParseTemplateBehavior [ RunTime:0.019565s ]
INFO: [ view_parse ] --END-- [ RunTime:0.019833s ]
INFO: [ view_filter ] --START--
INFO: Run Behavior\WriteHtmlCacheBehavior [ RunTime:0.002270s ]
INFO: Run Behavior\TokenBuildBehavior [ RunTime:0.001659s ]
INFO: [ view_filter ] --END-- [ RunTime:0.004228s ]
INFO: [ action_end ] --START--
INFO: Run Behavior\CronRunBehavior [ RunTime:0.006756s ]
INFO: [ action_end ] --END-- [ RunTime:0.007016s ]
INFO: [ app_end ] --START--
INFO: Run Behavior\ShowPageTraceBehavior [ RunTime:0.004844s ]
INFO: [ app_end ] --END-- [ RunTime:0.005100s ]

[ 2018-05-08T09:23:26+08:00 ] 127.0.0.1 /Upload/img/2018-04-26/5ae18821ad510.jpg
INFO: [ app_init ] --START--
INFO: Run Behavior\BuildLiteBehavior [ RunTime:0.000054s ]
INFO: [ app_init ] --END-- [ RunTime:0.001932s ]

[ 2018-05-08T09:23:27+08:00 ] 127.0.0.1 /Public/App/js/maps/swiper.jquery.min.js.map
INFO: [ app_init ] --START--
INFO: Run Behavior\BuildLiteBehavior [ RunTime:0.000057s ]
INFO: [ app_init ] --END-- [ RunTime:0.001644s ]
INFO: [ app_begin ] --START--
INFO: Run Behavior\ReadHtmlCacheBehavior [ RunTime:0.003702s ]
INFO: [ app_begin ] --END-- [ RunTime:0.004410s ]
NOTIC: [8] A session had already been started - ignoring session_start() E:\wamp64\www\daoyunshang\ThinkPHP\Common\functions.php 第 1263 行.
SQL: SHOW COLUMNS FROM `wfx_set` [ RunTime:0.0136s ]
SQL: SELECT * FROM `wfx_set` LIMIT 1   [ RunTime:0.0131s ]
SQL: SHOW COLUMNS FROM `wfx_cms_set` [ RunTime:0.0138s ]
SQL: SELECT * FROM `wfx_cms_set` LIMIT 1   [ RunTime:0.0133s ]
SQL: SHOW COLUMNS FROM `wfx_shop_set` [ RunTime:0.0133s ]
SQL: SELECT * FROM `wfx_shop_set` LIMIT 1   [ RunTime:0.0130s ]

[ 2018-05-08T09:23:27+08:00 ] 127.0.0.1 /Multi/Public/login
INFO: [ app_init ] --START--
INFO: Run Behavior\BuildLiteBehavior [ RunTime:0.000035s ]
INFO: [ app_init ] --END-- [ RunTime:0.001398s ]
INFO: [ app_begin ] --START--
INFO: Run Behavior\ReadHtmlCacheBehavior [ RunTime:0.000834s ]
INFO: [ app_begin ] --END-- [ RunTime:0.000980s ]
NOTIC: [8] A session had already been started - ignoring session_start() E:\wamp64\www\daoyunshang\ThinkPHP\Common\functions.php 第 1263 行.
SQL: SHOW COLUMNS FROM `wfx_set` [ RunTime:0.0130s ]
SQL: SELECT * FROM `wfx_set` LIMIT 1   [ RunTime:0.0134s ]
SQL: SHOW COLUMNS FROM `wfx_cms_set` [ RunTime:0.0132s ]
SQL: SELECT * FROM `wfx_cms_set` LIMIT 1   [ RunTime:0.0125s ]
SQL: SHOW COLUMNS FROM `wfx_shop_set` [ RunTime:0.0135s ]
SQL: SELECT * FROM `wfx_shop_set` LIMIT 1   [ RunTime:0.0129s ]
NOTIC: [8] Undefined index: usid E:\wamp64\www\daoyunshang\Application\Multi\Controller\PublicController.class.php 第 43 行.
INFO: [ view_parse ] --START--
INFO: [ template_filter ] --START--
INFO: Run Behavior\ContentReplaceBehavior [ RunTime:0.000114s ]
INFO: [ template_filter ] --END-- [ RunTime:0.000260s ]
INFO: Run Behavior\ParseTemplateBehavior [ RunTime:0.017168s ]
INFO: [ view_parse ] --END-- [ RunTime:0.017385s ]
INFO: [ view_filter ] --START--
INFO: Run Behavior\WriteHtmlCacheBehavior [ RunTime:0.002477s ]
INFO: Run Behavior\TokenBuildBehavior [ RunTime:0.001990s ]
INFO: [ view_filter ] --END-- [ RunTime:0.004838s ]
INFO: [ action_end ] --START--
INFO: Run Behavior\CronRunBehavior [ RunTime:0.004872s ]
INFO: [ action_end ] --END-- [ RunTime:0.005121s ]
INFO: [ app_end ] --START--
INFO: Run Behavior\ShowPageTraceBehavior [ RunTime:0.003183s ]
INFO: [ app_end ] --END-- [ RunTime:0.003417s ]

[ 2018-05-08T09:23:28+08:00 ] 127.0.0.1 /Upload/img/2018-04-26/5ae18821ac9c9.jpg
INFO: [ app_init ] --START--
INFO: Run Behavior\BuildLiteBehavior [ RunTime:0.000046s ]
INFO: [ app_init ] --END-- [ RunTime:0.001142s ]

[ 2018-05-08T09:23:28+08:00 ] 127.0.0.1 /Upload/img/2018-04-27/5ae27e5ce662e.png
INFO: [ app_init ] --START--
INFO: Run Behavior\BuildLiteBehavior [ RunTime:0.000055s ]
INFO: [ app_init ] --END-- [ RunTime:0.001460s ]

[ 2018-05-08T09:23:28+08:00 ] 127.0.0.1 /Upload/img/2018-04-26/5ae18821ad510.jpg
INFO: [ app_init ] --START--
INFO: Run Behavior\BuildLiteBehavior [ RunTime:0.000227s ]
INFO: [ app_init ] --END-- [ RunTime:0.002131s ]

[ 2018-05-08T09:23:28+08:00 ] 127.0.0.1 /Upload/img/2018-04-27/5ae27e5ce68e1.png
INFO: [ app_init ] --START--
INFO: Run Behavior\BuildLiteBehavior [ RunTime:0.000050s ]
INFO: [ app_init ] --END-- [ RunTime:0.001301s ]

[ 2018-05-08T09:23:28+08:00 ] 127.0.0.1 /Upload/img/2018-04-27/5ae27e5ce6d43.png
INFO: [ app_init ] --START--
INFO: Run Behavior\BuildLiteBehavior [ RunTime:0.000053s ]
INFO: [ app_init ] --END-- [ RunTime:0.002514s ]

[ 2018-05-08T09:23:28+08:00 ] 127.0.0.1 /Upload/img/2018-04-27/5ae27e5ce6ac6.png
INFO: [ app_init ] --START--
INFO: Run Behavior\BuildLiteBehavior [ RunTime:0.000057s ]
INFO: [ app_init ] --END-- [ RunTime:0.001285s ]

[ 2018-05-08T09:23:28+08:00 ] 127.0.0.1 /Upload/img/2018-04-26/5ae18821ace8b.jpg
INFO: [ app_init ] --START--
INFO: Run Behavior\BuildLiteBehavior [ RunTime:0.000049s ]
INFO: [ app_init ] --END-- [ RunTime:0.001210s ]

[ 2018-05-08T09:23:29+08:00 ] 127.0.0.1 /Public/App/js/maps/swiper.jquery.min.js.map
INFO: [ app_init ] --START--
INFO: Run Behavior\BuildLiteBehavior [ RunTime:0.000051s ]
INFO: [ app_init ] --END-- [ RunTime:0.001217s ]
INFO: [ app_begin ] --START--
INFO: Run Behavior\ReadHtmlCacheBehavior [ RunTime:0.002367s ]
INFO: [ app_begin ] --END-- [ RunTime:0.002637s ]
NOTIC: [8] A session had already been started - ignoring session_start() E:\wamp64\www\daoyunshang\ThinkPHP\Common\functions.php 第 1263 行.
SQL: SHOW COLUMNS FROM `wfx_set` [ RunTime:0.0142s ]
SQL: SELECT * FROM `wfx_set` LIMIT 1   [ RunTime:0.0132s ]
SQL: SHOW COLUMNS FROM `wfx_cms_set` [ RunTime:0.0140s ]
SQL: SELECT * FROM `wfx_cms_set` LIMIT 1   [ RunTime:0.0128s ]
SQL: SHOW COLUMNS FROM `wfx_shop_set` [ RunTime:0.0135s ]
SQL: SELECT * FROM `wfx_shop_set` LIMIT 1   [ RunTime:0.0130s ]

[ 2018-05-08T09:23:30+08:00 ] 127.0.0.1 /Multi/Public/login
INFO: [ app_init ] --START--
INFO: Run Behavior\BuildLiteBehavior [ RunTime:0.000052s ]
INFO: [ app_init ] --END-- [ RunTime:0.001349s ]
INFO: [ app_begin ] --START--
INFO: Run Behavior\ReadHtmlCacheBehavior [ RunTime:0.001436s ]
INFO: [ app_begin ] --END-- [ RunTime:0.001746s ]
NOTIC: [8] A session had already been started - ignoring session_start() E:\wamp64\www\daoyunshang\ThinkPHP\Common\functions.php 第 1263 行.
SQL: SHOW COLUMNS FROM `wfx_set` [ RunTime:0.0141s ]
SQL: SELECT * FROM `wfx_set` LIMIT 1   [ RunTime:0.0135s ]
SQL: SHOW COLUMNS FROM `wfx_cms_set` [ RunTime:0.0140s ]
SQL: SELECT * FROM `wfx_cms_set` LIMIT 1   [ RunTime:0.0134s ]
SQL: SHOW COLUMNS FROM `wfx_shop_set` [ RunTime:0.0147s ]
SQL: SELECT * FROM `wfx_shop_set` LIMIT 1   [ RunTime:0.0133s ]
NOTIC: [8] Undefined index: usid E:\wamp64\www\daoyunshang\Application\Multi\Controller\PublicController.class.php 第 43 行.
INFO: [ view_parse ] --START--
INFO: [ template_filter ] --START--
INFO: Run Behavior\ContentReplaceBehavior [ RunTime:0.000196s ]
INFO: [ template_filter ] --END-- [ RunTime:0.000443s ]
INFO: Run Behavior\ParseTemplateBehavior [ RunTime:0.023905s ]
INFO: [ view_parse ] --END-- [ RunTime:0.024166s ]
INFO: [ view_filter ] --START--
INFO: Run Behavior\WriteHtmlCacheBehavior [ RunTime:0.002614s ]
INFO: Run Behavior\TokenBuildBehavior [ RunTime:0.003254s ]
INFO: [ view_filter ] --END-- [ RunTime:0.006286s ]
INFO: [ action_end ] --START--
INFO: Run Behavior\CronRunBehavior [ RunTime:0.006834s ]
INFO: [ action_end ] --END-- [ RunTime:0.007137s ]
INFO: [ app_end ] --START--
INFO: Run Behavior\ShowPageTraceBehavior [ RunTime:0.004915s ]
INFO: [ app_end ] --END-- [ RunTime:0.005279s ]

[ 2018-05-08T09:23:30+08:00 ] 127.0.0.1 /Public/App/js/maps/swiper.jquery.min.js.map
INFO: [ app_init ] --START--
INFO: Run Behavior\BuildLiteBehavior [ RunTime:0.000054s ]
INFO: [ app_init ] --END-- [ RunTime:0.002098s ]
INFO: [ app_begin ] --START--
INFO: Run Behavior\ReadHtmlCacheBehavior [ RunTime:0.003313s ]
INFO: [ app_begin ] --END-- [ RunTime:0.003590s ]
NOTIC: [8] A session had already been started - ignoring session_start() E:\wamp64\www\daoyunshang\ThinkPHP\Common\functions.php 第 1263 行.
SQL: SHOW COLUMNS FROM `wfx_set` [ RunTime:0.0142s ]
SQL: SELECT * FROM `wfx_set` LIMIT 1   [ RunTime:0.0125s ]
SQL: SHOW COLUMNS FROM `wfx_cms_set` [ RunTime:0.0130s ]
SQL: SELECT * FROM `wfx_cms_set` LIMIT 1   [ RunTime:0.0123s ]
SQL: SHOW COLUMNS FROM `wfx_shop_set` [ RunTime:0.0126s ]
SQL: SELECT * FROM `wfx_shop_set` LIMIT 1   [ RunTime:0.0130s ]

[ 2018-05-08T09:23:31+08:00 ] 127.0.0.1 /Multi/Public/login
INFO: [ app_init ] --START--
INFO: Run Behavior\BuildLiteBehavior [ RunTime:0.000051s ]
INFO: [ app_init ] --END-- [ RunTime:0.001258s ]
INFO: [ app_begin ] --START--
INFO: Run Behavior\ReadHtmlCacheBehavior [ RunTime:0.001041s ]
INFO: [ app_begin ] --END-- [ RunTime:0.001252s ]
NOTIC: [8] A session had already been started - ignoring session_start() E:\wamp64\www\daoyunshang\ThinkPHP\Common\functions.php 第 1263 行.
SQL: SHOW COLUMNS FROM `wfx_set` [ RunTime:0.0137s ]
SQL: SELECT * FROM `wfx_set` LIMIT 1   [ RunTime:0.0126s ]
SQL: SHOW COLUMNS FROM `wfx_cms_set` [ RunTime:0.0126s ]
SQL: SELECT * FROM `wfx_cms_set` LIMIT 1   [ RunTime:0.0124s ]
SQL: SHOW COLUMNS FROM `wfx_shop_set` [ RunTime:0.0132s ]
SQL: SELECT * FROM `wfx_shop_set` LIMIT 1   [ RunTime:0.0122s ]
NOTIC: [8] Undefined index: usid E:\wamp64\www\daoyunshang\Application\Multi\Controller\PublicController.class.php 第 43 行.
INFO: [ view_parse ] --START--
INFO: [ template_filter ] --START--
INFO: Run Behavior\ContentReplaceBehavior [ RunTime:0.000117s ]
INFO: [ template_filter ] --END-- [ RunTime:0.000262s ]
INFO: Run Behavior\ParseTemplateBehavior [ RunTime:0.015541s ]
INFO: [ view_parse ] --END-- [ RunTime:0.015732s ]
INFO: [ view_filter ] --START--
INFO: Run Behavior\WriteHtmlCacheBehavior [ RunTime:0.001567s ]
INFO: Run Behavior\TokenBuildBehavior [ RunTime:0.001549s ]
INFO: [ view_filter ] --END-- [ RunTime:0.003329s ]
INFO: [ action_end ] --START--
INFO: Run Behavior\CronRunBehavior [ RunTime:0.004090s ]
INFO: [ action_end ] --END-- [ RunTime:0.004242s ]
INFO: [ app_end ] --START--
INFO: Run Behavior\ShowPageTraceBehavior [ RunTime:0.002854s ]
INFO: [ app_end ] --END-- [ RunTime:0.003044s ]

[ 2018-05-08T10:40:36+08:00 ] 127.0.0.1 /Public/App/js/maps/swiper.jquery.min.js.map
INFO: [ app_init ] --START--
INFO: Run Behavior\BuildLiteBehavior [ RunTime:0.000057s ]
INFO: [ app_init ] --END-- [ RunTime:0.001894s ]
INFO: [ app_begin ] --START--
INFO: Run Behavior\ReadHtmlCacheBehavior [ RunTime:0.003124s ]
INFO: [ app_begin ] --END-- [ RunTime:0.006704s ]
NOTIC: [8] A session had already been started - ignoring session_start() E:\wamp64\www\daoyunshang\ThinkPHP\Common\functions.php 第 1263 行.
SQL: SHOW COLUMNS FROM `wfx_set` [ RunTime:0.0127s ]
SQL: SELECT * FROM `wfx_set` LIMIT 1   [ RunTime:0.0124s ]
SQL: SHOW COLUMNS FROM `wfx_cms_set` [ RunTime:0.0131s ]
SQL: SELECT * FROM `wfx_cms_set` LIMIT 1   [ RunTime:0.0122s ]
SQL: SHOW COLUMNS FROM `wfx_shop_set` [ RunTime:0.0130s ]
SQL: SELECT * FROM `wfx_shop_set` LIMIT 1   [ RunTime:0.0122s ]

[ 2018-05-08T10:40:36+08:00 ] 127.0.0.1 /Multi/Public/login
INFO: [ app_init ] --START--
INFO: Run Behavior\BuildLiteBehavior [ RunTime:0.000030s ]
INFO: [ app_init ] --END-- [ RunTime:0.000735s ]
INFO: [ app_begin ] --START--
INFO: Run Behavior\ReadHtmlCacheBehavior [ RunTime:0.001249s ]
INFO: [ app_begin ] --END-- [ RunTime:0.001499s ]
NOTIC: [8] A session had already been started - ignoring session_start() E:\wamp64\www\daoyunshang\ThinkPHP\Common\functions.php 第 1263 行.
SQL: SHOW COLUMNS FROM `wfx_set` [ RunTime:0.0130s ]
SQL: SELECT * FROM `wfx_set` LIMIT 1   [ RunTime:0.0124s ]
SQL: SHOW COLUMNS FROM `wfx_cms_set` [ RunTime:0.0136s ]
SQL: SELECT * FROM `wfx_cms_set` LIMIT 1   [ RunTime:0.0133s ]
SQL: SHOW COLUMNS FROM `wfx_shop_set` [ RunTime:0.0133s ]
SQL: SELECT * FROM `wfx_shop_set` LIMIT 1   [ RunTime:0.0136s ]
NOTIC: [8] Undefined index: usid E:\wamp64\www\daoyunshang\Application\Multi\Controller\PublicController.class.php 第 43 行.
INFO: [ view_parse ] --START--
INFO: [ template_filter ] --START--
INFO: Run Behavior\ContentReplaceBehavior [ RunTime:0.000112s ]
INFO: [ template_filter ] --END-- [ RunTime:0.000270s ]
INFO: Run Behavior\ParseTemplateBehavior [ RunTime:0.014811s ]
INFO: [ view_parse ] --END-- [ RunTime:0.014966s ]
INFO: [ view_filter ] --START--
INFO: Run Behavior\WriteHtmlCacheBehavior [ RunTime:0.002028s ]
INFO: Run Behavior\TokenBuildBehavior [ RunTime:0.001602s ]
INFO: [ view_filter ] --END-- [ RunTime:0.003865s ]
INFO: [ action_end ] --START--
INFO: Run Behavior\CronRunBehavior [ RunTime:0.004309s ]
INFO: [ action_end ] --END-- [ RunTime:0.004523s ]
INFO: [ app_end ] --START--
INFO: Run Behavior\ShowPageTraceBehavior [ RunTime:0.002903s ]
INFO: [ app_end ] --END-- [ RunTime:0.003085s ]

[ 2018-05-08T14:54:36+08:00 ] 127.0.0.1 /Public/App/js/maps/swiper.jquery.min.js.map
INFO: [ app_init ] --START--
INFO: Run Behavior\BuildLiteBehavior [ RunTime:0.000056s ]
INFO: [ app_init ] --END-- [ RunTime:0.002010s ]
INFO: [ app_begin ] --START--
INFO: Run Behavior\ReadHtmlCacheBehavior [ RunTime:0.002843s ]
INFO: [ app_begin ] --END-- [ RunTime:0.003140s ]
NOTIC: [8] A session had already been started - ignoring session_start() E:\wamp64\www\daoyunshang\ThinkPHP\Common\functions.php 第 1263 行.
SQL: SHOW COLUMNS FROM `wfx_set` [ RunTime:0.0141s ]
SQL: SELECT * FROM `wfx_set` LIMIT 1   [ RunTime:0.0126s ]
SQL: SHOW COLUMNS FROM `wfx_cms_set` [ RunTime:0.0131s ]
SQL: SELECT * FROM `wfx_cms_set` LIMIT 1   [ RunTime:0.0143s ]
SQL: SHOW COLUMNS FROM `wfx_shop_set` [ RunTime:0.0142s ]
SQL: SELECT * FROM `wfx_shop_set` LIMIT 1   [ RunTime:0.0130s ]

[ 2018-05-08T14:54:36+08:00 ] 127.0.0.1 /Multi/Public/login
INFO: [ app_init ] --START--
INFO: Run Behavior\BuildLiteBehavior [ RunTime:0.000061s ]
INFO: [ app_init ] --END-- [ RunTime:0.001639s ]
INFO: [ app_begin ] --START--
INFO: Run Behavior\ReadHtmlCacheBehavior [ RunTime:0.001972s ]
INFO: [ app_begin ] --END-- [ RunTime:0.002289s ]
NOTIC: [8] A session had already been started - ignoring session_start() E:\wamp64\www\daoyunshang\ThinkPHP\Common\functions.php 第 1263 行.
SQL: SHOW COLUMNS FROM `wfx_set` [ RunTime:0.0135s ]
SQL: SELECT * FROM `wfx_set` LIMIT 1   [ RunTime:0.0126s ]
SQL: SHOW COLUMNS FROM `wfx_cms_set` [ RunTime:0.0136s ]
SQL: SELECT * FROM `wfx_cms_set` LIMIT 1   [ RunTime:0.0132s ]
SQL: SHOW COLUMNS FROM `wfx_shop_set` [ RunTime:0.0137s ]
SQL: SELECT * FROM `wfx_shop_set` LIMIT 1   [ RunTime:0.0127s ]
NOTIC: [8] Undefined index: usid E:\wamp64\www\daoyunshang\Application\Multi\Controller\PublicController.class.php 第 43 行.
INFO: [ view_parse ] --START--
INFO: [ template_filter ] --START--
INFO: Run Behavior\ContentReplaceBehavior [ RunTime:0.000186s ]
INFO: [ template_filter ] --END-- [ RunTime:0.000445s ]
INFO: Run Behavior\ParseTemplateBehavior [ RunTime:0.025340s ]
INFO: [ view_parse ] --END-- [ RunTime:0.026776s ]
INFO: [ view_filter ] --START--
INFO: Run Behavior\WriteHtmlCacheBehavior [ RunTime:0.002960s ]
INFO: Run Behavior\TokenBuildBehavior [ RunTime:0.007517s ]
INFO: [ view_filter ] --END-- [ RunTime:0.010874s ]
INFO: [ action_end ] --START--
INFO: Run Behavior\CronRunBehavior [ RunTime:0.007466s ]
INFO: [ action_end ] --END-- [ RunTime:0.007724s ]
INFO: [ app_end ] --START--
INFO: Run Behavior\ShowPageTraceBehavior [ RunTime:0.005040s ]
INFO: [ app_end ] --END-- [ RunTime:0.005285s ]

[ 2018-05-08T14:56:07+08:00 ] 127.0.0.1 /Public/App/js/maps/swiper.jquery.min.js.map
INFO: [ app_init ] --START--
INFO: Run Behavior\BuildLiteBehavior [ RunTime:0.000057s ]
INFO: [ app_init ] --END-- [ RunTime:0.001874s ]
INFO: [ app_begin ] --START--
INFO: Run Behavior\ReadHtmlCacheBehavior [ RunTime:0.001686s ]
INFO: [ app_begin ] --END-- [ RunTime:0.001879s ]
NOTIC: [8] A session had already been started - ignoring session_start() E:\wamp64\www\daoyunshang\ThinkPHP\Common\functions.php 第 1263 行.
SQL: SHOW COLUMNS FROM `wfx_set` [ RunTime:0.0156s ]
SQL: SELECT * FROM `wfx_set` LIMIT 1   [ RunTime:0.0140s ]
SQL: SHOW COLUMNS FROM `wfx_cms_set` [ RunTime:0.0145s ]
SQL: SELECT * FROM `wfx_cms_set` LIMIT 1   [ RunTime:0.0133s ]
SQL: SHOW COLUMNS FROM `wfx_shop_set` [ RunTime:0.0147s ]
SQL: SELECT * FROM `wfx_shop_set` LIMIT 1   [ RunTime:0.0145s ]

[ 2018-05-08T14:56:07+08:00 ] 127.0.0.1 /Multi/Public/login
INFO: [ app_init ] --START--
INFO: Run Behavior\BuildLiteBehavior [ RunTime:0.000040s ]
INFO: [ app_init ] --END-- [ RunTime:0.000795s ]
INFO: [ app_begin ] --START--
INFO: Run Behavior\ReadHtmlCacheBehavior [ RunTime:0.000985s ]
INFO: [ app_begin ] --END-- [ RunTime:0.001197s ]
NOTIC: [8] A session had already been started - ignoring session_start() E:\wamp64\www\daoyunshang\ThinkPHP\Common\functions.php 第 1263 行.
SQL: SHOW COLUMNS FROM `wfx_set` [ RunTime:0.0136s ]
SQL: SELECT * FROM `wfx_set` LIMIT 1   [ RunTime:0.0132s ]
SQL: SHOW COLUMNS FROM `wfx_cms_set` [ RunTime:0.0134s ]
SQL: SELECT * FROM `wfx_cms_set` LIMIT 1   [ RunTime:0.0133s ]
SQL: SHOW COLUMNS FROM `wfx_shop_set` [ RunTime:0.0139s ]
SQL: SELECT * FROM `wfx_shop_set` LIMIT 1   [ RunTime:0.0126s ]
NOTIC: [8] Undefined index: usid E:\wamp64\www\daoyunshang\Application\Multi\Controller\PublicController.class.php 第 43 行.
INFO: [ view_parse ] --START--
INFO: [ template_filter ] --START--
INFO: Run Behavior\ContentReplaceBehavior [ RunTime:0.000191s ]
INFO: [ template_filter ] --END-- [ RunTime:0.000440s ]
INFO: Run Behavior\ParseTemplateBehavior [ RunTime:0.020778s ]
INFO: [ view_parse ] --END-- [ RunTime:0.021036s ]
INFO: [ view_filter ] --START--
INFO: Run Behavior\WriteHtmlCacheBehavior [ RunTime:0.003061s ]
INFO: Run Behavior\TokenBuildBehavior [ RunTime:0.002709s ]
INFO: [ view_filter ] --END-- [ RunTime:0.006166s ]
INFO: [ action_end ] --START--
INFO: Run Behavior\CronRunBehavior [ RunTime:0.007706s ]
INFO: [ action_end ] --END-- [ RunTime:0.007976s ]
INFO: [ app_end ] --START--
INFO: Run Behavior\ShowPageTraceBehavior [ RunTime:0.004505s ]
INFO: [ app_end ] --END-- [ RunTime:0.004777s ]

[ 2018-05-08T16:58:10+08:00 ] 127.0.0.1 /Public/App/js/maps/swiper.jquery.min.js.map
INFO: [ app_init ] --START--
INFO: Run Behavior\BuildLiteBehavior [ RunTime:0.000060s ]
INFO: [ app_init ] --END-- [ RunTime:0.004317s ]
INFO: [ app_begin ] --START--
INFO: Run Behavior\ReadHtmlCacheBehavior [ RunTime:0.004985s ]
INFO: [ app_begin ] --END-- [ RunTime:0.005815s ]
NOTIC: [8] A session had already been started - ignoring session_start() E:\wamp64\www\daoyunshang\ThinkPHP\Common\functions.php 第 1263 行.
SQL: SHOW COLUMNS FROM `wfx_set` [ RunTime:0.0127s ]
SQL: SELECT * FROM `wfx_set` LIMIT 1   [ RunTime:0.0137s ]
SQL: SHOW COLUMNS FROM `wfx_cms_set` [ RunTime:0.0124s ]
SQL: SELECT * FROM `wfx_cms_set` LIMIT 1   [ RunTime:0.0125s ]
SQL: SHOW COLUMNS FROM `wfx_shop_set` [ RunTime:0.0130s ]
SQL: SELECT * FROM `wfx_shop_set` LIMIT 1   [ RunTime:0.0126s ]

[ 2018-05-08T16:58:11+08:00 ] 127.0.0.1 /Multi/Public/login
INFO: [ app_init ] --START--
INFO: Run Behavior\BuildLiteBehavior [ RunTime:0.000048s ]
INFO: [ app_init ] --END-- [ RunTime:0.001144s ]
INFO: [ app_begin ] --START--
INFO: Run Behavior\ReadHtmlCacheBehavior [ RunTime:0.000888s ]
INFO: [ app_begin ] --END-- [ RunTime:0.001050s ]
NOTIC: [8] A session had already been started - ignoring session_start() E:\wamp64\www\daoyunshang\ThinkPHP\Common\functions.php 第 1263 行.
SQL: SHOW COLUMNS FROM `wfx_set` [ RunTime:0.0140s ]
SQL: SELECT * FROM `wfx_set` LIMIT 1   [ RunTime:0.0129s ]
SQL: SHOW COLUMNS FROM `wfx_cms_set` [ RunTime:0.0130s ]
SQL: SELECT * FROM `wfx_cms_set` LIMIT 1   [ RunTime:0.0144s ]
SQL: SHOW COLUMNS FROM `wfx_shop_set` [ RunTime:0.0136s ]
SQL: SELECT * FROM `wfx_shop_set` LIMIT 1   [ RunTime:0.0131s ]
NOTIC: [8] Undefined index: usid E:\wamp64\www\daoyunshang\Application\Multi\Controller\PublicController.class.php 第 43 行.
INFO: [ view_parse ] --START--
INFO: [ template_filter ] --START--
INFO: Run Behavior\ContentReplaceBehavior [ RunTime:0.000113s ]
INFO: [ template_filter ] --END-- [ RunTime:0.000262s ]
INFO: Run Behavior\ParseTemplateBehavior [ RunTime:0.016472s ]
INFO: [ view_parse ] --END-- [ RunTime:0.016669s ]
INFO: [ view_filter ] --START--
INFO: Run Behavior\WriteHtmlCacheBehavior [ RunTime:0.002561s ]
INFO: Run Behavior\TokenBuildBehavior [ RunTime:0.002212s ]
INFO: [ view_filter ] --END-- [ RunTime:0.005084s ]
INFO: [ action_end ] --START--
INFO: Run Behavior\CronRunBehavior [ RunTime:0.004147s ]
INFO: [ action_end ] --END-- [ RunTime:0.004294s ]
INFO: [ app_end ] --START--
INFO: Run Behavior\ShowPageTraceBehavior [ RunTime:0.003311s ]
INFO: [ app_end ] --END-- [ RunTime:0.003539s ]

[ 2018-05-08T16:59:27+08:00 ] 127.0.0.1 /Public/App/js/maps/swiper.jquery.min.js.map
INFO: [ app_init ] --START--
INFO: Run Behavior\BuildLiteBehavior [ RunTime:0.000057s ]
INFO: [ app_init ] --END-- [ RunTime:0.001933s ]
INFO: [ app_begin ] --START--
INFO: Run Behavior\ReadHtmlCacheBehavior [ RunTime:0.003881s ]
INFO: [ app_begin ] --END-- [ RunTime:0.004639s ]
NOTIC: [8] A session had already been started - ignoring session_start() E:\wamp64\www\daoyunshang\ThinkPHP\Common\functions.php 第 1263 行.
SQL: SHOW COLUMNS FROM `wfx_set` [ RunTime:0.0121s ]
SQL: SELECT * FROM `wfx_set` LIMIT 1   [ RunTime:0.0124s ]
SQL: SHOW COLUMNS FROM `wfx_cms_set` [ RunTime:0.0126s ]
SQL: SELECT * FROM `wfx_cms_set` LIMIT 1   [ RunTime:0.0125s ]
SQL: SHOW COLUMNS FROM `wfx_shop_set` [ RunTime:0.0127s ]
SQL: SELECT * FROM `wfx_shop_set` LIMIT 1   [ RunTime:0.0125s ]

[ 2018-05-08T16:59:27+08:00 ] 127.0.0.1 /Multi/Public/login
INFO: [ app_init ] --START--
INFO: Run Behavior\BuildLiteBehavior [ RunTime:0.000030s ]
INFO: [ app_init ] --END-- [ RunTime:0.000780s ]
INFO: [ app_begin ] --START--
INFO: Run Behavior\ReadHtmlCacheBehavior [ RunTime:0.000870s ]
INFO: [ app_begin ] --END-- [ RunTime:0.001079s ]
NOTIC: [8] A session had already been started - ignoring session_start() E:\wamp64\www\daoyunshang\ThinkPHP\Common\functions.php 第 1263 行.
SQL: SHOW COLUMNS FROM `wfx_set` [ RunTime:0.0134s ]
SQL: SELECT * FROM `wfx_set` LIMIT 1   [ RunTime:0.0136s ]
SQL: SHOW COLUMNS FROM `wfx_cms_set` [ RunTime:0.0129s ]
SQL: SELECT * FROM `wfx_cms_set` LIMIT 1   [ RunTime:0.0128s ]
SQL: SHOW COLUMNS FROM `wfx_shop_set` [ RunTime:0.0134s ]
SQL: SELECT * FROM `wfx_shop_set` LIMIT 1   [ RunTime:0.0132s ]
NOTIC: [8] Undefined index: usid E:\wamp64\www\daoyunshang\Application\Multi\Controller\PublicController.class.php 第 43 行.
INFO: [ view_parse ] --START--
INFO: [ template_filter ] --START--
INFO: Run Behavior\ContentReplaceBehavior [ RunTime:0.000113s ]
INFO: [ template_filter ] --END-- [ RunTime:0.000270s ]
INFO: Run Behavior\ParseTemplateBehavior [ RunTime:0.018302s ]
INFO: [ view_parse ] --END-- [ RunTime:0.018463s ]
INFO: [ view_filter ] --START--
INFO: Run Behavior\WriteHtmlCacheBehavior [ RunTime:0.002950s ]
INFO: Run Behavior\TokenBuildBehavior [ RunTime:0.002275s ]
INFO: [ view_filter ] --END-- [ RunTime:0.005675s ]
INFO: [ action_end ] --START--
INFO: Run Behavior\CronRunBehavior [ RunTime:0.004306s ]
INFO: [ action_end ] --END-- [ RunTime:0.004486s ]
INFO: [ app_end ] --START--
INFO: Run Behavior\ShowPageTraceBehavior [ RunTime:0.003153s ]
INFO: [ app_end ] --END-- [ RunTime:0.003307s ]

[ 2018-05-08T17:13:39+08:00 ] 127.0.0.1 /Public/App/js/maps/swiper.jquery.min.js.map
INFO: [ app_init ] --START--
INFO: Run Behavior\BuildLiteBehavior [ RunTime:0.000118s ]
INFO: [ app_init ] --END-- [ RunTime:0.003277s ]
INFO: [ app_begin ] --START--
INFO: Run Behavior\ReadHtmlCacheBehavior [ RunTime:0.004062s ]
INFO: [ app_begin ] --END-- [ RunTime:0.004849s ]
NOTIC: [8] A session had already been started - ignoring session_start() E:\wamp64\www\daoyunshang\ThinkPHP\Common\functions.php 第 1263 行.
SQL: SHOW COLUMNS FROM `wfx_set` [ RunTime:0.0148s ]
SQL: SELECT * FROM `wfx_set` LIMIT 1   [ RunTime:0.0143s ]
SQL: SHOW COLUMNS FROM `wfx_cms_set` [ RunTime:0.0143s ]
SQL: SELECT * FROM `wfx_cms_set` LIMIT 1   [ RunTime:0.0136s ]
SQL: SHOW COLUMNS FROM `wfx_shop_set` [ RunTime:0.0141s ]
SQL: SELECT * FROM `wfx_shop_set` LIMIT 1   [ RunTime:0.0136s ]

[ 2018-05-08T17:13:40+08:00 ] 127.0.0.1 /Multi/Public/login
INFO: [ app_init ] --START--
INFO: Run Behavior\BuildLiteBehavior [ RunTime:0.000049s ]
INFO: [ app_init ] --END-- [ RunTime:0.001460s ]
INFO: [ app_begin ] --START--
INFO: Run Behavior\ReadHtmlCacheBehavior [ RunTime:0.000833s ]
INFO: [ app_begin ] --END-- [ RunTime:0.000979s ]
NOTIC: [8] A session had already been started - ignoring session_start() E:\wamp64\www\daoyunshang\ThinkPHP\Common\functions.php 第 1263 行.
SQL: SHOW COLUMNS FROM `wfx_set` [ RunTime:0.0171s ]
SQL: SELECT * FROM `wfx_set` LIMIT 1   [ RunTime:0.0124s ]
SQL: SHOW COLUMNS FROM `wfx_cms_set` [ RunTime:0.0136s ]
SQL: SELECT * FROM `wfx_cms_set` LIMIT 1   [ RunTime:0.0129s ]
SQL: SHOW COLUMNS FROM `wfx_shop_set` [ RunTime:0.0128s ]
SQL: SELECT * FROM `wfx_shop_set` LIMIT 1   [ RunTime:0.0123s ]
NOTIC: [8] Undefined index: usid E:\wamp64\www\daoyunshang\Application\Multi\Controller\PublicController.class.php 第 43 行.
INFO: [ view_parse ] --START--
INFO: [ template_filter ] --START--
INFO: Run Behavior\ContentReplaceBehavior [ RunTime:0.000131s ]
INFO: [ template_filter ] --END-- [ RunTime:0.000317s ]
INFO: Run Behavior\ParseTemplateBehavior [ RunTime:0.018749s ]
INFO: [ view_parse ] --END-- [ RunTime:0.018907s ]
INFO: [ view_filter ] --START--
INFO: Run Behavior\WriteHtmlCacheBehavior [ RunTime:0.001639s ]
INFO: Run Behavior\TokenBuildBehavior [ RunTime:0.001634s ]
INFO: [ view_filter ] --END-- [ RunTime:0.003490s ]
INFO: [ action_end ] --START--
INFO: Run Behavior\CronRunBehavior [ RunTime:0.005472s ]
INFO: [ action_end ] --END-- [ RunTime:0.005698s ]
INFO: [ app_end ] --START--
INFO: Run Behavior\ShowPageTraceBehavior [ RunTime:0.003455s ]
INFO: [ app_end ] --END-- [ RunTime:0.003649s ]

[ 2018-05-08T17:19:17+08:00 ] 127.0.0.1 /Public/App/js/maps/swiper.jquery.min.js.map
INFO: [ app_init ] --START--
INFO: Run Behavior\BuildLiteBehavior [ RunTime:0.000057s ]
INFO: [ app_init ] --END-- [ RunTime:0.002790s ]
INFO: [ app_begin ] --START--
INFO: Run Behavior\ReadHtmlCacheBehavior [ RunTime:0.002992s ]
INFO: [ app_begin ] --END-- [ RunTime:0.003340s ]
NOTIC: [8] A session had already been started - ignoring session_start() E:\wamp64\www\daoyunshang\ThinkPHP\Common\functions.php 第 1263 行.
SQL: SHOW COLUMNS FROM `wfx_set` [ RunTime:0.0170s ]
SQL: SELECT * FROM `wfx_set` LIMIT 1   [ RunTime:0.0152s ]
SQL: SHOW COLUMNS FROM `wfx_cms_set` [ RunTime:0.0166s ]
SQL: SELECT * FROM `wfx_cms_set` LIMIT 1   [ RunTime:0.0131s ]
SQL: SHOW COLUMNS FROM `wfx_shop_set` [ RunTime:0.0175s ]
SQL: SELECT * FROM `wfx_shop_set` LIMIT 1   [ RunTime:0.0139s ]

[ 2018-05-08T17:19:17+08:00 ] 127.0.0.1 /Multi/Public/login
INFO: [ app_init ] --START--
INFO: Run Behavior\BuildLiteBehavior [ RunTime:0.000033s ]
INFO: [ app_init ] --END-- [ RunTime:0.000767s ]
INFO: [ app_begin ] --START--
INFO: Run Behavior\ReadHtmlCacheBehavior [ RunTime:0.000806s ]
INFO: [ app_begin ] --END-- [ RunTime:0.000952s ]
NOTIC: [8] A session had already been started - ignoring session_start() E:\wamp64\www\daoyunshang\ThinkPHP\Common\functions.php 第 1263 行.
SQL: SHOW COLUMNS FROM `wfx_set` [ RunTime:0.0172s ]
SQL: SELECT * FROM `wfx_set` LIMIT 1   [ RunTime:0.0187s ]
SQL: SHOW COLUMNS FROM `wfx_cms_set` [ RunTime:0.0207s ]
SQL: SELECT * FROM `wfx_cms_set` LIMIT 1   [ RunTime:0.0205s ]
SQL: SHOW COLUMNS FROM `wfx_shop_set` [ RunTime:0.0235s ]
SQL: SELECT * FROM `wfx_shop_set` LIMIT 1   [ RunTime:0.0163s ]
NOTIC: [8] Undefined index: usid E:\wamp64\www\daoyunshang\Application\Multi\Controller\PublicController.class.php 第 43 行.
INFO: [ view_parse ] --START--
INFO: [ template_filter ] --START--
INFO: Run Behavior\ContentReplaceBehavior [ RunTime:0.000180s ]
INFO: [ template_filter ] --END-- [ RunTime:0.000428s ]
INFO: Run Behavior\ParseTemplateBehavior [ RunTime:0.019970s ]
INFO: [ view_parse ] --END-- [ RunTime:0.020217s ]
INFO: [ view_filter ] --START--
INFO: Run Behavior\WriteHtmlCacheBehavior [ RunTime:0.002191s ]
INFO: Run Behavior\TokenBuildBehavior [ RunTime:0.001628s ]
INFO: [ view_filter ] --END-- [ RunTime:0.004084s ]
INFO: [ action_end ] --START--
INFO: Run Behavior\CronRunBehavior [ RunTime:0.004826s ]
INFO: [ action_end ] --END-- [ RunTime:0.005030s ]
INFO: [ app_end ] --START--
INFO: Run Behavior\ShowPageTraceBehavior [ RunTime:0.002851s ]
INFO: [ app_end ] --END-- [ RunTime:0.002995s ]

[ 2018-05-08T17:31:59+08:00 ] 127.0.0.1 /Public/App/js/maps/swiper.jquery.min.js.map
INFO: [ app_init ] --START--
INFO: Run Behavior\BuildLiteBehavior [ RunTime:0.000058s ]
INFO: [ app_init ] --END-- [ RunTime:0.002134s ]
INFO: [ app_begin ] --START--
INFO: Run Behavior\ReadHtmlCacheBehavior [ RunTime:0.003637s ]
INFO: [ app_begin ] --END-- [ RunTime:0.003965s ]
NOTIC: [8] A session had already been started - ignoring session_start() E:\wamp64\www\daoyunshang\ThinkPHP\Common\functions.php 第 1263 行.
SQL: SHOW COLUMNS FROM `wfx_set` [ RunTime:0.0149s ]
SQL: SELECT * FROM `wfx_set` LIMIT 1   [ RunTime:0.0130s ]
SQL: SHOW COLUMNS FROM `wfx_cms_set` [ RunTime:0.0135s ]
SQL: SELECT * FROM `wfx_cms_set` LIMIT 1   [ RunTime:0.0131s ]
SQL: SHOW COLUMNS FROM `wfx_shop_set` [ RunTime:0.0138s ]
SQL: SELECT * FROM `wfx_shop_set` LIMIT 1   [ RunTime:0.0180s ]

[ 2018-05-08T17:31:59+08:00 ] 127.0.0.1 /Multi/Public/login
INFO: [ app_init ] --START--
INFO: Run Behavior\BuildLiteBehavior [ RunTime:0.000031s ]
INFO: [ app_init ] --END-- [ RunTime:0.000743s ]
INFO: [ app_begin ] --START--
INFO: Run Behavior\ReadHtmlCacheBehavior [ RunTime:0.000869s ]
INFO: [ app_begin ] --END-- [ RunTime:0.001021s ]
NOTIC: [8] A session had already been started - ignoring session_start() E:\wamp64\www\daoyunshang\ThinkPHP\Common\functions.php 第 1263 行.
SQL: SHOW COLUMNS FROM `wfx_set` [ RunTime:0.0125s ]
SQL: SELECT * FROM `wfx_set` LIMIT 1   [ RunTime:0.0126s ]
SQL: SHOW COLUMNS FROM `wfx_cms_set` [ RunTime:0.0127s ]
SQL: SELECT * FROM `wfx_cms_set` LIMIT 1   [ RunTime:0.0125s ]
SQL: SHOW COLUMNS FROM `wfx_shop_set` [ RunTime:0.0129s ]
SQL: SELECT * FROM `wfx_shop_set` LIMIT 1   [ RunTime:0.0121s ]
NOTIC: [8] Undefined index: usid E:\wamp64\www\daoyunshang\Application\Multi\Controller\PublicController.class.php 第 43 行.
INFO: [ view_parse ] --START--
INFO: [ template_filter ] --START--
INFO: Run Behavior\ContentReplaceBehavior [ RunTime:0.000203s ]
INFO: [ template_filter ] --END-- [ RunTime:0.000450s ]
INFO: Run Behavior\ParseTemplateBehavior [ RunTime:0.018159s ]
INFO: [ view_parse ] --END-- [ RunTime:0.018314s ]
INFO: [ view_filter ] --START--
INFO: Run Behavior\WriteHtmlCacheBehavior [ RunTime:0.001726s ]
INFO: Run Behavior\TokenBuildBehavior [ RunTime:0.001726s ]
INFO: [ view_filter ] --END-- [ RunTime:0.003682s ]
INFO: [ action_end ] --START--
INFO: Run Behavior\CronRunBehavior [ RunTime:0.005630s ]
INFO: [ action_end ] --END-- [ RunTime:0.005874s ]
INFO: [ app_end ] --START--
INFO: Run Behavior\ShowPageTraceBehavior [ RunTime:0.004275s ]
INFO: [ app_end ] --END-- [ RunTime:0.004501s ]

