[ 2017-05-22T15:27:25+08:00 ] 101.226.66.191 /Admin/Index/index
INFO: [ app_init ] --START--
INFO: Run Behavior\BuildLiteBehavior [ RunTime:0.000018s ]
INFO: [ app_init ] --END-- [ RunTime:0.000332s ]
INFO: [ app_begin ] --START--
INFO: Run Behavior\ReadHtmlCacheBehavior [ RunTime:0.000403s ]
INFO: [ app_begin ] --END-- [ RunTime:0.000451s ]
SQL: SHOW COLUMNS FROM `wfx_set` [ RunTime:0.0008s ]
SQL: SELECT * FROM `wfx_set` LIMIT 1   [ RunTime:0.0014s ]
SQL: SHOW COLUMNS FROM `wfx_cms_set` [ RunTime:0.0020s ]
SQL: SELECT * FROM `wfx_cms_set` LIMIT 1   [ RunTime:0.0007s ]
SQL: SHOW COLUMNS FROM `wfx_shop_set` [ RunTime:0.0011s ]
SQL: SELECT * FROM `wfx_shop_set` LIMIT 1   [ RunTime:0.0006s ]

[ 2017-05-22T15:27:25+08:00 ] 101.226.61.206 /Admin/Index/index
INFO: [ app_init ] --START--
INFO: Run Behavior\BuildLiteBehavior [ RunTime:0.000015s ]
INFO: [ app_init ] --END-- [ RunTime:0.000308s ]
INFO: [ app_begin ] --START--
INFO: Run Behavior\ReadHtmlCacheBehavior [ RunTime:0.000400s ]
INFO: [ app_begin ] --END-- [ RunTime:0.000469s ]
SQL: SHOW COLUMNS FROM `wfx_set` [ RunTime:0.0009s ]
SQL: SELECT * FROM `wfx_set` LIMIT 1   [ RunTime:0.0017s ]
SQL: SHOW COLUMNS FROM `wfx_cms_set` [ RunTime:0.0007s ]
SQL: SELECT * FROM `wfx_cms_set` LIMIT 1   [ RunTime:0.0012s ]
SQL: SHOW COLUMNS FROM `wfx_shop_set` [ RunTime:0.0015s ]
SQL: SELECT * FROM `wfx_shop_set` LIMIT 1   [ RunTime:0.0020s ]

[ 2017-05-22T15:27:25+08:00 ] 180.153.206.17 /Admin/Index/index
INFO: [ app_init ] --START--
INFO: Run Behavior\BuildLiteBehavior [ RunTime:0.000018s ]
INFO: [ app_init ] --END-- [ RunTime:0.000473s ]
INFO: [ app_begin ] --START--
INFO: Run Behavior\ReadHtmlCacheBehavior [ RunTime:0.000409s ]
INFO: [ app_begin ] --END-- [ RunTime:0.000459s ]
SQL: SHOW COLUMNS FROM `wfx_set` [ RunTime:0.0018s ]
SQL: SELECT * FROM `wfx_set` LIMIT 1   [ RunTime:0.0002s ]
SQL: SHOW COLUMNS FROM `wfx_cms_set` [ RunTime:0.0012s ]
SQL: SELECT * FROM `wfx_cms_set` LIMIT 1   [ RunTime:0.0002s ]
SQL: SHOW COLUMNS FROM `wfx_shop_set` [ RunTime:0.0024s ]
SQL: SELECT * FROM `wfx_shop_set` LIMIT 1   [ RunTime:0.0096s ]

[ 2017-05-22T15:27:25+08:00 ] 180.163.2.117 /Admin/Index/index
INFO: [ app_init ] --START--
INFO: Run Behavior\BuildLiteBehavior [ RunTime:0.000028s ]
INFO: [ app_init ] --END-- [ RunTime:0.000432s ]
INFO: [ app_begin ] --START--
INFO: Run Behavior\ReadHtmlCacheBehavior [ RunTime:0.000561s ]
INFO: [ app_begin ] --END-- [ RunTime:0.000629s ]
SQL: SHOW COLUMNS FROM `wfx_set` [ RunTime:0.0015s ]
SQL: SELECT * FROM `wfx_set` LIMIT 1   [ RunTime:0.0003s ]
SQL: SHOW COLUMNS FROM `wfx_cms_set` [ RunTime:0.0107s ]
SQL: SELECT * FROM `wfx_cms_set` LIMIT 1   [ RunTime:0.0003s ]
SQL: SHOW COLUMNS FROM `wfx_shop_set` [ RunTime:0.0012s ]
SQL: SELECT * FROM `wfx_shop_set` LIMIT 1   [ RunTime:0.0002s ]

[ 2017-05-22T15:27:25+08:00 ] 101.226.61.206 /Admin/Public/login
INFO: [ app_init ] --START--
INFO: Run Behavior\BuildLiteBehavior [ RunTime:0.000014s ]
INFO: [ app_init ] --END-- [ RunTime:0.000299s ]
INFO: [ app_begin ] --START--
INFO: Run Behavior\ReadHtmlCacheBehavior [ RunTime:0.000386s ]
INFO: [ app_begin ] --END-- [ RunTime:0.000436s ]
SQL: SHOW COLUMNS FROM `wfx_set` [ RunTime:0.0011s ]
SQL: SELECT * FROM `wfx_set` LIMIT 1   [ RunTime:0.0002s ]
SQL: SHOW COLUMNS FROM `wfx_cms_set` [ RunTime:0.0008s ]
SQL: SELECT * FROM `wfx_cms_set` LIMIT 1   [ RunTime:0.0002s ]
SQL: SHOW COLUMNS FROM `wfx_shop_set` [ RunTime:0.0009s ]
SQL: SELECT * FROM `wfx_shop_set` LIMIT 1   [ RunTime:0.0003s ]
NOTIC: [8] Undefined index: uid /alidata/www/wemall/Application/Admin/Controller/PublicController.class.php 第 49 行.
INFO: [ view_parse ] --START--
INFO: [ template_filter ] --START--
INFO: Run Behavior\ContentReplaceBehavior [ RunTime:0.000050s ]
INFO: [ template_filter ] --END-- [ RunTime:0.000097s ]
INFO: Run Behavior\ParseTemplateBehavior [ RunTime:0.005673s ]
INFO: [ view_parse ] --END-- [ RunTime:0.005719s ]
INFO: [ view_filter ] --START--
INFO: Run Behavior\WriteHtmlCacheBehavior [ RunTime:0.000141s ]
INFO: Run Behavior\TokenBuildBehavior [ RunTime:0.000234s ]
INFO: [ view_filter ] --END-- [ RunTime:0.000442s ]
INFO: [ action_end ] --START--
INFO: Run Behavior\CronRunBehavior [ RunTime:0.000484s ]
INFO: [ action_end ] --END-- [ RunTime:0.000529s ]
INFO: [ app_end ] --START--
INFO: Run Behavior\ShowPageTraceBehavior [ RunTime:0.000423s ]
INFO: [ app_end ] --END-- [ RunTime:0.000464s ]

[ 2017-05-22T15:27:25+08:00 ] 180.153.206.17 /Admin/Public/login
INFO: [ app_init ] --START--
INFO: Run Behavior\BuildLiteBehavior [ RunTime:0.000014s ]
INFO: [ app_init ] --END-- [ RunTime:0.000299s ]
INFO: [ app_begin ] --START--
INFO: Run Behavior\ReadHtmlCacheBehavior [ RunTime:0.000397s ]
INFO: [ app_begin ] --END-- [ RunTime:0.000447s ]
SQL: SHOW COLUMNS FROM `wfx_set` [ RunTime:0.0010s ]
SQL: SELECT * FROM `wfx_set` LIMIT 1   [ RunTime:0.0002s ]
SQL: SHOW COLUMNS FROM `wfx_cms_set` [ RunTime:0.0009s ]
SQL: SELECT * FROM `wfx_cms_set` LIMIT 1   [ RunTime:0.0002s ]
SQL: SHOW COLUMNS FROM `wfx_shop_set` [ RunTime:0.0011s ]
SQL: SELECT * FROM `wfx_shop_set` LIMIT 1   [ RunTime:0.0002s ]
NOTIC: [8] Undefined index: uid /alidata/www/wemall/Application/Admin/Controller/PublicController.class.php 第 49 行.
INFO: [ view_parse ] --START--
INFO: [ template_filter ] --START--
INFO: Run Behavior\ContentReplaceBehavior [ RunTime:0.000049s ]
INFO: [ template_filter ] --END-- [ RunTime:0.000096s ]
INFO: Run Behavior\ParseTemplateBehavior [ RunTime:0.025916s ]
INFO: [ view_parse ] --END-- [ RunTime:0.025969s ]
INFO: [ view_filter ] --START--
INFO: Run Behavior\WriteHtmlCacheBehavior [ RunTime:0.000146s ]
INFO: Run Behavior\TokenBuildBehavior [ RunTime:0.000241s ]
INFO: [ view_filter ] --END-- [ RunTime:0.000457s ]
INFO: [ action_end ] --START--
INFO: Run Behavior\CronRunBehavior [ RunTime:0.000390s ]
INFO: [ action_end ] --END-- [ RunTime:0.000436s ]
INFO: [ app_end ] --START--
INFO: Run Behavior\ShowPageTraceBehavior [ RunTime:0.000421s ]
INFO: [ app_end ] --END-- [ RunTime:0.000463s ]

[ 2017-05-22T15:27:25+08:00 ] 101.226.66.191 /Admin/Public/login
INFO: [ app_init ] --START--
INFO: Run Behavior\BuildLiteBehavior [ RunTime:0.000018s ]
INFO: [ app_init ] --END-- [ RunTime:0.000371s ]
INFO: [ app_begin ] --START--
INFO: Run Behavior\ReadHtmlCacheBehavior [ RunTime:0.000427s ]
INFO: [ app_begin ] --END-- [ RunTime:0.000476s ]
SQL: SHOW COLUMNS FROM `wfx_set` [ RunTime:0.0009s ]
SQL: SELECT * FROM `wfx_set` LIMIT 1   [ RunTime:0.0002s ]
SQL: SHOW COLUMNS FROM `wfx_cms_set` [ RunTime:0.0007s ]
SQL: SELECT * FROM `wfx_cms_set` LIMIT 1   [ RunTime:0.0002s ]
SQL: SHOW COLUMNS FROM `wfx_shop_set` [ RunTime:0.0010s ]
SQL: SELECT * FROM `wfx_shop_set` LIMIT 1   [ RunTime:0.0002s ]
NOTIC: [8] Undefined index: uid /alidata/www/wemall/Application/Admin/Controller/PublicController.class.php 第 49 行.
INFO: [ view_parse ] --START--
INFO: [ template_filter ] --START--
INFO: Run Behavior\ContentReplaceBehavior [ RunTime:0.000054s ]
INFO: [ template_filter ] --END-- [ RunTime:0.000109s ]
INFO: Run Behavior\ParseTemplateBehavior [ RunTime:0.005695s ]
INFO: [ view_parse ] --END-- [ RunTime:0.005741s ]
INFO: [ view_filter ] --START--
INFO: Run Behavior\WriteHtmlCacheBehavior [ RunTime:0.000147s ]
INFO: Run Behavior\TokenBuildBehavior [ RunTime:0.000244s ]
INFO: [ view_filter ] --END-- [ RunTime:0.000461s ]
INFO: [ action_end ] --START--
INFO: Run Behavior\CronRunBehavior [ RunTime:0.000436s ]
INFO: [ action_end ] --END-- [ RunTime:0.000481s ]
INFO: [ app_end ] --START--
INFO: Run Behavior\ShowPageTraceBehavior [ RunTime:0.000434s ]
INFO: [ app_end ] --END-- [ RunTime:0.000476s ]

[ 2017-05-22T15:27:25+08:00 ] 180.163.2.117 /Admin/Public/login
INFO: [ app_init ] --START--
INFO: Run Behavior\BuildLiteBehavior [ RunTime:0.000015s ]
INFO: [ app_init ] --END-- [ RunTime:0.000326s ]
INFO: [ app_begin ] --START--
INFO: Run Behavior\ReadHtmlCacheBehavior [ RunTime:0.000410s ]
INFO: [ app_begin ] --END-- [ RunTime:0.000459s ]
SQL: SHOW COLUMNS FROM `wfx_set` [ RunTime:0.0014s ]
SQL: SELECT * FROM `wfx_set` LIMIT 1   [ RunTime:0.0003s ]
SQL: SHOW COLUMNS FROM `wfx_cms_set` [ RunTime:0.0009s ]
SQL: SELECT * FROM `wfx_cms_set` LIMIT 1   [ RunTime:0.0002s ]
SQL: SHOW COLUMNS FROM `wfx_shop_set` [ RunTime:0.0011s ]
SQL: SELECT * FROM `wfx_shop_set` LIMIT 1   [ RunTime:0.0002s ]
NOTIC: [8] Undefined index: uid /alidata/www/wemall/Application/Admin/Controller/PublicController.class.php 第 49 行.
INFO: [ view_parse ] --START--
INFO: [ template_filter ] --START--
INFO: Run Behavior\ContentReplaceBehavior [ RunTime:0.000051s ]
INFO: [ template_filter ] --END-- [ RunTime:0.000099s ]
INFO: Run Behavior\ParseTemplateBehavior [ RunTime:0.005997s ]
INFO: [ view_parse ] --END-- [ RunTime:0.006043s ]
INFO: [ view_filter ] --START--
INFO: Run Behavior\WriteHtmlCacheBehavior [ RunTime:0.000141s ]
INFO: Run Behavior\TokenBuildBehavior [ RunTime:0.000240s ]
INFO: [ view_filter ] --END-- [ RunTime:0.000449s ]
INFO: [ action_end ] --START--
INFO: Run Behavior\CronRunBehavior [ RunTime:0.000417s ]
INFO: [ action_end ] --END-- [ RunTime:0.000464s ]
INFO: [ app_end ] --START--
INFO: Run Behavior\ShowPageTraceBehavior [ RunTime:0.000434s ]
INFO: [ app_end ] --END-- [ RunTime:0.000499s ]

[ 2017-05-22T15:47:54+08:00 ] 58.216.156.134 /Admin/Index/index
INFO: [ app_init ] --START--
INFO: Run Behavior\BuildLiteBehavior [ RunTime:0.000016s ]
INFO: [ app_init ] --END-- [ RunTime:0.000352s ]
INFO: [ app_begin ] --START--
INFO: Run Behavior\ReadHtmlCacheBehavior [ RunTime:0.000438s ]
INFO: [ app_begin ] --END-- [ RunTime:0.000487s ]
SQL: SHOW COLUMNS FROM `wfx_set` [ RunTime:0.0013s ]
SQL: SELECT * FROM `wfx_set` LIMIT 1   [ RunTime:0.0003s ]
SQL: SHOW COLUMNS FROM `wfx_cms_set` [ RunTime:0.0012s ]
SQL: SELECT * FROM `wfx_cms_set` LIMIT 1   [ RunTime:0.0002s ]
SQL: SHOW COLUMNS FROM `wfx_shop_set` [ RunTime:0.0014s ]
SQL: SELECT * FROM `wfx_shop_set` LIMIT 1   [ RunTime:0.0002s ]

[ 2017-05-22T15:47:54+08:00 ] 58.216.156.134 /Admin/Public/login
INFO: [ app_init ] --START--
INFO: Run Behavior\BuildLiteBehavior [ RunTime:0.000014s ]
INFO: [ app_init ] --END-- [ RunTime:0.000320s ]
INFO: [ app_begin ] --START--
INFO: Run Behavior\ReadHtmlCacheBehavior [ RunTime:0.000414s ]
INFO: [ app_begin ] --END-- [ RunTime:0.000463s ]
SQL: SHOW COLUMNS FROM `wfx_set` [ RunTime:0.0012s ]
SQL: SELECT * FROM `wfx_set` LIMIT 1   [ RunTime:0.0002s ]
SQL: SHOW COLUMNS FROM `wfx_cms_set` [ RunTime:0.0009s ]
SQL: SELECT * FROM `wfx_cms_set` LIMIT 1   [ RunTime:0.0002s ]
SQL: SHOW COLUMNS FROM `wfx_shop_set` [ RunTime:0.0011s ]
SQL: SELECT * FROM `wfx_shop_set` LIMIT 1   [ RunTime:0.0002s ]
NOTIC: [8] Undefined index: uid /alidata/www/wemall/Application/Admin/Controller/PublicController.class.php 第 49 行.
INFO: [ view_parse ] --START--
INFO: [ template_filter ] --START--
INFO: Run Behavior\ContentReplaceBehavior [ RunTime:0.000066s ]
INFO: [ template_filter ] --END-- [ RunTime:0.000114s ]
INFO: Run Behavior\ParseTemplateBehavior [ RunTime:0.005707s ]
INFO: [ view_parse ] --END-- [ RunTime:0.005752s ]
INFO: [ view_filter ] --START--
INFO: Run Behavior\WriteHtmlCacheBehavior [ RunTime:0.000140s ]
INFO: Run Behavior\TokenBuildBehavior [ RunTime:0.000253s ]
INFO: [ view_filter ] --END-- [ RunTime:0.000461s ]
INFO: [ action_end ] --START--
INFO: Run Behavior\CronRunBehavior [ RunTime:0.000398s ]
INFO: [ action_end ] --END-- [ RunTime:0.000443s ]
INFO: [ app_end ] --START--
INFO: Run Behavior\ShowPageTraceBehavior [ RunTime:0.000436s ]
INFO: [ app_end ] --END-- [ RunTime:0.000486s ]

[ 2017-05-22T15:47:54+08:00 ] 58.216.156.134 /Admin/Public/verify
INFO: [ app_init ] --START--
INFO: Run Behavior\BuildLiteBehavior [ RunTime:0.000022s ]
INFO: [ app_init ] --END-- [ RunTime:0.000323s ]
INFO: [ app_begin ] --START--
INFO: Run Behavior\ReadHtmlCacheBehavior [ RunTime:0.000502s ]
INFO: [ app_begin ] --END-- [ RunTime:0.000591s ]
SQL: SHOW COLUMNS FROM `wfx_set` [ RunTime:0.0013s ]
SQL: SELECT * FROM `wfx_set` LIMIT 1   [ RunTime:0.0003s ]
SQL: SHOW COLUMNS FROM `wfx_cms_set` [ RunTime:0.0009s ]
SQL: SELECT * FROM `wfx_cms_set` LIMIT 1   [ RunTime:0.0002s ]
SQL: SHOW COLUMNS FROM `wfx_shop_set` [ RunTime:0.0011s ]
SQL: SELECT * FROM `wfx_shop_set` LIMIT 1   [ RunTime:0.0002s ]
INFO: [ action_end ] --START--
INFO: Run Behavior\CronRunBehavior [ RunTime:0.000461s ]
INFO: [ action_end ] --END-- [ RunTime:0.000520s ]
INFO: [ app_end ] --START--
INFO: Run Behavior\ShowPageTraceBehavior [ RunTime:0.000422s ]
INFO: [ app_end ] --END-- [ RunTime:0.000465s ]

[ 2017-05-22T15:47:58+08:00 ] 58.216.156.134 /Admin/Public/login
INFO: [ app_init ] --START--
INFO: Run Behavior\BuildLiteBehavior [ RunTime:0.000019s ]
INFO: [ app_init ] --END-- [ RunTime:0.000364s ]
INFO: [ app_begin ] --START--
INFO: Run Behavior\ReadHtmlCacheBehavior [ RunTime:0.000428s ]
INFO: [ app_begin ] --END-- [ RunTime:0.000481s ]
SQL: SHOW COLUMNS FROM `wfx_set` [ RunTime:0.0014s ]
SQL: SELECT * FROM `wfx_set` LIMIT 1   [ RunTime:0.0003s ]
SQL: SHOW COLUMNS FROM `wfx_cms_set` [ RunTime:0.0009s ]
SQL: SELECT * FROM `wfx_cms_set` LIMIT 1   [ RunTime:0.0002s ]
SQL: SHOW COLUMNS FROM `wfx_shop_set` [ RunTime:0.0012s ]
SQL: SELECT * FROM `wfx_shop_set` LIMIT 1   [ RunTime:0.0002s ]
SQL: SHOW COLUMNS FROM `wfx_user` [ RunTime:0.0013s ]
SQL: SELECT * FROM `wfx_user` WHERE `username` = 'admin' AND `userpass` = '21232f297a57a5a743894a0e4a801fc3' AND `type` = 1 LIMIT 1   [ RunTime:0.0003s ]
SQL: SHOW COLUMNS FROM `wfx_employee` [ RunTime:0.0013s ]
SQL: SELECT * FROM `wfx_employee` WHERE `username` = 'admin' AND `userpass` = '21232f297a57a5a743894a0e4a801fc3' AND `type` = 1 LIMIT 1   [ RunTime:0.0003s ]

[ 2017-05-22T15:47:58+08:00 ] 58.216.156.134 /Admin/Index/index
INFO: [ app_init ] --START--
INFO: Run Behavior\BuildLiteBehavior [ RunTime:0.000017s ]
INFO: [ app_init ] --END-- [ RunTime:0.000341s ]
INFO: [ app_begin ] --START--
INFO: Run Behavior\ReadHtmlCacheBehavior [ RunTime:0.000393s ]
INFO: [ app_begin ] --END-- [ RunTime:0.000441s ]
SQL: SHOW COLUMNS FROM `wfx_set` [ RunTime:0.0014s ]
SQL: SELECT * FROM `wfx_set` LIMIT 1   [ RunTime:0.0003s ]
SQL: SHOW COLUMNS FROM `wfx_cms_set` [ RunTime:0.0009s ]
SQL: SELECT * FROM `wfx_cms_set` LIMIT 1   [ RunTime:0.0002s ]
SQL: SHOW COLUMNS FROM `wfx_shop_set` [ RunTime:0.0011s ]
SQL: SELECT * FROM `wfx_shop_set` LIMIT 1   [ RunTime:0.0002s ]
SQL: SHOW COLUMNS FROM `wfx_user_oath` [ RunTime:0.0012s ]
SQL: SELECT * FROM `wfx_user_oath`  [ RunTime:0.0002s ]
INFO: [ view_parse ] --START--
INFO: [ template_filter ] --START--
INFO: Run Behavior\ContentReplaceBehavior [ RunTime:0.000183s ]
INFO: [ template_filter ] --END-- [ RunTime:0.000263s ]
INFO: Run Behavior\ParseTemplateBehavior [ RunTime:0.029084s ]
INFO: [ view_parse ] --END-- [ RunTime:0.029140s ]
INFO: [ view_filter ] --START--
INFO: Run Behavior\WriteHtmlCacheBehavior [ RunTime:0.000178s ]
INFO: Run Behavior\TokenBuildBehavior [ RunTime:0.000263s ]
INFO: [ view_filter ] --END-- [ RunTime:0.000531s ]
INFO: [ action_end ] --START--
INFO: Run Behavior\CronRunBehavior [ RunTime:0.000459s ]
INFO: [ action_end ] --END-- [ RunTime:0.000511s ]
INFO: [ app_end ] --START--
INFO: Run Behavior\ShowPageTraceBehavior [ RunTime:0.000433s ]
INFO: [ app_end ] --END-- [ RunTime:0.000476s ]

[ 2017-05-22T15:47:59+08:00 ] 58.216.156.134 /Admin/Index/main
INFO: [ app_init ] --START--
INFO: Run Behavior\BuildLiteBehavior [ RunTime:0.000019s ]
INFO: [ app_init ] --END-- [ RunTime:0.000389s ]
INFO: [ app_begin ] --START--
INFO: Run Behavior\ReadHtmlCacheBehavior [ RunTime:0.000416s ]
INFO: [ app_begin ] --END-- [ RunTime:0.000462s ]
SQL: SHOW COLUMNS FROM `wfx_set` [ RunTime:0.0014s ]
SQL: SELECT * FROM `wfx_set` LIMIT 1   [ RunTime:0.0003s ]
SQL: SHOW COLUMNS FROM `wfx_cms_set` [ RunTime:0.0009s ]
SQL: SELECT * FROM `wfx_cms_set` LIMIT 1   [ RunTime:0.0002s ]
SQL: SHOW COLUMNS FROM `wfx_shop_set` [ RunTime:0.0011s ]
SQL: SELECT * FROM `wfx_shop_set` LIMIT 1   [ RunTime:0.0003s ]
INFO: [ view_parse ] --START--
INFO: [ template_filter ] --START--
INFO: Run Behavior\ContentReplaceBehavior [ RunTime:0.000040s ]
INFO: [ template_filter ] --END-- [ RunTime:0.000092s ]
INFO: Run Behavior\ParseTemplateBehavior [ RunTime:0.005790s ]
INFO: [ view_parse ] --END-- [ RunTime:0.005834s ]
INFO: [ view_filter ] --START--
INFO: Run Behavior\WriteHtmlCacheBehavior [ RunTime:0.000146s ]
INFO: Run Behavior\TokenBuildBehavior [ RunTime:0.000243s ]
INFO: [ view_filter ] --END-- [ RunTime:0.000454s ]
SQL: SHOW COLUMNS FROM `wfx_vip` [ RunTime:0.0022s ]
SQL: SELECT COUNT(*) AS tp_count FROM `wfx_vip` LIMIT 1   [ RunTime:0.0003s ]
SQL: SELECT COUNT(*) AS tp_count FROM `wfx_vip` WHERE ( subscribe=1 ) LIMIT 1   [ RunTime:0.0002s ]
SQL: SELECT COUNT(*) AS tp_count FROM `wfx_vip` WHERE `ctime` BETWEEN 1495382400 AND 1495468799 LIMIT 1   [ RunTime:0.0002s ]
SQL: SELECT COUNT(*) AS tp_count FROM `wfx_vip` WHERE `ctime` BETWEEN 1495296000 AND 1495382399 LIMIT 1   [ RunTime:0.0002s ]
SQL: SHOW COLUMNS FROM `wfx_shop_order` [ RunTime:0.0015s ]
SQL: SELECT COUNT(*) AS tp_count FROM `wfx_shop_order` LIMIT 1   [ RunTime:0.0002s ]
SQL: SELECT COUNT(*) AS tp_count FROM `wfx_shop_order` WHERE ( status=0 ) LIMIT 1   [ RunTime:0.0002s ]
SQL: SELECT COUNT(*) AS tp_count FROM `wfx_shop_order` WHERE ( status=1 ) LIMIT 1   [ RunTime:0.0002s ]
SQL: SELECT COUNT(*) AS tp_count FROM `wfx_shop_order` WHERE ( status=2 ) LIMIT 1   [ RunTime:0.0002s ]
SQL: SELECT COUNT(*) AS tp_count FROM `wfx_shop_order` WHERE ( status=3 ) LIMIT 1   [ RunTime:0.0002s ]
SQL: SELECT COUNT(*) AS tp_count FROM `wfx_shop_order` WHERE ( status=4 ) LIMIT 1   [ RunTime:0.0002s ]
SQL: SELECT COUNT(*) AS tp_count FROM `wfx_shop_order` WHERE ( status=5 ) LIMIT 1   [ RunTime:0.0002s ]
SQL: SELECT COUNT(*) AS tp_count FROM `wfx_shop_order` WHERE ( status=6 ) LIMIT 1   [ RunTime:0.0002s ]
SQL: SELECT COUNT(*) AS tp_count FROM `wfx_shop_order` WHERE `ctime` BETWEEN 1495382400 AND 1495468799 LIMIT 1   [ RunTime:0.0002s ]
SQL: SELECT COUNT(*) AS tp_count FROM `wfx_shop_order` WHERE `ctime` BETWEEN 1495296000 AND 1495382399 LIMIT 1   [ RunTime:0.0002s ]
SQL: SHOW COLUMNS FROM `wfx_fx_syslog` [ RunTime:0.0014s ]
SQL: SELECT SUM(fxyj) AS tp_sum FROM `wfx_fx_syslog` LIMIT 1   [ RunTime:0.0002s ]
SQL: SELECT SUM(fxyj) AS tp_sum FROM `wfx_fx_syslog` WHERE `ctime` BETWEEN 1495382400 AND 1495468799 LIMIT 1   [ RunTime:0.0002s ]
SQL: SELECT SUM(fxyj) AS tp_sum FROM `wfx_fx_syslog` WHERE `ctime` BETWEEN 1495296000 AND 1495382399 LIMIT 1   [ RunTime:0.0002s ]
NOTIC: [2] Division by zero /alidata/www/wemall/Application/Admin/Controller/IndexController.class.php 第 138 行.
SQL: SELECT COUNT(*) AS tp_count FROM `wfx_vip` WHERE `isfx` = 0 AND `isfxgd` = 0 LIMIT 1   [ RunTime:0.0003s ]
SQL: SELECT COUNT(*) AS tp_count FROM `wfx_vip` WHERE `isfx` = 1 AND `isfxgd` = 0 LIMIT 1   [ RunTime:0.0002s ]
SQL: SELECT COUNT(*) AS tp_count FROM `wfx_vip` WHERE ( isfxgd=1 ) LIMIT 1   [ RunTime:0.0002s ]
SQL: SHOW COLUMNS FROM `wfx_vip_log_sub` [ RunTime:0.0012s ]
SQL: SELECT * FROM `wfx_vip_log_sub` ORDER BY ctime desc LIMIT 5   [ RunTime:0.0002s ]
SQL: SELECT * FROM `wfx_fx_syslog` ORDER BY ctime desc LIMIT 5   [ RunTime:0.0002s ]
SQL: SELECT * FROM `wfx_vip` WHERE ( id=12 ) LIMIT 1   [ RunTime:0.0003s ]
SQL: SHOW COLUMNS FROM `wfx_fx_log_tj` [ RunTime:0.0011s ]
SQL: SELECT * FROM `wfx_fx_log_tj` ORDER BY ctime desc LIMIT 5   [ RunTime:0.0002s ]
SQL: SELECT * FROM `wfx_vip` WHERE ( id=4 ) LIMIT 1   [ RunTime:0.0003s ]
SQL: SELECT * FROM `wfx_shop_order` WHERE `ispay` = 1 AND `status` = 2 ORDER BY ctime desc LIMIT 5   [ RunTime:0.0004s ]
SQL: SELECT * FROM `wfx_vip` WHERE ( id=10 ) LIMIT 1   [ RunTime:0.0003s ]
SQL: SELECT * FROM `wfx_vip` WHERE ( id=3 ) LIMIT 1   [ RunTime:0.0002s ]
SQL: SELECT * FROM `wfx_vip` WHERE ( id=1 ) LIMIT 1   [ RunTime:0.0003s ]
SQL: SELECT * FROM `wfx_vip` WHERE ( id=1 ) LIMIT 1   [ RunTime:0.0003s ]
SQL: SELECT * FROM `wfx_vip` WHERE ( id=1 ) LIMIT 1   [ RunTime:0.0003s ]
SQL: SELECT SUM(totalprice) AS tp_sum FROM `wfx_shop_order` WHERE `ispay` = 1 LIMIT 1   [ RunTime:0.0002s ]
SQL: SELECT SUM(totalprice) AS tp_sum FROM `wfx_shop_order` WHERE `status` = 5 LIMIT 1   [ RunTime:0.0002s ]
SQL: SELECT SUM(totalnum) AS tp_sum FROM `wfx_shop_order` WHERE `ispay` = 1 LIMIT 1   [ RunTime:0.0002s ]
SQL: SHOW COLUMNS FROM `wfx_vip_tx` [ RunTime:0.0012s ]
SQL: SELECT SUM(txprice) AS tp_sum FROM `wfx_vip_tx` WHERE `status` = 2 LIMIT 1   [ RunTime:0.0002s ]
INFO: [ view_parse ] --START--
INFO: [ template_filter ] --START--
INFO: Run Behavior\ContentReplaceBehavior [ RunTime:0.000106s ]
INFO: [ template_filter ] --END-- [ RunTime:-0.042011s ]
INFO: Run Behavior\ParseTemplateBehavior [ RunTime:0.020100s ]
INFO: [ view_parse ] --END-- [ RunTime:-0.024778s ]
INFO: [ view_filter ] --START--
INFO: Run Behavior\WriteHtmlCacheBehavior [ RunTime:0.000013s ]
INFO: Run Behavior\TokenBuildBehavior [ RunTime:0.000052s ]
INFO: [ view_filter ] --END-- [ RunTime:-0.044481s ]
INFO: [ action_end ] --START--
INFO: Run Behavior\CronRunBehavior [ RunTime:0.000514s ]
INFO: [ action_end ] --END-- [ RunTime:0.000563s ]
INFO: [ app_end ] --START--
INFO: Run Behavior\ShowPageTraceBehavior [ RunTime:0.000445s ]
INFO: [ app_end ] --END-- [ RunTime:0.000485s ]

[ 2017-05-22T15:48:01+08:00 ] 58.216.156.134 /Admin/User/userList
INFO: [ app_init ] --START--
INFO: Run Behavior\BuildLiteBehavior [ RunTime:0.000016s ]
INFO: [ app_init ] --END-- [ RunTime:0.000315s ]
INFO: [ app_begin ] --START--
INFO: Run Behavior\ReadHtmlCacheBehavior [ RunTime:0.000389s ]
INFO: [ app_begin ] --END-- [ RunTime:0.000433s ]
SQL: SHOW COLUMNS FROM `wfx_set` [ RunTime:0.0014s ]
SQL: SELECT * FROM `wfx_set` LIMIT 1   [ RunTime:0.0003s ]
SQL: SHOW COLUMNS FROM `wfx_cms_set` [ RunTime:0.0008s ]
SQL: SELECT * FROM `wfx_cms_set` LIMIT 1   [ RunTime:0.0002s ]
SQL: SHOW COLUMNS FROM `wfx_shop_set` [ RunTime:0.0011s ]
SQL: SELECT * FROM `wfx_shop_set` LIMIT 1   [ RunTime:0.0003s ]
INFO: [ view_parse ] --START--
INFO: [ template_filter ] --START--
INFO: Run Behavior\ContentReplaceBehavior [ RunTime:0.000037s ]
INFO: [ template_filter ] --END-- [ RunTime:0.000083s ]
INFO: Run Behavior\ParseTemplateBehavior [ RunTime:0.005539s ]
INFO: [ view_parse ] --END-- [ RunTime:0.005583s ]
INFO: [ view_filter ] --START--
INFO: Run Behavior\WriteHtmlCacheBehavior [ RunTime:0.000167s ]
INFO: Run Behavior\TokenBuildBehavior [ RunTime:0.000240s ]
INFO: [ view_filter ] --END-- [ RunTime:0.000468s ]
SQL: SHOW COLUMNS FROM `wfx_user` [ RunTime:0.0010s ]
NOTIC: [8] Undefined index: p /alidata/www/wemall/Application/Admin/Controller/UserController.class.php 第 30 行.
SQL: SELECT * FROM `wfx_user` WHERE `type` = 1 LIMIT 0,20   [ RunTime:0.0003s ]
SQL: SELECT COUNT(*) AS tp_count FROM `wfx_user` WHERE `type` = 1 LIMIT 1   [ RunTime:0.0002s ]
NOTIC: [2] Missing argument 6 for Admin\Controller\BaseController::getPage(), called in /alidata/www/wemall/Application/Admin/Controller/UserController.class.php on line 40 and defined /alidata/www/wemall/Application/Admin/Controller/BaseController.class.php 第 91 行.
NOTIC: [8] Undefined variable: map /alidata/www/wemall/Application/Admin/Controller/BaseController.class.php 第 103 行.
INFO: [ view_parse ] --START--
INFO: [ template_filter ] --START--
INFO: Run Behavior\ContentReplaceBehavior [ RunTime:0.000034s ]
INFO: [ template_filter ] --END-- [ RunTime:-0.007055s ]
NOTIC: [8] Undefined variable: name /alidata/www/wemall/Application/Runtime/Cache/Admin/68a97b14a62a08ef5636be6b8ce3fefe.php 第 30 行.
INFO: Run Behavior\ParseTemplateBehavior [ RunTime:0.004143s ]
INFO: [ view_parse ] --END-- [ RunTime:-0.003409s ]
INFO: [ view_filter ] --START--
INFO: Run Behavior\WriteHtmlCacheBehavior [ RunTime:0.000010s ]
INFO: Run Behavior\TokenBuildBehavior [ RunTime:0.000012s ]
INFO: [ view_filter ] --END-- [ RunTime:-0.007119s ]
INFO: [ action_end ] --START--
INFO: Run Behavior\CronRunBehavior [ RunTime:0.000469s ]
INFO: [ action_end ] --END-- [ RunTime:0.000510s ]
INFO: [ app_end ] --START--
INFO: Run Behavior\ShowPageTraceBehavior [ RunTime:0.000421s ]
INFO: [ app_end ] --END-- [ RunTime:0.000460s ]

[ 2017-05-22T15:48:05+08:00 ] 58.216.156.134 /Admin/Wx/set
INFO: [ app_init ] --START--
INFO: Run Behavior\BuildLiteBehavior [ RunTime:0.000021s ]
INFO: [ app_init ] --END-- [ RunTime:0.000349s ]
INFO: [ app_begin ] --START--
INFO: Run Behavior\ReadHtmlCacheBehavior [ RunTime:0.000413s ]
INFO: [ app_begin ] --END-- [ RunTime:0.000460s ]
SQL: SHOW COLUMNS FROM `wfx_set` [ RunTime:0.0014s ]
SQL: SELECT * FROM `wfx_set` LIMIT 1   [ RunTime:0.0003s ]
SQL: SHOW COLUMNS FROM `wfx_cms_set` [ RunTime:0.0009s ]
SQL: SELECT * FROM `wfx_cms_set` LIMIT 1   [ RunTime:0.0002s ]
SQL: SHOW COLUMNS FROM `wfx_shop_set` [ RunTime:0.0011s ]
SQL: SELECT * FROM `wfx_shop_set` LIMIT 1   [ RunTime:0.0003s ]
INFO: [ view_parse ] --START--
INFO: [ template_filter ] --START--
INFO: Run Behavior\ContentReplaceBehavior [ RunTime:0.000039s ]
INFO: [ template_filter ] --END-- [ RunTime:0.000093s ]
INFO: Run Behavior\ParseTemplateBehavior [ RunTime:0.006008s ]
INFO: [ view_parse ] --END-- [ RunTime:0.006061s ]
INFO: [ view_filter ] --START--
INFO: Run Behavior\WriteHtmlCacheBehavior [ RunTime:0.000147s ]
INFO: Run Behavior\TokenBuildBehavior [ RunTime:0.000238s ]
INFO: [ view_filter ] --END-- [ RunTime:0.000448s ]
SQL: SELECT * FROM `wfx_set` LIMIT 1   [ RunTime:0.0004s ]
INFO: [ view_parse ] --START--
INFO: [ template_filter ] --START--
INFO: Run Behavior\ContentReplaceBehavior [ RunTime:0.000038s ]
INFO: [ template_filter ] --END-- [ RunTime:-0.005600s ]
INFO: Run Behavior\ParseTemplateBehavior [ RunTime:0.004666s ]
INFO: [ view_parse ] --END-- [ RunTime:-0.001061s ]
INFO: [ view_filter ] --START--
INFO: Run Behavior\WriteHtmlCacheBehavior [ RunTime:0.000010s ]
INFO: Run Behavior\TokenBuildBehavior [ RunTime:0.000014s ]
INFO: [ view_filter ] --END-- [ RunTime:-0.005326s ]
INFO: [ action_end ] --START--
INFO: Run Behavior\CronRunBehavior [ RunTime:0.000484s ]
INFO: [ action_end ] --END-- [ RunTime:0.000529s ]
INFO: [ app_end ] --START--
INFO: Run Behavior\ShowPageTraceBehavior [ RunTime:0.000461s ]
INFO: [ app_end ] --END-- [ RunTime:0.000506s ]

[ 2017-05-22T15:48:12+08:00 ] 58.216.156.134 /Admin/Alipay/set
INFO: [ app_init ] --START--
INFO: Run Behavior\BuildLiteBehavior [ RunTime:0.000016s ]
INFO: [ app_init ] --END-- [ RunTime:0.000317s ]
INFO: [ app_begin ] --START--
INFO: Run Behavior\ReadHtmlCacheBehavior [ RunTime:0.000418s ]
INFO: [ app_begin ] --END-- [ RunTime:0.000463s ]
SQL: SHOW COLUMNS FROM `wfx_set` [ RunTime:0.0014s ]
SQL: SELECT * FROM `wfx_set` LIMIT 1   [ RunTime:0.0003s ]
SQL: SHOW COLUMNS FROM `wfx_cms_set` [ RunTime:0.0009s ]
SQL: SELECT * FROM `wfx_cms_set` LIMIT 1   [ RunTime:0.0002s ]
SQL: SHOW COLUMNS FROM `wfx_shop_set` [ RunTime:0.0011s ]
SQL: SELECT * FROM `wfx_shop_set` LIMIT 1   [ RunTime:0.0002s ]
SQL: SHOW COLUMNS FROM `wfx_alipay` [ RunTime:0.0015s ]
SQL: SELECT * FROM `wfx_alipay` LIMIT 1   [ RunTime:0.0002s ]
INFO: [ view_parse ] --START--
INFO: [ template_filter ] --START--
INFO: Run Behavior\ContentReplaceBehavior [ RunTime:0.000039s ]
INFO: [ template_filter ] --END-- [ RunTime:0.000085s ]
NOTIC: [8] Undefined variable: breadhtml /alidata/www/wemall/Application/Runtime/Cache/Admin/3a6962a083264a042b5c6b738df23bdb.php 第 51 行.
INFO: Run Behavior\ParseTemplateBehavior [ RunTime:0.005480s ]
INFO: [ view_parse ] --END-- [ RunTime:0.005536s ]
INFO: [ view_filter ] --START--
INFO: Run Behavior\WriteHtmlCacheBehavior [ RunTime:0.000148s ]
INFO: Run Behavior\TokenBuildBehavior [ RunTime:0.000241s ]
INFO: [ view_filter ] --END-- [ RunTime:0.000453s ]
INFO: [ action_end ] --START--
INFO: Run Behavior\CronRunBehavior [ RunTime:0.000451s ]
INFO: [ action_end ] --END-- [ RunTime:0.000493s ]
INFO: [ app_end ] --START--
INFO: Run Behavior\ShowPageTraceBehavior [ RunTime:0.000420s ]
INFO: [ app_end ] --END-- [ RunTime:0.000460s ]

[ 2017-05-22T15:48:13+08:00 ] 58.216.156.134 /Admin/Sms/set
INFO: [ app_init ] --START--
INFO: Run Behavior\BuildLiteBehavior [ RunTime:0.000017s ]
INFO: [ app_init ] --END-- [ RunTime:0.000329s ]
INFO: [ app_begin ] --START--
INFO: Run Behavior\ReadHtmlCacheBehavior [ RunTime:0.000399s ]
INFO: [ app_begin ] --END-- [ RunTime:0.000444s ]
SQL: SHOW COLUMNS FROM `wfx_set` [ RunTime:0.0014s ]
SQL: SELECT * FROM `wfx_set` LIMIT 1   [ RunTime:0.0003s ]
SQL: SHOW COLUMNS FROM `wfx_cms_set` [ RunTime:0.0009s ]
SQL: SELECT * FROM `wfx_cms_set` LIMIT 1   [ RunTime:0.0002s ]
SQL: SHOW COLUMNS FROM `wfx_shop_set` [ RunTime:0.0011s ]
SQL: SELECT * FROM `wfx_shop_set` LIMIT 1   [ RunTime:0.0002s ]
SQL: SHOW COLUMNS FROM `wfx_sms` [ RunTime:0.0015s ]
SQL: SELECT * FROM `wfx_sms` LIMIT 1   [ RunTime:0.0002s ]
INFO: [ view_parse ] --START--
INFO: [ template_filter ] --START--
INFO: Run Behavior\ContentReplaceBehavior [ RunTime:0.000060s ]
INFO: [ template_filter ] --END-- [ RunTime:0.000111s ]
NOTIC: [8] Undefined variable: breadhtml /alidata/www/wemall/Application/Runtime/Cache/Admin/9c48b79afe781c48da93918d221d8c63.php 第 45 行.
INFO: Run Behavior\ParseTemplateBehavior [ RunTime:0.005537s ]
INFO: [ view_parse ] --END-- [ RunTime:0.005577s ]
INFO: [ view_filter ] --START--
INFO: Run Behavior\WriteHtmlCacheBehavior [ RunTime:0.000145s ]
INFO: Run Behavior\TokenBuildBehavior [ RunTime:0.000245s ]
INFO: [ view_filter ] --END-- [ RunTime:0.000475s ]
INFO: [ action_end ] --START--
INFO: Run Behavior\CronRunBehavior [ RunTime:0.000419s ]
INFO: [ action_end ] --END-- [ RunTime:0.000463s ]
INFO: [ app_end ] --START--
INFO: Run Behavior\ShowPageTraceBehavior [ RunTime:0.000465s ]
INFO: [ app_end ] --END-- [ RunTime:0.000507s ]

[ 2017-05-22T15:48:14+08:00 ] 58.216.156.134 /Admin/Vip/set
INFO: [ app_init ] --START--
INFO: Run Behavior\BuildLiteBehavior [ RunTime:0.000018s ]
INFO: [ app_init ] --END-- [ RunTime:0.000328s ]
INFO: [ app_begin ] --START--
INFO: Run Behavior\ReadHtmlCacheBehavior [ RunTime:0.000415s ]
INFO: [ app_begin ] --END-- [ RunTime:0.000460s ]
SQL: SHOW COLUMNS FROM `wfx_set` [ RunTime:0.0013s ]
SQL: SELECT * FROM `wfx_set` LIMIT 1   [ RunTime:0.0003s ]
SQL: SHOW COLUMNS FROM `wfx_cms_set` [ RunTime:0.0009s ]
SQL: SELECT * FROM `wfx_cms_set` LIMIT 1   [ RunTime:0.0002s ]
SQL: SHOW COLUMNS FROM `wfx_shop_set` [ RunTime:0.0011s ]
SQL: SELECT * FROM `wfx_shop_set` LIMIT 1   [ RunTime:0.0003s ]
SQL: SHOW COLUMNS FROM `wfx_vip_set` [ RunTime:0.0014s ]
SQL: SELECT * FROM `wfx_vip_set` LIMIT 1   [ RunTime:0.0003s ]
INFO: [ view_parse ] --START--
INFO: [ template_filter ] --START--
INFO: Run Behavior\ContentReplaceBehavior [ RunTime:0.000035s ]
INFO: [ template_filter ] --END-- [ RunTime:0.000080s ]
INFO: Run Behavior\ParseTemplateBehavior [ RunTime:0.005561s ]
INFO: [ view_parse ] --END-- [ RunTime:0.005603s ]
INFO: [ view_filter ] --START--
INFO: Run Behavior\WriteHtmlCacheBehavior [ RunTime:0.000165s ]
INFO: Run Behavior\TokenBuildBehavior [ RunTime:0.000239s ]
INFO: [ view_filter ] --END-- [ RunTime:0.000467s ]
SQL: SELECT * FROM `wfx_vip_set` LIMIT 1   [ RunTime:0.0002s ]
INFO: [ view_parse ] --START--
INFO: [ template_filter ] --START--
INFO: Run Behavior\ContentReplaceBehavior [ RunTime:0.000059s ]
INFO: [ template_filter ] --END-- [ RunTime:-0.006998s ]
INFO: Run Behavior\ParseTemplateBehavior [ RunTime:0.006575s ]
INFO: [ view_parse ] --END-- [ RunTime:-0.000914s ]
INFO: [ view_filter ] --START--
INFO: Run Behavior\WriteHtmlCacheBehavior [ RunTime:0.000010s ]
INFO: Run Behavior\TokenBuildBehavior [ RunTime:0.000016s ]
INFO: [ view_filter ] --END-- [ RunTime:-0.007064s ]
INFO: [ action_end ] --START--
INFO: Run Behavior\CronRunBehavior [ RunTime:0.000704s ]
INFO: [ action_end ] --END-- [ RunTime:0.000752s ]
INFO: [ app_end ] --START--
INFO: Run Behavior\ShowPageTraceBehavior [ RunTime:0.000417s ]
INFO: [ app_end ] --END-- [ RunTime:0.000456s ]

[ 2017-05-22T15:51:32+08:00 ] 58.216.156.134 /Admin/Vip/set
INFO: [ app_init ] --START--
INFO: Run Behavior\BuildLiteBehavior [ RunTime:0.000020s ]
INFO: [ app_init ] --END-- [ RunTime:0.000343s ]
INFO: [ app_begin ] --START--
INFO: Run Behavior\ReadHtmlCacheBehavior [ RunTime:0.000400s ]
INFO: [ app_begin ] --END-- [ RunTime:0.000448s ]
SQL: SHOW COLUMNS FROM `wfx_set` [ RunTime:0.0015s ]
SQL: SELECT * FROM `wfx_set` LIMIT 1   [ RunTime:0.0003s ]
SQL: SHOW COLUMNS FROM `wfx_cms_set` [ RunTime:0.0009s ]
SQL: SELECT * FROM `wfx_cms_set` LIMIT 1   [ RunTime:0.0002s ]
SQL: SHOW COLUMNS FROM `wfx_shop_set` [ RunTime:0.0011s ]
SQL: SELECT * FROM `wfx_shop_set` LIMIT 1   [ RunTime:0.0003s ]
SQL: SHOW COLUMNS FROM `wfx_vip_set` [ RunTime:0.0010s ]
SQL: SELECT * FROM `wfx_vip_set` LIMIT 1   [ RunTime:0.0002s ]
SQL: UPDATE `wfx_vip_set` SET `isverify`='0',`ver_interval`='2',`ver_times`='3',`isgift`='0',`reg_score`='100',`reg_exp`='20',`tj_score`='20',`tj_exp`='12',`tj_money`='0',`sign_score`='1,2,2,2,5',`sign_exp`='2',`cz_score`='1',`cz_exp`='2',`cz_rule`='100:10,200:30,500:60,1000:100',`xf_score`='0',`xf_exp`='0',`level_period`='0',`tx_money`='10',`tx_fee`='2',`isqiandao`='1' WHERE ( id=1 ) [ RunTime:0.7536s ]

[ 2017-05-22T15:51:32+08:00 ] 58.216.156.134 /Admin/Index/index
INFO: [ app_init ] --START--
INFO: Run Behavior\BuildLiteBehavior [ RunTime:0.000014s ]
INFO: [ app_init ] --END-- [ RunTime:0.000300s ]
INFO: [ app_begin ] --START--
INFO: Run Behavior\ReadHtmlCacheBehavior [ RunTime:0.000393s ]
INFO: [ app_begin ] --END-- [ RunTime:0.000438s ]
SQL: SHOW COLUMNS FROM `wfx_set` [ RunTime:0.0013s ]
SQL: SELECT * FROM `wfx_set` LIMIT 1   [ RunTime:0.0003s ]
SQL: SHOW COLUMNS FROM `wfx_cms_set` [ RunTime:0.0009s ]
SQL: SELECT * FROM `wfx_cms_set` LIMIT 1   [ RunTime:0.0002s ]
SQL: SHOW COLUMNS FROM `wfx_shop_set` [ RunTime:0.0011s ]
SQL: SELECT * FROM `wfx_shop_set` LIMIT 1   [ RunTime:0.0003s ]
SQL: SHOW COLUMNS FROM `wfx_user_oath` [ RunTime:0.0009s ]
SQL: SELECT * FROM `wfx_user_oath`  [ RunTime:0.0002s ]
INFO: [ view_parse ] --START--
INFO: [ template_filter ] --START--
INFO: Run Behavior\ContentReplaceBehavior [ RunTime:0.000166s ]
INFO: [ template_filter ] --END-- [ RunTime:0.000216s ]
INFO: Run Behavior\ParseTemplateBehavior [ RunTime:0.028620s ]
INFO: [ view_parse ] --END-- [ RunTime:0.028664s ]
INFO: [ view_filter ] --START--
INFO: Run Behavior\WriteHtmlCacheBehavior [ RunTime:0.000149s ]
INFO: Run Behavior\TokenBuildBehavior [ RunTime:0.000249s ]
INFO: [ view_filter ] --END-- [ RunTime:0.000463s ]
INFO: [ action_end ] --START--
INFO: Run Behavior\CronRunBehavior [ RunTime:0.000414s ]
INFO: [ action_end ] --END-- [ RunTime:0.000459s ]
INFO: [ app_end ] --START--
INFO: Run Behavior\ShowPageTraceBehavior [ RunTime:0.000457s ]
INFO: [ app_end ] --END-- [ RunTime:0.000498s ]

[ 2017-05-22T15:51:58+08:00 ] 58.216.156.134 /Admin/Vip/set
INFO: [ app_init ] --START--
INFO: Run Behavior\BuildLiteBehavior [ RunTime:0.000015s ]
INFO: [ app_init ] --END-- [ RunTime:0.000324s ]
INFO: [ app_begin ] --START--
INFO: Run Behavior\ReadHtmlCacheBehavior [ RunTime:0.000405s ]
INFO: [ app_begin ] --END-- [ RunTime:0.000453s ]
SQL: SHOW COLUMNS FROM `wfx_set` [ RunTime:0.0014s ]
SQL: SELECT * FROM `wfx_set` LIMIT 1   [ RunTime:0.0003s ]
SQL: SHOW COLUMNS FROM `wfx_cms_set` [ RunTime:0.0009s ]
SQL: SELECT * FROM `wfx_cms_set` LIMIT 1   [ RunTime:0.0002s ]
SQL: SHOW COLUMNS FROM `wfx_shop_set` [ RunTime:0.0011s ]
SQL: SELECT * FROM `wfx_shop_set` LIMIT 1   [ RunTime:0.0002s ]
SQL: SHOW COLUMNS FROM `wfx_vip_set` [ RunTime:0.0010s ]
SQL: SELECT * FROM `wfx_vip_set` LIMIT 1   [ RunTime:0.0002s ]
SQL: UPDATE `wfx_vip_set` SET `isverify`='0',`ver_interval`='2',`ver_times`='3',`isgift`='0',`reg_score`='100',`reg_exp`='20',`tj_score`='20',`tj_exp`='12',`tj_money`='0',`sign_score`='1,2,2,2,5',`sign_exp`='2',`cz_score`='1',`cz_exp`='2',`cz_rule`='100:10,200:30,500:60,1000:100',`xf_score`='0',`xf_exp`='0',`level_period`='0',`tx_money`='10',`tx_fee`='1',`isqiandao`='1' WHERE ( id=1 ) [ RunTime:1.1391s ]

[ 2017-05-22T15:51:58+08:00 ] 58.216.156.134 /Admin/Index/index
INFO: [ app_init ] --START--
INFO: Run Behavior\BuildLiteBehavior [ RunTime:0.000019s ]
INFO: [ app_init ] --END-- [ RunTime:0.000325s ]
INFO: [ app_begin ] --START--
INFO: Run Behavior\ReadHtmlCacheBehavior [ RunTime:0.000396s ]
INFO: [ app_begin ] --END-- [ RunTime:0.000442s ]
SQL: SHOW COLUMNS FROM `wfx_set` [ RunTime:0.0014s ]
SQL: SELECT * FROM `wfx_set` LIMIT 1   [ RunTime:0.0003s ]
SQL: SHOW COLUMNS FROM `wfx_cms_set` [ RunTime:0.0009s ]
SQL: SELECT * FROM `wfx_cms_set` LIMIT 1   [ RunTime:0.0002s ]
SQL: SHOW COLUMNS FROM `wfx_shop_set` [ RunTime:0.0011s ]
SQL: SELECT * FROM `wfx_shop_set` LIMIT 1   [ RunTime:0.0003s ]
SQL: SHOW COLUMNS FROM `wfx_user_oath` [ RunTime:0.0009s ]
SQL: SELECT * FROM `wfx_user_oath`  [ RunTime:0.0002s ]
INFO: [ view_parse ] --START--
INFO: [ template_filter ] --START--
INFO: Run Behavior\ContentReplaceBehavior [ RunTime:0.000182s ]
INFO: [ template_filter ] --END-- [ RunTime:0.000233s ]
INFO: Run Behavior\ParseTemplateBehavior [ RunTime:0.029779s ]
INFO: [ view_parse ] --END-- [ RunTime:0.029825s ]
INFO: [ view_filter ] --START--
INFO: Run Behavior\WriteHtmlCacheBehavior [ RunTime:0.000186s ]
INFO: Run Behavior\TokenBuildBehavior [ RunTime:0.000313s ]
INFO: [ view_filter ] --END-- [ RunTime:0.000569s ]
INFO: [ action_end ] --START--
INFO: Run Behavior\CronRunBehavior [ RunTime:0.000450s ]
INFO: [ action_end ] --END-- [ RunTime:0.000551s ]
INFO: [ app_end ] --START--
INFO: Run Behavior\ShowPageTraceBehavior [ RunTime:0.000432s ]
INFO: [ app_end ] --END-- [ RunTime:0.000471s ]

