[ 2018-04-16T18:51:40+08:00 ] 127.0.0.1 /admin/Public/login
INFO: [ app_init ] --START--
INFO: Run Behavior\BuildLiteBehavior [ RunTime:0.000046s ]
INFO: [ app_init ] --END-- [ RunTime:0.000992s ]
INFO: [ app_begin ] --START--
INFO: Run Behavior\ReadHtmlCacheBehavior [ RunTime:0.001341s ]
INFO: [ app_begin ] --END-- [ RunTime:0.001581s ]
NOTIC: [8] A session had already been started - ignoring session_start() E:\wamp64\www\daoyunshang\ThinkPHP\Common\functions.php ç¬¬ 1263 è¡Œ.
ERR: SQLSTATE[HY000] [2002] Ì×½Ó×Ö²Ù×÷³¢ÊÔÒ»¸öÎÞ·¨Á¬½ÓµÄÖ÷»ú¡£


[ 2018-04-16T18:53:32+08:00 ] 127.0.0.1 /admin/Public/login
INFO: [ app_init ] --START--
INFO: Run Behavior\BuildLiteBehavior [ RunTime:0.000055s ]
INFO: [ app_init ] --END-- [ RunTime:0.001073s ]
INFO: [ app_begin ] --START--
INFO: Run Behavior\ReadHtmlCacheBehavior [ RunTime:0.001172s ]
INFO: [ app_begin ] --END-- [ RunTime:0.001323s ]
NOTIC: [8] A session had already been started - ignoring session_start() E:\wamp64\www\daoyunshang\ThinkPHP\Common\functions.php ç¬¬ 1263 è¡Œ.
SQL: SHOW COLUMNS FROM `wfx_set` [ RunTime:0.0215s ]
SQL: SELECT * FROM `wfx_set` LIMIT 1   [ RunTime:0.0204s ]
SQL: SHOW COLUMNS FROM `wfx_cms_set` [ RunTime:0.0231s ]
SQL: SELECT * FROM `wfx_cms_set` LIMIT 1   [ RunTime:0.0239s ]
SQL: SHOW COLUMNS FROM `wfx_shop_set` [ RunTime:0.0210s ]
SQL: SELECT * FROM `wfx_shop_set` LIMIT 1   [ RunTime:0.0210s ]
NOTIC: [8] Undefined index: uid E:\wamp64\www\daoyunshang\Application\Admin\Controller\PublicController.class.php ç¬¬ 49 è¡Œ.
INFO: [ view_parse ] --START--
INFO: [ template_filter ] --START--
INFO: Run Behavior\ContentReplaceBehavior [ RunTime:0.000099s ]
INFO: [ template_filter ] --END-- [ RunTime:0.000229s ]
INFO: Run Behavior\ParseTemplateBehavior [ RunTime:0.096249s ]
INFO: [ view_parse ] --END-- [ RunTime:0.096397s ]
INFO: [ view_filter ] --START--
INFO: Run Behavior\WriteHtmlCacheBehavior [ RunTime:0.001249s ]
INFO: Run Behavior\TokenBuildBehavior [ RunTime:0.001256s ]
INFO: [ view_filter ] --END-- [ RunTime:0.002701s ]
INFO: [ action_end ] --START--
INFO: Run Behavior\CronRunBehavior [ RunTime:0.004194s ]
INFO: [ action_end ] --END-- [ RunTime:0.004363s ]
INFO: [ app_end ] --START--
INFO: Run Behavior\ShowPageTraceBehavior [ RunTime:0.002111s ]
INFO: [ app_end ] --END-- [ RunTime:0.002254s ]

[ 2018-04-16T18:53:32+08:00 ] 127.0.0.1 /Admin/Public/verify
INFO: [ app_init ] --START--
INFO: Run Behavior\BuildLiteBehavior [ RunTime:0.000048s ]
INFO: [ app_init ] --END-- [ RunTime:0.001351s ]
INFO: [ app_begin ] --START--
INFO: Run Behavior\ReadHtmlCacheBehavior [ RunTime:0.002720s ]
INFO: [ app_begin ] --END-- [ RunTime:0.003037s ]
NOTIC: [8] A session had already been started - ignoring session_start() E:\wamp64\www\daoyunshang\ThinkPHP\Common\functions.php ç¬¬ 1263 è¡Œ.
SQL: SHOW COLUMNS FROM `wfx_set` [ RunTime:0.0236s ]
SQL: SELECT * FROM `wfx_set` LIMIT 1   [ RunTime:0.0232s ]
SQL: SHOW COLUMNS FROM `wfx_cms_set` [ RunTime:0.0231s ]
SQL: SELECT * FROM `wfx_cms_set` LIMIT 1   [ RunTime:0.0231s ]
SQL: SHOW COLUMNS FROM `wfx_shop_set` [ RunTime:0.0236s ]
SQL: SELECT * FROM `wfx_shop_set` LIMIT 1   [ RunTime:0.0229s ]
INFO: [ action_end ] --START--
INFO: Run Behavior\CronRunBehavior [ RunTime:0.006878s ]
INFO: [ action_end ] --END-- [ RunTime:0.007858s ]
INFO: [ app_end ] --START--
INFO: Run Behavior\ShowPageTraceBehavior [ RunTime:0.004150s ]
INFO: [ app_end ] --END-- [ RunTime:0.004397s ]

[ 2018-04-16T18:53:45+08:00 ] 127.0.0.1 /admin/Public/login
INFO: [ app_init ] --START--
INFO: Run Behavior\BuildLiteBehavior [ RunTime:0.000039s ]
INFO: [ app_init ] --END-- [ RunTime:0.002308s ]
INFO: [ app_begin ] --START--
INFO: Run Behavior\ReadHtmlCacheBehavior [ RunTime:0.001387s ]
INFO: [ app_begin ] --END-- [ RunTime:0.001544s ]
NOTIC: [8] A session had already been started - ignoring session_start() E:\wamp64\www\daoyunshang\ThinkPHP\Common\functions.php ç¬¬ 1263 è¡Œ.
SQL: SHOW COLUMNS FROM `wfx_set` [ RunTime:0.0211s ]
SQL: SELECT * FROM `wfx_set` LIMIT 1   [ RunTime:0.0198s ]
SQL: SHOW COLUMNS FROM `wfx_cms_set` [ RunTime:0.0207s ]
SQL: SELECT * FROM `wfx_cms_set` LIMIT 1   [ RunTime:0.0198s ]
SQL: SHOW COLUMNS FROM `wfx_shop_set` [ RunTime:0.0208s ]
SQL: SELECT * FROM `wfx_shop_set` LIMIT 1   [ RunTime:0.0203s ]
SQL: SHOW COLUMNS FROM `wfx_user` [ RunTime:0.0202s ]
SQL: SELECT * FROM `wfx_user` WHERE `username` = 'admin' AND `userpass` = '21232f297a57a5a743894a0e4a801fc3' AND `type` = 1 LIMIT 1   [ RunTime:0.0200s ]
SQL: SHOW COLUMNS FROM `wfx_employee` [ RunTime:0.0206s ]
SQL: SELECT * FROM `wfx_employee` WHERE `username` = 'admin' AND `userpass` = '21232f297a57a5a743894a0e4a801fc3' AND `type` = 1 LIMIT 1   [ RunTime:0.0197s ]

[ 2018-04-16T18:53:45+08:00 ] 127.0.0.1 /Admin/Index/index
INFO: [ app_init ] --START--
INFO: Run Behavior\BuildLiteBehavior [ RunTime:0.000030s ]
INFO: [ app_init ] --END-- [ RunTime:0.000634s ]
INFO: [ app_begin ] --START--
INFO: Run Behavior\ReadHtmlCacheBehavior [ RunTime:0.000815s ]
INFO: [ app_begin ] --END-- [ RunTime:0.001052s ]
NOTIC: [8] A session had already been started - ignoring session_start() E:\wamp64\www\daoyunshang\ThinkPHP\Common\functions.php ç¬¬ 1263 è¡Œ.
SQL: SHOW COLUMNS FROM `wfx_set` [ RunTime:0.0205s ]
SQL: SELECT * FROM `wfx_set` LIMIT 1   [ RunTime:0.0206s ]
SQL: SHOW COLUMNS FROM `wfx_cms_set` [ RunTime:0.0208s ]
SQL: SELECT * FROM `wfx_cms_set` LIMIT 1   [ RunTime:0.0206s ]
SQL: SHOW COLUMNS FROM `wfx_shop_set` [ RunTime:0.0209s ]
SQL: SELECT * FROM `wfx_shop_set` LIMIT 1   [ RunTime:0.0204s ]
SQL: SHOW COLUMNS FROM `wfx_user_oath` [ RunTime:0.0211s ]
SQL: SELECT * FROM `wfx_user_oath`  [ RunTime:0.0238s ]
INFO: [ view_parse ] --START--
INFO: [ template_filter ] --START--
INFO: Run Behavior\ContentReplaceBehavior [ RunTime:0.000362s ]
INFO: [ template_filter ] --END-- [ RunTime:0.000508s ]
INFO: Run Behavior\ParseTemplateBehavior [ RunTime:0.071386s ]
INFO: [ view_parse ] --END-- [ RunTime:0.071528s ]
INFO: [ view_filter ] --START--
INFO: Run Behavior\WriteHtmlCacheBehavior [ RunTime:0.001440s ]
INFO: Run Behavior\TokenBuildBehavior [ RunTime:0.001517s ]
INFO: [ view_filter ] --END-- [ RunTime:0.003219s ]
INFO: [ action_end ] --START--
INFO: Run Behavior\CronRunBehavior [ RunTime:0.006434s ]
INFO: [ action_end ] --END-- [ RunTime:0.006659s ]
INFO: [ app_end ] --START--
INFO: Run Behavior\ShowPageTraceBehavior [ RunTime:0.002931s ]
INFO: [ app_end ] --END-- [ RunTime:0.003142s ]

[ 2018-04-16T18:53:46+08:00 ] 127.0.0.1 /Admin/Index/main
INFO: [ app_init ] --START--
INFO: Run Behavior\BuildLiteBehavior [ RunTime:0.000031s ]
INFO: [ app_init ] --END-- [ RunTime:0.001436s ]
INFO: [ app_begin ] --START--
INFO: Run Behavior\ReadHtmlCacheBehavior [ RunTime:0.001144s ]
INFO: [ app_begin ] --END-- [ RunTime:0.001318s ]
NOTIC: [8] A session had already been started - ignoring session_start() E:\wamp64\www\daoyunshang\ThinkPHP\Common\functions.php ç¬¬ 1263 è¡Œ.
SQL: SHOW COLUMNS FROM `wfx_set` [ RunTime:0.0210s ]
SQL: SELECT * FROM `wfx_set` LIMIT 1   [ RunTime:0.0209s ]
SQL: SHOW COLUMNS FROM `wfx_cms_set` [ RunTime:0.0202s ]
SQL: SELECT * FROM `wfx_cms_set` LIMIT 1   [ RunTime:0.0199s ]
SQL: SHOW COLUMNS FROM `wfx_shop_set` [ RunTime:0.0212s ]
SQL: SELECT * FROM `wfx_shop_set` LIMIT 1   [ RunTime:0.0207s ]
INFO: [ view_parse ] --START--
INFO: [ template_filter ] --START--
INFO: Run Behavior\ContentReplaceBehavior [ RunTime:0.000074s ]
INFO: [ template_filter ] --END-- [ RunTime:0.000179s ]
INFO: Run Behavior\ParseTemplateBehavior [ RunTime:0.012069s ]
INFO: [ view_parse ] --END-- [ RunTime:0.012185s ]
INFO: [ view_filter ] --START--
INFO: Run Behavior\WriteHtmlCacheBehavior [ RunTime:0.001222s ]
INFO: Run Behavior\TokenBuildBehavior [ RunTime:0.001281s ]
INFO: [ view_filter ] --END-- [ RunTime:0.002696s ]
SQL: SHOW COLUMNS FROM `wfx_vip` [ RunTime:0.0218s ]
SQL: SELECT COUNT(*) AS tp_count FROM `wfx_vip` LIMIT 1   [ RunTime:0.0221s ]
SQL: SELECT COUNT(*) AS tp_count FROM `wfx_vip` WHERE ( subscribe=1 ) LIMIT 1   [ RunTime:0.0214s ]
SQL: SELECT COUNT(*) AS tp_count FROM `wfx_vip` WHERE `ctime` BETWEEN 1523808000 AND 1523894399 LIMIT 1   [ RunTime:0.0220s ]
SQL: SELECT COUNT(*) AS tp_count FROM `wfx_vip` WHERE `ctime` BETWEEN 1523721600 AND 1523807999 LIMIT 1   [ RunTime:0.0215s ]
SQL: SHOW COLUMNS FROM `wfx_shop_order` [ RunTime:0.0211s ]
SQL: SELECT COUNT(*) AS tp_count FROM `wfx_shop_order` LIMIT 1   [ RunTime:0.0216s ]
SQL: SELECT COUNT(*) AS tp_count FROM `wfx_shop_order` WHERE ( status=0 ) LIMIT 1   [ RunTime:0.0199s ]
SQL: SELECT COUNT(*) AS tp_count FROM `wfx_shop_order` WHERE ( status=1 ) LIMIT 1   [ RunTime:0.0203s ]
SQL: SELECT COUNT(*) AS tp_count FROM `wfx_shop_order` WHERE ( status=2 ) LIMIT 1   [ RunTime:0.0206s ]
SQL: SELECT COUNT(*) AS tp_count FROM `wfx_shop_order` WHERE ( status=3 ) LIMIT 1   [ RunTime:0.0201s ]
SQL: SELECT COUNT(*) AS tp_count FROM `wfx_shop_order` WHERE ( status=4 ) LIMIT 1   [ RunTime:0.0203s ]
SQL: SELECT COUNT(*) AS tp_count FROM `wfx_shop_order` WHERE ( status=5 ) LIMIT 1   [ RunTime:0.0217s ]
SQL: SELECT COUNT(*) AS tp_count FROM `wfx_shop_order` WHERE ( status=6 ) LIMIT 1   [ RunTime:0.0202s ]
SQL: SELECT COUNT(*) AS tp_count FROM `wfx_shop_order` WHERE `ctime` BETWEEN 1523808000 AND 1523894399 LIMIT 1   [ RunTime:0.0201s ]
SQL: SELECT COUNT(*) AS tp_count FROM `wfx_shop_order` WHERE `ctime` BETWEEN 1523721600 AND 1523807999 LIMIT 1   [ RunTime:0.0204s ]
SQL: SHOW COLUMNS FROM `wfx_fx_syslog` [ RunTime:0.0217s ]
SQL: SELECT SUM(fxyj) AS tp_sum FROM `wfx_fx_syslog` LIMIT 1   [ RunTime:0.0203s ]
SQL: SELECT SUM(fxyj) AS tp_sum FROM `wfx_fx_syslog` WHERE `ctime` BETWEEN 1523808000 AND 1523894399 LIMIT 1   [ RunTime:0.0201s ]
SQL: SELECT SUM(fxyj) AS tp_sum FROM `wfx_fx_syslog` WHERE `ctime` BETWEEN 1523721600 AND 1523807999 LIMIT 1   [ RunTime:0.0202s ]
NOTIC: [2] Division by zero E:\wamp64\www\daoyunshang\Application\Admin\Controller\IndexController.class.php ç¬¬ 138 è¡Œ.
SQL: SELECT COUNT(*) AS tp_count FROM `wfx_vip` WHERE `isfx` = 0 AND `isfxgd` = 0 LIMIT 1   [ RunTime:0.0218s ]
SQL: SELECT COUNT(*) AS tp_count FROM `wfx_vip` WHERE `isfx` = 1 AND `isfxgd` = 0 LIMIT 1   [ RunTime:0.0216s ]
SQL: SELECT COUNT(*) AS tp_count FROM `wfx_vip` WHERE ( isfxgd=1 ) LIMIT 1   [ RunTime:0.0213s ]
SQL: SHOW COLUMNS FROM `wfx_vip_log_sub` [ RunTime:0.0211s ]
SQL: SELECT * FROM `wfx_vip_log_sub` ORDER BY ctime desc LIMIT 5   [ RunTime:0.0204s ]
SQL: SELECT * FROM `wfx_fx_syslog` ORDER BY ctime desc LIMIT 5   [ RunTime:0.0202s ]
SQL: SHOW COLUMNS FROM `wfx_fx_log_tj` [ RunTime:0.0211s ]
SQL: SELECT * FROM `wfx_fx_log_tj` ORDER BY ctime desc LIMIT 5   [ RunTime:0.0206s ]
SQL: SELECT * FROM `wfx_vip` WHERE ( id=960 ) LIMIT 1   [ RunTime:0.0213s ]
SQL: SELECT * FROM `wfx_vip` WHERE ( id=1170 ) LIMIT 1   [ RunTime:0.0209s ]
SQL: SELECT * FROM `wfx_vip` WHERE ( id=986 ) LIMIT 1   [ RunTime:0.0217s ]
SQL: SELECT * FROM `wfx_vip` WHERE ( id=962 ) LIMIT 1   [ RunTime:0.0207s ]
SQL: SELECT * FROM `wfx_shop_order` WHERE `ispay` = 1 AND `status` = 2 ORDER BY ctime desc LIMIT 5   [ RunTime:0.0209s ]
SQL: SELECT * FROM `wfx_vip` WHERE ( id=962 ) LIMIT 1   [ RunTime:0.0202s ]
SQL: SELECT SUM(totalprice) AS tp_sum FROM `wfx_shop_order` WHERE `ispay` = 1 LIMIT 1   [ RunTime:0.0201s ]
SQL: SELECT SUM(totalprice) AS tp_sum FROM `wfx_shop_order` WHERE `status` = 5 LIMIT 1   [ RunTime:0.0204s ]
SQL: SELECT SUM(totalnum) AS tp_sum FROM `wfx_shop_order` WHERE `ispay` = 1 LIMIT 1   [ RunTime:0.0214s ]
SQL: SHOW COLUMNS FROM `wfx_vip_tx` [ RunTime:0.0209s ]
SQL: SELECT SUM(txprice) AS tp_sum FROM `wfx_vip_tx` WHERE `status` = 2 LIMIT 1   [ RunTime:0.0221s ]
INFO: [ view_parse ] --START--
INFO: [ template_filter ] --START--
INFO: Run Behavior\ContentReplaceBehavior [ RunTime:0.000297s ]
INFO: [ template_filter ] --END-- [ RunTime:-0.879684s ]
INFO: Run Behavior\ParseTemplateBehavior [ RunTime:0.033624s ]
INFO: [ view_parse ] --END-- [ RunTime:-0.852666s ]
INFO: [ view_filter ] --START--
INFO: Run Behavior\WriteHtmlCacheBehavior [ RunTime:0.000035s ]
INFO: Run Behavior\TokenBuildBehavior [ RunTime:0.000060s ]
INFO: [ view_filter ] --END-- [ RunTime:-0.883856s ]
INFO: [ action_end ] --START--
INFO: Run Behavior\CronRunBehavior [ RunTime:0.004875s ]
INFO: [ action_end ] --END-- [ RunTime:0.005048s ]
INFO: [ app_end ] --START--
INFO: Run Behavior\ShowPageTraceBehavior [ RunTime:0.002062s ]
INFO: [ app_end ] --END-- [ RunTime:0.002172s ]

[ 2018-04-16T19:21:56+08:00 ] 127.0.0.1 /Admin/Shop/group
INFO: [ app_init ] --START--
INFO: Run Behavior\BuildLiteBehavior [ RunTime:0.000036s ]
INFO: [ app_init ] --END-- [ RunTime:0.000781s ]
INFO: [ app_begin ] --START--
INFO: Run Behavior\ReadHtmlCacheBehavior [ RunTime:0.001046s ]
INFO: [ app_begin ] --END-- [ RunTime:0.001213s ]
NOTIC: [8] A session had already been started - ignoring session_start() E:\wamp64\www\daoyunshang\ThinkPHP\Common\functions.php ç¬¬ 1263 è¡Œ.
SQL: SHOW COLUMNS FROM `wfx_set` [ RunTime:0.0185s ]
SQL: SELECT * FROM `wfx_set` LIMIT 1   [ RunTime:0.0196s ]
SQL: SHOW COLUMNS FROM `wfx_cms_set` [ RunTime:0.0182s ]
SQL: SELECT * FROM `wfx_cms_set` LIMIT 1   [ RunTime:0.0185s ]
SQL: SHOW COLUMNS FROM `wfx_shop_set` [ RunTime:0.0199s ]
SQL: SELECT * FROM `wfx_shop_set` LIMIT 1   [ RunTime:0.0186s ]
SQL: SELECT * FROM `wfx_shop_set` LIMIT 1   [ RunTime:0.0212s ]
SQL: SHOW COLUMNS FROM `wfx_vip_set` [ RunTime:0.0198s ]
SQL: SELECT * FROM `wfx_vip_set` LIMIT 1   [ RunTime:0.0187s ]
INFO: [ view_parse ] --START--
INFO: [ template_filter ] --START--
INFO: Run Behavior\ContentReplaceBehavior [ RunTime:0.000076s ]
INFO: [ template_filter ] --END-- [ RunTime:0.000193s ]
INFO: Run Behavior\ParseTemplateBehavior [ RunTime:0.013313s ]
INFO: [ view_parse ] --END-- [ RunTime:0.013548s ]
INFO: [ view_filter ] --START--
INFO: Run Behavior\WriteHtmlCacheBehavior [ RunTime:0.001246s ]
INFO: Run Behavior\TokenBuildBehavior [ RunTime:0.001390s ]
INFO: [ view_filter ] --END-- [ RunTime:0.002816s ]
SQL: SHOW COLUMNS FROM `wfx_shop_group` [ RunTime:0.0188s ]
NOTIC: [8] Undefined index: p E:\wamp64\www\daoyunshang\Application\Admin\Controller\ShopController.class.php ç¬¬ 397 è¡Œ.
NOTIC: [8] Undefined variable: map E:\wamp64\www\daoyunshang\Application\Admin\Controller\ShopController.class.php ç¬¬ 404 è¡Œ.
SQL: SELECT * FROM `wfx_shop_group` LIMIT 0,20   [ RunTime:0.0203s ]
NOTIC: [8] Undefined variable: map E:\wamp64\www\daoyunshang\Application\Admin\Controller\ShopController.class.php ç¬¬ 405 è¡Œ.
SQL: SELECT COUNT(*) AS tp_count FROM `wfx_shop_group` LIMIT 1   [ RunTime:0.0184s ]
NOTIC: [2] Missing argument 6 for Admin\Controller\BaseController::getPage(), called in E:\wamp64\www\daoyunshang\Application\Admin\Controller\ShopController.class.php on line 406 and defined E:\wamp64\www\daoyunshang\Application\Admin\Controller\BaseController.class.php ç¬¬ 91 è¡Œ.
NOTIC: [8] Undefined variable: map E:\wamp64\www\daoyunshang\Application\Admin\Controller\BaseController.class.php ç¬¬ 103 è¡Œ.
INFO: [ view_parse ] --START--
INFO: [ template_filter ] --START--
INFO: Run Behavior\ContentReplaceBehavior [ RunTime:0.000098s ]
INFO: [ template_filter ] --END-- [ RunTime:-0.088546s ]
INFO: Run Behavior\ParseTemplateBehavior [ RunTime:0.016384s ]
INFO: [ view_parse ] --END-- [ RunTime:-0.073237s ]
INFO: [ view_filter ] --START--
INFO: Run Behavior\WriteHtmlCacheBehavior [ RunTime:0.000031s ]
INFO: Run Behavior\TokenBuildBehavior [ RunTime:0.000036s ]
INFO: [ view_filter ] --END-- [ RunTime:-0.087063s ]
INFO: [ action_end ] --START--
INFO: Run Behavior\CronRunBehavior [ RunTime:0.004203s ]
INFO: [ action_end ] --END-- [ RunTime:0.004367s ]
INFO: [ app_end ] --START--
INFO: Run Behavior\ShowPageTraceBehavior [ RunTime:0.002077s ]
INFO: [ app_end ] --END-- [ RunTime:0.002184s ]

[ 2018-04-16T19:21:59+08:00 ] 127.0.0.1 /Admin/Shop/goods
INFO: [ app_init ] --START--
INFO: Run Behavior\BuildLiteBehavior [ RunTime:0.000029s ]
INFO: [ app_init ] --END-- [ RunTime:0.000831s ]
INFO: [ app_begin ] --START--
INFO: Run Behavior\ReadHtmlCacheBehavior [ RunTime:0.001067s ]
INFO: [ app_begin ] --END-- [ RunTime:0.001183s ]
NOTIC: [8] A session had already been started - ignoring session_start() E:\wamp64\www\daoyunshang\ThinkPHP\Common\functions.php ç¬¬ 1263 è¡Œ.
SQL: SHOW COLUMNS FROM `wfx_set` [ RunTime:0.0193s ]
SQL: SELECT * FROM `wfx_set` LIMIT 1   [ RunTime:0.0187s ]
SQL: SHOW COLUMNS FROM `wfx_cms_set` [ RunTime:0.0193s ]
SQL: SELECT * FROM `wfx_cms_set` LIMIT 1   [ RunTime:0.0187s ]
SQL: SHOW COLUMNS FROM `wfx_shop_set` [ RunTime:0.0188s ]
SQL: SELECT * FROM `wfx_shop_set` LIMIT 1   [ RunTime:0.0183s ]
SQL: SELECT * FROM `wfx_shop_set` LIMIT 1   [ RunTime:0.0212s ]
SQL: SHOW COLUMNS FROM `wfx_vip_set` [ RunTime:0.0195s ]
SQL: SELECT * FROM `wfx_vip_set` LIMIT 1   [ RunTime:0.0169s ]
INFO: [ view_parse ] --START--
INFO: [ template_filter ] --START--
INFO: Run Behavior\ContentReplaceBehavior [ RunTime:0.000074s ]
INFO: [ template_filter ] --END-- [ RunTime:0.000182s ]
INFO: Run Behavior\ParseTemplateBehavior [ RunTime:0.014330s ]
INFO: [ view_parse ] --END-- [ RunTime:0.014589s ]
INFO: [ view_filter ] --START--
INFO: Run Behavior\WriteHtmlCacheBehavior [ RunTime:0.001230s ]
INFO: Run Behavior\TokenBuildBehavior [ RunTime:0.001304s ]
INFO: [ view_filter ] --END-- [ RunTime:0.002710s ]
SQL: SHOW COLUMNS FROM `wfx_shop_goods` [ RunTime:0.0194s ]
NOTIC: [8] Undefined index: p E:\wamp64\www\daoyunshang\Application\Admin\Controller\ShopController.class.php ç¬¬ 97 è¡Œ.
NOTIC: [8] Undefined variable: map E:\wamp64\www\daoyunshang\Application\Admin\Controller\ShopController.class.php ç¬¬ 104 è¡Œ.
SQL: SELECT * FROM `wfx_shop_goods` LIMIT 0,20   [ RunTime:0.3942s ]
NOTIC: [8] Undefined variable: map E:\wamp64\www\daoyunshang\Application\Admin\Controller\ShopController.class.php ç¬¬ 105 è¡Œ.
SQL: SELECT COUNT(*) AS tp_count FROM `wfx_shop_goods` LIMIT 1   [ RunTime:0.0182s ]
NOTIC: [2] Missing argument 6 for Admin\Controller\BaseController::getPage(), called in E:\wamp64\www\daoyunshang\Application\Admin\Controller\ShopController.class.php on line 106 and defined E:\wamp64\www\daoyunshang\Application\Admin\Controller\BaseController.class.php ç¬¬ 91 è¡Œ.
NOTIC: [8] Undefined variable: map E:\wamp64\www\daoyunshang\Application\Admin\Controller\BaseController.class.php ç¬¬ 103 è¡Œ.
INFO: [ view_parse ] --START--
INFO: [ template_filter ] --START--
INFO: Run Behavior\ContentReplaceBehavior [ RunTime:0.000115s ]
INFO: [ template_filter ] --END-- [ RunTime:-0.463224s ]
INFO: Run Behavior\ParseTemplateBehavior [ RunTime:0.035633s ]
INFO: [ view_parse ] --END-- [ RunTime:-0.441456s ]
INFO: [ view_filter ] --START--
INFO: Run Behavior\WriteHtmlCacheBehavior [ RunTime:0.000032s ]
INFO: Run Behavior\TokenBuildBehavior [ RunTime:0.000120s ]
INFO: [ view_filter ] --END-- [ RunTime:-0.474633s ]
INFO: [ action_end ] --START--
INFO: Run Behavior\CronRunBehavior [ RunTime:0.004790s ]
INFO: [ action_end ] --END-- [ RunTime:0.004941s ]
INFO: [ app_end ] --START--
INFO: Run Behavior\ShowPageTraceBehavior [ RunTime:0.002237s ]
INFO: [ app_end ] --END-- [ RunTime:0.002359s ]

[ 2018-04-16T19:23:07+08:00 ] 127.0.0.1 /Admin/Shop/sku/id/37
INFO: [ app_init ] --START--
INFO: Run Behavior\BuildLiteBehavior [ RunTime:0.000039s ]
INFO: [ app_init ] --END-- [ RunTime:0.000805s ]
INFO: [ app_begin ] --START--
INFO: Run Behavior\ReadHtmlCacheBehavior [ RunTime:0.001038s ]
INFO: [ app_begin ] --END-- [ RunTime:0.001151s ]
NOTIC: [8] A session had already been started - ignoring session_start() E:\wamp64\www\daoyunshang\ThinkPHP\Common\functions.php ç¬¬ 1263 è¡Œ.
SQL: SHOW COLUMNS FROM `wfx_set` [ RunTime:0.0213s ]
SQL: SELECT * FROM `wfx_set` LIMIT 1   [ RunTime:0.0210s ]
SQL: SHOW COLUMNS FROM `wfx_cms_set` [ RunTime:0.0214s ]
SQL: SELECT * FROM `wfx_cms_set` LIMIT 1   [ RunTime:0.0211s ]
SQL: SHOW COLUMNS FROM `wfx_shop_set` [ RunTime:0.0229s ]
SQL: SELECT * FROM `wfx_shop_set` LIMIT 1   [ RunTime:0.0215s ]
SQL: SELECT * FROM `wfx_shop_set` LIMIT 1   [ RunTime:0.0220s ]
SQL: SHOW COLUMNS FROM `wfx_vip_set` [ RunTime:0.0212s ]
SQL: SELECT * FROM `wfx_vip_set` LIMIT 1   [ RunTime:0.0206s ]
INFO: [ view_parse ] --START--
INFO: [ template_filter ] --START--
INFO: Run Behavior\ContentReplaceBehavior [ RunTime:0.000077s ]
INFO: [ template_filter ] --END-- [ RunTime:0.000203s ]
INFO: Run Behavior\ParseTemplateBehavior [ RunTime:0.014044s ]
INFO: [ view_parse ] --END-- [ RunTime:0.014163s ]
INFO: [ view_filter ] --START--
INFO: Run Behavior\WriteHtmlCacheBehavior [ RunTime:0.001385s ]
INFO: Run Behavior\TokenBuildBehavior [ RunTime:0.001273s ]
INFO: [ view_filter ] --END-- [ RunTime:0.002881s ]
SQL: SHOW COLUMNS FROM `wfx_shop_goods` [ RunTime:0.0212s ]
SQL: SELECT * FROM `wfx_shop_goods` WHERE ( id=37 ) LIMIT 1   [ RunTime:0.0218s ]
SQL: SHOW COLUMNS FROM `wfx_shop_skuattr_item` [ RunTime:0.0209s ]
SQL: SELECT `path`,`name` FROM `wfx_shop_skuattr_item` WHERE ( pid=18 )  [ RunTime:0.0209s ]
SQL: SELECT `path`,`name` FROM `wfx_shop_skuattr_item` WHERE ( pid=24 )  [ RunTime:0.0207s ]
SQL: SHOW COLUMNS FROM `wfx_shop_goods_sku` [ RunTime:0.0221s ]
NOTIC: [8] Undefined index: p E:\wamp64\www\daoyunshang\Application\Admin\Controller\ShopController.class.php ç¬¬ 863 è¡Œ.
SQL: SELECT * FROM `wfx_shop_goods_sku` WHERE `goodsid` = 37 AND `status` = 1 LIMIT 0,50   [ RunTime:0.0219s ]
SQL: SELECT COUNT(*) AS tp_count FROM `wfx_shop_goods_sku` WHERE `goodsid` = 37 AND `status` = 1 LIMIT 1   [ RunTime:0.0212s ]
NOTIC: [2] Missing argument 6 for Admin\Controller\BaseController::getPage(), called in E:\wamp64\www\daoyunshang\Application\Admin\Controller\ShopController.class.php on line 874 and defined E:\wamp64\www\daoyunshang\Application\Admin\Controller\BaseController.class.php ç¬¬ 91 è¡Œ.
NOTIC: [8] Undefined variable: map E:\wamp64\www\daoyunshang\Application\Admin\Controller\BaseController.class.php ç¬¬ 103 è¡Œ.
INFO: [ view_parse ] --START--
INFO: [ template_filter ] --START--
INFO: Run Behavior\ContentReplaceBehavior [ RunTime:0.000106s ]
INFO: [ template_filter ] --END-- [ RunTime:-0.196334s ]
NOTIC: [8] Undefined variable: name E:\wamp64\www\daoyunshang\Application\Runtime\Cache\Admin\a283956ac0e84d9bd9f4ec1750d46d52.php ç¬¬ 85 è¡Œ.
NOTIC: [8] Use of undefined constant id - assumed 'id' E:\wamp64\www\daoyunshang\Application\Runtime\Cache\Admin\a283956ac0e84d9bd9f4ec1750d46d52.php ç¬¬ 87 è¡Œ.
INFO: Run Behavior\ParseTemplateBehavior [ RunTime:0.019297s ]
INFO: [ view_parse ] --END-- [ RunTime:-0.181176s ]
INFO: [ view_filter ] --START--
INFO: Run Behavior\WriteHtmlCacheBehavior [ RunTime:0.000032s ]
INFO: Run Behavior\TokenBuildBehavior [ RunTime:0.000074s ]
INFO: [ view_filter ] --END-- [ RunTime:-0.197768s ]
INFO: [ action_end ] --START--
INFO: Run Behavior\CronRunBehavior [ RunTime:0.004702s ]
INFO: [ action_end ] --END-- [ RunTime:0.004881s ]
INFO: [ app_end ] --START--
INFO: Run Behavior\ShowPageTraceBehavior [ RunTime:0.002194s ]
INFO: [ app_end ] --END-- [ RunTime:0.002344s ]

[ 2018-04-16T19:25:01+08:00 ] 127.0.0.1 /Admin/Vip/vipSet/id/955
INFO: [ app_init ] --START--
INFO: Run Behavior\BuildLiteBehavior [ RunTime:0.000048s ]
INFO: [ app_init ] --END-- [ RunTime:0.001462s ]
INFO: [ app_begin ] --START--
INFO: Run Behavior\ReadHtmlCacheBehavior [ RunTime:0.001305s ]
INFO: [ app_begin ] --END-- [ RunTime:0.001455s ]
NOTIC: [8] A session had already been started - ignoring session_start() E:\wamp64\www\daoyunshang\ThinkPHP\Common\functions.php ç¬¬ 1263 è¡Œ.
SQL: SHOW COLUMNS FROM `wfx_set` [ RunTime:0.0235s ]
SQL: SELECT * FROM `wfx_set` LIMIT 1   [ RunTime:0.0237s ]
SQL: SHOW COLUMNS FROM `wfx_cms_set` [ RunTime:0.0236s ]
SQL: SELECT * FROM `wfx_cms_set` LIMIT 1   [ RunTime:0.0246s ]
SQL: SHOW COLUMNS FROM `wfx_shop_set` [ RunTime:0.0231s ]
SQL: SELECT * FROM `wfx_shop_set` LIMIT 1   [ RunTime:0.0248s ]
SQL: SHOW COLUMNS FROM `wfx_vip` [ RunTime:0.0234s ]
INFO: [ view_parse ] --START--
INFO: [ template_filter ] --START--
INFO: Run Behavior\ContentReplaceBehavior [ RunTime:0.000182s ]
INFO: [ template_filter ] --END-- [ RunTime:0.000381s ]
INFO: Run Behavior\ParseTemplateBehavior [ RunTime:0.016390s ]
INFO: [ view_parse ] --END-- [ RunTime:0.016614s ]
INFO: [ view_filter ] --START--
INFO: Run Behavior\WriteHtmlCacheBehavior [ RunTime:0.002207s ]
INFO: Run Behavior\TokenBuildBehavior [ RunTime:0.001521s ]
INFO: [ view_filter ] --END-- [ RunTime:0.003999s ]
SQL: SELECT * FROM `wfx_vip` WHERE ( id=955 ) LIMIT 1   [ RunTime:0.0229s ]
INFO: [ view_parse ] --START--
INFO: [ template_filter ] --START--
INFO: Run Behavior\ContentReplaceBehavior [ RunTime:0.000140s ]
INFO: [ template_filter ] --END-- [ RunTime:-0.039975s ]
INFO: Run Behavior\ParseTemplateBehavior [ RunTime:0.012825s ]
INFO: [ view_parse ] --END-- [ RunTime:-0.028429s ]
INFO: [ view_filter ] --START--
INFO: Run Behavior\WriteHtmlCacheBehavior [ RunTime:0.000058s ]
INFO: Run Behavior\TokenBuildBehavior [ RunTime:0.000071s ]
INFO: [ view_filter ] --END-- [ RunTime:-0.037415s ]
INFO: [ action_end ] --START--
INFO: Run Behavior\CronRunBehavior [ RunTime:0.006216s ]
INFO: [ action_end ] --END-- [ RunTime:0.006488s ]
INFO: [ app_end ] --START--
INFO: Run Behavior\ShowPageTraceBehavior [ RunTime:0.003964s ]
INFO: [ app_end ] --END-- [ RunTime:0.004165s ]

[ 2018-04-16T19:27:19+08:00 ] 127.0.0.1 /Admin/Vip/vipSet/id/955
INFO: [ app_init ] --START--
INFO: Run Behavior\BuildLiteBehavior [ RunTime:0.000029s ]
INFO: [ app_init ] --END-- [ RunTime:0.000798s ]
INFO: [ app_begin ] --START--
INFO: Run Behavior\ReadHtmlCacheBehavior [ RunTime:0.001130s ]
INFO: [ app_begin ] --END-- [ RunTime:0.001248s ]
NOTIC: [8] A session had already been started - ignoring session_start() E:\wamp64\www\daoyunshang\ThinkPHP\Common\functions.php ç¬¬ 1263 è¡Œ.
SQL: SHOW COLUMNS FROM `wfx_set` [ RunTime:0.0215s ]
SQL: SELECT * FROM `wfx_set` LIMIT 1   [ RunTime:0.0206s ]
SQL: SHOW COLUMNS FROM `wfx_cms_set` [ RunTime:0.0205s ]
SQL: SELECT * FROM `wfx_cms_set` LIMIT 1   [ RunTime:0.0202s ]
SQL: SHOW COLUMNS FROM `wfx_shop_set` [ RunTime:0.0206s ]
SQL: SELECT * FROM `wfx_shop_set` LIMIT 1   [ RunTime:0.0204s ]
SQL: SHOW COLUMNS FROM `wfx_vip` [ RunTime:0.0223s ]
INFO: [ view_parse ] --START--
INFO: [ template_filter ] --START--
INFO: Run Behavior\ContentReplaceBehavior [ RunTime:0.000076s ]
INFO: [ template_filter ] --END-- [ RunTime:0.000190s ]
INFO: Run Behavior\ParseTemplateBehavior [ RunTime:0.012603s ]
INFO: [ view_parse ] --END-- [ RunTime:0.012720s ]
INFO: [ view_filter ] --START--
INFO: Run Behavior\WriteHtmlCacheBehavior [ RunTime:0.001201s ]
INFO: Run Behavior\TokenBuildBehavior [ RunTime:0.001408s ]
INFO: [ view_filter ] --END-- [ RunTime:0.002821s ]
SQL: SELECT * FROM `wfx_vip` WHERE ( id=955 ) LIMIT 1   [ RunTime:0.0236s ]
INFO: [ view_parse ] --START--
INFO: [ template_filter ] --START--
INFO: Run Behavior\ContentReplaceBehavior [ RunTime:0.000111s ]
INFO: [ template_filter ] --END-- [ RunTime:-0.036015s ]
INFO: Run Behavior\ParseTemplateBehavior [ RunTime:0.009022s ]
INFO: [ view_parse ] --END-- [ RunTime:-0.027908s ]
INFO: [ view_filter ] --START--
INFO: Run Behavior\WriteHtmlCacheBehavior [ RunTime:0.000032s ]
INFO: Run Behavior\TokenBuildBehavior [ RunTime:0.000040s ]
INFO: [ view_filter ] --END-- [ RunTime:-0.034228s ]
INFO: [ action_end ] --START--
INFO: Run Behavior\CronRunBehavior [ RunTime:0.004639s ]
INFO: [ action_end ] --END-- [ RunTime:0.004800s ]
INFO: [ app_end ] --START--
INFO: Run Behavior\ShowPageTraceBehavior [ RunTime:0.002702s ]
INFO: [ app_end ] --END-- [ RunTime:0.002820s ]

[ 2018-04-16T19:37:18+08:00 ] 127.0.0.1 /Admin/Vip/vipSet/id/955
INFO: [ app_init ] --START--
INFO: Run Behavior\BuildLiteBehavior [ RunTime:0.000027s ]
INFO: [ app_init ] --END-- [ RunTime:0.000842s ]
INFO: [ app_begin ] --START--
INFO: Run Behavior\ReadHtmlCacheBehavior [ RunTime:0.001073s ]
INFO: [ app_begin ] --END-- [ RunTime:0.001193s ]
NOTIC: [8] A session had already been started - ignoring session_start() E:\wamp64\www\daoyunshang\ThinkPHP\Common\functions.php ç¬¬ 1263 è¡Œ.
SQL: SHOW COLUMNS FROM `wfx_set` [ RunTime:0.0190s ]
SQL: SELECT * FROM `wfx_set` LIMIT 1   [ RunTime:0.0183s ]
SQL: SHOW COLUMNS FROM `wfx_cms_set` [ RunTime:0.0191s ]
SQL: SELECT * FROM `wfx_cms_set` LIMIT 1   [ RunTime:0.0208s ]
SQL: SHOW COLUMNS FROM `wfx_shop_set` [ RunTime:0.0194s ]
SQL: SELECT * FROM `wfx_shop_set` LIMIT 1   [ RunTime:0.0198s ]
SQL: SHOW COLUMNS FROM `wfx_vip` [ RunTime:0.0198s ]
INFO: [ view_parse ] --START--
INFO: [ template_filter ] --START--
INFO: Run Behavior\ContentReplaceBehavior [ RunTime:0.000086s ]
INFO: [ template_filter ] --END-- [ RunTime:0.000221s ]
INFO: Run Behavior\ParseTemplateBehavior [ RunTime:0.012460s ]
INFO: [ view_parse ] --END-- [ RunTime:0.012599s ]
INFO: [ view_filter ] --START--
INFO: Run Behavior\WriteHtmlCacheBehavior [ RunTime:0.001216s ]
INFO: Run Behavior\TokenBuildBehavior [ RunTime:0.001518s ]
INFO: [ view_filter ] --END-- [ RunTime:0.002944s ]
SQL: SELECT * FROM `wfx_vip` WHERE ( id=955 ) LIMIT 1   [ RunTime:0.0520s ]
INFO: [ view_parse ] --START--
INFO: [ template_filter ] --START--
INFO: Run Behavior\ContentReplaceBehavior [ RunTime:0.000114s ]
INFO: [ template_filter ] --END-- [ RunTime:-0.064330s ]
INFO: Run Behavior\ParseTemplateBehavior [ RunTime:0.009190s ]
INFO: [ view_parse ] --END-- [ RunTime:-0.055925s ]
INFO: [ view_filter ] --START--
INFO: Run Behavior\WriteHtmlCacheBehavior [ RunTime:0.000032s ]
INFO: Run Behavior\TokenBuildBehavior [ RunTime:0.000075s ]
INFO: [ view_filter ] --END-- [ RunTime:-0.062288s ]
INFO: [ action_end ] --START--
INFO: Run Behavior\CronRunBehavior [ RunTime:0.004817s ]
INFO: [ action_end ] --END-- [ RunTime:0.004995s ]
INFO: [ app_end ] --START--
INFO: Run Behavior\ShowPageTraceBehavior [ RunTime:0.003083s ]
INFO: [ app_end ] --END-- [ RunTime:0.003223s ]

[ 2018-04-16T19:37:41+08:00 ] 127.0.0.1 /Admin/Vip/card/type/2
INFO: [ app_init ] --START--
INFO: Run Behavior\BuildLiteBehavior [ RunTime:0.000028s ]
INFO: [ app_init ] --END-- [ RunTime:0.000843s ]
INFO: [ app_begin ] --START--
INFO: Run Behavior\ReadHtmlCacheBehavior [ RunTime:0.001050s ]
INFO: [ app_begin ] --END-- [ RunTime:0.001160s ]
NOTIC: [8] A session had already been started - ignoring session_start() E:\wamp64\www\daoyunshang\ThinkPHP\Common\functions.php ç¬¬ 1263 è¡Œ.
SQL: SHOW COLUMNS FROM `wfx_set` [ RunTime:0.0184s ]
SQL: SELECT * FROM `wfx_set` LIMIT 1   [ RunTime:0.0191s ]
SQL: SHOW COLUMNS FROM `wfx_cms_set` [ RunTime:0.0196s ]
SQL: SELECT * FROM `wfx_cms_set` LIMIT 1   [ RunTime:0.0183s ]
SQL: SHOW COLUMNS FROM `wfx_shop_set` [ RunTime:0.0183s ]
SQL: SELECT * FROM `wfx_shop_set` LIMIT 1   [ RunTime:0.0183s ]
INFO: [ view_parse ] --START--
INFO: [ template_filter ] --START--
INFO: Run Behavior\ContentReplaceBehavior [ RunTime:0.000073s ]
INFO: [ template_filter ] --END-- [ RunTime:0.000180s ]
INFO: Run Behavior\ParseTemplateBehavior [ RunTime:0.011890s ]
INFO: [ view_parse ] --END-- [ RunTime:0.012005s ]
INFO: [ view_filter ] --START--
INFO: Run Behavior\WriteHtmlCacheBehavior [ RunTime:0.001177s ]
INFO: Run Behavior\TokenBuildBehavior [ RunTime:0.001262s ]
INFO: [ view_filter ] --END-- [ RunTime:0.002595s ]
NOTIC: [8] Undefined variable: status E:\wamp64\www\daoyunshang\Application\Admin\Controller\VipController.class.php ç¬¬ 859 è¡Œ.
SQL: SHOW COLUMNS FROM `wfx_vip_card` [ RunTime:0.0184s ]
NOTIC: [8] Undefined index: p E:\wamp64\www\daoyunshang\Application\Admin\Controller\VipController.class.php ç¬¬ 861 è¡Œ.
SQL: SELECT * FROM `wfx_vip_card` WHERE `type` = 2 ORDER BY id desc LIMIT 0,20   [ RunTime:0.0181s ]
SQL: SELECT COUNT(*) AS tp_count FROM `wfx_vip_card` WHERE `type` = 2 LIMIT 1   [ RunTime:0.0179s ]
NOTIC: [2] Missing argument 6 for Admin\Controller\BaseController::getPage(), called in E:\wamp64\www\daoyunshang\Application\Admin\Controller\VipController.class.php on line 875 and defined E:\wamp64\www\daoyunshang\Application\Admin\Controller\BaseController.class.php ç¬¬ 91 è¡Œ.
NOTIC: [8] Undefined variable: map E:\wamp64\www\daoyunshang\Application\Admin\Controller\BaseController.class.php ç¬¬ 103 è¡Œ.
INFO: [ view_parse ] --START--
INFO: [ template_filter ] --START--
INFO: Run Behavior\ContentReplaceBehavior [ RunTime:0.000146s ]
INFO: [ template_filter ] --END-- [ RunTime:-0.098020s ]
INFO: Run Behavior\ParseTemplateBehavior [ RunTime:0.039030s ]
INFO: [ view_parse ] --END-- [ RunTime:-0.061351s ]
INFO: [ view_filter ] --START--
INFO: Run Behavior\WriteHtmlCacheBehavior [ RunTime:0.000034s ]
INFO: Run Behavior\TokenBuildBehavior [ RunTime:0.000039s ]
INFO: [ view_filter ] --END-- [ RunTime:-0.097901s ]
INFO: [ action_end ] --START--
INFO: Run Behavior\CronRunBehavior [ RunTime:0.003957s ]
INFO: [ action_end ] --END-- [ RunTime:0.004080s ]
INFO: [ app_end ] --START--
INFO: Run Behavior\ShowPageTraceBehavior [ RunTime:0.001998s ]
INFO: [ app_end ] --END-- [ RunTime:0.002100s ]

[ 2018-04-16T19:37:44+08:00 ] 127.0.0.1 /Admin/Vip/cardSet
INFO: [ app_init ] --START--
INFO: Run Behavior\BuildLiteBehavior [ RunTime:0.000029s ]
INFO: [ app_init ] --END-- [ RunTime:0.000785s ]
INFO: [ app_begin ] --START--
INFO: Run Behavior\ReadHtmlCacheBehavior [ RunTime:0.001155s ]
INFO: [ app_begin ] --END-- [ RunTime:0.001293s ]
NOTIC: [8] A session had already been started - ignoring session_start() E:\wamp64\www\daoyunshang\ThinkPHP\Common\functions.php ç¬¬ 1263 è¡Œ.
SQL: SHOW COLUMNS FROM `wfx_set` [ RunTime:0.0208s ]
SQL: SELECT * FROM `wfx_set` LIMIT 1   [ RunTime:0.0238s ]
SQL: SHOW COLUMNS FROM `wfx_cms_set` [ RunTime:0.0211s ]
SQL: SELECT * FROM `wfx_cms_set` LIMIT 1   [ RunTime:0.0211s ]
SQL: SHOW COLUMNS FROM `wfx_shop_set` [ RunTime:0.0214s ]
SQL: SELECT * FROM `wfx_shop_set` LIMIT 1   [ RunTime:0.0211s ]
SQL: SHOW COLUMNS FROM `wfx_vip_card` [ RunTime:0.0209s ]
INFO: [ view_parse ] --START--
INFO: [ template_filter ] --START--
INFO: Run Behavior\ContentReplaceBehavior [ RunTime:0.000072s ]
INFO: [ template_filter ] --END-- [ RunTime:0.000192s ]
INFO: Run Behavior\ParseTemplateBehavior [ RunTime:0.011895s ]
INFO: [ view_parse ] --END-- [ RunTime:0.012007s ]
INFO: [ view_filter ] --START--
INFO: Run Behavior\WriteHtmlCacheBehavior [ RunTime:0.001392s ]
INFO: Run Behavior\TokenBuildBehavior [ RunTime:0.001287s ]
INFO: [ view_filter ] --END-- [ RunTime:0.002848s ]
INFO: [ view_parse ] --START--
INFO: [ template_filter ] --START--
INFO: Run Behavior\ContentReplaceBehavior [ RunTime:0.000090s ]
INFO: [ template_filter ] --END-- [ RunTime:-0.010235s ]
NOTIC: [8] Undefined variable: cache E:\wamp64\www\daoyunshang\Application\Runtime\Cache\Admin\d55669f968816388e9ebcf2111808cce.php ç¬¬ 29 è¡Œ.
NOTIC: [8] Undefined variable: cache E:\wamp64\www\daoyunshang\Application\Runtime\Cache\Admin\d55669f968816388e9ebcf2111808cce.php ç¬¬ 40 è¡Œ.
NOTIC: [8] Undefined variable: cache E:\wamp64\www\daoyunshang\Application\Runtime\Cache\Admin\d55669f968816388e9ebcf2111808cce.php ç¬¬ 41 è¡Œ.
NOTIC: [8] Undefined variable: cache E:\wamp64\www\daoyunshang\Application\Runtime\Cache\Admin\d55669f968816388e9ebcf2111808cce.php ç¬¬ 48 è¡Œ.
INFO: Run Behavior\ParseTemplateBehavior [ RunTime:0.007280s ]
INFO: [ view_parse ] --END-- [ RunTime:-0.003291s ]
INFO: [ view_filter ] --START--
INFO: Run Behavior\WriteHtmlCacheBehavior [ RunTime:0.000067s ]
INFO: Run Behavior\TokenBuildBehavior [ RunTime:0.000040s ]
INFO: [ view_filter ] --END-- [ RunTime:-0.007902s ]
INFO: [ action_end ] --START--
INFO: Run Behavior\CronRunBehavior [ RunTime:0.003923s ]
INFO: [ action_end ] --END-- [ RunTime:0.004095s ]
INFO: [ app_end ] --START--
INFO: Run Behavior\ShowPageTraceBehavior [ RunTime:0.002341s ]
INFO: [ app_end ] --END-- [ RunTime:0.002457s ]

[ 2018-04-16T19:37:48+08:00 ] 127.0.0.1 /Admin/Vip/card/type/2
INFO: [ app_init ] --START--
INFO: Run Behavior\BuildLiteBehavior [ RunTime:0.000027s ]
INFO: [ app_init ] --END-- [ RunTime:0.000790s ]
INFO: [ app_begin ] --START--
INFO: Run Behavior\ReadHtmlCacheBehavior [ RunTime:0.001371s ]
INFO: [ app_begin ] --END-- [ RunTime:0.001495s ]
NOTIC: [8] A session had already been started - ignoring session_start() E:\wamp64\www\daoyunshang\ThinkPHP\Common\functions.php ç¬¬ 1263 è¡Œ.
SQL: SHOW COLUMNS FROM `wfx_set` [ RunTime:0.0213s ]
SQL: SELECT * FROM `wfx_set` LIMIT 1   [ RunTime:0.0213s ]
SQL: SHOW COLUMNS FROM `wfx_cms_set` [ RunTime:0.0210s ]
SQL: SELECT * FROM `wfx_cms_set` LIMIT 1   [ RunTime:0.0203s ]
SQL: SHOW COLUMNS FROM `wfx_shop_set` [ RunTime:0.0208s ]
SQL: SELECT * FROM `wfx_shop_set` LIMIT 1   [ RunTime:0.0206s ]
INFO: [ view_parse ] --START--
INFO: [ template_filter ] --START--
INFO: Run Behavior\ContentReplaceBehavior [ RunTime:0.000074s ]
INFO: [ template_filter ] --END-- [ RunTime:0.000181s ]
INFO: Run Behavior\ParseTemplateBehavior [ RunTime:0.011918s ]
INFO: [ view_parse ] --END-- [ RunTime:0.012036s ]
INFO: [ view_filter ] --START--
INFO: Run Behavior\WriteHtmlCacheBehavior [ RunTime:0.001221s ]
INFO: Run Behavior\TokenBuildBehavior [ RunTime:0.001249s ]
INFO: [ view_filter ] --END-- [ RunTime:0.002650s ]
NOTIC: [8] Undefined variable: status E:\wamp64\www\daoyunshang\Application\Admin\Controller\VipController.class.php ç¬¬ 859 è¡Œ.
SQL: SHOW COLUMNS FROM `wfx_vip_card` [ RunTime:0.0211s ]
NOTIC: [8] Undefined index: p E:\wamp64\www\daoyunshang\Application\Admin\Controller\VipController.class.php ç¬¬ 861 è¡Œ.
SQL: SELECT * FROM `wfx_vip_card` WHERE `type` = 2 ORDER BY id desc LIMIT 0,20   [ RunTime:0.0204s ]
SQL: SELECT COUNT(*) AS tp_count FROM `wfx_vip_card` WHERE `type` = 2 LIMIT 1   [ RunTime:0.0207s ]
NOTIC: [2] Missing argument 6 for Admin\Controller\BaseController::getPage(), called in E:\wamp64\www\daoyunshang\Application\Admin\Controller\VipController.class.php on line 875 and defined E:\wamp64\www\daoyunshang\Application\Admin\Controller\BaseController.class.php ç¬¬ 91 è¡Œ.
NOTIC: [8] Undefined variable: map E:\wamp64\www\daoyunshang\Application\Admin\Controller\BaseController.class.php ç¬¬ 103 è¡Œ.
INFO: [ view_parse ] --START--
INFO: [ template_filter ] --START--
INFO: Run Behavior\ContentReplaceBehavior [ RunTime:0.000102s ]
INFO: [ template_filter ] --END-- [ RunTime:-0.079420s ]
INFO: Run Behavior\ParseTemplateBehavior [ RunTime:0.012501s ]
INFO: [ view_parse ] --END-- [ RunTime:-0.069161s ]
INFO: [ view_filter ] --START--
INFO: Run Behavior\WriteHtmlCacheBehavior [ RunTime:0.000032s ]
INFO: Run Behavior\TokenBuildBehavior [ RunTime:0.000037s ]
INFO: [ view_filter ] --END-- [ RunTime:-0.079120s ]
INFO: [ action_end ] --START--
INFO: Run Behavior\CronRunBehavior [ RunTime:0.003914s ]
INFO: [ action_end ] --END-- [ RunTime:0.004057s ]
INFO: [ app_end ] --START--
INFO: Run Behavior\ShowPageTraceBehavior [ RunTime:0.002030s ]
INFO: [ app_end ] --END-- [ RunTime:0.002134s ]

[ 2018-04-16T19:37:51+08:00 ] 127.0.0.1 /Admin/Index/index
INFO: [ app_init ] --START--
INFO: Run Behavior\BuildLiteBehavior [ RunTime:0.000058s ]
INFO: [ app_init ] --END-- [ RunTime:0.001393s ]
INFO: [ app_begin ] --START--
INFO: Run Behavior\ReadHtmlCacheBehavior [ RunTime:0.001717s ]
INFO: [ app_begin ] --END-- [ RunTime:0.001880s ]
NOTIC: [8] A session had already been started - ignoring session_start() E:\wamp64\www\daoyunshang\ThinkPHP\Common\functions.php ç¬¬ 1263 è¡Œ.
SQL: SHOW COLUMNS FROM `wfx_set` [ RunTime:0.0192s ]
SQL: SELECT * FROM `wfx_set` LIMIT 1   [ RunTime:0.0189s ]
SQL: SHOW COLUMNS FROM `wfx_cms_set` [ RunTime:0.0194s ]
SQL: SELECT * FROM `wfx_cms_set` LIMIT 1   [ RunTime:0.0184s ]
SQL: SHOW COLUMNS FROM `wfx_shop_set` [ RunTime:0.0194s ]
SQL: SELECT * FROM `wfx_shop_set` LIMIT 1   [ RunTime:0.0189s ]
SQL: SHOW COLUMNS FROM `wfx_user_oath` [ RunTime:0.0187s ]
SQL: SELECT * FROM `wfx_user_oath`  [ RunTime:0.0186s ]
INFO: [ view_parse ] --START--
INFO: [ template_filter ] --START--
INFO: Run Behavior\ContentReplaceBehavior [ RunTime:0.000438s ]
INFO: [ template_filter ] --END-- [ RunTime:0.000563s ]
INFO: Run Behavior\ParseTemplateBehavior [ RunTime:0.057558s ]
INFO: [ view_parse ] --END-- [ RunTime:0.057700s ]
INFO: [ view_filter ] --START--
INFO: Run Behavior\WriteHtmlCacheBehavior [ RunTime:0.002249s ]
INFO: Run Behavior\TokenBuildBehavior [ RunTime:0.002706s ]
INFO: [ view_filter ] --END-- [ RunTime:0.005216s ]
INFO: [ action_end ] --START--
INFO: Run Behavior\CronRunBehavior [ RunTime:0.005556s ]
INFO: [ action_end ] --END-- [ RunTime:0.005748s ]
INFO: [ app_end ] --START--
INFO: Run Behavior\ShowPageTraceBehavior [ RunTime:0.002302s ]
INFO: [ app_end ] --END-- [ RunTime:0.002426s ]

[ 2018-04-16T20:21:55+08:00 ] 127.0.0.1 /Admin/Vip/vipSet/id/958
INFO: [ app_init ] --START--
INFO: Run Behavior\BuildLiteBehavior [ RunTime:0.000028s ]
INFO: [ app_init ] --END-- [ RunTime:0.000847s ]
INFO: [ app_begin ] --START--
INFO: Run Behavior\ReadHtmlCacheBehavior [ RunTime:0.001037s ]
INFO: [ app_begin ] --END-- [ RunTime:0.001152s ]
NOTIC: [8] A session had already been started - ignoring session_start() E:\wamp64\www\daoyunshang\ThinkPHP\Common\functions.php ç¬¬ 1263 è¡Œ.
SQL: SHOW COLUMNS FROM `wfx_set` [ RunTime:0.0197s ]
SQL: SELECT * FROM `wfx_set` LIMIT 1   [ RunTime:0.0192s ]
SQL: SHOW COLUMNS FROM `wfx_cms_set` [ RunTime:0.0198s ]
SQL: SELECT * FROM `wfx_cms_set` LIMIT 1   [ RunTime:0.0191s ]
SQL: SHOW COLUMNS FROM `wfx_shop_set` [ RunTime:0.0194s ]
SQL: SELECT * FROM `wfx_shop_set` LIMIT 1   [ RunTime:0.0193s ]
SQL: SHOW COLUMNS FROM `wfx_vip` [ RunTime:0.0196s ]
INFO: [ view_parse ] --START--
INFO: [ template_filter ] --START--
INFO: Run Behavior\ContentReplaceBehavior [ RunTime:0.000074s ]
INFO: [ template_filter ] --END-- [ RunTime:0.000184s ]
INFO: Run Behavior\ParseTemplateBehavior [ RunTime:0.011948s ]
INFO: [ view_parse ] --END-- [ RunTime:0.012070s ]
INFO: [ view_filter ] --START--
INFO: Run Behavior\WriteHtmlCacheBehavior [ RunTime:0.001246s ]
INFO: Run Behavior\TokenBuildBehavior [ RunTime:0.001231s ]
INFO: [ view_filter ] --END-- [ RunTime:0.002666s ]
SQL: SELECT * FROM `wfx_vip` WHERE ( id=958 ) LIMIT 1   [ RunTime:0.0195s ]
INFO: [ view_parse ] --START--
INFO: [ template_filter ] --START--
INFO: Run Behavior\ContentReplaceBehavior [ RunTime:0.000160s ]
INFO: [ template_filter ] --END-- [ RunTime:-0.031279s ]
INFO: Run Behavior\ParseTemplateBehavior [ RunTime:0.010224s ]
INFO: [ view_parse ] --END-- [ RunTime:-0.023078s ]
INFO: [ view_filter ] --START--
INFO: Run Behavior\WriteHtmlCacheBehavior [ RunTime:0.000033s ]
INFO: Run Behavior\TokenBuildBehavior [ RunTime:0.000038s ]
INFO: [ view_filter ] --END-- [ RunTime:-0.030744s ]
INFO: [ action_end ] --START--
INFO: Run Behavior\CronRunBehavior [ RunTime:0.005085s ]
INFO: [ action_end ] --END-- [ RunTime:0.005226s ]
INFO: [ app_end ] --START--
INFO: Run Behavior\ShowPageTraceBehavior [ RunTime:0.002128s ]
INFO: [ app_end ] --END-- [ RunTime:0.002239s ]

[ 2018-04-16T20:22:02+08:00 ] 127.0.0.1 /Admin/Vip/vipList
INFO: [ app_init ] --START--
INFO: Run Behavior\BuildLiteBehavior [ RunTime:0.000028s ]
INFO: [ app_init ] --END-- [ RunTime:0.000841s ]
INFO: [ app_begin ] --START--
INFO: Run Behavior\ReadHtmlCacheBehavior [ RunTime:0.001026s ]
INFO: [ app_begin ] --END-- [ RunTime:0.001139s ]
NOTIC: [8] A session had already been started - ignoring session_start() E:\wamp64\www\daoyunshang\ThinkPHP\Common\functions.php ç¬¬ 1263 è¡Œ.
SQL: SHOW COLUMNS FROM `wfx_set` [ RunTime:0.0184s ]
SQL: SELECT * FROM `wfx_set` LIMIT 1   [ RunTime:0.0183s ]
SQL: SHOW COLUMNS FROM `wfx_cms_set` [ RunTime:0.0206s ]
SQL: SELECT * FROM `wfx_cms_set` LIMIT 1   [ RunTime:0.0184s ]
SQL: SHOW COLUMNS FROM `wfx_shop_set` [ RunTime:0.0187s ]
SQL: SELECT * FROM `wfx_shop_set` LIMIT 1   [ RunTime:0.0181s ]
INFO: [ view_parse ] --START--
INFO: [ template_filter ] --START--
INFO: Run Behavior\ContentReplaceBehavior [ RunTime:0.000074s ]
INFO: [ template_filter ] --END-- [ RunTime:0.000180s ]
INFO: Run Behavior\ParseTemplateBehavior [ RunTime:0.012279s ]
INFO: [ view_parse ] --END-- [ RunTime:0.012396s ]
INFO: [ view_filter ] --START--
INFO: Run Behavior\WriteHtmlCacheBehavior [ RunTime:0.001414s ]
INFO: Run Behavior\TokenBuildBehavior [ RunTime:0.001258s ]
INFO: [ view_filter ] --END-- [ RunTime:0.002869s ]
SQL: SHOW COLUMNS FROM `wfx_employee` [ RunTime:0.0478s ]
SQL: SELECT * FROM `wfx_employee`  [ RunTime:0.0181s ]
SQL: SHOW COLUMNS FROM `wfx_vip` [ RunTime:0.0186s ]
NOTIC: [8] Undefined index: p E:\wamp64\www\daoyunshang\Application\Admin\Controller\VipController.class.php ç¬¬ 383 è¡Œ.
NOTIC: [8] Undefined variable: map E:\wamp64\www\daoyunshang\Application\Admin\Controller\VipController.class.php ç¬¬ 395 è¡Œ.
SQL: SELECT * FROM `wfx_vip` LIMIT 0,20   [ RunTime:0.0524s ]
SQL: SHOW COLUMNS FROM `wfx_vip_level` [ RunTime:0.0185s ]
SQL: SELECT `name` FROM `wfx_vip_level` WHERE ( id=4 ) LIMIT 1   [ RunTime:0.0177s ]
SQL: SELECT `name` FROM `wfx_vip_level` WHERE ( id=5 ) LIMIT 1   [ RunTime:0.0180s ]
SQL: SELECT `name` FROM `wfx_vip_level` WHERE ( id=3 ) LIMIT 1   [ RunTime:0.0209s ]
SQL: SELECT `name` FROM `wfx_vip_level` WHERE ( id=3 ) LIMIT 1   [ RunTime:0.0290s ]
SQL: SELECT `name` FROM `wfx_vip_level` WHERE ( id=5 ) LIMIT 1   [ RunTime:0.0179s ]
SQL: SELECT `name` FROM `wfx_vip_level` WHERE ( id=1 ) LIMIT 1   [ RunTime:0.0180s ]
SQL: SELECT `name` FROM `wfx_vip_level` WHERE ( id=1 ) LIMIT 1   [ RunTime:0.0181s ]
SQL: SELECT `name` FROM `wfx_vip_level` WHERE ( id=1 ) LIMIT 1   [ RunTime:0.0180s ]
SQL: SELECT `name` FROM `wfx_vip_level` WHERE ( id=2 ) LIMIT 1   [ RunTime:0.0181s ]
SQL: SELECT `name` FROM `wfx_vip_level` WHERE ( id=1 ) LIMIT 1   [ RunTime:0.0179s ]
SQL: SELECT `name` FROM `wfx_vip_level` WHERE ( id=1 ) LIMIT 1   [ RunTime:0.0181s ]
SQL: SELECT `name` FROM `wfx_vip_level` WHERE ( id=4 ) LIMIT 1   [ RunTime:0.0180s ]
SQL: SELECT `name` FROM `wfx_vip_level` WHERE ( id=1 ) LIMIT 1   [ RunTime:0.0180s ]
SQL: SELECT `name` FROM `wfx_vip_level` WHERE ( id=1 ) LIMIT 1   [ RunTime:0.0180s ]
SQL: SELECT `name` FROM `wfx_vip_level` WHERE ( id=3 ) LIMIT 1   [ RunTime:0.0174s ]
SQL: SELECT `name` FROM `wfx_vip_level` WHERE ( id=1 ) LIMIT 1   [ RunTime:0.0179s ]
SQL: SELECT `name` FROM `wfx_vip_level` WHERE ( id=1 ) LIMIT 1   [ RunTime:0.0175s ]
SQL: SELECT `name` FROM `wfx_vip_level` WHERE ( id=1 ) LIMIT 1   [ RunTime:0.0179s ]
SQL: SELECT `name` FROM `wfx_vip_level` WHERE ( id=1 ) LIMIT 1   [ RunTime:0.0219s ]
SQL: SELECT `name` FROM `wfx_vip_level` WHERE ( id=1 ) LIMIT 1   [ RunTime:0.0180s ]
NOTIC: [8] Undefined variable: map E:\wamp64\www\daoyunshang\Application\Admin\Controller\VipController.class.php ç¬¬ 414 è¡Œ.
SQL: SELECT COUNT(*) AS tp_count FROM `wfx_vip` LIMIT 1   [ RunTime:0.0194s ]
NOTIC: [2] Missing argument 6 for Admin\Controller\BaseController::getPage(), called in E:\wamp64\www\daoyunshang\Application\Admin\Controller\VipController.class.php on line 415 and defined E:\wamp64\www\daoyunshang\Application\Admin\Controller\BaseController.class.php ç¬¬ 91 è¡Œ.
NOTIC: [8] Undefined variable: map E:\wamp64\www\daoyunshang\Application\Admin\Controller\BaseController.class.php ç¬¬ 103 è¡Œ.
NOTIC: [8] Use of undefined constant å°¾é¡µ - assumed 'å°¾é¡µ' E:\wamp64\www\daoyunshang\ThinkPHP\Library\Util\Pagecms.class.php ç¬¬ 118 è¡Œ.
INFO: [ view_parse ] --START--
INFO: [ template_filter ] --START--
INFO: Run Behavior\ContentReplaceBehavior [ RunTime:0.000111s ]
INFO: [ template_filter ] --END-- [ RunTime:-0.593176s ]
NOTIC: [8] Undefined variable: plv E:\wamp64\www\daoyunshang\Application\Runtime\Cache\Admin\749beb32de2ab4786077c3e0cb80130c.php ç¬¬ 33 è¡Œ.
NOTIC: [8] Undefined variable: search E:\wamp64\www\daoyunshang\Application\Runtime\Cache\Admin\749beb32de2ab4786077c3e0cb80130c.php ç¬¬ 36 è¡Œ.
INFO: Run Behavior\ParseTemplateBehavior [ RunTime:0.037989s ]
INFO: [ view_parse ] --END-- [ RunTime:-0.568637s ]
INFO: [ view_filter ] --START--
INFO: Run Behavior\WriteHtmlCacheBehavior [ RunTime:0.000032s ]
INFO: Run Behavior\TokenBuildBehavior [ RunTime:0.000080s ]
INFO: [ view_filter ] --END-- [ RunTime:-0.603869s ]
INFO: [ action_end ] --START--
INFO: Run Behavior\CronRunBehavior [ RunTime:0.005138s ]
INFO: [ action_end ] --END-- [ RunTime:0.005281s ]
INFO: [ app_end ] --START--
INFO: Run Behavior\ShowPageTraceBehavior [ RunTime:0.002216s ]
INFO: [ app_end ] --END-- [ RunTime:0.002337s ]

[ 2018-04-16T20:25:42+08:00 ] 127.0.0.1 /Admin/Shop/order
INFO: [ app_init ] --START--
INFO: Run Behavior\BuildLiteBehavior [ RunTime:0.000028s ]
INFO: [ app_init ] --END-- [ RunTime:0.000783s ]
INFO: [ app_begin ] --START--
INFO: Run Behavior\ReadHtmlCacheBehavior [ RunTime:0.001030s ]
INFO: [ app_begin ] --END-- [ RunTime:0.001143s ]
NOTIC: [8] A session had already been started - ignoring session_start() E:\wamp64\www\daoyunshang\ThinkPHP\Common\functions.php ç¬¬ 1263 è¡Œ.
SQL: SHOW COLUMNS FROM `wfx_set` [ RunTime:0.0211s ]
SQL: SELECT * FROM `wfx_set` LIMIT 1   [ RunTime:0.0220s ]
SQL: SHOW COLUMNS FROM `wfx_cms_set` [ RunTime:0.0227s ]
SQL: SELECT * FROM `wfx_cms_set` LIMIT 1   [ RunTime:0.0207s ]
SQL: SHOW COLUMNS FROM `wfx_shop_set` [ RunTime:0.0210s ]
SQL: SELECT * FROM `wfx_shop_set` LIMIT 1   [ RunTime:0.0203s ]
SQL: SELECT * FROM `wfx_shop_set` LIMIT 1   [ RunTime:0.0210s ]
SQL: SHOW COLUMNS FROM `wfx_vip_set` [ RunTime:0.0205s ]
SQL: SELECT * FROM `wfx_vip_set` LIMIT 1   [ RunTime:0.0205s ]
INFO: [ view_parse ] --START--
INFO: [ template_filter ] --START--
INFO: Run Behavior\ContentReplaceBehavior [ RunTime:0.000078s ]
INFO: [ template_filter ] --END-- [ RunTime:0.000185s ]
INFO: Run Behavior\ParseTemplateBehavior [ RunTime:0.012000s ]
INFO: [ view_parse ] --END-- [ RunTime:0.012114s ]
INFO: [ view_filter ] --START--
INFO: Run Behavior\WriteHtmlCacheBehavior [ RunTime:0.001477s ]
INFO: Run Behavior\TokenBuildBehavior [ RunTime:0.001484s ]
INFO: [ view_filter ] --END-- [ RunTime:0.003157s ]
SQL: SHOW COLUMNS FROM `wfx_shop_order` [ RunTime:0.0241s ]
NOTIC: [8] Undefined index: p E:\wamp64\www\daoyunshang\Application\Admin\Controller\ShopController.class.php ç¬¬ 1178 è¡Œ.
NOTIC: [8] Undefined variable: map E:\wamp64\www\daoyunshang\Application\Admin\Controller\ShopController.class.php ç¬¬ 1202 è¡Œ.
SQL: SELECT * FROM `wfx_shop_order` ORDER BY ctime desc LIMIT 0,20   [ RunTime:0.0210s ]
NOTIC: [8] Undefined variable: map E:\wamp64\www\daoyunshang\Application\Admin\Controller\ShopController.class.php ç¬¬ 1203 è¡Œ.
SQL: SELECT COUNT(*) AS tp_count FROM `wfx_shop_order` LIMIT 1   [ RunTime:0.0236s ]
NOTIC: [2] Missing argument 6 for Admin\Controller\BaseController::getPage(), called in E:\wamp64\www\daoyunshang\Application\Admin\Controller\ShopController.class.php on line 1204 and defined E:\wamp64\www\daoyunshang\Application\Admin\Controller\BaseController.class.php ç¬¬ 91 è¡Œ.
NOTIC: [8] Undefined variable: map E:\wamp64\www\daoyunshang\Application\Admin\Controller\BaseController.class.php ç¬¬ 103 è¡Œ.
INFO: [ view_parse ] --START--
INFO: [ template_filter ] --START--
INFO: Run Behavior\ContentReplaceBehavior [ RunTime:0.000218s ]
INFO: [ template_filter ] --END-- [ RunTime:-0.152913s ]
NOTIC: [8] Undefined variable: timeRanges E:\wamp64\www\daoyunshang\Application\Runtime\Cache\Admin\1de6446ae7d2b2aec8b988d31334127b.php ç¬¬ 37 è¡Œ.
NOTIC: [8] Undefined variable: name E:\wamp64\www\daoyunshang\Application\Runtime\Cache\Admin\1de6446ae7d2b2aec8b988d31334127b.php ç¬¬ 42 è¡Œ.
NOTIC: [8] Undefined variable: oid E:\wamp64\www\daoyunshang\Application\Runtime\Cache\Admin\1de6446ae7d2b2aec8b988d31334127b.php ç¬¬ 45 è¡Œ.
INFO: Run Behavior\ParseTemplateBehavior [ RunTime:0.083494s ]
INFO: [ view_parse ] --END-- [ RunTime:-0.077011s ]
INFO: [ view_filter ] --START--
INFO: Run Behavior\WriteHtmlCacheBehavior [ RunTime:0.000032s ]
INFO: Run Behavior\TokenBuildBehavior [ RunTime:0.000058s ]
INFO: [ view_filter ] --END-- [ RunTime:-0.157497s ]
INFO: [ action_end ] --START--
INFO: Run Behavior\CronRunBehavior [ RunTime:0.004648s ]
INFO: [ action_end ] --END-- [ RunTime:0.004848s ]
INFO: [ app_end ] --START--
INFO: Run Behavior\ShowPageTraceBehavior [ RunTime:0.002610s ]
INFO: [ app_end ] --END-- [ RunTime:0.002730s ]

[ 2018-04-16T20:29:35+08:00 ] 127.0.0.1 /Admin/Vip/vipSet/id/955
INFO: [ app_init ] --START--
INFO: Run Behavior\BuildLiteBehavior [ RunTime:0.000026s ]
INFO: [ app_init ] --END-- [ RunTime:0.000782s ]
INFO: [ app_begin ] --START--
INFO: Run Behavior\ReadHtmlCacheBehavior [ RunTime:0.001189s ]
INFO: [ app_begin ] --END-- [ RunTime:0.001309s ]
NOTIC: [8] A session had already been started - ignoring session_start() E:\wamp64\www\daoyunshang\ThinkPHP\Common\functions.php ç¬¬ 1263 è¡Œ.
SQL: SHOW COLUMNS FROM `wfx_set` [ RunTime:0.0203s ]
SQL: SELECT * FROM `wfx_set` LIMIT 1   [ RunTime:0.0206s ]
SQL: SHOW COLUMNS FROM `wfx_cms_set` [ RunTime:0.0205s ]
SQL: SELECT * FROM `wfx_cms_set` LIMIT 1   [ RunTime:0.0200s ]
SQL: SHOW COLUMNS FROM `wfx_shop_set` [ RunTime:0.0208s ]
SQL: SELECT * FROM `wfx_shop_set` LIMIT 1   [ RunTime:0.0205s ]
SQL: SHOW COLUMNS FROM `wfx_vip` [ RunTime:0.0206s ]
INFO: [ view_parse ] --START--
INFO: [ template_filter ] --START--
INFO: Run Behavior\ContentReplaceBehavior [ RunTime:0.000073s ]
INFO: [ template_filter ] --END-- [ RunTime:0.000189s ]
INFO: Run Behavior\ParseTemplateBehavior [ RunTime:0.013281s ]
INFO: [ view_parse ] --END-- [ RunTime:0.013403s ]
INFO: [ view_filter ] --START--
INFO: Run Behavior\WriteHtmlCacheBehavior [ RunTime:0.001370s ]
INFO: Run Behavior\TokenBuildBehavior [ RunTime:0.001250s ]
INFO: [ view_filter ] --END-- [ RunTime:0.002846s ]
SQL: SELECT * FROM `wfx_vip` WHERE ( id=955 ) LIMIT 1   [ RunTime:0.0208s ]
INFO: [ view_parse ] --START--
INFO: [ template_filter ] --START--
INFO: Run Behavior\ContentReplaceBehavior [ RunTime:0.000122s ]
INFO: [ template_filter ] --END-- [ RunTime:-0.033159s ]
INFO: Run Behavior\ParseTemplateBehavior [ RunTime:0.009239s ]
INFO: [ view_parse ] --END-- [ RunTime:-0.024811s ]
INFO: [ view_filter ] --START--
INFO: Run Behavior\WriteHtmlCacheBehavior [ RunTime:0.000032s ]
INFO: Run Behavior\TokenBuildBehavior [ RunTime:0.000039s ]
INFO: [ view_filter ] --END-- [ RunTime:-0.031315s ]
INFO: [ action_end ] --START--
INFO: Run Behavior\CronRunBehavior [ RunTime:0.004486s ]
INFO: [ action_end ] --END-- [ RunTime:0.004618s ]
INFO: [ app_end ] --START--
INFO: Run Behavior\ShowPageTraceBehavior [ RunTime:0.003027s ]
INFO: [ app_end ] --END-- [ RunTime:0.003150s ]

[ 2018-04-16T20:30:21+08:00 ] 127.0.0.1 /Admin/Vip/vipSet/id/1368
INFO: [ app_init ] --START--
INFO: Run Behavior\BuildLiteBehavior [ RunTime:0.000025s ]
INFO: [ app_init ] --END-- [ RunTime:0.000764s ]
INFO: [ app_begin ] --START--
INFO: Run Behavior\ReadHtmlCacheBehavior [ RunTime:0.001039s ]
INFO: [ app_begin ] --END-- [ RunTime:0.001162s ]
NOTIC: [8] A session had already been started - ignoring session_start() E:\wamp64\www\daoyunshang\ThinkPHP\Common\functions.php ç¬¬ 1263 è¡Œ.
SQL: SHOW COLUMNS FROM `wfx_set` [ RunTime:0.0205s ]
SQL: SELECT * FROM `wfx_set` LIMIT 1   [ RunTime:0.0214s ]
SQL: SHOW COLUMNS FROM `wfx_cms_set` [ RunTime:0.0205s ]
SQL: SELECT * FROM `wfx_cms_set` LIMIT 1   [ RunTime:0.0199s ]
SQL: SHOW COLUMNS FROM `wfx_shop_set` [ RunTime:0.0211s ]
SQL: SELECT * FROM `wfx_shop_set` LIMIT 1   [ RunTime:0.0203s ]
SQL: SHOW COLUMNS FROM `wfx_vip` [ RunTime:0.0207s ]
INFO: [ view_parse ] --START--
INFO: [ template_filter ] --START--
INFO: Run Behavior\ContentReplaceBehavior [ RunTime:0.000110s ]
INFO: [ template_filter ] --END-- [ RunTime:0.000300s ]
INFO: Run Behavior\ParseTemplateBehavior [ RunTime:0.012889s ]
INFO: [ view_parse ] --END-- [ RunTime:0.013002s ]
INFO: [ view_filter ] --START--
INFO: Run Behavior\WriteHtmlCacheBehavior [ RunTime:0.001208s ]
INFO: Run Behavior\TokenBuildBehavior [ RunTime:0.001212s ]
INFO: [ view_filter ] --END-- [ RunTime:0.002578s ]
SQL: SELECT * FROM `wfx_vip` WHERE ( id=1368 ) LIMIT 1   [ RunTime:0.0206s ]
INFO: [ view_parse ] --START--
INFO: [ template_filter ] --START--
INFO: Run Behavior\ContentReplaceBehavior [ RunTime:0.000213s ]
INFO: [ template_filter ] --END-- [ RunTime:-0.032355s ]
INFO: Run Behavior\ParseTemplateBehavior [ RunTime:0.009338s ]
INFO: [ view_parse ] --END-- [ RunTime:-0.024081s ]
INFO: [ view_filter ] --START--
INFO: Run Behavior\WriteHtmlCacheBehavior [ RunTime:0.000031s ]
INFO: Run Behavior\TokenBuildBehavior [ RunTime:0.000039s ]
INFO: [ view_filter ] --END-- [ RunTime:-0.030949s ]
INFO: [ action_end ] --START--
INFO: Run Behavior\CronRunBehavior [ RunTime:0.004666s ]
INFO: [ action_end ] --END-- [ RunTime:0.004801s ]
INFO: [ app_end ] --START--
INFO: Run Behavior\ShowPageTraceBehavior [ RunTime:0.002188s ]
INFO: [ app_end ] --END-- [ RunTime:0.002323s ]

[ 2018-04-16T20:42:18+08:00 ] 127.0.0.1 /Admin/Vip/vipSet/id/960
INFO: [ app_init ] --START--
INFO: Run Behavior\BuildLiteBehavior [ RunTime:0.000028s ]
INFO: [ app_init ] --END-- [ RunTime:0.000784s ]
INFO: [ app_begin ] --START--
INFO: Run Behavior\ReadHtmlCacheBehavior [ RunTime:0.001030s ]
INFO: [ app_begin ] --END-- [ RunTime:0.001170s ]
NOTIC: [8] A session had already been started - ignoring session_start() E:\wamp64\www\daoyunshang\ThinkPHP\Common\functions.php ç¬¬ 1263 è¡Œ.
SQL: SHOW COLUMNS FROM `wfx_set` [ RunTime:0.0211s ]
SQL: SELECT * FROM `wfx_set` LIMIT 1   [ RunTime:0.0207s ]
SQL: SHOW COLUMNS FROM `wfx_cms_set` [ RunTime:0.0789s ]
SQL: SELECT * FROM `wfx_cms_set` LIMIT 1   [ RunTime:0.0245s ]
SQL: SHOW COLUMNS FROM `wfx_shop_set` [ RunTime:0.0208s ]
SQL: SELECT * FROM `wfx_shop_set` LIMIT 1   [ RunTime:0.0204s ]
SQL: SHOW COLUMNS FROM `wfx_vip` [ RunTime:0.0213s ]
INFO: [ view_parse ] --START--
INFO: [ template_filter ] --START--
INFO: Run Behavior\ContentReplaceBehavior [ RunTime:0.000099s ]
INFO: [ template_filter ] --END-- [ RunTime:0.000211s ]
INFO: Run Behavior\ParseTemplateBehavior [ RunTime:0.012688s ]
INFO: [ view_parse ] --END-- [ RunTime:0.012824s ]
INFO: [ view_filter ] --START--
INFO: Run Behavior\WriteHtmlCacheBehavior [ RunTime:0.001307s ]
INFO: Run Behavior\TokenBuildBehavior [ RunTime:0.001269s ]
INFO: [ view_filter ] --END-- [ RunTime:0.002753s ]
SQL: SELECT * FROM `wfx_vip` WHERE ( id=960 ) LIMIT 1   [ RunTime:0.0206s ]
INFO: [ view_parse ] --START--
INFO: [ template_filter ] --START--
INFO: Run Behavior\ContentReplaceBehavior [ RunTime:0.000125s ]
INFO: [ template_filter ] --END-- [ RunTime:-0.032445s ]
INFO: Run Behavior\ParseTemplateBehavior [ RunTime:0.009104s ]
INFO: [ view_parse ] --END-- [ RunTime:-0.024280s ]
INFO: [ view_filter ] --START--
INFO: Run Behavior\WriteHtmlCacheBehavior [ RunTime:0.000033s ]
INFO: Run Behavior\TokenBuildBehavior [ RunTime:0.000043s ]
INFO: [ view_filter ] --END-- [ RunTime:-0.030753s ]
INFO: [ action_end ] --START--
INFO: Run Behavior\CronRunBehavior [ RunTime:0.004383s ]
INFO: [ action_end ] --END-- [ RunTime:0.004571s ]
INFO: [ app_end ] --START--
INFO: Run Behavior\ShowPageTraceBehavior [ RunTime:0.002462s ]
INFO: [ app_end ] --END-- [ RunTime:0.002653s ]

[ 2018-04-16T20:46:41+08:00 ] 127.0.0.1 /Admin/Vip/vipSet/id/955
INFO: [ app_init ] --START--
INFO: Run Behavior\BuildLiteBehavior [ RunTime:0.000052s ]
INFO: [ app_init ] --END-- [ RunTime:0.000820s ]
INFO: [ app_begin ] --START--
INFO: Run Behavior\ReadHtmlCacheBehavior [ RunTime:0.001021s ]
INFO: [ app_begin ] --END-- [ RunTime:0.001136s ]
NOTIC: [8] A session had already been started - ignoring session_start() E:\wamp64\www\daoyunshang\ThinkPHP\Common\functions.php ç¬¬ 1263 è¡Œ.
SQL: SHOW COLUMNS FROM `wfx_set` [ RunTime:0.0221s ]
SQL: SELECT * FROM `wfx_set` LIMIT 1   [ RunTime:0.0223s ]
SQL: SHOW COLUMNS FROM `wfx_cms_set` [ RunTime:0.0219s ]
SQL: SELECT * FROM `wfx_cms_set` LIMIT 1   [ RunTime:0.0215s ]
SQL: SHOW COLUMNS FROM `wfx_shop_set` [ RunTime:0.0223s ]
SQL: SELECT * FROM `wfx_shop_set` LIMIT 1   [ RunTime:0.0219s ]
SQL: SHOW COLUMNS FROM `wfx_vip` [ RunTime:0.0222s ]
INFO: [ view_parse ] --START--
INFO: [ template_filter ] --START--
INFO: Run Behavior\ContentReplaceBehavior [ RunTime:0.000087s ]
INFO: [ template_filter ] --END-- [ RunTime:0.000208s ]
INFO: Run Behavior\ParseTemplateBehavior [ RunTime:0.012769s ]
INFO: [ view_parse ] --END-- [ RunTime:0.012881s ]
INFO: [ view_filter ] --START--
INFO: Run Behavior\WriteHtmlCacheBehavior [ RunTime:0.001324s ]
INFO: Run Behavior\TokenBuildBehavior [ RunTime:0.001296s ]
INFO: [ view_filter ] --END-- [ RunTime:0.002790s ]
SQL: SELECT * FROM `wfx_vip` WHERE ( id=955 ) LIMIT 1   [ RunTime:0.0227s ]
INFO: [ view_parse ] --START--
INFO: [ template_filter ] --START--
INFO: Run Behavior\ContentReplaceBehavior [ RunTime:0.000111s ]
INFO: [ template_filter ] --END-- [ RunTime:-0.034782s ]
INFO: Run Behavior\ParseTemplateBehavior [ RunTime:0.008616s ]
INFO: [ view_parse ] --END-- [ RunTime:-0.026487s ]
INFO: [ view_filter ] --START--
INFO: Run Behavior\WriteHtmlCacheBehavior [ RunTime:0.000031s ]
INFO: Run Behavior\TokenBuildBehavior [ RunTime:0.000078s ]
INFO: [ view_filter ] --END-- [ RunTime:-0.032405s ]
INFO: [ action_end ] --START--
INFO: Run Behavior\CronRunBehavior [ RunTime:0.004341s ]
INFO: [ action_end ] --END-- [ RunTime:0.004473s ]
INFO: [ app_end ] --START--
INFO: Run Behavior\ShowPageTraceBehavior [ RunTime:0.002089s ]
INFO: [ app_end ] --END-- [ RunTime:0.002209s ]

