[ 2018-04-18T09:55:59+08:00 ] 127.0.0.1 /Admin/Vip/vipSet/id/955
INFO: [ app_init ] --START--
INFO: Run Behavior\BuildLiteBehavior [ RunTime:0.000059s ]
INFO: [ app_init ] --END-- [ RunTime:0.001314s ]
INFO: [ app_begin ] --START--
INFO: Run Behavior\ReadHtmlCacheBehavior [ RunTime:0.001321s ]
INFO: [ app_begin ] --END-- [ RunTime:0.001436s ]
NOTIC: [8] A session had already been started - ignoring session_start() E:\wamp64\www\daoyunshang\ThinkPHP\Common\functions.php 第 1263 行.
SQL: SHOW COLUMNS FROM `wfx_set` [ RunTime:0.0142s ]
SQL: SELECT * FROM `wfx_set` LIMIT 1   [ RunTime:0.0140s ]
SQL: SHOW COLUMNS FROM `wfx_cms_set` [ RunTime:0.0147s ]
SQL: SELECT * FROM `wfx_cms_set` LIMIT 1   [ RunTime:0.0138s ]
SQL: SHOW COLUMNS FROM `wfx_shop_set` [ RunTime:0.0142s ]
SQL: SELECT * FROM `wfx_shop_set` LIMIT 1   [ RunTime:0.0142s ]

[ 2018-04-18T09:55:59+08:00 ] 127.0.0.1 /Admin/Public/login
INFO: [ app_init ] --START--
INFO: Run Behavior\BuildLiteBehavior [ RunTime:0.000036s ]
INFO: [ app_init ] --END-- [ RunTime:0.000873s ]
INFO: [ app_begin ] --START--
INFO: Run Behavior\ReadHtmlCacheBehavior [ RunTime:0.000690s ]
INFO: [ app_begin ] --END-- [ RunTime:0.000821s ]
NOTIC: [8] A session had already been started - ignoring session_start() E:\wamp64\www\daoyunshang\ThinkPHP\Common\functions.php 第 1263 行.
SQL: SHOW COLUMNS FROM `wfx_set` [ RunTime:0.0140s ]
SQL: SELECT * FROM `wfx_set` LIMIT 1   [ RunTime:0.0140s ]
SQL: SHOW COLUMNS FROM `wfx_cms_set` [ RunTime:0.0137s ]
SQL: SELECT * FROM `wfx_cms_set` LIMIT 1   [ RunTime:0.0135s ]
SQL: SHOW COLUMNS FROM `wfx_shop_set` [ RunTime:0.0141s ]
SQL: SELECT * FROM `wfx_shop_set` LIMIT 1   [ RunTime:0.0139s ]
NOTIC: [8] Undefined index: uid E:\wamp64\www\daoyunshang\Application\Admin\Controller\PublicController.class.php 第 49 行.
INFO: [ view_parse ] --START--
INFO: [ template_filter ] --START--
INFO: Run Behavior\ContentReplaceBehavior [ RunTime:0.000101s ]
INFO: [ template_filter ] --END-- [ RunTime:0.000213s ]
INFO: Run Behavior\ParseTemplateBehavior [ RunTime:0.019522s ]
INFO: [ view_parse ] --END-- [ RunTime:0.019704s ]
INFO: [ view_filter ] --START--
INFO: Run Behavior\WriteHtmlCacheBehavior [ RunTime:0.001525s ]
INFO: Run Behavior\TokenBuildBehavior [ RunTime:0.001422s ]
INFO: [ view_filter ] --END-- [ RunTime:0.003155s ]
INFO: [ action_end ] --START--
INFO: Run Behavior\CronRunBehavior [ RunTime:0.004283s ]
INFO: [ action_end ] --END-- [ RunTime:0.004492s ]
INFO: [ app_end ] --START--
INFO: Run Behavior\ShowPageTraceBehavior [ RunTime:0.002309s ]
INFO: [ app_end ] --END-- [ RunTime:0.002421s ]

[ 2018-04-18T09:56:00+08:00 ] 127.0.0.1 /Admin/Public/verify
INFO: [ app_init ] --START--
INFO: Run Behavior\BuildLiteBehavior [ RunTime:0.000153s ]
INFO: [ app_init ] --END-- [ RunTime:0.006601s ]
INFO: [ app_begin ] --START--
INFO: Run Behavior\ReadHtmlCacheBehavior [ RunTime:0.001901s ]
INFO: [ app_begin ] --END-- [ RunTime:0.002463s ]
NOTIC: [8] A session had already been started - ignoring session_start() E:\wamp64\www\daoyunshang\ThinkPHP\Common\functions.php 第 1263 行.
SQL: SHOW COLUMNS FROM `wfx_set` [ RunTime:0.0142s ]
SQL: SELECT * FROM `wfx_set` LIMIT 1   [ RunTime:0.0143s ]
SQL: SHOW COLUMNS FROM `wfx_cms_set` [ RunTime:0.0140s ]
SQL: SELECT * FROM `wfx_cms_set` LIMIT 1   [ RunTime:0.0134s ]
SQL: SHOW COLUMNS FROM `wfx_shop_set` [ RunTime:0.0145s ]
SQL: SELECT * FROM `wfx_shop_set` LIMIT 1   [ RunTime:0.0142s ]
INFO: [ action_end ] --START--
INFO: Run Behavior\CronRunBehavior [ RunTime:0.003999s ]
INFO: [ action_end ] --END-- [ RunTime:0.004177s ]
INFO: [ app_end ] --START--
INFO: Run Behavior\ShowPageTraceBehavior [ RunTime:0.002839s ]
INFO: [ app_end ] --END-- [ RunTime:0.002999s ]

[ 2018-04-18T09:56:17+08:00 ] 127.0.0.1 /Admin/Vip/vipSet/id/955
INFO: [ app_init ] --START--
INFO: Run Behavior\BuildLiteBehavior [ RunTime:0.000033s ]
INFO: [ app_init ] --END-- [ RunTime:0.001052s ]
INFO: [ app_begin ] --START--
INFO: Run Behavior\ReadHtmlCacheBehavior [ RunTime:0.001290s ]
INFO: [ app_begin ] --END-- [ RunTime:0.001410s ]
NOTIC: [8] A session had already been started - ignoring session_start() E:\wamp64\www\daoyunshang\ThinkPHP\Common\functions.php 第 1263 行.
SQL: SHOW COLUMNS FROM `wfx_set` [ RunTime:0.0148s ]
SQL: SELECT * FROM `wfx_set` LIMIT 1   [ RunTime:0.0143s ]
SQL: SHOW COLUMNS FROM `wfx_cms_set` [ RunTime:0.0141s ]
SQL: SELECT * FROM `wfx_cms_set` LIMIT 1   [ RunTime:0.0139s ]
SQL: SHOW COLUMNS FROM `wfx_shop_set` [ RunTime:0.0144s ]
SQL: SELECT * FROM `wfx_shop_set` LIMIT 1   [ RunTime:0.0138s ]

[ 2018-04-18T09:56:17+08:00 ] 127.0.0.1 /Admin/Public/login
INFO: [ app_init ] --START--
INFO: Run Behavior\BuildLiteBehavior [ RunTime:0.000027s ]
INFO: [ app_init ] --END-- [ RunTime:0.000604s ]
INFO: [ app_begin ] --START--
INFO: Run Behavior\ReadHtmlCacheBehavior [ RunTime:0.000763s ]
INFO: [ app_begin ] --END-- [ RunTime:0.000880s ]
NOTIC: [8] A session had already been started - ignoring session_start() E:\wamp64\www\daoyunshang\ThinkPHP\Common\functions.php 第 1263 行.
SQL: SHOW COLUMNS FROM `wfx_set` [ RunTime:0.0134s ]
SQL: SELECT * FROM `wfx_set` LIMIT 1   [ RunTime:0.0132s ]
SQL: SHOW COLUMNS FROM `wfx_cms_set` [ RunTime:0.0131s ]
SQL: SELECT * FROM `wfx_cms_set` LIMIT 1   [ RunTime:0.0122s ]
SQL: SHOW COLUMNS FROM `wfx_shop_set` [ RunTime:0.0130s ]
SQL: SELECT * FROM `wfx_shop_set` LIMIT 1   [ RunTime:0.0123s ]
NOTIC: [8] Undefined index: uid E:\wamp64\www\daoyunshang\Application\Admin\Controller\PublicController.class.php 第 49 行.
INFO: [ view_parse ] --START--
INFO: [ template_filter ] --START--
INFO: Run Behavior\ContentReplaceBehavior [ RunTime:0.000103s ]
INFO: [ template_filter ] --END-- [ RunTime:0.000215s ]
INFO: Run Behavior\ParseTemplateBehavior [ RunTime:0.014041s ]
INFO: [ view_parse ] --END-- [ RunTime:0.014212s ]
INFO: [ view_filter ] --START--
INFO: Run Behavior\WriteHtmlCacheBehavior [ RunTime:0.001660s ]
INFO: Run Behavior\TokenBuildBehavior [ RunTime:0.001317s ]
INFO: [ view_filter ] --END-- [ RunTime:0.003159s ]
INFO: [ action_end ] --START--
INFO: Run Behavior\CronRunBehavior [ RunTime:0.003418s ]
INFO: [ action_end ] --END-- [ RunTime:0.003570s ]
INFO: [ app_end ] --START--
INFO: Run Behavior\ShowPageTraceBehavior [ RunTime:0.002250s ]
INFO: [ app_end ] --END-- [ RunTime:0.002362s ]

[ 2018-04-18T09:56:17+08:00 ] 127.0.0.1 /Admin/Public/verify
INFO: [ app_init ] --START--
INFO: Run Behavior\BuildLiteBehavior [ RunTime:0.000050s ]
INFO: [ app_init ] --END-- [ RunTime:0.001550s ]
INFO: [ app_begin ] --START--
INFO: Run Behavior\ReadHtmlCacheBehavior [ RunTime:0.002596s ]
INFO: [ app_begin ] --END-- [ RunTime:0.002952s ]
NOTIC: [8] A session had already been started - ignoring session_start() E:\wamp64\www\daoyunshang\ThinkPHP\Common\functions.php 第 1263 行.
SQL: SHOW COLUMNS FROM `wfx_set` [ RunTime:0.0137s ]
SQL: SELECT * FROM `wfx_set` LIMIT 1   [ RunTime:0.0128s ]
SQL: SHOW COLUMNS FROM `wfx_cms_set` [ RunTime:0.0136s ]
SQL: SELECT * FROM `wfx_cms_set` LIMIT 1   [ RunTime:0.0129s ]
SQL: SHOW COLUMNS FROM `wfx_shop_set` [ RunTime:0.0144s ]
SQL: SELECT * FROM `wfx_shop_set` LIMIT 1   [ RunTime:0.0129s ]
INFO: [ action_end ] --START--
INFO: Run Behavior\CronRunBehavior [ RunTime:0.009758s ]
INFO: [ action_end ] --END-- [ RunTime:0.009997s ]
INFO: [ app_end ] --START--
INFO: Run Behavior\ShowPageTraceBehavior [ RunTime:0.004135s ]
INFO: [ app_end ] --END-- [ RunTime:0.004433s ]

[ 2018-04-18T09:56:37+08:00 ] 127.0.0.1 /Admin/Vip/vipSet/id/955
INFO: [ app_init ] --START--
INFO: Run Behavior\BuildLiteBehavior [ RunTime:0.000027s ]
INFO: [ app_init ] --END-- [ RunTime:0.000796s ]
INFO: [ app_begin ] --START--
INFO: Run Behavior\ReadHtmlCacheBehavior [ RunTime:0.001062s ]
INFO: [ app_begin ] --END-- [ RunTime:0.001179s ]
NOTIC: [8] A session had already been started - ignoring session_start() E:\wamp64\www\daoyunshang\ThinkPHP\Common\functions.php 第 1263 行.
SQL: SHOW COLUMNS FROM `wfx_set` [ RunTime:0.0139s ]
SQL: SELECT * FROM `wfx_set` LIMIT 1   [ RunTime:0.0146s ]
SQL: SHOW COLUMNS FROM `wfx_cms_set` [ RunTime:0.0147s ]
SQL: SELECT * FROM `wfx_cms_set` LIMIT 1   [ RunTime:0.0135s ]
SQL: SHOW COLUMNS FROM `wfx_shop_set` [ RunTime:0.0134s ]
SQL: SELECT * FROM `wfx_shop_set` LIMIT 1   [ RunTime:0.0151s ]

[ 2018-04-18T09:56:38+08:00 ] 127.0.0.1 /Admin/Public/login
INFO: [ app_init ] --START--
INFO: Run Behavior\BuildLiteBehavior [ RunTime:0.000027s ]
INFO: [ app_init ] --END-- [ RunTime:0.000590s ]
INFO: [ app_begin ] --START--
INFO: Run Behavior\ReadHtmlCacheBehavior [ RunTime:0.000698s ]
INFO: [ app_begin ] --END-- [ RunTime:0.000811s ]
NOTIC: [8] A session had already been started - ignoring session_start() E:\wamp64\www\daoyunshang\ThinkPHP\Common\functions.php 第 1263 行.
SQL: SHOW COLUMNS FROM `wfx_set` [ RunTime:0.0145s ]
SQL: SELECT * FROM `wfx_set` LIMIT 1   [ RunTime:0.0140s ]
SQL: SHOW COLUMNS FROM `wfx_cms_set` [ RunTime:0.0146s ]
SQL: SELECT * FROM `wfx_cms_set` LIMIT 1   [ RunTime:0.0159s ]
SQL: SHOW COLUMNS FROM `wfx_shop_set` [ RunTime:0.0142s ]
SQL: SELECT * FROM `wfx_shop_set` LIMIT 1   [ RunTime:0.0166s ]
NOTIC: [8] Undefined index: uid E:\wamp64\www\daoyunshang\Application\Admin\Controller\PublicController.class.php 第 49 行.
INFO: [ view_parse ] --START--
INFO: [ template_filter ] --START--
INFO: Run Behavior\ContentReplaceBehavior [ RunTime:0.000106s ]
INFO: [ template_filter ] --END-- [ RunTime:0.000220s ]
INFO: Run Behavior\ParseTemplateBehavior [ RunTime:0.013678s ]
INFO: [ view_parse ] --END-- [ RunTime:0.013838s ]
INFO: [ view_filter ] --START--
INFO: Run Behavior\WriteHtmlCacheBehavior [ RunTime:0.001294s ]
INFO: Run Behavior\TokenBuildBehavior [ RunTime:0.001581s ]
INFO: [ view_filter ] --END-- [ RunTime:0.003093s ]
INFO: [ action_end ] --START--
INFO: Run Behavior\CronRunBehavior [ RunTime:0.003678s ]
INFO: [ action_end ] --END-- [ RunTime:0.003831s ]
INFO: [ app_end ] --START--
INFO: Run Behavior\ShowPageTraceBehavior [ RunTime:0.002087s ]
INFO: [ app_end ] --END-- [ RunTime:0.002192s ]

[ 2018-04-18T09:56:38+08:00 ] 127.0.0.1 /Admin/Public/verify
INFO: [ app_init ] --START--
INFO: Run Behavior\BuildLiteBehavior [ RunTime:0.000033s ]
INFO: [ app_init ] --END-- [ RunTime:0.001237s ]
INFO: [ app_begin ] --START--
INFO: Run Behavior\ReadHtmlCacheBehavior [ RunTime:0.002101s ]
INFO: [ app_begin ] --END-- [ RunTime:0.002540s ]
NOTIC: [8] A session had already been started - ignoring session_start() E:\wamp64\www\daoyunshang\ThinkPHP\Common\functions.php 第 1263 行.
SQL: SHOW COLUMNS FROM `wfx_set` [ RunTime:0.0131s ]
SQL: SELECT * FROM `wfx_set` LIMIT 1   [ RunTime:0.0138s ]
SQL: SHOW COLUMNS FROM `wfx_cms_set` [ RunTime:0.0127s ]
SQL: SELECT * FROM `wfx_cms_set` LIMIT 1   [ RunTime:0.0127s ]
SQL: SHOW COLUMNS FROM `wfx_shop_set` [ RunTime:0.0127s ]
SQL: SELECT * FROM `wfx_shop_set` LIMIT 1   [ RunTime:0.0131s ]
INFO: [ action_end ] --START--
INFO: Run Behavior\CronRunBehavior [ RunTime:0.006156s ]
INFO: [ action_end ] --END-- [ RunTime:0.006378s ]
INFO: [ app_end ] --START--
INFO: Run Behavior\ShowPageTraceBehavior [ RunTime:0.002351s ]
INFO: [ app_end ] --END-- [ RunTime:0.002488s ]

[ 2018-04-18T09:57:25+08:00 ] 127.0.0.1 /Admin/Vip/vipSet/id/955
INFO: [ app_init ] --START--
INFO: Run Behavior\BuildLiteBehavior [ RunTime:0.000028s ]
INFO: [ app_init ] --END-- [ RunTime:0.000831s ]
INFO: [ app_begin ] --START--
INFO: Run Behavior\ReadHtmlCacheBehavior [ RunTime:0.001145s ]
INFO: [ app_begin ] --END-- [ RunTime:0.001281s ]
NOTIC: [8] A session had already been started - ignoring session_start() E:\wamp64\www\daoyunshang\ThinkPHP\Common\functions.php 第 1263 行.
SQL: SHOW COLUMNS FROM `wfx_set` [ RunTime:0.0127s ]
SQL: SELECT * FROM `wfx_set` LIMIT 1   [ RunTime:0.0128s ]
SQL: SHOW COLUMNS FROM `wfx_cms_set` [ RunTime:0.0136s ]
SQL: SELECT * FROM `wfx_cms_set` LIMIT 1   [ RunTime:0.0121s ]
SQL: SHOW COLUMNS FROM `wfx_shop_set` [ RunTime:0.0130s ]
SQL: SELECT * FROM `wfx_shop_set` LIMIT 1   [ RunTime:0.0130s ]

[ 2018-04-18T09:57:25+08:00 ] 127.0.0.1 /Admin/Public/login
INFO: [ app_init ] --START--
INFO: Run Behavior\BuildLiteBehavior [ RunTime:0.000032s ]
INFO: [ app_init ] --END-- [ RunTime:0.000800s ]
INFO: [ app_begin ] --START--
INFO: Run Behavior\ReadHtmlCacheBehavior [ RunTime:0.000976s ]
INFO: [ app_begin ] --END-- [ RunTime:0.001140s ]
NOTIC: [8] A session had already been started - ignoring session_start() E:\wamp64\www\daoyunshang\ThinkPHP\Common\functions.php 第 1263 行.
SQL: SHOW COLUMNS FROM `wfx_set` [ RunTime:0.0126s ]
SQL: SELECT * FROM `wfx_set` LIMIT 1   [ RunTime:0.0121s ]
SQL: SHOW COLUMNS FROM `wfx_cms_set` [ RunTime:0.0124s ]
SQL: SELECT * FROM `wfx_cms_set` LIMIT 1   [ RunTime:0.0117s ]
SQL: SHOW COLUMNS FROM `wfx_shop_set` [ RunTime:0.0123s ]
SQL: SELECT * FROM `wfx_shop_set` LIMIT 1   [ RunTime:0.0153s ]
NOTIC: [8] Undefined index: uid E:\wamp64\www\daoyunshang\Application\Admin\Controller\PublicController.class.php 第 49 行.
INFO: [ view_parse ] --START--
INFO: [ template_filter ] --START--
INFO: Run Behavior\ContentReplaceBehavior [ RunTime:0.000156s ]
INFO: [ template_filter ] --END-- [ RunTime:0.000295s ]
INFO: Run Behavior\ParseTemplateBehavior [ RunTime:0.013477s ]
INFO: [ view_parse ] --END-- [ RunTime:0.013608s ]
INFO: [ view_filter ] --START--
INFO: Run Behavior\WriteHtmlCacheBehavior [ RunTime:0.001270s ]
INFO: Run Behavior\TokenBuildBehavior [ RunTime:0.001275s ]
INFO: [ view_filter ] --END-- [ RunTime:0.002703s ]
INFO: [ action_end ] --START--
INFO: Run Behavior\CronRunBehavior [ RunTime:0.003201s ]
INFO: [ action_end ] --END-- [ RunTime:0.003380s ]
INFO: [ app_end ] --START--
INFO: Run Behavior\ShowPageTraceBehavior [ RunTime:0.002089s ]
INFO: [ app_end ] --END-- [ RunTime:0.002195s ]

[ 2018-04-18T09:57:26+08:00 ] 127.0.0.1 /Admin/Public/verify
INFO: [ app_init ] --START--
INFO: Run Behavior\BuildLiteBehavior [ RunTime:0.000051s ]
INFO: [ app_init ] --END-- [ RunTime:0.001470s ]
INFO: [ app_begin ] --START--
INFO: Run Behavior\ReadHtmlCacheBehavior [ RunTime:0.001197s ]
INFO: [ app_begin ] --END-- [ RunTime:0.001362s ]
NOTIC: [8] A session had already been started - ignoring session_start() E:\wamp64\www\daoyunshang\ThinkPHP\Common\functions.php 第 1263 行.
SQL: SHOW COLUMNS FROM `wfx_set` [ RunTime:0.0139s ]
SQL: SELECT * FROM `wfx_set` LIMIT 1   [ RunTime:0.0137s ]
SQL: SHOW COLUMNS FROM `wfx_cms_set` [ RunTime:0.0136s ]
SQL: SELECT * FROM `wfx_cms_set` LIMIT 1   [ RunTime:0.0134s ]
SQL: SHOW COLUMNS FROM `wfx_shop_set` [ RunTime:0.0144s ]
SQL: SELECT * FROM `wfx_shop_set` LIMIT 1   [ RunTime:0.0130s ]
INFO: [ action_end ] --START--
INFO: Run Behavior\CronRunBehavior [ RunTime:0.007830s ]
INFO: [ action_end ] --END-- [ RunTime:0.008162s ]
INFO: [ app_end ] --START--
INFO: Run Behavior\ShowPageTraceBehavior [ RunTime:0.007777s ]
INFO: [ app_end ] --END-- [ RunTime:0.008042s ]

